#
# There is insufficient memory for the Java Runtime Environment to continue.
# Native memory allocation (mmap) failed to map 65536 bytes for Failed to commit area from 0x0000000016b50000 to 0x0000000016b60000 of length 65536.
# Possible reasons:
#   The system is out of physical RAM or swap space
#   The process is running with CompressedOops enabled, and the Java Heap may be blocking the growth of the native heap
# Possible solutions:
#   Reduce memory load on the system
#   Increase physical memory or swap space
#   Check if swap backing store is full
#   Decrease Java heap size (-Xmx/-Xms)
#   Decrease number of Java threads
#   Decrease Java thread stack sizes (-Xss)
#   Set larger code cache with -XX:ReservedCodeCacheSize=
#   JVM is running with Unscaled Compressed Oops mode in which the Java heap is
#     placed in the first 4GB address space. The Java Heap base address is the
#     maximum limit for the native heap growth. Please use -XX:HeapBaseMinAddress
#     to set the Java Heap base and to place the Java Heap above 4GB virtual address.
# This output file may be truncated or incomplete.
#
#  Out of Memory Error (./src/hotspot/os/windows/os_windows.cpp:3303), pid=6772, tid=3956
#
# JRE version: OpenJDK Runtime Environment (11.0.8+10) (build 11.0.8+10-b944.6842174)
# Java VM: OpenJDK 64-Bit Server VM (11.0.8+10-b944.6842174, mixed mode, tiered, compressed oops, g1 gc, windows-amd64)
# No core dump will be written. Minidumps are not enabled by default on client versions of Windows
#

---------------  S U M M A R Y ------------

Command Line: org.jetbrains.kotlin.cli.jvm.K2JVMCompiler @E:\PROJECT_JAVA\AS_FX\PizzaDelivery\app\build\20220501_14227379862365134559.compiler.options

Host: AMD Athlon(tm) 64 X2 Dual Core Processor 4200+, 2 cores, 3G,  Windows 7 , 64 bit Build 7601 (6.1.7601.24596)
Time: Sun May  1 11:18:17 2022 RTZ 1 (ceia) elapsed time: 87 seconds (0d 0h 1m 27s)

---------------  T H R E A D  ---------------

Current thread (0x000000005aae2000):  VMThread "VM Thread" [stack: 0x000000005acf0000,0x000000005adf0000] [id=3956]

Stack: [0x000000005acf0000,0x000000005adf0000]
[error occurred during error reporting (printing stack bounds), id 0xc0000005, EXCEPTION_ACCESS_VIOLATION (0xc0000005) at pc=0x0000000005f70dbd]

Native frames: (J=compiled Java code, j=interpreted, Vv=VM code, C=native code)
V  [jvm.dll+0x5de50a]
V  [jvm.dll+0x7122f5]
V  [jvm.dll+0x71384d]
V  [jvm.dll+0x713e65]
V  [jvm.dll+0x713e1b]
V  [jvm.dll+0x5dd958]
V  [jvm.dll+0x5de0f8]
C  [ntdll.dll+0x6b3cd]
C  [ntdll.dll+0x3f71a]
C  [ntdll.dll+0x6aa6e]
C  0x0000000005f70dbd

VM_Operation (0x00000000021b76b0): G1CollectForAllocation, mode: safepoint, requested by thread 0x0000000000281800


---------------  P R O C E S S  ---------------

Threads class SMR info:
_java_thread_list=0x000000005bab8230, length=10, elements={
0x0000000000281800, 0x000000005aae4800, 0x000000005aaee000, 0x000000005aafa800,
0x000000005aaff800, 0x000000005ab00800, 0x000000005ab02000, 0x000000005ab28000,
0x000000005bab9000, 0x000000005babe800
}

Java Threads: ( => current thread )
  0x0000000000281800 JavaThread "main" [_thread_blocked, id=4960, stack(0x00000000020c0000,0x00000000021c0000)]
  0x000000005aae4800 JavaThread "Reference Handler" daemon [_thread_blocked, id=5944, stack(0x000000005ae80000,0x000000005af80000)]
  0x000000005aaee000 JavaThread "Finalizer" daemon [_thread_blocked, id=6700, stack(0x000000005b0e0000,0x000000005b1e0000)]
  0x000000005aafa800 JavaThread "Signal Dispatcher" daemon [_thread_blocked, id=6620, stack(0x000000005b300000,0x000000005b400000)]
  0x000000005aaff800 JavaThread "Attach Listener" daemon [_thread_blocked, id=6076, stack(0x000000005b410000,0x000000005b510000)]
  0x000000005ab00800 JavaThread "C2 CompilerThread0" daemon [_thread_blocked, id=5460, stack(0x000000005b600000,0x000000005b700000)]
  0x000000005ab02000 JavaThread "C1 CompilerThread0" daemon [_thread_blocked, id=4752, stack(0x000000005b770000,0x000000005b870000)]
  0x000000005ab28000 JavaThread "Sweeper thread" daemon [_thread_blocked, id=656, stack(0x000000005b950000,0x000000005ba50000)]
  0x000000005bab9000 JavaThread "Service Thread" daemon [_thread_blocked, id=5732, stack(0x000000005bf70000,0x000000005c070000)]
  0x000000005babe800 JavaThread "Common-Cleaner" daemon [_thread_blocked, id=5332, stack(0x000000005c190000,0x000000005c290000)]

Other Threads:
=>0x000000005aae2000 VMThread "VM Thread" [stack: 0x000000005acf0000,0x000000005adf0000] [id=3956]
  0x000000005babe000 WatcherThread [stack: 0x000000005c070000,0x000000005c170000] [id=4544]
  0x000000000029a800 GCTaskThread "GC Thread#0" [stack: 0x00000000150e0000,0x00000000151e0000] [id=6008]
  0x000000005bbb5000 GCTaskThread "GC Thread#1" [stack: 0x000000005c410000,0x000000005c510000] [id=5940]
  0x00000000002b4000 ConcurrentGCThread "G1 Main Marker" [stack: 0x0000000017b10000,0x0000000017c10000] [id=6964]
  0x00000000002b6800 ConcurrentGCThread "G1 Conc#0" [stack: 0x0000000017d80000,0x0000000017e80000] [id=6816]
  0x0000000000300800 ConcurrentGCThread "G1 Refine#0" [stack: 0x0000000019ed0000,0x0000000019fd0000] [id=2844]
  0x0000000000301800 ConcurrentGCThread "G1 Young RemSet Sampling" [stack: 0x000000001a020000,0x000000001a120000] [id=3636]

Threads with active compile tasks:
C2 CompilerThread0  88081 8724       4       org.jetbrains.kotlin.serialization.deserialization.descriptors.DeserializedMemberScope::getContributedClassifier (63 bytes)

VM state:at safepoint (normal execution)

VM Mutex/Monitor currently owned by a thread:  ([mutex/lock_event])
[0x000000000027e760] Threads_lock - owner thread: 0x000000005aae2000
[0x000000000027ef40] Heap_lock - owner thread: 0x0000000000281800

Heap address: 0x00000000c0000000, size: 1024 MB, Compressed Oops mode: 32-bit
Narrow klass base: 0x0000000000000000, Narrow klass shift: 0
Compressed class space size: 1073741824 Address: 0x000000001a120000

Heap:
 garbage-first heap   total 95232K, used 62215K [0x00000000c0000000, 0x0000000100000000)
  region size 1024K, 1 young (1024K), 1 survivors (1024K)
 Metaspace       used 58566K, capacity 59218K, committed 59392K, reserved 1103872K
  class space    used 6349K, capacity 6608K, committed 6656K, reserved 1048576K
Heap Regions: E=young(eden), S=young(survivor), O=old, HS=humongous(starts), HC=humongous(continues), CS=collection set, F=free, A=archive, TAMS=top-at-mark-start (previous, next)
|   0|0x00000000c0000000, 0x00000000c0100000, 0x00000000c0100000|100%|HS|  |TAMS 0x00000000c0100000, 0x00000000c0100000| Complete 
|   1|0x00000000c0100000, 0x00000000c0200000, 0x00000000c0200000|100%|HC|  |TAMS 0x00000000c0200000, 0x00000000c0200000| Complete 
|   2|0x00000000c0200000, 0x00000000c0300000, 0x00000000c0300000|100%|HC|  |TAMS 0x00000000c0300000, 0x00000000c0300000| Complete 
|   3|0x00000000c0300000, 0x00000000c0400000, 0x00000000c0400000|100%| O|  |TAMS 0x00000000c0400000, 0x00000000c0400000| Untracked 
|   4|0x00000000c0400000, 0x00000000c0500000, 0x00000000c0500000|100%| O|  |TAMS 0x00000000c0500000, 0x00000000c0500000| Untracked 
|   5|0x00000000c0500000, 0x00000000c0600000, 0x00000000c0600000|100%| O|  |TAMS 0x00000000c0600000, 0x00000000c0600000| Untracked 
|   6|0x00000000c0600000, 0x00000000c0700000, 0x00000000c0700000|100%| O|  |TAMS 0x00000000c0700000, 0x00000000c0700000| Untracked 
|   7|0x00000000c0700000, 0x00000000c0800000, 0x00000000c0800000|100%| O|  |TAMS 0x00000000c0800000, 0x00000000c0800000| Untracked 
|   8|0x00000000c0800000, 0x00000000c0900000, 0x00000000c0900000|100%| O|  |TAMS 0x00000000c0900000, 0x00000000c0900000| Untracked 
|   9|0x00000000c0900000, 0x00000000c0a00000, 0x00000000c0a00000|100%|HS|  |TAMS 0x00000000c0a00000, 0x00000000c0a00000| Complete 
|  10|0x00000000c0a00000, 0x00000000c0b00000, 0x00000000c0b00000|100%|HC|  |TAMS 0x00000000c0b00000, 0x00000000c0b00000| Complete 
|  11|0x00000000c0b00000, 0x00000000c0c00000, 0x00000000c0c00000|100%|HC|  |TAMS 0x00000000c0c00000, 0x00000000c0c00000| Complete 
|  12|0x00000000c0c00000, 0x00000000c0d00000, 0x00000000c0d00000|100%|HS|  |TAMS 0x00000000c0d00000, 0x00000000c0d00000| Complete 
|  13|0x00000000c0d00000, 0x00000000c0e00000, 0x00000000c0e00000|100%|HC|  |TAMS 0x00000000c0e00000, 0x00000000c0e00000| Complete 
|  14|0x00000000c0e00000, 0x00000000c0f00000, 0x00000000c0f00000|100%|HC|  |TAMS 0x00000000c0f00000, 0x00000000c0f00000| Complete 
|  15|0x00000000c0f00000, 0x00000000c1000000, 0x00000000c1000000|100%| O|  |TAMS 0x00000000c1000000, 0x00000000c1000000| Untracked 
|  16|0x00000000c1000000, 0x00000000c1100000, 0x00000000c1100000|100%| O|  |TAMS 0x00000000c1100000, 0x00000000c1100000| Untracked 
|  17|0x00000000c1100000, 0x00000000c1200000, 0x00000000c1200000|100%| O|  |TAMS 0x00000000c1200000, 0x00000000c1200000| Untracked 
|  18|0x00000000c1200000, 0x00000000c1300000, 0x00000000c1300000|100%| O|  |TAMS 0x00000000c1300000, 0x00000000c1300000| Untracked 
|  19|0x00000000c1300000, 0x00000000c1400000, 0x00000000c1400000|100%| O|  |TAMS 0x00000000c1400000, 0x00000000c1400000| Untracked 
|  20|0x00000000c1400000, 0x00000000c1500000, 0x00000000c1500000|100%| O|  |TAMS 0x00000000c1500000, 0x00000000c1500000| Untracked 
|  21|0x00000000c1500000, 0x00000000c1600000, 0x00000000c1600000|100%|HS|  |TAMS 0x00000000c1600000, 0x00000000c1600000| Complete 
|  22|0x00000000c1600000, 0x00000000c1700000, 0x00000000c1700000|100%|HC|  |TAMS 0x00000000c1700000, 0x00000000c1700000| Complete 
|  23|0x00000000c1700000, 0x00000000c1800000, 0x00000000c1800000|100%| O|  |TAMS 0x00000000c1800000, 0x00000000c1800000| Untracked 
|  24|0x00000000c1800000, 0x00000000c1900000, 0x00000000c1900000|100%| O|  |TAMS 0x00000000c1900000, 0x00000000c1900000| Untracked 
|  25|0x00000000c1900000, 0x00000000c1a00000, 0x00000000c1a00000|100%| O|  |TAMS 0x00000000c1a00000, 0x00000000c1a00000| Untracked 
|  26|0x00000000c1a00000, 0x00000000c1b00000, 0x00000000c1b00000|100%| O|  |TAMS 0x00000000c1b00000, 0x00000000c1b00000| Untracked 
|  27|0x00000000c1b00000, 0x00000000c1c00000, 0x00000000c1c00000|100%| O|  |TAMS 0x00000000c1c00000, 0x00000000c1c00000| Untracked 
|  28|0x00000000c1c00000, 0x00000000c1d00000, 0x00000000c1d00000|100%| O|  |TAMS 0x00000000c1d00000, 0x00000000c1d00000| Untracked 
|  29|0x00000000c1d00000, 0x00000000c1e00000, 0x00000000c1e00000|100%| O|  |TAMS 0x00000000c1e00000, 0x00000000c1e00000| Untracked 
|  30|0x00000000c1e00000, 0x00000000c1f00000, 0x00000000c1f00000|100%| O|  |TAMS 0x00000000c1f00000, 0x00000000c1f00000| Untracked 
|  31|0x00000000c1f00000, 0x00000000c2000000, 0x00000000c2000000|100%| O|  |TAMS 0x00000000c2000000, 0x00000000c2000000| Untracked 
|  32|0x00000000c2000000, 0x00000000c2100000, 0x00000000c2100000|100%| O|  |TAMS 0x00000000c2100000, 0x00000000c2100000| Untracked 
|  33|0x00000000c2100000, 0x00000000c2200000, 0x00000000c2200000|100%| O|  |TAMS 0x00000000c2200000, 0x00000000c2200000| Untracked 
|  34|0x00000000c2200000, 0x00000000c2300000, 0x00000000c2300000|100%| O|  |TAMS 0x00000000c2300000, 0x00000000c2300000| Untracked 
|  35|0x00000000c2300000, 0x00000000c2400000, 0x00000000c2400000|100%| O|  |TAMS 0x00000000c2400000, 0x00000000c2400000| Untracked 
|  36|0x00000000c2400000, 0x00000000c2500000, 0x00000000c2500000|100%| O|  |TAMS 0x00000000c2500000, 0x00000000c2500000| Untracked 
|  37|0x00000000c2500000, 0x00000000c2600000, 0x00000000c2600000|100%| O|  |TAMS 0x00000000c2600000, 0x00000000c2600000| Untracked 
|  38|0x00000000c2600000, 0x00000000c2700000, 0x00000000c2700000|100%| O|  |TAMS 0x00000000c2700000, 0x00000000c2700000| Untracked 
|  39|0x00000000c2700000, 0x00000000c2800000, 0x00000000c2800000|100%| O|  |TAMS 0x00000000c2800000, 0x00000000c2800000| Untracked 
|  40|0x00000000c2800000, 0x00000000c2900000, 0x00000000c2900000|100%| O|  |TAMS 0x00000000c2900000, 0x00000000c2900000| Untracked 
|  41|0x00000000c2900000, 0x00000000c2a00000, 0x00000000c2a00000|100%| O|  |TAMS 0x00000000c2a00000, 0x00000000c2a00000| Untracked 
|  42|0x00000000c2a00000, 0x00000000c2b00000, 0x00000000c2b00000|100%| O|  |TAMS 0x00000000c2b00000, 0x00000000c2b00000| Untracked 
|  43|0x00000000c2b00000, 0x00000000c2c00000, 0x00000000c2c00000|100%| O|  |TAMS 0x00000000c2c00000, 0x00000000c2c00000| Untracked 
|  44|0x00000000c2c00000, 0x00000000c2d00000, 0x00000000c2d00000|100%| O|  |TAMS 0x00000000c2d00000, 0x00000000c2d00000| Untracked 
|  45|0x00000000c2d00000, 0x00000000c2e00000, 0x00000000c2e00000|100%| O|  |TAMS 0x00000000c2e00000, 0x00000000c2e00000| Untracked 
|  46|0x00000000c2e00000, 0x00000000c2f00000, 0x00000000c2f00000|100%| O|  |TAMS 0x00000000c2f00000, 0x00000000c2f00000| Untracked 
|  47|0x00000000c2f00000, 0x00000000c3000000, 0x00000000c3000000|100%| O|  |TAMS 0x00000000c3000000, 0x00000000c3000000| Untracked 
|  48|0x00000000c3000000, 0x00000000c3100000, 0x00000000c3100000|100%| O|  |TAMS 0x00000000c3100000, 0x00000000c3100000| Untracked 
|  49|0x00000000c3100000, 0x00000000c3200000, 0x00000000c3200000|100%| O|  |TAMS 0x00000000c3200000, 0x00000000c3200000| Untracked 
|  50|0x00000000c3200000, 0x00000000c3300000, 0x00000000c3300000|100%| O|  |TAMS 0x00000000c3300000, 0x00000000c3300000| Untracked 
|  51|0x00000000c3300000, 0x00000000c3400000, 0x00000000c3400000|100%| O|  |TAMS 0x00000000c3400000, 0x00000000c3400000| Untracked 
|  52|0x00000000c3400000, 0x00000000c3500000, 0x00000000c3500000|100%| O|  |TAMS 0x00000000c3500000, 0x00000000c3500000| Untracked 
|  53|0x00000000c3500000, 0x00000000c3600000, 0x00000000c3600000|100%| O|  |TAMS 0x00000000c3600000, 0x00000000c3600000| Untracked 
|  54|0x00000000c3600000, 0x00000000c3700000, 0x00000000c3700000|100%| O|  |TAMS 0x00000000c3700000, 0x00000000c3700000| Untracked 
|  55|0x00000000c3700000, 0x00000000c3800000, 0x00000000c3800000|100%| O|  |TAMS 0x00000000c3800000, 0x00000000c3800000| Untracked 
|  56|0x00000000c3800000, 0x00000000c3900000, 0x00000000c3900000|100%| O|  |TAMS 0x00000000c387da00, 0x00000000c3900000| Untracked 
|  57|0x00000000c3900000, 0x00000000c3a00000, 0x00000000c3a00000|100%| O|  |TAMS 0x00000000c3900000, 0x00000000c3a00000| Untracked 
|  58|0x00000000c3a00000, 0x00000000c3b00000, 0x00000000c3b00000|100%| O|  |TAMS 0x00000000c3a00000, 0x00000000c3b00000| Untracked 
|  59|0x00000000c3b00000, 0x00000000c3bfd200, 0x00000000c3c00000| 98%| O|  |TAMS 0x00000000c3b00000, 0x00000000c3bfd200| Untracked 
|  60|0x00000000c3c00000, 0x00000000c3c00000, 0x00000000c3d00000|  0%| F|  |TAMS 0x00000000c3c00000, 0x00000000c3c00000| Untracked 
|  61|0x00000000c3d00000, 0x00000000c3d00000, 0x00000000c3e00000|  0%| F|  |TAMS 0x00000000c3d00000, 0x00000000c3d00000| Untracked 
|  62|0x00000000c3e00000, 0x00000000c3e00000, 0x00000000c3f00000|  0%| F|  |TAMS 0x00000000c3e00000, 0x00000000c3e00000| Untracked 
|  63|0x00000000c3f00000, 0x00000000c3f00000, 0x00000000c4000000|  0%| F|  |TAMS 0x00000000c3f00000, 0x00000000c3f00000| Untracked 
|  64|0x00000000c4000000, 0x00000000c4000000, 0x00000000c4100000|  0%| F|  |TAMS 0x00000000c4000000, 0x00000000c4000000| Untracked 
|  65|0x00000000c4100000, 0x00000000c4100000, 0x00000000c4200000|  0%| F|  |TAMS 0x00000000c4100000, 0x00000000c4100000| Untracked 
|  66|0x00000000c4200000, 0x00000000c4200000, 0x00000000c4300000|  0%| F|  |TAMS 0x00000000c4200000, 0x00000000c4200000| Untracked 
|  67|0x00000000c4300000, 0x00000000c4300000, 0x00000000c4400000|  0%| F|  |TAMS 0x00000000c4300000, 0x00000000c4300000| Untracked 
|  68|0x00000000c4400000, 0x00000000c4400000, 0x00000000c4500000|  0%| F|  |TAMS 0x00000000c4400000, 0x00000000c4400000| Untracked 
|  69|0x00000000c4500000, 0x00000000c4500000, 0x00000000c4600000|  0%| F|  |TAMS 0x00000000c4500000, 0x00000000c4500000| Untracked 
|  70|0x00000000c4600000, 0x00000000c4600000, 0x00000000c4700000|  0%| F|  |TAMS 0x00000000c4600000, 0x00000000c4600000| Untracked 
|  71|0x00000000c4700000, 0x00000000c47c4d10, 0x00000000c4800000| 76%| S|CS|TAMS 0x00000000c4700000, 0x00000000c4700000| Complete 
|  72|0x00000000c4800000, 0x00000000c4800000, 0x00000000c4900000|  0%| F|  |TAMS 0x00000000c4800000, 0x00000000c4800000| Untracked 
|  73|0x00000000c4900000, 0x00000000c4900000, 0x00000000c4a00000|  0%| F|  |TAMS 0x00000000c4900000, 0x00000000c4900000| Untracked 
|  74|0x00000000c4a00000, 0x00000000c4a00000, 0x00000000c4b00000|  0%| F|  |TAMS 0x00000000c4a00000, 0x00000000c4a00000| Untracked 
|  75|0x00000000c4b00000, 0x00000000c4b00000, 0x00000000c4c00000|  0%| F|  |TAMS 0x00000000c4b00000, 0x00000000c4b00000| Untracked 
|  76|0x00000000c4c00000, 0x00000000c4c00000, 0x00000000c4d00000|  0%| F|  |TAMS 0x00000000c4c00000, 0x00000000c4c00000| Untracked 

Card table byte_map: [0x0000000015600000,0x0000000015800000] _byte_map_base: 0x0000000015000000

Marking Bits (Prev, Next): (CMBitMap*) 0x00000000002af700, (CMBitMap*) 0x00000000002af6c8
 Prev Bits: [0x0000000016a00000, 0x0000000017a00000)
 Next Bits: [0x0000000015a00000, 0x0000000016a00000)

Polling page: 0x0000000001f10000

Metaspace:

Usage:
  Non-class:     51.38 MB capacity,    50.99 MB (>99%) used,   304.07 KB ( <1%) free+waste,    88.81 KB ( <1%) overhead. 
      Class:      6.45 MB capacity,     6.20 MB ( 96%) used,   223.33 KB (  3%) free+waste,    35.44 KB ( <1%) overhead. 
       Both:     57.83 MB capacity,    57.19 MB ( 99%) used,   527.40 KB ( <1%) free+waste,   124.25 KB ( <1%) overhead. 

Virtual space:
  Non-class space:       54.00 MB reserved,      51.50 MB ( 95%) committed 
      Class space:        1.00 GB reserved,       6.50 MB ( <1%) committed 
             Both:        1.05 GB reserved,      58.00 MB (  5%) committed 

Chunk freelists:
   Non-Class:  62.00 KB
       Class:  16.00 KB
        Both:  78.00 KB

MaxMetaspaceSize: 17179869184.00 GB
CompressedClassSpaceSize: 1.00 GB

CodeHeap 'non-profiled nmethods': size=120064Kb used=4018Kb max_used=4018Kb free=116045Kb
 bounds [0x000000000da30000, 0x000000000de20000, 0x0000000014f70000]
CodeHeap 'profiled nmethods': size=120000Kb used=25537Kb max_used=25537Kb free=94462Kb
 bounds [0x0000000006500000, 0x0000000007e00000, 0x000000000da30000]
CodeHeap 'non-nmethods': size=5696Kb used=1196Kb max_used=1234Kb free=4499Kb
 bounds [0x0000000005f70000, 0x00000000061e0000, 0x0000000006500000]
 total_blobs=9271 nmethods=8704 adapters=478
 compilation: enabled
              stopped_count=0, restarted_count=0
 full_count=0

Compilation events (20 events):
Event: 87.579 Thread 0x000000005ab02000 8743       3       java.lang.invoke.DirectMethodHandle::preparedLambdaForm (248 bytes)
Event: 87.580 Thread 0x000000005ab02000 nmethod 8743 0x0000000007de9b90 code [0x0000000007de9e60, 0x0000000007dea8f8]
Event: 87.582 Thread 0x000000005ab02000 8744       3       org.jetbrains.kotlin.com.google.common.collect.ArrayListMultimap::create (8 bytes)
Event: 87.583 Thread 0x000000005ab02000 nmethod 8744 0x0000000007dead90 code [0x0000000007deb020, 0x0000000007deb978]
Event: 87.583 Thread 0x000000005ab02000 8745       3       org.jetbrains.kotlin.com.google.common.collect.ArrayListMultimap::<init> (8 bytes)
Event: 87.584 Thread 0x000000005ab02000 nmethod 8745 0x0000000007debd10 code [0x0000000007debf80, 0x0000000007dec838]
Event: 87.584 Thread 0x000000005ab02000 8746       3       org.jetbrains.kotlin.com.google.common.collect.ArrayListMultimap::<init> (21 bytes)
Event: 87.585 Thread 0x000000005ab02000 nmethod 8746 0x0000000007decb90 code [0x0000000007dece00, 0x0000000007ded658]
Event: 87.585 Thread 0x000000005ab02000 8747       3       org.jetbrains.kotlin.com.google.common.collect.ArrayListMultimapGwtSerializationDependencies::<init> (6 bytes)
Event: 87.586 Thread 0x000000005ab02000 nmethod 8747 0x0000000007ded910 code [0x0000000007dedb20, 0x0000000007dee018]
Event: 87.586 Thread 0x000000005ab02000 8748       3       org.jetbrains.kotlin.com.google.common.collect.AbstractListMultimap::<init> (6 bytes)
Event: 87.586 Thread 0x000000005ab02000 nmethod 8748 0x0000000007dee210 code [0x0000000007dee400, 0x0000000007dee898]
Event: 87.588 Thread 0x000000005ab02000 8749       3       org.jetbrains.kotlin.types.AbstractTypeConstructor::hashCode (67 bytes)
Event: 87.589 Thread 0x000000005ab02000 nmethod 8749 0x0000000007deea90 code [0x0000000007deed20, 0x0000000007def708]
Event: 87.592 Thread 0x000000005ab02000 8750       3       java.util.concurrent.ConcurrentHashMap::containsKey (14 bytes)
Event: 87.592 Thread 0x000000005ab02000 nmethod 8750 0x0000000007defa10 code [0x0000000007defbc0, 0x0000000007defd68]
Event: 87.593 Thread 0x000000005ab02000 8751       3       org.jetbrains.kotlin.resolve.scopes.MemberScope$Companion::getALL_NAME_FILTER (4 bytes)
Event: 87.593 Thread 0x000000005ab02000 nmethod 8751 0x0000000007defe10 code [0x0000000007deffc0, 0x0000000007df00d8]
Event: 87.594 Thread 0x000000005ab02000 8752       3       org.jetbrains.kotlin.resolve.scopes.LexicalScopeImpl::<init> (48 bytes)
Event: 87.595 Thread 0x000000005ab02000 nmethod 8752 0x0000000007df0190 code [0x0000000007df0360, 0x0000000007df0548]

GC Heap History (20 events):
Event: 71.168 GC heap after
{Heap after GC invocations=16 (full 0):
 garbage-first heap   total 78848K, used 42615K [0x00000000c0000000, 0x0000000100000000)
  region size 1024K, 4 young (4096K), 4 survivors (4096K)
 Metaspace       used 51615K, capacity 52226K, committed 52480K, reserved 1095680K
  class space    used 5888K, capacity 6103K, committed 6144K, reserved 1048576K
}
Event: 73.888 GC heap before
{Heap before GC invocations=17 (full 0):
 garbage-first heap   total 78848K, used 62071K [0x00000000c0000000, 0x0000000100000000)
  region size 1024K, 23 young (23552K), 4 survivors (4096K)
 Metaspace       used 52422K, capacity 53037K, committed 53248K, reserved 1095680K
  class space    used 5904K, capacity 6139K, committed 6144K, reserved 1048576K
}
Event: 73.949 GC heap after
{Heap after GC invocations=18 (full 0):
 garbage-first heap   total 78848K, used 45752K [0x00000000c0000000, 0x0000000100000000)
  region size 1024K, 3 young (3072K), 3 survivors (3072K)
 Metaspace       used 52422K, capacity 53037K, committed 53248K, reserved 1095680K
  class space    used 5904K, capacity 6139K, committed 6144K, reserved 1048576K
}
Event: 75.690 GC heap before
{Heap before GC invocations=18 (full 0):
 garbage-first heap   total 78848K, used 63160K [0x00000000c0000000, 0x0000000100000000)
  region size 1024K, 20 young (20480K), 3 survivors (3072K)
 Metaspace       used 52668K, capacity 53295K, committed 53504K, reserved 1097728K
  class space    used 5912K, capacity 6139K, committed 6144K, reserved 1048576K
}
Event: 75.738 GC heap after
{Heap after GC invocations=19 (full 0):
 garbage-first heap   total 78848K, used 49519K [0x00000000c0000000, 0x0000000100000000)
  region size 1024K, 3 young (3072K), 3 survivors (3072K)
 Metaspace       used 52668K, capacity 53295K, committed 53504K, reserved 1097728K
  class space    used 5912K, capacity 6139K, committed 6144K, reserved 1048576K
}
Event: 77.019 GC heap before
{Heap before GC invocations=20 (full 0):
 garbage-first heap   total 78848K, used 63855K [0x00000000c0000000, 0x0000000100000000)
  region size 1024K, 17 young (17408K), 3 survivors (3072K)
 Metaspace       used 52897K, capacity 53531K, committed 53632K, reserved 1097728K
  class space    used 5932K, capacity 6175K, committed 6272K, reserved 1048576K
}
Event: 77.054 GC heap after
{Heap after GC invocations=21 (full 0):
 garbage-first heap   total 78848K, used 52471K [0x00000000c0000000, 0x0000000100000000)
  region size 1024K, 3 young (3072K), 3 survivors (3072K)
 Metaspace       used 52897K, capacity 53531K, committed 53632K, reserved 1097728K
  class space    used 5932K, capacity 6175K, committed 6272K, reserved 1048576K
}
Event: 77.914 GC heap before
{Heap before GC invocations=21 (full 0):
 garbage-first heap   total 78848K, used 63735K [0x00000000c0000000, 0x0000000100000000)
  region size 1024K, 14 young (14336K), 3 survivors (3072K)
 Metaspace       used 53630K, capacity 54288K, committed 54400K, reserved 1097728K
  class space    used 6032K, capacity 6256K, committed 6272K, reserved 1048576K
}
Event: 77.933 GC heap after
{Heap after GC invocations=22 (full 0):
 garbage-first heap   total 78848K, used 53543K [0x00000000c0000000, 0x0000000100000000)
  region size 1024K, 1 young (1024K), 1 survivors (1024K)
 Metaspace       used 53630K, capacity 54288K, committed 54400K, reserved 1097728K
  class space    used 6032K, capacity 6256K, committed 6272K, reserved 1048576K
}
Event: 79.961 GC heap before
{Heap before GC invocations=23 (full 0):
 garbage-first heap   total 78848K, used 64807K [0x00000000c0000000, 0x0000000100000000)
  region size 1024K, 12 young (12288K), 1 survivors (1024K)
 Metaspace       used 55075K, capacity 55749K, committed 55936K, reserved 1099776K
  class space    used 6187K, capacity 6421K, committed 6528K, reserved 1048576K
}
Event: 79.981 GC heap after
{Heap after GC invocations=24 (full 0):
 garbage-first heap   total 78848K, used 55542K [0x00000000c0000000, 0x0000000100000000)
  region size 1024K, 2 young (2048K), 2 survivors (2048K)
 Metaspace       used 55075K, capacity 55749K, committed 55936K, reserved 1099776K
  class space    used 6187K, capacity 6421K, committed 6528K, reserved 1048576K
}
Event: 82.031 GC heap before
{Heap before GC invocations=24 (full 0):
 garbage-first heap   total 78848K, used 64758K [0x00000000c0000000, 0x0000000100000000)
  region size 1024K, 12 young (12288K), 2 survivors (2048K)
 Metaspace       used 56230K, capacity 56831K, committed 56960K, reserved 1099776K
  class space    used 6233K, capacity 6459K, committed 6528K, reserved 1048576K
}
Event: 82.059 GC heap after
{Heap after GC invocations=25 (full 0):
 garbage-first heap   total 78848K, used 57546K [0x00000000c0000000, 0x0000000100000000)
  region size 1024K, 2 young (2048K), 2 survivors (2048K)
 Metaspace       used 56230K, capacity 56831K, committed 56960K, reserved 1099776K
  class space    used 6233K, capacity 6459K, committed 6528K, reserved 1048576K
}
Event: 84.393 GC heap before
{Heap before GC invocations=26 (full 0):
 garbage-first heap   total 78848K, used 65738K [0x00000000c0000000, 0x0000000100000000)
  region size 1024K, 10 young (10240K), 2 survivors (2048K)
 Metaspace       used 57266K, capacity 57919K, committed 57984K, reserved 1101824K
  class space    used 6265K, capacity 6500K, committed 6528K, reserved 1048576K
}
Event: 84.412 GC heap after
{Heap after GC invocations=27 (full 0):
 garbage-first heap   total 78848K, used 58368K [0x00000000c0000000, 0x0000000100000000)
  region size 1024K, 1 young (1024K), 1 survivors (1024K)
 Metaspace       used 57266K, capacity 57919K, committed 57984K, reserved 1101824K
  class space    used 6265K, capacity 6500K, committed 6528K, reserved 1048576K
}
Event: 85.928 GC heap before
{Heap before GC invocations=27 (full 0):
 garbage-first heap   total 78848K, used 66560K [0x00000000c0000000, 0x0000000100000000)
  region size 1024K, 9 young (9216K), 1 survivors (1024K)
 Metaspace       used 57839K, capacity 58494K, committed 58624K, reserved 1101824K
  class space    used 6289K, capacity 6537K, committed 6656K, reserved 1048576K
}
Event: 85.945 GC heap after
{Heap after GC invocations=28 (full 0):
 garbage-first heap   total 78848K, used 59894K [0x00000000c0000000, 0x0000000100000000)
  region size 1024K, 2 young (2048K), 2 survivors (2048K)
 Metaspace       used 57839K, capacity 58494K, committed 58624K, reserved 1101824K
  class space    used 6289K, capacity 6537K, committed 6656K, reserved 1048576K
}
Event: 87.022 GC heap before
{Heap before GC invocations=29 (full 0):
 garbage-first heap   total 78848K, used 67062K [0x00000000c0000000, 0x0000000100000000)
  region size 1024K, 9 young (9216K), 2 survivors (2048K)
 Metaspace       used 57992K, capacity 58628K, committed 58880K, reserved 1103872K
  class space    used 6299K, capacity 6539K, committed 6656K, reserved 1048576K
}
Event: 87.041 GC heap after
{Heap after GC invocations=30 (full 0):
 garbage-first heap   total 78848K, used 61843K [0x00000000c0000000, 0x0000000100000000)
  region size 1024K, 2 young (2048K), 2 survivors (2048K)
 Metaspace       used 57992K, capacity 58628K, committed 58880K, reserved 1103872K
  class space    used 6299K, capacity 6539K, committed 6656K, reserved 1048576K
}
Event: 87.709 GC heap before
{Heap before GC invocations=30 (full 0):
 garbage-first heap   total 78848K, used 65939K [0x00000000c0000000, 0x0000000100000000)
  region size 1024K, 7 young (7168K), 2 survivors (2048K)
 Metaspace       used 58566K, capacity 59218K, committed 59392K, reserved 1103872K
  class space    used 6349K, capacity 6608K, committed 6656K, reserved 1048576K
}

Deoptimization events (20 events):
Event: 87.581 Thread 0x0000000000281800 Uncommon trap: trap_request=0xffffffde fr.pc=0x000000000ddcc9c8 relative=0x0000000000000108
Event: 87.581 Thread 0x0000000000281800 Uncommon trap: reason=class_check action=maybe_recompile pc=0x000000000ddcc9c8 method=org.jetbrains.kotlin.resolve.ObservableBindingTrace.record(Lorg/jetbrains/kotlin/util/slicedMap/WritableSlice;Ljava/lang/Object;Ljava/lang/Object;)V @ 7 c2
Event: 87.581 Thread 0x0000000000281800 DEOPT PACKING pc=0x000000000ddcc9c8 sp=0x00000000021b8fb0
Event: 87.581 Thread 0x0000000000281800 DEOPT UNPACKING pc=0x0000000005f965a9 sp=0x00000000021b8f60 mode 2
Event: 87.587 Thread 0x0000000000281800 Uncommon trap: trap_request=0xffffffde fr.pc=0x000000000ddcc9c8 relative=0x0000000000000108
Event: 87.587 Thread 0x0000000000281800 Uncommon trap: reason=class_check action=maybe_recompile pc=0x000000000ddcc9c8 method=org.jetbrains.kotlin.resolve.ObservableBindingTrace.record(Lorg/jetbrains/kotlin/util/slicedMap/WritableSlice;Ljava/lang/Object;Ljava/lang/Object;)V @ 7 c2
Event: 87.587 Thread 0x0000000000281800 DEOPT PACKING pc=0x000000000ddcc9c8 sp=0x00000000021b7cc0
Event: 87.587 Thread 0x0000000000281800 DEOPT UNPACKING pc=0x0000000005f965a9 sp=0x00000000021b7c50 mode 2
Event: 87.587 Thread 0x0000000000281800 Uncommon trap: trap_request=0xffffffde fr.pc=0x000000000ddcc9c8 relative=0x0000000000000108
Event: 87.587 Thread 0x0000000000281800 Uncommon trap: reason=class_check action=maybe_recompile pc=0x000000000ddcc9c8 method=org.jetbrains.kotlin.resolve.ObservableBindingTrace.record(Lorg/jetbrains/kotlin/util/slicedMap/WritableSlice;Ljava/lang/Object;Ljava/lang/Object;)V @ 7 c2
Event: 87.587 Thread 0x0000000000281800 DEOPT PACKING pc=0x000000000ddcc9c8 sp=0x00000000021b7bb0
Event: 87.588 Thread 0x0000000000281800 DEOPT UNPACKING pc=0x0000000005f965a9 sp=0x00000000021b7b40 mode 2
Event: 87.588 Thread 0x0000000000281800 Uncommon trap: trap_request=0xffffff4d fr.pc=0x000000000ddefb78 relative=0x00000000000001b8
Event: 87.588 Thread 0x0000000000281800 Uncommon trap: reason=unstable_if action=reinterpret pc=0x000000000ddefb78 method=org.jetbrains.kotlin.resolve.DescriptorUtils.isAnonymousObject(Lorg/jetbrains/kotlin/descriptors/DeclarationDescriptor;)Z @ 28 c2
Event: 87.588 Thread 0x0000000000281800 DEOPT PACKING pc=0x000000000ddefb78 sp=0x00000000021b8530
Event: 87.588 Thread 0x0000000000281800 DEOPT UNPACKING pc=0x0000000005f965a9 sp=0x00000000021b84c8 mode 2
Event: 87.588 Thread 0x0000000000281800 Uncommon trap: trap_request=0xffffff4d fr.pc=0x000000000dd17384 relative=0x0000000000000224
Event: 87.588 Thread 0x0000000000281800 Uncommon trap: reason=unstable_if action=reinterpret pc=0x000000000dd17384 method=org.jetbrains.kotlin.types.AbstractTypeConstructor.hashCode()I @ 21 c2
Event: 87.588 Thread 0x0000000000281800 DEOPT PACKING pc=0x000000000dd17384 sp=0x00000000021b85f0
Event: 87.588 Thread 0x0000000000281800 DEOPT UNPACKING pc=0x0000000005f965a9 sp=0x00000000021b8558 mode 2

Classes redefined (0 events):
No events

Internal exceptions (20 events):
Event: 45.808 Thread 0x0000000000281800 Exception <a 'java/lang/NoSuchMethodError'{0x00000000c2c2be70}: 'java.lang.Object java.lang.invoke.DirectMethodHandle$Holder.invokeVirtual(java.lang.Object, java.lang.Object, java.lang.Object)'> (0x00000000c2c2be70) thrown at [./src/hotspot/share/interpreter/linkResolver.cpp, line 773]
Event: 56.739 Thread 0x0000000000281800 Exception <a 'java/lang/NoSuchMethodError'{0x00000000c45876d8}: 'java.lang.Object java.lang.invoke.Invokers$Holder.linkToTargetMethod(java.lang.Object, int, java.lang.Object)'> (0x00000000c45876d8) thrown at [./src/hotspot/share/interpreter/linkResolver.cpp, line 773]
Event: 57.745 Thread 0x0000000000281800 Exception <a 'java/lang/NoSuchMethodError'{0x00000000c414fcf8}: 'java.lang.Object java.lang.invoke.DirectMethodHandle$Holder.invokeStatic(java.lang.Object, java.lang.Object, java.lang.Object, int)'> (0x00000000c414fcf8) thrown at [./src/hotspot/share/interpreter/linkResolver.cpp, line 773]
Event: 57.746 Thread 0x0000000000281800 Exception <a 'java/lang/NoSuchMethodError'{0x00000000c4153968}: 'java.lang.Object java.lang.invoke.DirectMethodHandle$Holder.invokeSpecial(java.lang.Object, java.lang.Object, java.lang.Object, java.lang.Object, int)'> (0x00000000c4153968) thrown at [./src/hotspot/share/interpreter/linkResolver.cpp, line 773]
Event: 57.747 Thread 0x0000000000281800 Exception <a 'java/lang/NoSuchMethodError'{0x00000000c4156c78}: 'java.lang.Object java.lang.invoke.Invokers$Holder.linkToTargetMethod(java.lang.Object, java.lang.Object, int, java.lang.Object)'> (0x00000000c4156c78) thrown at [./src/hotspot/share/interpreter/linkResolver.cpp, line 773]
Event: 69.903 Thread 0x0000000000281800 Exception <a 'java/lang/NoSuchMethodError'{0x00000000c3d4ebd8}: 'java.lang.Object java.lang.invoke.DirectMethodHandle$Holder.invokeSpecial(java.lang.Object, java.lang.Object, java.lang.Object, java.lang.Object, java.lang.Object, java.lang.Object, java.lang.Object, java.lang.Object, java.lang.Object)'> (0x00000000c3d4ebd8) thrown at [./src/hotspot/share/interpreter/linkResolver.cpp, line 773]
Event: 69.903 Thread 0x0000000000281800 Exception <a 'java/lang/NoSuchMethodError'{0x00000000c3d52dd0}: 'java.lang.Object java.lang.invoke.Invokers$Holder.linkToTargetMethod(java.lang.Object, java.lang.Object, java.lang.Object, java.lang.Object, java.lang.Object, java.lang.Object, java.lang.Object, java.lang.Object)'> (0x00000000c3d52dd0) thrown at [./src/hotspot/share/interpreter/linkResolver.cpp, line 773]
Event: 70.690 Thread 0x0000000000281800 Exception <a 'java/lang/NoSuchMethodError'{0x00000000c384fd38}: 'int java.lang.invoke.DirectMethodHandle$Holder.invokeInterface(java.lang.Object, java.lang.Object)'> (0x00000000c384fd38) thrown at [./src/hotspot/share/interpreter/linkResolver.cpp, line 773]
Event: 71.512 Thread 0x0000000000281800 Exception <a 'java/lang/NoSuchMethodError'{0x00000000c4b35af8}: 'java.lang.Object java.lang.invoke.DirectMethodHandle$Holder.invokeStaticInit(java.lang.Object, java.lang.Object, java.lang.Object)'> (0x00000000c4b35af8) thrown at [./src/hotspot/share/interpreter/linkResolver.cpp, line 773]
Event: 71.537 Thread 0x0000000000281800 Exception <a 'java/lang/NoSuchMethodError'{0x00000000c4b506b8}: 'java.lang.Object java.lang.invoke.DirectMethodHandle$Holder.invokeStatic(java.lang.Object, int, java.lang.Object, java.lang.Object)'> (0x00000000c4b506b8) thrown at [./src/hotspot/share/interpreter/linkResolver.cpp, line 773]
Event: 77.309 Thread 0x0000000000281800 Exception <a 'java/lang/NoSuchMethodError'{0x00000000c45ad298}: 'java.lang.Object java.lang.invoke.Invokers$Holder.linkToTargetMethod(java.lang.Object, java.lang.Object, java.lang.Object, int, int, java.lang.Object)'> (0x00000000c45ad298) thrown at [./src/hotspot/share/interpreter/linkResolver.cpp, line 773]
Event: 77.340 Thread 0x0000000000281800 Exception <a 'java/lang/NoSuchMethodError'{0x00000000c45f7620}: 'java.lang.Object java.lang.invoke.Invokers$Holder.linkToTargetMethod(java.lang.Object, java.lang.Object, java.lang.Object, java.lang.Object, java.lang.Object, java.lang.Object)'> (0x00000000c45f7620) thrown at [./src/hotspot/share/interpreter/linkResolver.cpp, line 773]
Event: 77.951 Thread 0x0000000000281800 Implicit null exception at 0x000000000db7ddbc to 0x000000000db7de98
Event: 78.960 Thread 0x0000000000281800 Exception <a 'java/lang/NoSuchMethodError'{0x00000000c48c1850}: 'int java.lang.invoke.DirectMethodHandle$Holder.invokeStaticInit(java.lang.Object, int)'> (0x00000000c48c1850) thrown at [./src/hotspot/share/interpreter/linkResolver.cpp, line 773]
Event: 80.233 Thread 0x0000000000281800 Exception <a 'java/lang/NoSuchMethodError'{0x00000000c4a01de0}: 'java.lang.Object java.lang.invoke.DirectMethodHandle$Holder.invokeInterface(java.lang.Object, java.lang.Object, java.lang.Object)'> (0x00000000c4a01de0) thrown at [./src/hotspot/share/interpreter/linkResolver.cpp, line 773]
Event: 80.233 Thread 0x0000000000281800 Exception <a 'java/lang/IncompatibleClassChangeError'{0x00000000c4a05010}: Found class java.lang.Object, but interface was expected> (0x00000000c4a05010) thrown at [./src/hotspot/share/interpreter/linkResolver.cpp, line 839]
Event: 81.772 Thread 0x0000000000281800 Exception <a 'java/lang/NoSuchMethodError'{0x00000000c4471a28}: 'java.lang.Object java.lang.invoke.Invokers$Holder.linkToTargetMethod(java.lang.Object, java.lang.Object, java.lang.Object, java.lang.Object, java.lang.Object, java.lang.Object, java.lang.Object)'> (0x00000000c4471a28) thrown at [./src/hotspot/share/interpreter/linkResolver.cpp, line 773]
Event: 87.148 Thread 0x0000000000281800 Implicit null exception at 0x000000000dd7bd04 to 0x000000000dd7cb6c
Event: 87.243 Thread 0x0000000000281800 Implicit null exception at 0x000000000ddd51e7 to 0x000000000ddd570c
Event: 87.254 Thread 0x0000000000281800 Implicit null exception at 0x000000000de0fee4 to 0x000000000de103fc

Events (20 events):
Event: 87.690 loading class org/jetbrains/kotlin/cfg/pseudocode/instructions/eval/MergeInstruction done
Event: 87.691 loading class org/jetbrains/kotlin/cfg/pseudocode/instructions/eval/OperationInstruction
Event: 87.691 loading class org/jetbrains/kotlin/cfg/pseudocode/instructions/eval/OperationInstruction done
Event: 87.691 loading class org/jetbrains/kotlin/cfg/pseudocode/instructions/eval/InstructionWithValue
Event: 87.691 loading class org/jetbrains/kotlin/cfg/pseudocode/instructions/eval/InstructionWithValue done
Event: 87.692 loading class org/jetbrains/kotlin/cfg/pseudocode/PseudocodeUtilsKt
Event: 87.692 loading class org/jetbrains/kotlin/cfg/pseudocode/PseudocodeUtilsKt done
Event: 87.695 loading class org/jetbrains/kotlin/cfg/ControlFlowProcessor$CFPVisitor
Event: 87.695 loading class org/jetbrains/kotlin/cfg/ControlFlowProcessor$CFPVisitor done
Event: 87.703 loading class org/jetbrains/kotlin/cfg/ControlFlowProcessor$CFPVisitor$conditionVisitor$1
Event: 87.703 loading class org/jetbrains/kotlin/cfg/ControlFlowProcessor$CFPVisitor$conditionVisitor$1 done
Event: 87.704 loading class org/jetbrains/kotlin/cfg/pseudocode/instructions/jumps/NondeterministicJumpInstruction
Event: 87.704 loading class org/jetbrains/kotlin/cfg/pseudocode/instructions/jumps/NondeterministicJumpInstruction done
Event: 87.705 loading class org/jetbrains/kotlin/cfg/pseudocode/instructions/jumps/JumpInstruction
Event: 87.705 loading class org/jetbrains/kotlin/cfg/pseudocode/instructions/jumps/JumpInstruction done
Event: 87.707 loading class org/jetbrains/kotlin/cfg/pseudocode/instructions/special/VariableDeclarationInstruction
Event: 87.707 loading class org/jetbrains/kotlin/cfg/pseudocode/instructions/special/VariableDeclarationInstruction done
Event: 87.709 loading class org/jetbrains/kotlin/cfg/pseudocode/instructions/eval/MagicKind
Event: 87.709 loading class org/jetbrains/kotlin/cfg/pseudocode/instructions/eval/MagicKind done
Event: 87.709 Executing VM operation: G1CollectForAllocation


Dynamic libraries:
0x000000013fc00000 - 0x000000013fc0a000 	C:\Program Files\Android\Android Studio\jre\bin\java.exe
0x00000000774b0000 - 0x000000007764f000 	C:\Windows\SYSTEM32\ntdll.dll
0x0000000077290000 - 0x00000000773b0000 	C:\Windows\system32\kernel32.dll
0x000007fefd210000 - 0x000007fefd277000 	C:\Windows\system32\KERNELBASE.dll
0x000007fef48c0000 - 0x000007fef48d9000 	C:\Program Files\Android\Android Studio\jre\bin\jli.dll
0x000007fefb5b0000 - 0x000007fefb7a5000 	C:\Windows\WinSxS\amd64_microsoft.windows.common-controls_6595b64144ccf1df_6.0.7601.24483_none_e372d88f30fbb845\COMCTL32.dll
0x000007feff4a0000 - 0x000007feff53f000 	C:\Windows\system32\msvcrt.dll
0x000007feff550000 - 0x000007feff5b8000 	C:\Windows\system32\GDI32.dll
0x00000000773b0000 - 0x00000000774ab000 	C:\Windows\system32\USER32.dll
0x000007feff540000 - 0x000007feff54e000 	C:\Windows\system32\LPK.dll
0x000007fefd3c0000 - 0x000007fefd48b000 	C:\Windows\system32\USP10.dll
0x000007fefea70000 - 0x000007fefeae1000 	C:\Windows\system32\SHLWAPI.dll
0x000007fef48a0000 - 0x000007fef48b7000 	C:\Program Files\Android\Android Studio\jre\bin\VCRUNTIME140.dll
0x000007fef74d0000 - 0x000007fef74d4000 	C:\Windows\system32\api-ms-win-crt-runtime-l1-1-0.dll
0x000007fef73c0000 - 0x000007fef74b4000 	C:\Windows\system32\ucrtbase.DLL
0x000007fef73b0000 - 0x000007fef73b3000 	C:\Windows\system32\api-ms-win-core-timezone-l1-1-0.dll
0x000007fef73a0000 - 0x000007fef73a3000 	C:\Windows\system32\api-ms-win-core-file-l2-1-0.dll
0x000007fef7390000 - 0x000007fef7393000 	C:\Windows\system32\api-ms-win-core-localization-l1-2-0.dll
0x000007fef86c0000 - 0x000007fef86c3000 	C:\Windows\system32\api-ms-win-core-synch-l1-2-0.dll
0x000007fef7380000 - 0x000007fef7383000 	C:\Windows\system32\api-ms-win-core-processthreads-l1-1-1.dll
0x000007fef7370000 - 0x000007fef7373000 	C:\Windows\system32\api-ms-win-core-file-l1-2-0.dll
0x000007fef7350000 - 0x000007fef7354000 	C:\Windows\system32\api-ms-win-crt-string-l1-1-0.dll
0x000007fef7360000 - 0x000007fef7363000 	C:\Windows\system32\api-ms-win-crt-heap-l1-1-0.dll
0x000007fef7340000 - 0x000007fef7344000 	C:\Windows\system32\api-ms-win-crt-stdio-l1-1-0.dll
0x000007fef7330000 - 0x000007fef7334000 	C:\Windows\system32\api-ms-win-crt-convert-l1-1-0.dll
0x000007fef7250000 - 0x000007fef7253000 	C:\Windows\system32\api-ms-win-crt-environment-l1-1-0.dll
0x000007fef7270000 - 0x000007fef7273000 	C:\Windows\system32\api-ms-win-crt-filesystem-l1-1-0.dll
0x000007fef7240000 - 0x000007fef7245000 	C:\Windows\system32\api-ms-win-crt-math-l1-1-0.dll
0x000007fef7280000 - 0x000007fef7283000 	C:\Windows\system32\api-ms-win-crt-locale-l1-1-0.dll
0x000007fefd570000 - 0x000007fefd59e000 	C:\Windows\system32\IMM32.DLL
0x000007feff390000 - 0x000007feff49b000 	C:\Windows\system32\MSCTF.dll
0x000007fef4460000 - 0x000007fef44fd000 	C:\Program Files\Android\Android Studio\jre\bin\msvcp140.dll
0x000007fef5740000 - 0x000007fef5745000 	C:\Windows\system32\api-ms-win-crt-multibyte-l1-1-0.dll
0x000007fef7260000 - 0x000007fef7263000 	C:\Windows\system32\api-ms-win-crt-time-l1-1-0.dll
0x000007fef7230000 - 0x000007fef7233000 	C:\Windows\system32\api-ms-win-crt-utility-l1-1-0.dll
0x000007feef560000 - 0x000007fef001c000 	C:\Program Files\Android\Android Studio\jre\bin\server\jvm.dll
0x000007fefd490000 - 0x000007fefd56b000 	C:\Windows\system32\ADVAPI32.dll
0x000007fefef70000 - 0x000007fefef8f000 	C:\Windows\SYSTEM32\sechost.dll
0x000007feff260000 - 0x000007feff38a000 	C:\Windows\system32\RPCRT4.dll
0x000007feef550000 - 0x000007feef559000 	C:\Windows\system32\WSOCK32.dll
0x000007fefeaf0000 - 0x000007fefeb3d000 	C:\Windows\system32\WS2_32.dll
0x000007fefea60000 - 0x000007fefea68000 	C:\Windows\system32\NSI.dll
0x000007fef9660000 - 0x000007fef969b000 	C:\Windows\system32\WINMM.dll
0x000007fefc030000 - 0x000007fefc03c000 	C:\Windows\system32\VERSION.dll
0x0000000077650000 - 0x0000000077657000 	C:\Windows\system32\PSAPI.DLL
0x000007feef530000 - 0x000007feef541000 	C:\Program Files\Android\Android Studio\jre\bin\verify.dll
0x000007fef7100000 - 0x000007fef7225000 	C:\Windows\system32\DBGHELP.DLL
0x000007feef500000 - 0x000007feef529000 	C:\Program Files\Android\Android Studio\jre\bin\java.dll
0x000007feef4f0000 - 0x000007feef4fb000 	C:\Program Files\Android\Android Studio\jre\bin\jimage.dll
0x000007feef4d0000 - 0x000007feef4e8000 	C:\Program Files\Android\Android Studio\jre\bin\zip.dll
0x000007fefd820000 - 0x000007fefe5ab000 	C:\Windows\system32\SHELL32.dll
0x000007fefd5a0000 - 0x000007fefd7a0000 	C:\Windows\system32\ole32.dll
0x000007fefd010000 - 0x000007fefd01f000 	C:\Windows\system32\profapi.dll
0x000007feef4b0000 - 0x000007feef4ca000 	C:\Program Files\Android\Android Studio\jre\bin\net.dll
0x000007fef9080000 - 0x000007fef90f1000 	C:\Windows\system32\WINHTTP.dll
0x000007fef8ae0000 - 0x000007fef8b45000 	C:\Windows\system32\webio.dll
0x000007fefc740000 - 0x000007fefc795000 	C:\Windows\system32\mswsock.dll
0x000007fefc730000 - 0x000007fefc737000 	C:\Windows\System32\wship6.dll
0x000007feef490000 - 0x000007feef4a4000 	C:\Program Files\Android\Android Studio\jre\bin\nio.dll

dbghelp: loaded successfully - version: 4.0.5 - missing functions: none
symbol engine: initialized successfully - sym options: 0x614 - pdb path: .;C:\Program Files\Android\Android Studio\jre\bin;C:\Windows\SYSTEM32;C:\Windows\WinSxS\amd64_microsoft.windows.common-controls_6595b64144ccf1df_6.0.7601.24483_none_e372d88f30fbb845;C:\Program Files\Android\Android Studio\jre\bin\server

VM Arguments:
java_command: org.jetbrains.kotlin.cli.jvm.K2JVMCompiler @E:\PROJECT_JAVA\AS_FX\PizzaDelivery\app\build\20220501_14227379862365134559.compiler.options
java_class_path (initial): C:\Users\User\.gradle\caches\modules-2\files-2.1\org.jetbrains.kotlin\kotlin-compiler-embeddable\1.5.10\9c35134a025cab7a1e6eee0d87d241c2f30c1218\kotlin-compiler-embeddable-1.5.10.jar;C:\Users\User\.gradle\caches\modules-2\files-2.1\org.jetbrains.kotlin\kotlin-reflect\1.5.10\d6c70f3c0df2457ea0095c61c1fc1188017dc3bc\kotlin-reflect-1.5.10.jar;C:\Users\User\.gradle\caches\modules-2\files-2.1\org.jetbrains.kotlin\kotlin-stdlib\1.5.10\da6a904b132f0402fa4d79169a3c1770598d4702\kotlin-stdlib-1.5.10.jar;C:\Users\User\.gradle\caches\modules-2\files-2.1\org.jetbrains.kotlin\kotlin-script-runtime\1.5.10\69bad0ece91b0797055aeadbd44dc742c458398b\kotlin-script-runtime-1.5.10.jar;C:\Users\User\.gradle\caches\modules-2\files-2.1\org.jetbrains.kotlin\kotlin-daemon-embeddable\1.5.10\d06ad33b62b041dae0609f830c3b48135d53b8bc\kotlin-daemon-embeddable-1.5.10.jar;C:\Users\User\.gradle\caches\modules-2\files-2.1\org.jetbrains.intellij.deps\trove4j\1.0.20181211\216c2e14b070f334479d800987affe4054cd563f\trove4j-1.0.20181211.jar;C:\Users\User\.gradle\caches\modules-2\files-2.1\org.jetbrains\annotations\13.0\919f0dfe192fb4e063e7dacadee7f8bb9a2672a9\annotations-13.0.jar;C:\Users\User\.gradle\caches\modules-2\files-2.1\org.jetbrains.kotlin\kotlin-stdlib-common\1.5.10\6b84d926e28493be69daf673e40076f89492ef7\kotlin-stdlib-common-1.5.10.jar
Launcher Type: SUN_STANDARD

[Global flags]
     intx CICompilerCount                          = 2                                         {product} {ergonomic}
     uint ConcGCThreads                            = 1                                         {product} {ergonomic}
     uint G1ConcRefinementThreads                  = 2                                         {product} {ergonomic}
   size_t G1HeapRegionSize                         = 1048576                                   {product} {ergonomic}
    uintx GCDrainStackTargetSize                   = 64                                        {product} {ergonomic}
   size_t InitialHeapSize                          = 67108864                                  {product} {ergonomic}
   size_t MarkStackSize                            = 4194304                                   {product} {ergonomic}
   size_t MaxHeapSize                              = 1073741824                                {product} {ergonomic}
   size_t MaxNewSize                               = 643825664                                 {product} {ergonomic}
   size_t MinHeapDeltaBytes                        = 1048576                                   {product} {ergonomic}
    uintx NonNMethodCodeHeapSize                   = 5825164                                {pd product} {ergonomic}
    uintx NonProfiledCodeHeapSize                  = 122916538                              {pd product} {ergonomic}
    uintx ProfiledCodeHeapSize                     = 122916538                              {pd product} {ergonomic}
    uintx ReservedCodeCacheSize                    = 251658240                              {pd product} {ergonomic}
     bool SegmentedCodeCache                       = true                                      {product} {ergonomic}
     bool UseCompressedClassPointers               = true                                 {lp64_product} {ergonomic}
     bool UseCompressedOops                        = true                                 {lp64_product} {ergonomic}
     bool UseG1GC                                  = true                                      {product} {ergonomic}
     bool UseLargePagesIndividualAllocation        = false                                  {pd product} {ergonomic}

Logging:
Log output configuration:
 #0: stdout all=warning uptime,level,tags
 #1: stderr all=off uptime,level,tags

Environment Variables:
PATH=C:\Program Files (x86)\Common Files\Oracle\Java\javapath;C:\Program Files\Java\jdk1.8.0_281\bin;C:\Program Files\Git\cmd;C:\Program Files\JetBrains\IntelliJ IDEA Community Edition 2021.2.3\bin;;C:\Program Files\JetBrains\IntelliJ IDEA 2019.3.5\bin;
USERNAME=User
OS=Windows_NT
PROCESSOR_IDENTIFIER=AMD64 Family 15 Model 75 Stepping 2, AuthenticAMD



---------------  S Y S T E M  ---------------

OS: Windows 7 , 64 bit Build 7601 (6.1.7601.24596)
OS uptime: 0 days 2:05 hours

CPU:total 2 (initial active 2) (2 cores per cpu, 1 threads per core) family 15 model 75 stepping 2, cmov, cx8, fxsr, mmx, sse, sse2, sse3, mmxext, 3dnowpref, tsc

Memory: 4k page, system-wide physical 4095M (45M free)
TotalPageFile size 11093M (AvailPageFile size 11M)
current process WorkingSet (physical memory assigned to process): 239M, peak: 243M
current process commit charge ("private bytes"): 285M, peak: 285M

vm_info: OpenJDK 64-Bit Server VM (11.0.8+10-b944.6842174) for windows-amd64 JRE (11.0.8+10-b944.6842174), built on Sep 19 2020 01:11:42 by "builder" with MS VC++ 14.0 (VS2015)

END.
