#
# There is insufficient memory for the Java Runtime Environment to continue.
# Native memory allocation (mmap) failed to map 50331648 bytes for Failed to commit area from 0x0000000088f00000 to 0x000000008bf00000 of length 50331648.
# Possible reasons:
#   The system is out of physical RAM or swap space
#   The process is running with CompressedOops enabled, and the Java Heap may be blocking the growth of the native heap
# Possible solutions:
#   Reduce memory load on the system
#   Increase physical memory or swap space
#   Check if swap backing store is full
#   Decrease Java heap size (-Xmx/-Xms)
#   Decrease number of Java threads
#   Decrease Java thread stack sizes (-Xss)
#   Set larger code cache with -XX:ReservedCodeCacheSize=
#   JVM is running with Unscaled Compressed Oops mode in which the Java heap is
#     placed in the first 4GB address space. The Java Heap base address is the
#     maximum limit for the native heap growth. Please use -XX:HeapBaseMinAddress
#     to set the Java Heap base and to place the Java Heap above 4GB virtual address.
# This output file may be truncated or incomplete.
#
#  Out of Memory Error (./src/hotspot/os/windows/os_windows.cpp:3303), pid=2352, tid=1052
#
# JRE version: OpenJDK Runtime Environment (11.0.8+10) (build 11.0.8+10-b944.6842174)
# Java VM: OpenJDK 64-Bit Server VM (11.0.8+10-b944.6842174, mixed mode, tiered, compressed oops, g1 gc, windows-amd64)
# No core dump will be written. Minidumps are not enabled by default on client versions of Windows
#

---------------  S U M M A R Y ------------

Command Line: --add-opens=java.base/java.util=ALL-UNNAMED --add-opens=java.base/java.lang=ALL-UNNAMED --add-opens=java.base/java.lang.invoke=ALL-UNNAMED --add-opens=java.prefs/java.util.prefs=ALL-UNNAMED -Xmx2048m -Dfile.encoding=UTF-8 -Duser.country=RU -Duser.language=ru -Duser.variant org.gradle.launcher.daemon.bootstrap.GradleDaemon 6.7.1

Host: AMD Athlon(tm) 64 X2 Dual Core Processor 4200+, 2 cores, 3G,  Windows 7 , 64 bit Build 7601 (6.1.7601.24596)
Time: Sun Apr 24 08:10:02 2022 RTZ 1 (ceia) elapsed time: 204 seconds (0d 0h 3m 24s)

---------------  T H R E A D  ---------------

Current thread (0x000000005d2be000):  VMThread "VM Thread" [stack: 0x000000005d4e0000,0x000000005d5e0000] [id=1052]

Stack: [0x000000005d4e0000,0x000000005d5e0000]
[error occurred during error reporting (printing stack bounds), id 0xc0000005, EXCEPTION_ACCESS_VIOLATION (0xc0000005) at pc=0x0000000005f40dbd]

Native frames: (J=compiled Java code, j=interpreted, Vv=VM code, C=native code)
V  [jvm.dll+0x5de50a]
V  [jvm.dll+0x7122f5]
V  [jvm.dll+0x71384d]
V  [jvm.dll+0x713e65]
V  [jvm.dll+0x713e1b]
V  [jvm.dll+0x5dd958]
V  [jvm.dll+0x5de0f8]
C  [ntdll.dll+0x6b3cd]
C  [ntdll.dll+0x3f71a]
C  [ntdll.dll+0x6aa6e]
C  0x0000000005f40dbd

VM_Operation (0x0000000062d1b7d0): G1CollectForAllocation, mode: safepoint, requested by thread 0x0000000060724800


---------------  P R O C E S S  ---------------

Threads class SMR info:
_java_thread_list=0x00000000601580c0, length=38, elements={
0x00000000003ee800, 0x000000005d2c1800, 0x000000005d2c3800, 0x000000005d2db800,
0x000000005d2de800, 0x000000005d2e1000, 0x000000005d2e8000, 0x000000005d2f2800,
0x000000005dfdd800, 0x000000005dfe3000, 0x000000005fbe4800, 0x000000005fc7f800,
0x000000005f66b800, 0x000000005f4df800, 0x000000005fba3800, 0x0000000060410800,
0x000000005e93d800, 0x000000005f3de000, 0x000000005e1a2800, 0x000000005f2e3000,
0x000000005f2e4000, 0x000000005f2e5000, 0x000000005f2e5800, 0x00000000600bf800,
0x00000000600c0800, 0x00000000600c1800, 0x00000000600c2000, 0x00000000600c4000,
0x0000000063b07800, 0x0000000063b08000, 0x0000000063b09000, 0x0000000060726800,
0x0000000060728000, 0x0000000060728800, 0x0000000060729800, 0x000000006098c000,
0x0000000060724800, 0x0000000060723000
}

Java Threads: ( => current thread )
  0x00000000003ee800 JavaThread "main" [_thread_blocked, id=4716, stack(0x00000000022d0000,0x00000000023d0000)]
  0x000000005d2c1800 JavaThread "Reference Handler" daemon [_thread_blocked, id=4940, stack(0x000000005d760000,0x000000005d860000)]
  0x000000005d2c3800 JavaThread "Finalizer" daemon [_thread_blocked, id=3688, stack(0x000000005d610000,0x000000005d710000)]
  0x000000005d2db800 JavaThread "Signal Dispatcher" daemon [_thread_blocked, id=3224, stack(0x000000005d860000,0x000000005d960000)]
  0x000000005d2de800 JavaThread "Attach Listener" daemon [_thread_blocked, id=4384, stack(0x000000005da90000,0x000000005db90000)]
  0x000000005d2e1000 JavaThread "C2 CompilerThread0" daemon [_thread_blocked, id=3292, stack(0x000000005dc00000,0x000000005dd00000)]
  0x000000005d2e8000 JavaThread "C1 CompilerThread0" daemon [_thread_blocked, id=2564, stack(0x000000005de50000,0x000000005df50000)]
  0x000000005d2f2800 JavaThread "Sweeper thread" daemon [_thread_blocked, id=4972, stack(0x000000005dd40000,0x000000005de40000)]
  0x000000005dfdd800 JavaThread "Common-Cleaner" daemon [_thread_blocked, id=2836, stack(0x000000005e370000,0x000000005e470000)]
  0x000000005dfe3000 JavaThread "Service Thread" daemon [_thread_blocked, id=4740, stack(0x000000005d960000,0x000000005da60000)]
  0x000000005fbe4800 JavaThread "Daemon health stats" [_thread_blocked, id=2556, stack(0x0000000061570000,0x0000000061670000)]
  0x000000005fc7f800 JavaThread "Incoming local TCP Connector on port 55036" [_thread_in_native, id=4804, stack(0x0000000061420000,0x0000000061520000)]
  0x000000005f66b800 JavaThread "Daemon periodic checks" [_thread_blocked, id=3304, stack(0x0000000062150000,0x0000000062250000)]
  0x000000005f4df800 JavaThread "Daemon" [_thread_blocked, id=1320, stack(0x00000000622c0000,0x00000000623c0000)]
  0x000000005fba3800 JavaThread "Handler for socket connection from /127.0.0.1:55036 to /127.0.0.1:55037" [_thread_in_native, id=1360, stack(0x00000000625a0000,0x00000000626a0000)]
  0x0000000060410800 JavaThread "Cancel handler" [_thread_blocked, id=3344, stack(0x0000000062770000,0x0000000062870000)]
  0x000000005e93d800 JavaThread "Daemon worker" [_thread_blocked, id=4932, stack(0x0000000062950000,0x0000000062a50000)]
  0x000000005f3de000 JavaThread "Asynchronous log dispatcher for DefaultDaemonConnection: socket connection from /127.0.0.1:55036 to /127.0.0.1:55037" [_thread_blocked, id=3932, stack(0x0000000062a90000,0x0000000062b90000)]
  0x000000005e1a2800 JavaThread "Thread-8" [_thread_blocked, id=1624, stack(0x0000000062da0000,0x0000000062ea0000)]
  0x000000005f2e3000 JavaThread "Cache worker for file hash cache (C:\Users\User\.gradle\caches\6.7.1\fileHashes)" [_thread_blocked, id=4628, stack(0x00000000630d0000,0x00000000631d0000)]
  0x000000005f2e4000 JavaThread "File lock request listener" [_thread_in_native, id=3928, stack(0x00000000632b0000,0x00000000633b0000)]
  0x000000005f2e5000 JavaThread "Cache worker for journal cache (C:\Users\User\.gradle\caches\journal-1)" [_thread_blocked, id=3784, stack(0x0000000063660000,0x0000000063760000)]
  0x000000005f2e5800 JavaThread "Cache worker for file hash cache (E:\PROJECT_JAVA\AS_FX\PizzaDelivery\.gradle\6.7.1\fileHashes)" [_thread_blocked, id=2356, stack(0x00000000637d0000,0x00000000638d0000)]
  0x00000000600bf800 JavaThread "Cache worker for checksums cache (E:\PROJECT_JAVA\AS_FX\PizzaDelivery\.gradle\checksums)" [_thread_blocked, id=3940, stack(0x0000000064d80000,0x0000000064e80000)]
  0x00000000600c0800 JavaThread "Cache worker for cache directory md-supplier (C:\Users\User\.gradle\caches\6.7.1\md-supplier)" [_thread_blocked, id=1816, stack(0x0000000062470000,0x0000000062570000)]
  0x00000000600c1800 JavaThread "Cache worker for cache directory md-rule (C:\Users\User\.gradle\caches\6.7.1\md-rule)" [_thread_blocked, id=1532, stack(0x0000000064fa0000,0x00000000650a0000)]
  0x00000000600c2000 JavaThread "Cache worker for execution history cache (C:\Users\User\.gradle\caches\6.7.1\executionHistory)" [_thread_blocked, id=4404, stack(0x00000000653e0000,0x00000000654e0000)]
  0x00000000600c4000 JavaThread "Cache worker for file content cache (C:\Users\User\.gradle\caches\6.7.1\fileContent)" [_thread_blocked, id=1236, stack(0x0000000065d30000,0x0000000065e30000)]
  0x0000000063b07800 JavaThread "Cache worker for Build Output Cleanup Cache (E:\PROJECT_JAVA\AS_FX\PizzaDelivery\.gradle\buildOutputCleanup)" [_thread_blocked, id=1472, stack(0x0000000066570000,0x0000000066670000)]
  0x0000000063b08000 JavaThread "Build operations" [_thread_blocked, id=3588, stack(0x00000000652c0000,0x00000000653c0000)]
  0x0000000063b09000 JavaThread "Build operations Thread 2" [_thread_blocked, id=3392, stack(0x0000000066870000,0x0000000066970000)]
  0x0000000060726800 JavaThread "Memory manager" [_thread_blocked, id=3560, stack(0x00000000702c0000,0x00000000703c0000)]
  0x0000000060728000 JavaThread "build event listener" [_thread_blocked, id=684, stack(0x0000000074250000,0x0000000074350000)]
  0x0000000060728800 JavaThread "build event listener" [_thread_blocked, id=2708, stack(0x0000000061de0000,0x0000000061ee0000)]
  0x0000000060729800 JavaThread "Execution worker for ':'" [_thread_blocked, id=2476, stack(0x0000000074500000,0x0000000074600000)]
  0x000000006098c000 JavaThread "Cache worker for execution history cache (E:\PROJECT_JAVA\AS_FX\PizzaDelivery\.gradle\6.7.1\executionHistory)" [_thread_blocked, id=4152, stack(0x0000000074600000,0x0000000074700000)]
  0x0000000060724800 JavaThread "WorkerExecutor Queue" [_thread_blocked, id=6040, stack(0x0000000062c20000,0x0000000062d20000)]
  0x0000000060723000 JavaThread "WorkerExecutor Queue Thread 2" [_thread_blocked, id=6044, stack(0x0000000065c10000,0x0000000065d10000)]

Other Threads:
=>0x000000005d2be000 VMThread "VM Thread" [stack: 0x000000005d4e0000,0x000000005d5e0000] [id=1052]
  0x000000005dfe5000 WatcherThread [stack: 0x000000005e4d0000,0x000000005e5d0000] [id=4028]
  0x0000000000408800 GCTaskThread "GC Thread#0" [stack: 0x0000000015160000,0x0000000015260000] [id=4844]
  0x000000005e0f4000 GCTaskThread "GC Thread#1" [stack: 0x000000005e650000,0x000000005e750000] [id=3324]
  0x0000000000439000 ConcurrentGCThread "G1 Main Marker" [stack: 0x000000001a240000,0x000000001a340000] [id=4316]
  0x000000000043c800 ConcurrentGCThread "G1 Conc#0" [stack: 0x000000001a410000,0x000000001a510000] [id=5048]
  0x000000000048a800 ConcurrentGCThread "G1 Refine#0" [stack: 0x000000001c640000,0x000000001c740000] [id=4176]
  0x000000000048b800 ConcurrentGCThread "G1 Young RemSet Sampling" [stack: 0x000000001c8f0000,0x000000001c9f0000] [id=4164]

Threads with active compile tasks:
C2 CompilerThread0 204700 9983       4       com.android.utils.XmlUtils::append (647 bytes)

VM state:at safepoint (normal execution)

VM Mutex/Monitor currently owned by a thread:  ([mutex/lock_event])
[0x00000000003ea6e0] Threads_lock - owner thread: 0x000000005d2be000
[0x00000000003eaec0] Heap_lock - owner thread: 0x0000000060724800

Heap address: 0x0000000080000000, size: 2048 MB, Compressed Oops mode: 32-bit
Narrow klass base: 0x0000000000000000, Narrow klass shift: 0
Compressed class space size: 1073741824 Address: 0x000000001c9f0000

Heap:
 garbage-first heap   total 195584K, used 109869K [0x0000000080000000, 0x0000000100000000)
  region size 1024K, 1 young (1024K), 1 survivors (1024K)
 Metaspace       used 82035K, capacity 83908K, committed 84092K, reserved 1122304K
  class space    used 10516K, capacity 11201K, committed 11264K, reserved 1048576K
Heap Regions: E=young(eden), S=young(survivor), O=old, HS=humongous(starts), HC=humongous(continues), CS=collection set, F=free, A=archive, TAMS=top-at-mark-start (previous, next)
|   0|0x0000000080000000, 0x0000000080100000, 0x0000000080100000|100%| O|  |TAMS 0x0000000080100000, 0x0000000080000000| Untracked 
|   1|0x0000000080100000, 0x0000000080200000, 0x0000000080200000|100%| O|  |TAMS 0x0000000080200000, 0x0000000080100000| Untracked 
|   2|0x0000000080200000, 0x0000000080300000, 0x0000000080300000|100%| O|  |TAMS 0x0000000080300000, 0x0000000080200000| Untracked 
|   3|0x0000000080300000, 0x0000000080400000, 0x0000000080400000|100%| O|  |TAMS 0x0000000080400000, 0x0000000080300000| Untracked 
|   4|0x0000000080400000, 0x0000000080500000, 0x0000000080500000|100%|HS|  |TAMS 0x0000000080500000, 0x0000000080400000| Complete 
|   5|0x0000000080500000, 0x0000000080600000, 0x0000000080600000|100%|HC|  |TAMS 0x0000000080600000, 0x0000000080500000| Complete 
|   6|0x0000000080600000, 0x0000000080700000, 0x0000000080700000|100%|HC|  |TAMS 0x0000000080700000, 0x0000000080600000| Complete 
|   7|0x0000000080700000, 0x0000000080800000, 0x0000000080800000|100%| O|  |TAMS 0x0000000080800000, 0x0000000080700000| Untracked 
|   8|0x0000000080800000, 0x0000000080900000, 0x0000000080900000|100%| O|  |TAMS 0x0000000080900000, 0x0000000080800000| Complete 
|   9|0x0000000080900000, 0x0000000080a00000, 0x0000000080a00000|100%| O|  |TAMS 0x0000000080a00000, 0x0000000080900000| Untracked 
|  10|0x0000000080a00000, 0x0000000080b00000, 0x0000000080b00000|100%| O|  |TAMS 0x0000000080b00000, 0x0000000080a00000| Untracked 
|  11|0x0000000080b00000, 0x0000000080c00000, 0x0000000080c00000|100%| O|  |TAMS 0x0000000080c00000, 0x0000000080b00000| Untracked 
|  12|0x0000000080c00000, 0x0000000080d00000, 0x0000000080d00000|100%| O|  |TAMS 0x0000000080d00000, 0x0000000080c00000| Complete 
|  13|0x0000000080d00000, 0x0000000080e00000, 0x0000000080e00000|100%| O|  |TAMS 0x0000000080e00000, 0x0000000080d00000| Complete 
|  14|0x0000000080e00000, 0x0000000080f00000, 0x0000000080f00000|100%| O|  |TAMS 0x0000000080f00000, 0x0000000080e00000| Untracked 
|  15|0x0000000080f00000, 0x0000000081000000, 0x0000000081000000|100%| O|  |TAMS 0x0000000081000000, 0x0000000080f00000| Untracked 
|  16|0x0000000081000000, 0x0000000081100000, 0x0000000081100000|100%| O|  |TAMS 0x0000000081100000, 0x0000000081000000| Untracked 
|  17|0x0000000081100000, 0x0000000081200000, 0x0000000081200000|100%| O|  |TAMS 0x0000000081200000, 0x0000000081100000| Untracked 
|  18|0x0000000081200000, 0x0000000081300000, 0x0000000081300000|100%| O|  |TAMS 0x0000000081300000, 0x0000000081200000| Complete 
|  19|0x0000000081300000, 0x0000000081400000, 0x0000000081400000|100%| O|  |TAMS 0x0000000081400000, 0x0000000081300000| Untracked 
|  20|0x0000000081400000, 0x0000000081500000, 0x0000000081500000|100%| O|  |TAMS 0x0000000081500000, 0x0000000081400000| Complete 
|  21|0x0000000081500000, 0x0000000081600000, 0x0000000081600000|100%| O|  |TAMS 0x0000000081600000, 0x0000000081500000| Complete 
|  22|0x0000000081600000, 0x0000000081700000, 0x0000000081700000|100%| O|  |TAMS 0x0000000081700000, 0x0000000081600000| Untracked 
|  23|0x0000000081700000, 0x0000000081800000, 0x0000000081800000|100%| O|  |TAMS 0x0000000081800000, 0x0000000081700000| Complete 
|  24|0x0000000081800000, 0x0000000081900000, 0x0000000081900000|100%|HS|  |TAMS 0x0000000081900000, 0x0000000081800000| Complete 
|  25|0x0000000081900000, 0x0000000081a00000, 0x0000000081a00000|100%|HS|  |TAMS 0x0000000081a00000, 0x0000000081900000| Complete 
|  26|0x0000000081a00000, 0x0000000081b00000, 0x0000000081b00000|100%|HC|  |TAMS 0x0000000081b00000, 0x0000000081a00000| Complete 
|  27|0x0000000081b00000, 0x0000000081c00000, 0x0000000081c00000|100%|HC|  |TAMS 0x0000000081c00000, 0x0000000081b00000| Complete 
|  28|0x0000000081c00000, 0x0000000081d00000, 0x0000000081d00000|100%|HS|  |TAMS 0x0000000081d00000, 0x0000000081c00000| Complete 
|  29|0x0000000081d00000, 0x0000000081e00000, 0x0000000081e00000|100%|HC|  |TAMS 0x0000000081e00000, 0x0000000081d00000| Complete 
|  30|0x0000000081e00000, 0x0000000081f00000, 0x0000000081f00000|100%| O|  |TAMS 0x0000000081f00000, 0x0000000081e00000| Untracked 
|  31|0x0000000081f00000, 0x0000000082000000, 0x0000000082000000|100%| O|  |TAMS 0x0000000082000000, 0x0000000081f00000| Untracked 
|  32|0x0000000082000000, 0x0000000082100000, 0x0000000082100000|100%| O|  |TAMS 0x0000000082100000, 0x0000000082000000| Complete 
|  33|0x0000000082100000, 0x0000000082200000, 0x0000000082200000|100%| O|  |TAMS 0x0000000082200000, 0x0000000082100000| Untracked 
|  34|0x0000000082200000, 0x0000000082300000, 0x0000000082300000|100%| O|  |TAMS 0x0000000082300000, 0x0000000082200000| Complete 
|  35|0x0000000082300000, 0x0000000082400000, 0x0000000082400000|100%| O|  |TAMS 0x0000000082400000, 0x0000000082300000| Untracked 
|  36|0x0000000082400000, 0x0000000082500000, 0x0000000082500000|100%| O|  |TAMS 0x0000000082500000, 0x0000000082400000| Untracked 
|  37|0x0000000082500000, 0x0000000082600000, 0x0000000082600000|100%| O|  |TAMS 0x0000000082600000, 0x0000000082500000| Untracked 
|  38|0x0000000082600000, 0x0000000082700000, 0x0000000082700000|100%| O|  |TAMS 0x0000000082700000, 0x0000000082600000| Untracked 
|  39|0x0000000082700000, 0x0000000082800000, 0x0000000082800000|100%| O|  |TAMS 0x0000000082800000, 0x0000000082700000| Untracked 
|  40|0x0000000082800000, 0x0000000082900000, 0x0000000082900000|100%| O|  |TAMS 0x0000000082900000, 0x0000000082800000| Untracked 
|  41|0x0000000082900000, 0x0000000082a00000, 0x0000000082a00000|100%| O|  |TAMS 0x0000000082a00000, 0x0000000082900000| Untracked 
|  42|0x0000000082a00000, 0x0000000082b00000, 0x0000000082b00000|100%| O|  |TAMS 0x0000000082b00000, 0x0000000082a00000| Untracked 
|  43|0x0000000082b00000, 0x0000000082c00000, 0x0000000082c00000|100%| O|  |TAMS 0x0000000082c00000, 0x0000000082b00000| Complete 
|  44|0x0000000082c00000, 0x0000000082d00000, 0x0000000082d00000|100%| O|  |TAMS 0x0000000082d00000, 0x0000000082c00000| Complete 
|  45|0x0000000082d00000, 0x0000000082e00000, 0x0000000082e00000|100%| O|  |TAMS 0x0000000082e00000, 0x0000000082d00000| Complete 
|  46|0x0000000082e00000, 0x0000000082f00000, 0x0000000082f00000|100%| O|  |TAMS 0x0000000082f00000, 0x0000000082e00000| Untracked 
|  47|0x0000000082f00000, 0x0000000083000000, 0x0000000083000000|100%| O|  |TAMS 0x0000000083000000, 0x0000000082f00000| Untracked 
|  48|0x0000000083000000, 0x0000000083100000, 0x0000000083100000|100%| O|  |TAMS 0x0000000083100000, 0x0000000083000000| Untracked 
|  49|0x0000000083100000, 0x0000000083200000, 0x0000000083200000|100%| O|  |TAMS 0x0000000083200000, 0x0000000083100000| Untracked 
|  50|0x0000000083200000, 0x0000000083300000, 0x0000000083300000|100%| O|  |TAMS 0x0000000083300000, 0x0000000083200000| Untracked 
|  51|0x0000000083300000, 0x0000000083400000, 0x0000000083400000|100%| O|  |TAMS 0x0000000083400000, 0x0000000083300000| Untracked 
|  52|0x0000000083400000, 0x0000000083500000, 0x0000000083500000|100%| O|  |TAMS 0x0000000083500000, 0x0000000083400000| Untracked 
|  53|0x0000000083500000, 0x0000000083600000, 0x0000000083600000|100%| O|  |TAMS 0x0000000083600000, 0x0000000083500000| Untracked 
|  54|0x0000000083600000, 0x0000000083700000, 0x0000000083700000|100%| O|  |TAMS 0x0000000083700000, 0x0000000083600000| Untracked 
|  55|0x0000000083700000, 0x0000000083800000, 0x0000000083800000|100%| O|  |TAMS 0x0000000083800000, 0x0000000083700000| Complete 
|  56|0x0000000083800000, 0x0000000083900000, 0x0000000083900000|100%| O|  |TAMS 0x0000000083900000, 0x0000000083800000| Untracked 
|  57|0x0000000083900000, 0x0000000083a00000, 0x0000000083a00000|100%| O|  |TAMS 0x0000000083a00000, 0x0000000083900000| Untracked 
|  58|0x0000000083a00000, 0x0000000083b00000, 0x0000000083b00000|100%| O|  |TAMS 0x0000000083b00000, 0x0000000083a00000| Untracked 
|  59|0x0000000083b00000, 0x0000000083c00000, 0x0000000083c00000|100%| O|  |TAMS 0x0000000083c00000, 0x0000000083b00000| Untracked 
|  60|0x0000000083c00000, 0x0000000083d00000, 0x0000000083d00000|100%| O|  |TAMS 0x0000000083d00000, 0x0000000083c00000| Untracked 
|  61|0x0000000083d00000, 0x0000000083e00000, 0x0000000083e00000|100%| O|  |TAMS 0x0000000083e00000, 0x0000000083d00000| Untracked 
|  62|0x0000000083e00000, 0x0000000083f00000, 0x0000000083f00000|100%| O|  |TAMS 0x0000000083f00000, 0x0000000083e00000| Untracked 
|  63|0x0000000083f00000, 0x0000000084000000, 0x0000000084000000|100%| O|  |TAMS 0x0000000084000000, 0x0000000083f00000| Untracked 
|  64|0x0000000084000000, 0x0000000084100000, 0x0000000084100000|100%| O|  |TAMS 0x0000000084100000, 0x0000000084000000| Untracked 
|  65|0x0000000084100000, 0x0000000084200000, 0x0000000084200000|100%| O|  |TAMS 0x0000000084200000, 0x0000000084100000| Complete 
|  66|0x0000000084200000, 0x0000000084300000, 0x0000000084300000|100%| O|  |TAMS 0x0000000084300000, 0x0000000084200000| Untracked 
|  67|0x0000000084300000, 0x0000000084400000, 0x0000000084400000|100%| O|  |TAMS 0x0000000084400000, 0x0000000084300000| Untracked 
|  68|0x0000000084400000, 0x0000000084500000, 0x0000000084500000|100%| O|  |TAMS 0x0000000084500000, 0x0000000084400000| Complete 
|  69|0x0000000084500000, 0x0000000084600000, 0x0000000084600000|100%| O|  |TAMS 0x0000000084600000, 0x0000000084500000| Complete 
|  70|0x0000000084600000, 0x0000000084700000, 0x0000000084700000|100%| O|  |TAMS 0x0000000084700000, 0x0000000084600000| Complete 
|  71|0x0000000084700000, 0x0000000084800000, 0x0000000084800000|100%| O|  |TAMS 0x0000000084800000, 0x0000000084700000| Untracked 
|  72|0x0000000084800000, 0x0000000084900000, 0x0000000084900000|100%| O|  |TAMS 0x0000000084900000, 0x0000000084800000| Untracked 
|  73|0x0000000084900000, 0x0000000084a00000, 0x0000000084a00000|100%| O|  |TAMS 0x0000000084a00000, 0x0000000084900000| Untracked 
|  74|0x0000000084a00000, 0x0000000084b00000, 0x0000000084b00000|100%| O|  |TAMS 0x0000000084b00000, 0x0000000084a00000| Complete 
|  75|0x0000000084b00000, 0x0000000084c00000, 0x0000000084c00000|100%| O|  |TAMS 0x0000000084c00000, 0x0000000084b00000| Complete 
|  76|0x0000000084c00000, 0x0000000084d00000, 0x0000000084d00000|100%| O|  |TAMS 0x0000000084d00000, 0x0000000084c00000| Complete 
|  77|0x0000000084d00000, 0x0000000084e00000, 0x0000000084e00000|100%| O|  |TAMS 0x0000000084e00000, 0x0000000084d00000| Complete 
|  78|0x0000000084e00000, 0x0000000084f00000, 0x0000000084f00000|100%| O|  |TAMS 0x0000000084f00000, 0x0000000084e00000| Untracked 
|  79|0x0000000084f00000, 0x0000000085000000, 0x0000000085000000|100%| O|  |TAMS 0x0000000085000000, 0x0000000084f00000| Untracked 
|  80|0x0000000085000000, 0x0000000085100000, 0x0000000085100000|100%| O|  |TAMS 0x0000000085100000, 0x0000000085000000| Untracked 
|  81|0x0000000085100000, 0x0000000085200000, 0x0000000085200000|100%| O|  |TAMS 0x0000000085200000, 0x0000000085100000| Complete 
|  82|0x0000000085200000, 0x0000000085300000, 0x0000000085300000|100%| O|  |TAMS 0x0000000085300000, 0x0000000085200000| Untracked 
|  83|0x0000000085300000, 0x0000000085400000, 0x0000000085400000|100%| O|  |TAMS 0x0000000085400000, 0x0000000085300000| Untracked 
|  84|0x0000000085400000, 0x0000000085500000, 0x0000000085500000|100%| O|  |TAMS 0x0000000085500000, 0x0000000085400000| Complete 
|  85|0x0000000085500000, 0x0000000085600000, 0x0000000085600000|100%| O|  |TAMS 0x0000000085600000, 0x0000000085500000| Complete 
|  86|0x0000000085600000, 0x0000000085700000, 0x0000000085700000|100%| O|  |TAMS 0x0000000085700000, 0x0000000085600000| Untracked 
|  87|0x0000000085700000, 0x0000000085800000, 0x0000000085800000|100%| O|  |TAMS 0x0000000085800000, 0x0000000085700000| Untracked 
|  88|0x0000000085800000, 0x0000000085900000, 0x0000000085900000|100%| O|  |TAMS 0x0000000085900000, 0x0000000085800000| Untracked 
|  89|0x0000000085900000, 0x0000000085a00000, 0x0000000085a00000|100%| O|  |TAMS 0x0000000085a00000, 0x0000000085900000| Untracked 
|  90|0x0000000085a00000, 0x0000000085b00000, 0x0000000085b00000|100%| O|  |TAMS 0x0000000085b00000, 0x0000000085a00000| Complete 
|  91|0x0000000085b00000, 0x0000000085c00000, 0x0000000085c00000|100%| O|  |TAMS 0x0000000085c00000, 0x0000000085b00000| Complete 
|  92|0x0000000085c00000, 0x0000000085d00000, 0x0000000085d00000|100%| O|  |TAMS 0x0000000085d00000, 0x0000000085c00000| Untracked 
|  93|0x0000000085d00000, 0x0000000085e00000, 0x0000000085e00000|100%| O|  |TAMS 0x0000000085e00000, 0x0000000085d00000| Untracked 
|  94|0x0000000085e00000, 0x0000000085f00000, 0x0000000085f00000|100%| O|  |TAMS 0x0000000085f00000, 0x0000000085e00000| Complete 
|  95|0x0000000085f00000, 0x0000000086000000, 0x0000000086000000|100%| O|  |TAMS 0x0000000086000000, 0x0000000085f00000| Untracked 
|  96|0x0000000086000000, 0x0000000086100000, 0x0000000086100000|100%| O|  |TAMS 0x0000000086100000, 0x0000000086000000| Complete 
|  97|0x0000000086100000, 0x0000000086200000, 0x0000000086200000|100%| O|  |TAMS 0x0000000086200000, 0x0000000086100000| Untracked 
|  98|0x0000000086200000, 0x0000000086300000, 0x0000000086300000|100%| O|  |TAMS 0x0000000086300000, 0x0000000086200000| Untracked 
|  99|0x0000000086300000, 0x0000000086400000, 0x0000000086400000|100%| O|  |TAMS 0x0000000086400000, 0x0000000086300000| Untracked 
| 100|0x0000000086400000, 0x0000000086500000, 0x0000000086500000|100%| O|  |TAMS 0x0000000086500000, 0x0000000086400000| Untracked 
| 101|0x0000000086500000, 0x0000000086600000, 0x0000000086600000|100%| O|  |TAMS 0x0000000086600000, 0x0000000086500000| Untracked 
| 102|0x0000000086600000, 0x0000000086700000, 0x0000000086700000|100%| O|  |TAMS 0x0000000086700000, 0x0000000086600000| Untracked 
| 103|0x0000000086700000, 0x0000000086800000, 0x0000000086800000|100%| O|  |TAMS 0x0000000086800000, 0x0000000086700000| Untracked 
| 104|0x0000000086800000, 0x0000000086900000, 0x0000000086900000|100%| O|  |TAMS 0x00000000868b8c00, 0x0000000086800000| Untracked 
| 105|0x0000000086900000, 0x0000000086900000, 0x0000000086a00000|  0%| F|  |TAMS 0x0000000086900000, 0x0000000086900000| Untracked 
| 106|0x0000000086a00000, 0x0000000086a00000, 0x0000000086b00000|  0%| F|  |TAMS 0x0000000086a00000, 0x0000000086a00000| Untracked 
| 107|0x0000000086b00000, 0x0000000086b00000, 0x0000000086c00000|  0%| F|  |TAMS 0x0000000086b00000, 0x0000000086b00000| Untracked 
| 108|0x0000000086c00000, 0x0000000086c00000, 0x0000000086d00000|  0%| F|  |TAMS 0x0000000086c00000, 0x0000000086c00000| Untracked 
| 109|0x0000000086d00000, 0x0000000086d00000, 0x0000000086e00000|  0%| F|  |TAMS 0x0000000086d00000, 0x0000000086d00000| Untracked 
| 110|0x0000000086e00000, 0x0000000086e00000, 0x0000000086f00000|  0%| F|  |TAMS 0x0000000086e00000, 0x0000000086e00000| Untracked 
| 111|0x0000000086f00000, 0x0000000086f00000, 0x0000000087000000|  0%| F|  |TAMS 0x0000000086f00000, 0x0000000086f00000| Untracked 
| 112|0x0000000087000000, 0x0000000087000000, 0x0000000087100000|  0%| F|  |TAMS 0x0000000087000000, 0x0000000087000000| Untracked 
| 113|0x0000000087100000, 0x0000000087100000, 0x0000000087200000|  0%| F|  |TAMS 0x0000000087100000, 0x0000000087100000| Untracked 
| 114|0x0000000087200000, 0x0000000087200000, 0x0000000087300000|  0%| F|  |TAMS 0x0000000087200000, 0x0000000087200000| Untracked 
| 115|0x0000000087300000, 0x0000000087300000, 0x0000000087400000|  0%| F|  |TAMS 0x0000000087300000, 0x0000000087300000| Untracked 
| 116|0x0000000087400000, 0x0000000087400000, 0x0000000087500000|  0%| F|  |TAMS 0x0000000087400000, 0x0000000087400000| Untracked 
| 117|0x0000000087500000, 0x0000000087500000, 0x0000000087600000|  0%| F|  |TAMS 0x0000000087500000, 0x0000000087500000| Untracked 
| 118|0x0000000087600000, 0x0000000087600000, 0x0000000087700000|  0%| F|  |TAMS 0x0000000087600000, 0x0000000087600000| Untracked 
| 119|0x0000000087700000, 0x0000000087700000, 0x0000000087800000|  0%| F|  |TAMS 0x0000000087700000, 0x0000000087700000| Untracked 
| 120|0x0000000087800000, 0x0000000087800000, 0x0000000087900000|  0%| F|  |TAMS 0x0000000087800000, 0x0000000087800000| Untracked 
| 121|0x0000000087900000, 0x0000000087900000, 0x0000000087a00000|  0%| F|  |TAMS 0x0000000087900000, 0x0000000087900000| Untracked 
| 122|0x0000000087a00000, 0x0000000087a00000, 0x0000000087b00000|  0%| F|  |TAMS 0x0000000087a00000, 0x0000000087a00000| Untracked 
| 123|0x0000000087b00000, 0x0000000087b00000, 0x0000000087c00000|  0%| F|  |TAMS 0x0000000087b00000, 0x0000000087b00000| Untracked 
| 124|0x0000000087c00000, 0x0000000087c00000, 0x0000000087d00000|  0%| F|  |TAMS 0x0000000087c00000, 0x0000000087c00000| Untracked 
| 125|0x0000000087d00000, 0x0000000087d00000, 0x0000000087e00000|  0%| F|  |TAMS 0x0000000087d00000, 0x0000000087d00000| Untracked 
| 126|0x0000000087e00000, 0x0000000087e00000, 0x0000000087f00000|  0%| F|  |TAMS 0x0000000087e00000, 0x0000000087e00000| Untracked 
| 127|0x0000000087f00000, 0x0000000087f00000, 0x0000000088000000|  0%| F|  |TAMS 0x0000000087f00000, 0x0000000087f00000| Untracked 
| 128|0x0000000088000000, 0x0000000088000000, 0x0000000088100000|  0%| F|  |TAMS 0x0000000088000000, 0x0000000088000000| Untracked 
| 129|0x0000000088100000, 0x0000000088100000, 0x0000000088200000|  0%| F|  |TAMS 0x0000000088100000, 0x0000000088100000| Untracked 
| 130|0x0000000088200000, 0x0000000088200000, 0x0000000088300000|  0%| F|  |TAMS 0x0000000088200000, 0x0000000088200000| Untracked 
| 131|0x0000000088300000, 0x0000000088300000, 0x0000000088400000|  0%| F|  |TAMS 0x0000000088300000, 0x0000000088300000| Untracked 
| 132|0x0000000088400000, 0x0000000088400000, 0x0000000088500000|  0%| F|  |TAMS 0x0000000088400000, 0x0000000088400000| Untracked 
| 133|0x0000000088500000, 0x0000000088500000, 0x0000000088600000|  0%| F|  |TAMS 0x0000000088500000, 0x0000000088500000| Untracked 
| 134|0x0000000088600000, 0x0000000088600000, 0x0000000088700000|  0%| F|  |TAMS 0x0000000088600000, 0x0000000088600000| Untracked 
| 135|0x0000000088700000, 0x0000000088700000, 0x0000000088800000|  0%| F|  |TAMS 0x0000000088700000, 0x0000000088700000| Untracked 
| 136|0x0000000088800000, 0x0000000088800000, 0x0000000088900000|  0%| F|  |TAMS 0x0000000088800000, 0x0000000088800000| Untracked 
| 137|0x0000000088900000, 0x0000000088900000, 0x0000000088a00000|  0%| F|  |TAMS 0x0000000088900000, 0x0000000088900000| Untracked 
| 138|0x0000000088a00000, 0x0000000088a00000, 0x0000000088b00000|  0%| F|  |TAMS 0x0000000088a00000, 0x0000000088a00000| Untracked 
| 139|0x0000000088b00000, 0x0000000088b00000, 0x0000000088c00000|  0%| F|  |TAMS 0x0000000088b00000, 0x0000000088b00000| Untracked 
| 140|0x0000000088c00000, 0x0000000088c4b490, 0x0000000088d00000| 29%| S|CS|TAMS 0x0000000088c00000, 0x0000000088c00000| Complete 
| 141|0x0000000088d00000, 0x0000000088e00000, 0x0000000088e00000|100%| O|  |TAMS 0x0000000088d00000, 0x0000000088d00000| Untracked 
| 142|0x0000000088e00000, 0x0000000088f00000, 0x0000000088f00000|100%| O|  |TAMS 0x0000000088e00000, 0x0000000088e00000| Untracked 

Card table byte_map: [0x0000000015880000,0x0000000015c80000] _byte_map_base: 0x0000000015480000

Marking Bits (Prev, Next): (CMBitMap*) 0x0000000000430678, (CMBitMap*) 0x00000000004306b0
 Prev Bits: [0x0000000016080000, 0x0000000018080000)
 Next Bits: [0x0000000018080000, 0x000000001a080000)

Polling page: 0x0000000000130000

Metaspace:

Usage:
  Non-class:     71.00 MB capacity,    69.84 MB ( 98%) used,   986.48 KB (  1%) free+waste,   201.88 KB ( <1%) overhead. 
      Class:     10.94 MB capacity,    10.27 MB ( 94%) used,   593.28 KB (  5%) free+waste,    90.94 KB ( <1%) overhead. 
       Both:     81.94 MB capacity,    80.11 MB ( 98%) used,     1.54 MB (  2%) free+waste,   292.81 KB ( <1%) overhead. 

Virtual space:
  Non-class space:       72.00 MB reserved,      71.12 MB ( 99%) committed 
      Class space:        1.00 GB reserved,      11.00 MB (  1%) committed 
             Both:        1.07 GB reserved,      82.12 MB (  7%) committed 

Chunk freelists:
   Non-Class:  57.00 KB
       Class:  0 bytes
        Both:  57.00 KB

MaxMetaspaceSize: 17179869184.00 GB
CompressedClassSpaceSize: 1.00 GB

CodeHeap 'non-profiled nmethods': size=120064Kb used=5697Kb max_used=5697Kb free=114366Kb
 bounds [0x000000000da00000, 0x000000000dfa0000, 0x0000000014f40000]
CodeHeap 'profiled nmethods': size=120000Kb used=20989Kb max_used=20989Kb free=99010Kb
 bounds [0x00000000064d0000, 0x0000000007960000, 0x000000000da00000]
CodeHeap 'non-nmethods': size=5696Kb used=2250Kb max_used=2286Kb free=3445Kb
 bounds [0x0000000005f40000, 0x00000000061b0000, 0x00000000064d0000]
 total_blobs=10507 nmethods=9643 adapters=775
 compilation: enabled
              stopped_count=0, restarted_count=0
 full_count=0

Compilation events (20 events):
Event: 204.015 Thread 0x000000005d2e8000 9994       2       jdk.internal.reflect.ClassFileAssembler::decStack (11 bytes)
Event: 204.016 Thread 0x000000005d2e8000 nmethod 9994 0x000000000794ef90 code [0x000000000794f140, 0x000000000794f238]
Event: 204.016 Thread 0x000000005d2e8000 9995       2       jdk.internal.reflect.Label::add (23 bytes)
Event: 204.016 Thread 0x000000005d2e8000 nmethod 9995 0x000000000794f310 code [0x000000000794f4c0, 0x000000000794f6a8]
Event: 204.020 Thread 0x000000005d2e8000 9996       2       java.util.Vector::<init> (7 bytes)
Event: 204.020 Thread 0x000000005d2e8000 nmethod 9996 0x000000000794f790 code [0x000000000794f940, 0x000000000794fa68]
Event: 204.021 Thread 0x000000005d2e8000 9997       2       java.io.ObjectStreamField::<init> (64 bytes)
Event: 204.022 Thread 0x000000005d2e8000 nmethod 9997 0x000000000794fb10 code [0x000000000794fd20, 0x0000000007950128]
Event: 204.022 Thread 0x000000005d2e8000 9998       2       java.lang.reflect.Proxy::isProxyClass (22 bytes)
Event: 204.023 Thread 0x000000005d2e8000 nmethod 9998 0x0000000007950310 code [0x0000000007950540, 0x00000000079509e8]
Event: 204.023 Thread 0x000000005d2e8000 9999       2       jdk.internal.misc.Unsafe::defineClass (39 bytes)
Event: 204.024 Thread 0x000000005d2e8000 nmethod 9999 0x0000000007950d10 code [0x0000000007950ee0, 0x0000000007951168]
Event: 204.043 Thread 0x000000005d2e8000 10000       1       java.io.ObjectInputStream$HandleTable::size (5 bytes)
Event: 204.043 Thread 0x000000005d2e8000 nmethod 10000 0x000000000df90490 code [0x000000000df90640, 0x000000000df906f8]
Event: 204.047 Thread 0x000000005d2e8000 10001       2       java.lang.invoke.DelegatingMethodHandle::rebind (8 bytes)
Event: 204.048 Thread 0x000000005d2e8000 nmethod 10001 0x0000000007951310 code [0x00000000079514e0, 0x0000000007951618]
Event: 204.048 Thread 0x000000005d2e8000 10002       2       java.lang.invoke.BoundMethodHandle::bindSingle (7 bytes)
Event: 204.048 Thread 0x000000005d2e8000 nmethod 10002 0x0000000007951710 code [0x00000000079518c0, 0x0000000007951a88]
Event: 204.090 Thread 0x000000005d2e8000 10003       2       org.gradle.api.internal.file.DefaultFileCollectionFactory::resolving (41 bytes)
Event: 204.091 Thread 0x000000005d2e8000 nmethod 10003 0x0000000007951b90 code [0x0000000007951d80, 0x0000000007952218]

GC Heap History (20 events):
Event: 196.165 GC heap after
{Heap after GC invocations=56 (full 0):
 garbage-first heap   total 114688K, used 80440K [0x0000000080000000, 0x0000000100000000)
  region size 1024K, 1 young (1024K), 1 survivors (1024K)
 Metaspace       used 80235K, capacity 82103K, committed 82300K, reserved 1120256K
  class space    used 10310K, capacity 10966K, committed 11008K, reserved 1048576K
}
Event: 197.142 GC heap before
{Heap before GC invocations=56 (full 0):
 garbage-first heap   total 114688K, used 94776K [0x0000000080000000, 0x0000000100000000)
  region size 1024K, 15 young (15360K), 1 survivors (1024K)
 Metaspace       used 80348K, capacity 82228K, committed 82300K, reserved 1120256K
  class space    used 10334K, capacity 10988K, committed 11008K, reserved 1048576K
}
Event: 197.156 GC heap after
{Heap after GC invocations=57 (full 0):
 garbage-first heap   total 114688K, used 81198K [0x0000000080000000, 0x0000000100000000)
  region size 1024K, 2 young (2048K), 2 survivors (2048K)
 Metaspace       used 80348K, capacity 82228K, committed 82300K, reserved 1120256K
  class space    used 10334K, capacity 10988K, committed 11008K, reserved 1048576K
}
Event: 199.494 GC heap before
{Heap before GC invocations=58 (full 0):
 garbage-first heap   total 114688K, used 97582K [0x0000000080000000, 0x0000000100000000)
  region size 1024K, 16 young (16384K), 2 survivors (2048K)
 Metaspace       used 81097K, capacity 82923K, committed 83196K, reserved 1122304K
  class space    used 10420K, capacity 11092K, committed 11136K, reserved 1048576K
}
Event: 199.528 GC heap after
{Heap after GC invocations=59 (full 0):
 garbage-first heap   total 114688K, used 90681K [0x0000000080000000, 0x0000000100000000)
  region size 1024K, 2 young (2048K), 2 survivors (2048K)
 Metaspace       used 81097K, capacity 82923K, committed 83196K, reserved 1122304K
  class space    used 10420K, capacity 11092K, committed 11136K, reserved 1048576K
}
Event: 199.621 GC heap before
{Heap before GC invocations=59 (full 0):
 garbage-first heap   total 114688K, used 93753K [0x0000000080000000, 0x0000000100000000)
  region size 1024K, 5 young (5120K), 2 survivors (2048K)
 Metaspace       used 81113K, capacity 82987K, committed 83196K, reserved 1122304K
  class space    used 10420K, capacity 11092K, committed 11136K, reserved 1048576K
}
Event: 199.648 GC heap after
{Heap after GC invocations=60 (full 0):
 garbage-first heap   total 114688K, used 92160K [0x0000000080000000, 0x0000000100000000)
  region size 1024K, 1 young (1024K), 1 survivors (1024K)
 Metaspace       used 81113K, capacity 82987K, committed 83196K, reserved 1122304K
  class space    used 10420K, capacity 11092K, committed 11136K, reserved 1048576K
}
Event: 199.722 GC heap before
{Heap before GC invocations=60 (full 0):
 garbage-first heap   total 114688K, used 96256K [0x0000000080000000, 0x0000000100000000)
  region size 1024K, 5 young (5120K), 1 survivors (1024K)
 Metaspace       used 81117K, capacity 82987K, committed 83196K, reserved 1122304K
  class space    used 10420K, capacity 11092K, committed 11136K, reserved 1048576K
}
Event: 199.764 GC heap after
{Heap after GC invocations=61 (full 0):
 garbage-first heap   total 114688K, used 95232K [0x0000000080000000, 0x0000000100000000)
  region size 1024K, 1 young (1024K), 1 survivors (1024K)
 Metaspace       used 81117K, capacity 82987K, committed 83196K, reserved 1122304K
  class space    used 10420K, capacity 11092K, committed 11136K, reserved 1048576K
}
Event: 199.806 GC heap before
{Heap before GC invocations=61 (full 0):
 garbage-first heap   total 114688K, used 99328K [0x0000000080000000, 0x0000000100000000)
  region size 1024K, 5 young (5120K), 1 survivors (1024K)
 Metaspace       used 81117K, capacity 82987K, committed 83196K, reserved 1122304K
  class space    used 10420K, capacity 11092K, committed 11136K, reserved 1048576K
}
Event: 199.841 GC heap after
{Heap after GC invocations=62 (full 0):
 garbage-first heap   total 114688K, used 98227K [0x0000000080000000, 0x0000000100000000)
  region size 1024K, 1 young (1024K), 1 survivors (1024K)
 Metaspace       used 81117K, capacity 82987K, committed 83196K, reserved 1122304K
  class space    used 10420K, capacity 11092K, committed 11136K, reserved 1048576K
}
Event: 200.220 GC heap before
{Heap before GC invocations=62 (full 0):
 garbage-first heap   total 114688K, used 102323K [0x0000000080000000, 0x0000000100000000)
  region size 1024K, 5 young (5120K), 1 survivors (1024K)
 Metaspace       used 81259K, capacity 83149K, committed 83196K, reserved 1122304K
  class space    used 10438K, capacity 11125K, committed 11136K, reserved 1048576K
}
Event: 200.236 GC heap after
{Heap after GC invocations=63 (full 0):
 garbage-first heap   total 143360K, used 100156K [0x0000000080000000, 0x0000000100000000)
  region size 1024K, 1 young (1024K), 1 survivors (1024K)
 Metaspace       used 81259K, capacity 83149K, committed 83196K, reserved 1122304K
  class space    used 10438K, capacity 11125K, committed 11136K, reserved 1048576K
}
Event: 201.021 GC heap before
{Heap before GC invocations=64 (full 0):
 garbage-first heap   total 143360K, used 109372K [0x0000000080000000, 0x0000000100000000)
  region size 1024K, 10 young (10240K), 1 survivors (1024K)
 Metaspace       used 81379K, capacity 83227K, committed 83452K, reserved 1122304K
  class space    used 10450K, capacity 11128K, committed 11136K, reserved 1048576K
}
Event: 201.041 GC heap after
{Heap after GC invocations=65 (full 0):
 garbage-first heap   total 143360K, used 100835K [0x0000000080000000, 0x0000000100000000)
  region size 1024K, 2 young (2048K), 2 survivors (2048K)
 Metaspace       used 81379K, capacity 83227K, committed 83452K, reserved 1122304K
  class space    used 10450K, capacity 11128K, committed 11136K, reserved 1048576K
}
Event: 201.859 GC heap before
{Heap before GC invocations=65 (full 0):
 garbage-first heap   total 143360K, used 110051K [0x0000000080000000, 0x0000000100000000)
  region size 1024K, 12 young (12288K), 2 survivors (2048K)
 Metaspace       used 81591K, capacity 83422K, committed 83452K, reserved 1122304K
  class space    used 10466K, capacity 11129K, committed 11136K, reserved 1048576K
}
Event: 201.876 GC heap after
{Heap after GC invocations=66 (full 0):
 garbage-first heap   total 143360K, used 101557K [0x0000000080000000, 0x0000000100000000)
  region size 1024K, 2 young (2048K), 2 survivors (2048K)
 Metaspace       used 81591K, capacity 83422K, committed 83452K, reserved 1122304K
  class space    used 10466K, capacity 11129K, committed 11136K, reserved 1048576K
}
Event: 202.815 GC heap before
{Heap before GC invocations=67 (full 0):
 garbage-first heap   total 143360K, used 108725K [0x0000000080000000, 0x0000000100000000)
  region size 1024K, 11 young (11264K), 2 survivors (2048K)
 Metaspace       used 81613K, capacity 83454K, committed 83580K, reserved 1122304K
  class space    used 10467K, capacity 11161K, committed 11264K, reserved 1048576K
}
Event: 202.875 GC heap after
{Heap after GC invocations=68 (full 0):
 garbage-first heap   total 143360K, used 109283K [0x0000000080000000, 0x0000000100000000)
  region size 1024K, 2 young (2048K), 2 survivors (2048K)
 Metaspace       used 81613K, capacity 83454K, committed 83580K, reserved 1122304K
  class space    used 10467K, capacity 11161K, committed 11264K, reserved 1048576K
}
Event: 204.151 GC heap before
{Heap before GC invocations=69 (full 0):
 garbage-first heap   total 143360K, used 143075K [0x0000000080000000, 0x0000000100000000)
  region size 1024K, 7 young (7168K), 2 survivors (2048K)
 Metaspace       used 82035K, capacity 83908K, committed 84092K, reserved 1122304K
  class space    used 10516K, capacity 11201K, committed 11264K, reserved 1048576K
}

Deoptimization events (20 events):
Event: 202.813 Thread 0x0000000060729800 DEOPT PACKING pc=0x000000000793e05e sp=0x00000000745fa740
Event: 202.813 Thread 0x0000000060729800 DEOPT UNPACKING pc=0x0000000005f663bf sp=0x00000000745f9bd8 mode 0
Event: 203.356 Thread 0x0000000060729800 DEOPT PACKING pc=0x000000000793dbc4 sp=0x00000000745fa590
Event: 203.356 Thread 0x0000000060729800 DEOPT UNPACKING pc=0x0000000005f663bf sp=0x00000000745f9a28 mode 0
Event: 203.385 Thread 0x0000000060729800 Uncommon trap: trap_request=0xffffff4d fr.pc=0x000000000df85dfc relative=0x000000000000051c
Event: 203.385 Thread 0x0000000060729800 Uncommon trap: reason=unstable_if action=reinterpret pc=0x000000000df85dfc method=com.android.utils.XmlUtils.toXmlAttributeValue(Ljava/lang/String;)Ljava/lang/String; @ 27 c2
Event: 203.385 Thread 0x0000000060729800 DEOPT PACKING pc=0x000000000df85dfc sp=0x00000000745fa9a0
Event: 203.385 Thread 0x0000000060729800 DEOPT UNPACKING pc=0x0000000005f665a9 sp=0x00000000745fa940 mode 2
Event: 203.450 Thread 0x0000000060729800 Uncommon trap: trap_request=0xffffff4d fr.pc=0x000000000df8d6fc relative=0x000000000000005c
Event: 203.450 Thread 0x0000000060729800 Uncommon trap: reason=unstable_if action=reinterpret pc=0x000000000df8d6fc method=org.apache.xerces.dom.ElementImpl.getTagName()Ljava/lang/String; @ 4 c2
Event: 203.450 Thread 0x0000000060729800 DEOPT PACKING pc=0x000000000df8d6fc sp=0x00000000745faee0
Event: 203.450 Thread 0x0000000060729800 DEOPT UNPACKING pc=0x0000000005f665a9 sp=0x00000000745fae78 mode 2
Event: 203.925 Thread 0x0000000060729800 Uncommon trap: trap_request=0xffffff4d fr.pc=0x000000000dae9994 relative=0x0000000000000834
Event: 203.925 Thread 0x0000000060729800 Uncommon trap: reason=unstable_if action=reinterpret pc=0x000000000dae9994 method=java.lang.Integer.stringSize(I)I @ 19 c2
Event: 203.925 Thread 0x0000000060729800 DEOPT PACKING pc=0x000000000dae9994 sp=0x00000000745faf80
Event: 203.925 Thread 0x0000000060729800 DEOPT UNPACKING pc=0x0000000005f665a9 sp=0x00000000745faed8 mode 2
Event: 203.945 Thread 0x0000000060729800 Uncommon trap: trap_request=0xffffff7e fr.pc=0x000000000de6c84c relative=0x000000000000066c
Event: 203.945 Thread 0x0000000060729800 Uncommon trap: reason=predicate action=maybe_recompile pc=0x000000000de6c84c method=sun.security.provider.DigestBase.implCompressMultiBlock0([BII)I @ 2 c2
Event: 203.945 Thread 0x0000000060729800 DEOPT PACKING pc=0x000000000de6c84c sp=0x00000000745f8760
Event: 203.945 Thread 0x0000000060729800 DEOPT UNPACKING pc=0x0000000005f665a9 sp=0x00000000745f8630 mode 2

Classes redefined (0 events):
No events

Internal exceptions (20 events):
Event: 96.451 Thread 0x000000005e1a2800 Exception <a 'java/lang/NoSuchMethodError'{0x0000000086a8de30}: <clinit>> (0x0000000086a8de30) thrown at [./src/hotspot/share/prims/jni.cpp, line 1362]
Event: 96.453 Thread 0x000000005e1a2800 Exception <a 'java/lang/NoSuchMethodError'{0x0000000086a9ae50}: <clinit>> (0x0000000086a9ae50) thrown at [./src/hotspot/share/prims/jni.cpp, line 1362]
Event: 96.462 Thread 0x000000005e1a2800 Exception <a 'java/lang/NoSuchMethodError'{0x0000000086ab6590}: <clinit>> (0x0000000086ab6590) thrown at [./src/hotspot/share/prims/jni.cpp, line 1362]
Event: 96.462 Thread 0x000000005e1a2800 Exception <a 'java/lang/NoSuchMethodError'{0x0000000086ab7ce8}: <clinit>> (0x0000000086ab7ce8) thrown at [./src/hotspot/share/prims/jni.cpp, line 1362]
Event: 96.933 Thread 0x0000000060728000 Exception <a 'java/lang/NoSuchMethodError'{0x00000000868414c8}: <clinit>> (0x00000000868414c8) thrown at [./src/hotspot/share/prims/jni.cpp, line 1362]
Event: 96.940 Thread 0x0000000060728000 Exception <a 'java/lang/NoSuchMethodError'{0x000000008685afa8}: <clinit>> (0x000000008685afa8) thrown at [./src/hotspot/share/prims/jni.cpp, line 1362]
Event: 97.452 Thread 0x000000005e1a2800 Exception <a 'java/lang/NoSuchMethodError'{0x0000000086652c00}: <clinit>> (0x0000000086652c00) thrown at [./src/hotspot/share/prims/jni.cpp, line 1362]
Event: 128.441 Thread 0x0000000060729800 Exception <a 'java/lang/NoSuchMethodError'{0x0000000086c7da90}: 'java.lang.Object java.lang.invoke.Invokers$Holder.linkToTargetMethod(java.lang.Object, java.lang.Object, java.lang.Object, java.lang.Object, java.lang.Object, java.lang.Object, java.lang.Object)'> (0x0000000086c7da90) thrown at [./src/hotspot/share/interpreter/linkResolver.cpp, line 773]
Event: 132.263 Thread 0x0000000060729800 Exception <a 'java/lang/NoSuchMethodError'{0x0000000086ac0d98}: 'java.lang.Object java.lang.invoke.DirectMethodHandle$Holder.invokeSpecialIFC(java.lang.Object, java.lang.Object, java.lang.Object)'> (0x0000000086ac0d98) thrown at [./src/hotspot/share/interpreter/linkResolver.cpp, line 773]
Event: 132.263 Thread 0x0000000063b09000 Exception <a 'java/lang/NoSuchMethodError'{0x0000000086ad4f20}: 'java.lang.Object java.lang.invoke.DirectMethodHandle$Holder.invokeSpecialIFC(java.lang.Object, java.lang.Object, java.lang.Object)'> (0x0000000086ad4f20) thrown at [./src/hotspot/share/interpreter/linkResolver.cpp, line 773]
Event: 173.616 Thread 0x0000000063b09000 Implicit null exception at 0x000000000de3f6e9 to 0x000000000de3fec0
Event: 173.616 Thread 0x0000000060729800 Implicit null exception at 0x000000000de3f6e9 to 0x000000000de3fec0
Event: 176.289 Thread 0x0000000063b09000 Implicit null exception at 0x000000000de4be42 to 0x000000000de4c250
Event: 197.114 Thread 0x0000000060729800 Exception <a 'java/lang/NoSuchMethodError'{0x0000000086198ac0}: 'java.lang.Object java.lang.invoke.DirectMethodHandle$Holder.invokeSpecial(java.lang.Object, java.lang.Object, int, java.lang.Object, java.lang.Object)'> (0x0000000086198ac0) thrown at [./src/hotspot/share/interpreter/linkResolver.cpp, line 773]
Event: 197.120 Thread 0x0000000060729800 Exception <a 'java/lang/NoSuchMethodError'{0x00000000861a1050}: 'java.lang.Object java.lang.invoke.DirectMethodHandle$Holder.invokeStatic(java.lang.Object, java.lang.Object, int, java.lang.Object)'> (0x00000000861a1050) thrown at [./src/hotspot/share/interpreter/linkResolver.cpp, line 773]
Event: 197.121 Thread 0x0000000060729800 Exception <a 'java/lang/NoSuchMethodError'{0x00000000861a4d48}: 'java.lang.Object java.lang.invoke.Invokers$Holder.linkToTargetMethod(java.lang.Object, int, java.lang.Object, java.lang.Object)'> (0x00000000861a4d48) thrown at [./src/hotspot/share/interpreter/linkResolver.cpp, line 773]
Event: 197.129 Thread 0x0000000060729800 Exception <a 'java/lang/NoSuchMethodError'{0x00000000861bc748}: 'void java.lang.invoke.DirectMethodHandle$Holder.invokeVirtual(java.lang.Object, java.lang.Object)'> (0x00000000861bc748) thrown at [./src/hotspot/share/interpreter/linkResolver.cpp, line 773]
Event: 201.200 Thread 0x0000000060729800 Implicit null exception at 0x000000000df4b99d to 0x000000000df4c236
Event: 203.945 Thread 0x0000000060729800 Exception <a 'java/lang/NoSuchMethodError'{0x0000000088826f48}: <clinit>> (0x0000000088826f48) thrown at [./src/hotspot/share/prims/jni.cpp, line 1362]
Event: 204.021 Thread 0x0000000060729800 Exception <a 'java/lang/NoSuchMethodError'{0x0000000088894e58}: <clinit>> (0x0000000088894e58) thrown at [./src/hotspot/share/prims/jni.cpp, line 1362]

Events (20 events):
Event: 204.112 loading class kotlin/jvm/functions/Function4 done
Event: 204.112 loading class kotlin/jvm/functions/Function4
Event: 204.112 loading class kotlin/jvm/functions/Function4 done
Event: 204.113 loading class com/android/aaptcompiler/ResourceFile
Event: 204.113 loading class com/android/aaptcompiler/ResourceFile done
Event: 204.113 Executing VM operation: RevokeBias
Event: 204.114 Executing VM operation: RevokeBias done
Event: 204.142 loading class com/android/aaptcompiler/ResourceName
Event: 204.142 loading class com/android/aaptcompiler/ResourceName done
Event: 204.143 Executing VM operation: RevokeBias
Event: 204.143 Executing VM operation: RevokeBias done
Event: 204.144 loading class com/android/aaptcompiler/ResourceName$Companion
Event: 204.144 loading class com/android/aaptcompiler/ResourceName$Companion done
Event: 204.149 loading class com/android/aaptcompiler/ResourceFile$Type
Event: 204.149 loading class com/android/aaptcompiler/ResourceFile$Type done
Event: 204.149 Executing VM operation: RevokeBias
Event: 204.149 Executing VM operation: RevokeBias done
Event: 204.150 loading class com/android/aaptcompiler/XmlProcessor
Event: 204.150 loading class com/android/aaptcompiler/XmlProcessor done
Event: 204.151 Executing VM operation: G1CollectForAllocation


Dynamic libraries:
0x000000013f0c0000 - 0x000000013f0ca000 	C:\Program Files\Android\Android Studio\jre\bin\java.exe
0x0000000077930000 - 0x0000000077acf000 	C:\Windows\SYSTEM32\ntdll.dll
0x0000000077710000 - 0x0000000077830000 	C:\Windows\system32\kernel32.dll
0x000007fefd4a0000 - 0x000007fefd507000 	C:\Windows\system32\KERNELBASE.dll
0x000007fee2c90000 - 0x000007fee2ca9000 	C:\Program Files\Android\Android Studio\jre\bin\jli.dll
0x000007fefbe20000 - 0x000007fefc015000 	C:\Windows\WinSxS\amd64_microsoft.windows.common-controls_6595b64144ccf1df_6.0.7601.24483_none_e372d88f30fbb845\COMCTL32.dll
0x000007feff400000 - 0x000007feff49f000 	C:\Windows\system32\msvcrt.dll
0x000007feff770000 - 0x000007feff7d8000 	C:\Windows\system32\GDI32.dll
0x0000000077830000 - 0x000000007792b000 	C:\Windows\system32\USER32.dll
0x000007fefdef0000 - 0x000007fefdefe000 	C:\Windows\system32\LPK.dll
0x000007fefdc30000 - 0x000007fefdcfb000 	C:\Windows\system32\USP10.dll
0x000007fefd870000 - 0x000007fefd8e1000 	C:\Windows\system32\SHLWAPI.dll
0x000007fee2c70000 - 0x000007fee2c87000 	C:\Program Files\Android\Android Studio\jre\bin\VCRUNTIME140.dll
0x000007fef70d0000 - 0x000007fef70d4000 	C:\Windows\system32\api-ms-win-crt-runtime-l1-1-0.dll
0x000007fef6fd0000 - 0x000007fef70c4000 	C:\Windows\system32\ucrtbase.DLL
0x000007fef7ba0000 - 0x000007fef7ba3000 	C:\Windows\system32\api-ms-win-core-timezone-l1-1-0.dll
0x000007fef7b90000 - 0x000007fef7b93000 	C:\Windows\system32\api-ms-win-core-file-l2-1-0.dll
0x000007fef7b80000 - 0x000007fef7b83000 	C:\Windows\system32\api-ms-win-core-localization-l1-2-0.dll
0x000007fef8830000 - 0x000007fef8833000 	C:\Windows\system32\api-ms-win-core-synch-l1-2-0.dll
0x000007fef7b70000 - 0x000007fef7b73000 	C:\Windows\system32\api-ms-win-core-processthreads-l1-1-1.dll
0x000007fef7b60000 - 0x000007fef7b63000 	C:\Windows\system32\api-ms-win-core-file-l1-2-0.dll
0x000007fef7b30000 - 0x000007fef7b34000 	C:\Windows\system32\api-ms-win-crt-string-l1-1-0.dll
0x000007fef7b50000 - 0x000007fef7b53000 	C:\Windows\system32\api-ms-win-crt-heap-l1-1-0.dll
0x000007fef7b20000 - 0x000007fef7b24000 	C:\Windows\system32\api-ms-win-crt-stdio-l1-1-0.dll
0x000007fef7b10000 - 0x000007fef7b14000 	C:\Windows\system32\api-ms-win-crt-convert-l1-1-0.dll
0x000007fef7a30000 - 0x000007fef7a33000 	C:\Windows\system32\api-ms-win-crt-environment-l1-1-0.dll
0x000007fef7a50000 - 0x000007fef7a53000 	C:\Windows\system32\api-ms-win-crt-filesystem-l1-1-0.dll
0x000007fef7a20000 - 0x000007fef7a25000 	C:\Windows\system32\api-ms-win-crt-math-l1-1-0.dll
0x000007fef7a60000 - 0x000007fef7a63000 	C:\Windows\system32\api-ms-win-crt-locale-l1-1-0.dll
0x000007fefd840000 - 0x000007fefd86e000 	C:\Windows\system32\IMM32.DLL
0x000007fefd8f0000 - 0x000007fefd9fb000 	C:\Windows\system32\MSCTF.dll
0x000007fee2bd0000 - 0x000007fee2c6d000 	C:\Program Files\Android\Android Studio\jre\bin\msvcp140.dll
0x000007fef58c0000 - 0x000007fef58c5000 	C:\Windows\system32\api-ms-win-crt-multibyte-l1-1-0.dll
0x000007fef7a40000 - 0x000007fef7a43000 	C:\Windows\system32\api-ms-win-crt-time-l1-1-0.dll
0x000007fef7a10000 - 0x000007fef7a13000 	C:\Windows\system32\api-ms-win-crt-utility-l1-1-0.dll
0x000007fedf610000 - 0x000007fee00cc000 	C:\Program Files\Android\Android Studio\jre\bin\server\jvm.dll
0x000007fefecf0000 - 0x000007fefedcb000 	C:\Windows\system32\ADVAPI32.dll
0x000007fefdda0000 - 0x000007fefddbf000 	C:\Windows\SYSTEM32\sechost.dll
0x000007fefddc0000 - 0x000007fefdeea000 	C:\Windows\system32\RPCRT4.dll
0x000007feee820000 - 0x000007feee829000 	C:\Windows\system32\WSOCK32.dll
0x000007fefda00000 - 0x000007fefda4d000 	C:\Windows\system32\WS2_32.dll
0x000007feffb70000 - 0x000007feffb78000 	C:\Windows\system32\NSI.dll
0x000007fefa2e0000 - 0x000007fefa31b000 	C:\Windows\system32\WINMM.dll
0x000007fefc4b0000 - 0x000007fefc4bc000 	C:\Windows\system32\VERSION.dll
0x0000000077ad0000 - 0x0000000077ad7000 	C:\Windows\system32\PSAPI.DLL
0x000007fee2b20000 - 0x000007fee2b31000 	C:\Program Files\Android\Android Studio\jre\bin\verify.dll
0x000007fef5b30000 - 0x000007fef5c55000 	C:\Windows\system32\DBGHELP.DLL
0x000007fee2af0000 - 0x000007fee2b19000 	C:\Program Files\Android\Android Studio\jre\bin\java.dll
0x000007fee2ae0000 - 0x000007fee2aeb000 	C:\Program Files\Android\Android Studio\jre\bin\jimage.dll
0x000007fee2990000 - 0x000007fee29a8000 	C:\Program Files\Android\Android Studio\jre\bin\zip.dll
0x000007fefdf00000 - 0x000007fefec8b000 	C:\Windows\system32\SHELL32.dll
0x000007feff7e0000 - 0x000007feff9e0000 	C:\Windows\system32\ole32.dll
0x000007fefd480000 - 0x000007fefd48f000 	C:\Windows\system32\profapi.dll
0x000007fee2970000 - 0x000007fee298a000 	C:\Program Files\Android\Android Studio\jre\bin\net.dll
0x000007fef9010000 - 0x000007fef9081000 	C:\Windows\system32\WINHTTP.dll
0x000007fef8d50000 - 0x000007fef8db5000 	C:\Windows\system32\webio.dll
0x000007fefcbb0000 - 0x000007fefcc05000 	C:\Windows\system32\mswsock.dll
0x000007fefcef0000 - 0x000007fefcef7000 	C:\Windows\System32\wship6.dll
0x000007fee2950000 - 0x000007fee2964000 	C:\Program Files\Android\Android Studio\jre\bin\nio.dll
0x000007feee950000 - 0x000007feee977000 	C:\Users\User\.gradle\native\fdc75f09e3144964f2cf3f50f0aa648679c211496f362492102eb8c894070792\windows-amd64\native-platform.dll
0x000007fedebf0000 - 0x000007feded86000 	C:\Users\User\.gradle\native\12488b8bf47d2d4c9fbf2f6322a914ad602e24e48041cd04a747c6da556b65c4\windows-amd64\native-platform-file-events.dll
0x000007fee2ad0000 - 0x000007fee2ada000 	C:\Program Files\Android\Android Studio\jre\bin\management.dll
0x000007fee2940000 - 0x000007fee294c000 	C:\Program Files\Android\Android Studio\jre\bin\management_ext.dll
0x000007fefcc10000 - 0x000007fefcc28000 	C:\Windows\system32\CRYPTSP.dll
0x000007fefc900000 - 0x000007fefc947000 	C:\Windows\system32\rsaenh.dll
0x000007fefd7c0000 - 0x000007fefd7df000 	C:\Windows\system32\USERENV.dll
0x000007fefd320000 - 0x000007fefd32f000 	C:\Windows\system32\CRYPTBASE.dll
0x000007fefab50000 - 0x000007fefab77000 	C:\Windows\system32\IPHLPAPI.DLL
0x000007fefab30000 - 0x000007fefab3b000 	C:\Windows\system32\WINNSI.DLL
0x000007fefaa60000 - 0x000007fefaa71000 	C:\Windows\system32\dhcpcsvc6.DLL
0x000007fefaa30000 - 0x000007fefaa48000 	C:\Windows\system32\dhcpcsvc.DLL

dbghelp: loaded successfully - version: 4.0.5 - missing functions: none
symbol engine: initialized successfully - sym options: 0x614 - pdb path: .;C:\Program Files\Android\Android Studio\jre\bin;C:\Windows\SYSTEM32;C:\Windows\WinSxS\amd64_microsoft.windows.common-controls_6595b64144ccf1df_6.0.7601.24483_none_e372d88f30fbb845;C:\Program Files\Android\Android Studio\jre\bin\server;C:\Users\User\.gradle\native\fdc75f09e3144964f2cf3f50f0aa648679c211496f362492102eb8c894070792\windows-amd64;C:\Users\User\.gradle\native\12488b8bf47d2d4c9fbf2f6322a914ad602e24e48041cd04a747c6da556b65c4\windows-amd64

VM Arguments:
jvm_args: --add-opens=java.base/java.util=ALL-UNNAMED --add-opens=java.base/java.lang=ALL-UNNAMED --add-opens=java.base/java.lang.invoke=ALL-UNNAMED --add-opens=java.prefs/java.util.prefs=ALL-UNNAMED -Xmx2048m -Dfile.encoding=UTF-8 -Duser.country=RU -Duser.language=ru -Duser.variant 
java_command: org.gradle.launcher.daemon.bootstrap.GradleDaemon 6.7.1
java_class_path (initial): C:\Users\User\.gradle\wrapper\dists\gradle-6.7.1-bin\bwlcbys1h7rz3272sye1xwiv6\gradle-6.7.1\lib\gradle-launcher-6.7.1.jar
Launcher Type: SUN_STANDARD

[Global flags]
     intx CICompilerCount                          = 2                                         {product} {ergonomic}
     uint ConcGCThreads                            = 1                                         {product} {ergonomic}
     uint G1ConcRefinementThreads                  = 2                                         {product} {ergonomic}
   size_t G1HeapRegionSize                         = 1048576                                   {product} {ergonomic}
    uintx GCDrainStackTargetSize                   = 64                                        {product} {ergonomic}
   size_t InitialHeapSize                          = 67108864                                  {product} {ergonomic}
   size_t MarkStackSize                            = 4194304                                   {product} {ergonomic}
   size_t MaxHeapSize                              = 2147483648                                {product} {command line}
   size_t MaxNewSize                               = 1287651328                                {product} {ergonomic}
   size_t MinHeapDeltaBytes                        = 1048576                                   {product} {ergonomic}
    uintx NonNMethodCodeHeapSize                   = 5825164                                {pd product} {ergonomic}
    uintx NonProfiledCodeHeapSize                  = 122916538                              {pd product} {ergonomic}
    uintx ProfiledCodeHeapSize                     = 122916538                              {pd product} {ergonomic}
    uintx ReservedCodeCacheSize                    = 251658240                              {pd product} {ergonomic}
     bool SegmentedCodeCache                       = true                                      {product} {ergonomic}
     bool UseCompressedClassPointers               = true                                 {lp64_product} {ergonomic}
     bool UseCompressedOops                        = true                                 {lp64_product} {ergonomic}
     bool UseG1GC                                  = true                                      {product} {ergonomic}
     bool UseLargePagesIndividualAllocation        = false                                  {pd product} {ergonomic}

Logging:
Log output configuration:
 #0: stdout all=warning uptime,level,tags
 #1: stderr all=off uptime,level,tags

Environment Variables:
PATH=C:\Program Files (x86)\Common Files\Oracle\Java\javapath;C:\Program Files\Java\jdk1.8.0_281\bin;C:\Program Files\Git\cmd;C:\Program Files\JetBrains\IntelliJ IDEA Community Edition 2021.2.3\bin;;C:\Program Files\JetBrains\IntelliJ IDEA 2019.3.5\bin;
USERNAME=User
OS=Windows_NT
PROCESSOR_IDENTIFIER=AMD64 Family 15 Model 75 Stepping 2, AuthenticAMD



---------------  S Y S T E M  ---------------

OS: Windows 7 , 64 bit Build 7601 (6.1.7601.24596)
OS uptime: 0 days 0:27 hours

CPU:total 2 (initial active 2) (2 cores per cpu, 1 threads per core) family 15 model 75 stepping 2, cmov, cx8, fxsr, mmx, sse, sse2, sse3, mmxext, 3dnowpref, tsc

Memory: 4k page, system-wide physical 4095M (228M free)
TotalPageFile size 11077M (AvailPageFile size 55M)
current process WorkingSet (physical memory assigned to process): 366M, peak: 368M
current process commit charge ("private bytes"): 396M, peak: 444M

vm_info: OpenJDK 64-Bit Server VM (11.0.8+10-b944.6842174) for windows-amd64 JRE (11.0.8+10-b944.6842174), built on Sep 19 2020 01:11:42 by "builder" with MS VC++ 14.0 (VS2015)

END.
