#
# There is insufficient memory for the Java Runtime Environment to continue.
# Native memory allocation (mmap) failed to map 40894464 bytes for Failed to commit area from 0x0000000088700000 to 0x000000008ae00000 of length 40894464.
# Possible reasons:
#   The system is out of physical RAM or swap space
#   The process is running with CompressedOops enabled, and the Java Heap may be blocking the growth of the native heap
# Possible solutions:
#   Reduce memory load on the system
#   Increase physical memory or swap space
#   Check if swap backing store is full
#   Decrease Java heap size (-Xmx/-Xms)
#   Decrease number of Java threads
#   Decrease Java thread stack sizes (-Xss)
#   Set larger code cache with -XX:ReservedCodeCacheSize=
#   JVM is running with Unscaled Compressed Oops mode in which the Java heap is
#     placed in the first 4GB address space. The Java Heap base address is the
#     maximum limit for the native heap growth. Please use -XX:HeapBaseMinAddress
#     to set the Java Heap base and to place the Java Heap above 4GB virtual address.
# This output file may be truncated or incomplete.
#
#  Out of Memory Error (./src/hotspot/os/windows/os_windows.cpp:3303), pid=4872, tid=4336
#
# JRE version: OpenJDK Runtime Environment (11.0.8+10) (build 11.0.8+10-b944.6842174)
# Java VM: OpenJDK 64-Bit Server VM (11.0.8+10-b944.6842174, mixed mode, tiered, compressed oops, g1 gc, windows-amd64)
# No core dump will be written. Minidumps are not enabled by default on client versions of Windows
#

---------------  S U M M A R Y ------------

Command Line: --add-opens=java.base/java.util=ALL-UNNAMED --add-opens=java.base/java.lang=ALL-UNNAMED --add-opens=java.base/java.lang.invoke=ALL-UNNAMED --add-opens=java.prefs/java.util.prefs=ALL-UNNAMED -Xmx2048m -Dfile.encoding=UTF-8 -Duser.country=RU -Duser.language=ru -Duser.variant org.gradle.launcher.daemon.bootstrap.GradleDaemon 6.7.1

Host: AMD Athlon(tm) 64 X2 Dual Core Processor 4200+, 2 cores, 3G,  Windows 7 , 64 bit Build 7601 (6.1.7601.24596)
Time: Sun Apr 24 08:12:35 2022 RTZ 1 (ceia) elapsed time: 124 seconds (0d 0h 2m 4s)

---------------  T H R E A D  ---------------

Current thread (0x000000005d35a800):  VMThread "VM Thread" [stack: 0x000000001c870000,0x000000001c970000] [id=4336]

Stack: [0x000000001c870000,0x000000001c970000]
[error occurred during error reporting (printing stack bounds), id 0xc0000005, EXCEPTION_ACCESS_VIOLATION (0xc0000005) at pc=0x00000000060b0dbd]

Native frames: (J=compiled Java code, j=interpreted, Vv=VM code, C=native code)
V  [jvm.dll+0x5de50a]
V  [jvm.dll+0x7122f5]
V  [jvm.dll+0x71384d]
V  [jvm.dll+0x713e65]
V  [jvm.dll+0x713e1b]
V  [jvm.dll+0x5dd958]
V  [jvm.dll+0x5de0f8]
C  [ntdll.dll+0x6b3cd]
C  [ntdll.dll+0x3f71a]
C  [ntdll.dll+0x6aa6e]
C  0x00000000060b0dbd

VM_Operation (0x0000000062a95490): G1CollectForAllocation, mode: safepoint, requested by thread 0x0000000060a90000


---------------  P R O C E S S  ---------------

Threads class SMR info:
_java_thread_list=0x000000005f179f70, length=36, elements={
0x000000000037e800, 0x000000005d35e000, 0x000000005d369000, 0x000000005d37f000,
0x000000005d382000, 0x000000005d383000, 0x000000005d389800, 0x000000005d3a4000,
0x000000005e103000, 0x000000005e11c000, 0x000000005f9ee800, 0x000000005fc6d800,
0x000000005ec47000, 0x000000005e247000, 0x000000005e248000, 0x000000005e460000,
0x0000000060a90000, 0x0000000060a91000, 0x000000005ec05800, 0x000000005ec11000,
0x000000005ec12000, 0x000000005ec12800, 0x000000005ec13800, 0x000000005ec14000,
0x000000005ec15000, 0x000000005ec16000, 0x000000005ec16800, 0x0000000064046800,
0x0000000064048800, 0x0000000064049000, 0x000000006404a000, 0x0000000060f3c800,
0x0000000060f3d000, 0x0000000060f3e000, 0x0000000060f3f000, 0x0000000060f3f800
}

Java Threads: ( => current thread )
  0x000000000037e800 JavaThread "main" [_thread_blocked, id=4320, stack(0x0000000002200000,0x0000000002300000)]
  0x000000005d35e000 JavaThread "Reference Handler" daemon [_thread_blocked, id=4976, stack(0x000000005d490000,0x000000005d590000)]
  0x000000005d369000 JavaThread "Finalizer" daemon [_thread_blocked, id=2232, stack(0x000000005d600000,0x000000005d700000)]
  0x000000005d37f000 JavaThread "Signal Dispatcher" daemon [_thread_blocked, id=4928, stack(0x000000005d7e0000,0x000000005d8e0000)]
  0x000000005d382000 JavaThread "Attach Listener" daemon [_thread_blocked, id=4380, stack(0x000000005da30000,0x000000005db30000)]
  0x000000005d383000 JavaThread "C2 CompilerThread0" daemon [_thread_in_native, id=4120, stack(0x000000005db60000,0x000000005dc60000)]
  0x000000005d389800 JavaThread "C1 CompilerThread0" daemon [_thread_blocked, id=3920, stack(0x000000005dda0000,0x000000005dea0000)]
  0x000000005d3a4000 JavaThread "Sweeper thread" daemon [_thread_blocked, id=1424, stack(0x000000005df70000,0x000000005e070000)]
  0x000000005e103000 JavaThread "Common-Cleaner" daemon [_thread_blocked, id=4944, stack(0x000000005e530000,0x000000005e630000)]
  0x000000005e11c000 JavaThread "Service Thread" daemon [_thread_blocked, id=2192, stack(0x000000005d8e0000,0x000000005d9e0000)]
  0x000000005f9ee800 JavaThread "Daemon health stats" [_thread_blocked, id=4348, stack(0x00000000618c0000,0x00000000619c0000)]
  0x000000005fc6d800 JavaThread "Incoming local TCP Connector on port 54693" [_thread_in_native, id=4688, stack(0x0000000062010000,0x0000000062110000)]
  0x000000005ec47000 JavaThread "Daemon periodic checks" [_thread_blocked, id=2704, stack(0x00000000624c0000,0x00000000625c0000)]
  0x000000005e247000 JavaThread "Daemon" [_thread_blocked, id=5164, stack(0x0000000062690000,0x0000000062790000)]
  0x000000005e248000 JavaThread "Handler for socket connection from /127.0.0.1:54693 to /127.0.0.1:54694" [_thread_in_native, id=5160, stack(0x00000000623a0000,0x00000000624a0000)]
  0x000000005e460000 JavaThread "Cancel handler" [_thread_blocked, id=2612, stack(0x0000000062840000,0x0000000062940000)]
  0x0000000060a90000 JavaThread "Daemon worker" [_thread_blocked, id=4304, stack(0x00000000629a0000,0x0000000062aa0000)]
  0x0000000060a91000 JavaThread "Asynchronous log dispatcher for DefaultDaemonConnection: socket connection from /127.0.0.1:54693 to /127.0.0.1:54694" [_thread_blocked, id=2776, stack(0x0000000062b40000,0x0000000062c40000)]
  0x000000005ec05800 JavaThread "Thread-8" [_thread_blocked, id=5228, stack(0x0000000062f70000,0x0000000063070000)]
  0x000000005ec11000 JavaThread "Cache worker for file hash cache (C:\Users\User\.gradle\caches\6.7.1\fileHashes)" [_thread_blocked, id=4760, stack(0x0000000063310000,0x0000000063410000)]
  0x000000005ec12000 JavaThread "File lock request listener" [_thread_in_native, id=5260, stack(0x00000000634c0000,0x00000000635c0000)]
  0x000000005ec12800 JavaThread "Cache worker for journal cache (C:\Users\User\.gradle\caches\journal-1)" [_thread_blocked, id=5184, stack(0x0000000063890000,0x0000000063990000)]
  0x000000005ec13800 JavaThread "Cache worker for file hash cache (E:\PROJECT_JAVA\AS_FX\PizzaDelivery\.gradle\6.7.1\fileHashes)" [_thread_blocked, id=3460, stack(0x0000000064d40000,0x0000000064e40000)]
  0x000000005ec14000 JavaThread "Cache worker for checksums cache (E:\PROJECT_JAVA\AS_FX\PizzaDelivery\.gradle\checksums)" [_thread_blocked, id=4920, stack(0x0000000063c20000,0x0000000063d20000)]
  0x000000005ec15000 JavaThread "Cache worker for cache directory md-supplier (C:\Users\User\.gradle\caches\6.7.1\md-supplier)" [_thread_blocked, id=5132, stack(0x0000000062d00000,0x0000000062e00000)]
  0x000000005ec16000 JavaThread "Cache worker for cache directory md-rule (C:\Users\User\.gradle\caches\6.7.1\md-rule)" [_thread_blocked, id=2344, stack(0x00000000650c0000,0x00000000651c0000)]
  0x000000005ec16800 JavaThread "Cache worker for execution history cache (C:\Users\User\.gradle\caches\6.7.1\executionHistory)" [_thread_blocked, id=2604, stack(0x00000000653a0000,0x00000000654a0000)]
  0x0000000064046800 JavaThread "Cache worker for file content cache (C:\Users\User\.gradle\caches\6.7.1\fileContent)" [_thread_blocked, id=5044, stack(0x0000000065ce0000,0x0000000065de0000)]
  0x0000000064048800 JavaThread "Cache worker for Build Output Cleanup Cache (E:\PROJECT_JAVA\AS_FX\PizzaDelivery\.gradle\buildOutputCleanup)" [_thread_blocked, id=5364, stack(0x00000000664e0000,0x00000000665e0000)]
  0x0000000064049000 JavaThread "Build operations" [_thread_blocked, id=400, stack(0x0000000066820000,0x0000000066920000)]
  0x000000006404a000 JavaThread "Build operations Thread 2" [_thread_blocked, id=1504, stack(0x0000000066940000,0x0000000066a40000)]
  0x0000000060f3c800 JavaThread "Memory manager" [_thread_blocked, id=6184, stack(0x000000006fa80000,0x000000006fb80000)]
  0x0000000060f3d000 JavaThread "build event listener" [_thread_blocked, id=6332, stack(0x0000000061c70000,0x0000000061d70000)]
  0x0000000060f3e000 JavaThread "build event listener" [_thread_blocked, id=6336, stack(0x00000000652a0000,0x00000000653a0000)]
  0x0000000060f3f000 JavaThread "Execution worker for ':'" [_thread_blocked, id=6340, stack(0x0000000066a70000,0x0000000066b70000)]
  0x0000000060f3f800 JavaThread "Cache worker for execution history cache (E:\PROJECT_JAVA\AS_FX\PizzaDelivery\.gradle\6.7.1\executionHistory)" [_thread_blocked, id=6344, stack(0x0000000062e00000,0x0000000062f00000)]

Other Threads:
=>0x000000005d35a800 VMThread "VM Thread" [stack: 0x000000001c870000,0x000000001c970000] [id=4336]
  0x000000005e10c800 WatcherThread [stack: 0x000000005e7b0000,0x000000005e8b0000] [id=3876]
  0x0000000000398800 GCTaskThread "GC Thread#0" [stack: 0x0000000015290000,0x0000000015390000] [id=3492]
  0x000000005e1df000 GCTaskThread "GC Thread#1" [stack: 0x000000005ea20000,0x000000005eb20000] [id=4904]
  0x00000000003ca000 ConcurrentGCThread "G1 Main Marker" [stack: 0x000000001a300000,0x000000001a400000] [id=5336]
  0x00000000003cd000 ConcurrentGCThread "G1 Conc#0" [stack: 0x000000001a1d0000,0x000000001a2d0000] [id=5332]
  0x000000001c622800 ConcurrentGCThread "G1 Refine#0" [stack: 0x000000001c720000,0x000000001c820000] [id=3572]
  0x000000005f07d800 ConcurrentGCThread "G1 Refine#1" [stack: 0x00000000605d0000,0x00000000606d0000] [id=2904]
  0x000000001c623000 ConcurrentGCThread "G1 Young RemSet Sampling" [stack: 0x000000001c980000,0x000000001ca80000] [id=3096]

Threads with active compile tasks:
C2 CompilerThread0 124668 10195       4       org.apache.xerces.impl.XMLNSDocumentScannerImpl::scanStartElement (873 bytes)

VM state:at safepoint (normal execution)

VM Mutex/Monitor currently owned by a thread:  ([mutex/lock_event])
[0x000000000037a6e0] Threads_lock - owner thread: 0x000000005d35a800
[0x000000000037aec0] Heap_lock - owner thread: 0x0000000060a90000

Heap address: 0x0000000080000000, size: 2048 MB, Compressed Oops mode: 32-bit
Narrow klass base: 0x0000000000000000, Narrow klass shift: 0
Compressed class space size: 1073741824 Address: 0x000000001ca80000

Heap:
 garbage-first heap   total 178176K, used 95128K [0x0000000080000000, 0x0000000100000000)
  region size 1024K, 2 young (2048K), 2 survivors (2048K)
 Metaspace       used 81672K, capacity 83634K, committed 83708K, reserved 1122304K
  class space    used 10446K, capacity 11132K, committed 11136K, reserved 1048576K
Heap Regions: E=young(eden), S=young(survivor), O=old, HS=humongous(starts), HC=humongous(continues), CS=collection set, F=free, A=archive, TAMS=top-at-mark-start (previous, next)
|   0|0x0000000080000000, 0x0000000080100000, 0x0000000080100000|100%| O|  |TAMS 0x0000000080100000, 0x0000000080000000| Untracked 
|   1|0x0000000080100000, 0x0000000080200000, 0x0000000080200000|100%| O|  |TAMS 0x0000000080200000, 0x0000000080100000| Untracked 
|   2|0x0000000080200000, 0x0000000080300000, 0x0000000080300000|100%| O|  |TAMS 0x0000000080300000, 0x0000000080200000| Untracked 
|   3|0x0000000080300000, 0x0000000080400000, 0x0000000080400000|100%| O|  |TAMS 0x0000000080400000, 0x0000000080300000| Untracked 
|   4|0x0000000080400000, 0x0000000080500000, 0x0000000080500000|100%|HS|  |TAMS 0x0000000080500000, 0x0000000080400000| Complete 
|   5|0x0000000080500000, 0x0000000080600000, 0x0000000080600000|100%|HC|  |TAMS 0x0000000080600000, 0x0000000080500000| Complete 
|   6|0x0000000080600000, 0x0000000080700000, 0x0000000080700000|100%|HC|  |TAMS 0x0000000080700000, 0x0000000080600000| Complete 
|   7|0x0000000080700000, 0x0000000080800000, 0x0000000080800000|100%| O|  |TAMS 0x0000000080800000, 0x0000000080700000| Untracked 
|   8|0x0000000080800000, 0x0000000080900000, 0x0000000080900000|100%| O|  |TAMS 0x0000000080900000, 0x0000000080800000| Untracked 
|   9|0x0000000080900000, 0x0000000080a00000, 0x0000000080a00000|100%| O|  |TAMS 0x0000000080a00000, 0x0000000080900000| Untracked 
|  10|0x0000000080a00000, 0x0000000080b00000, 0x0000000080b00000|100%| O|  |TAMS 0x0000000080b00000, 0x0000000080a00000| Untracked 
|  11|0x0000000080b00000, 0x0000000080c00000, 0x0000000080c00000|100%| O|  |TAMS 0x0000000080c00000, 0x0000000080b00000| Untracked 
|  12|0x0000000080c00000, 0x0000000080d00000, 0x0000000080d00000|100%| O|  |TAMS 0x0000000080d00000, 0x0000000080c00000| Untracked 
|  13|0x0000000080d00000, 0x0000000080e00000, 0x0000000080e00000|100%| O|  |TAMS 0x0000000080e00000, 0x0000000080d00000| Untracked 
|  14|0x0000000080e00000, 0x0000000080f00000, 0x0000000080f00000|100%| O|  |TAMS 0x0000000080f00000, 0x0000000080e00000| Untracked 
|  15|0x0000000080f00000, 0x0000000081000000, 0x0000000081000000|100%| O|  |TAMS 0x0000000081000000, 0x0000000080f00000| Untracked 
|  16|0x0000000081000000, 0x0000000081100000, 0x0000000081100000|100%| O|  |TAMS 0x0000000081100000, 0x0000000081000000| Untracked 
|  17|0x0000000081100000, 0x0000000081200000, 0x0000000081200000|100%| O|  |TAMS 0x0000000081200000, 0x0000000081100000| Untracked 
|  18|0x0000000081200000, 0x0000000081300000, 0x0000000081300000|100%| O|  |TAMS 0x0000000081300000, 0x0000000081200000| Untracked 
|  19|0x0000000081300000, 0x0000000081400000, 0x0000000081400000|100%| O|  |TAMS 0x0000000081400000, 0x0000000081300000| Untracked 
|  20|0x0000000081400000, 0x0000000081500000, 0x0000000081500000|100%| O|  |TAMS 0x0000000081500000, 0x0000000081400000| Untracked 
|  21|0x0000000081500000, 0x0000000081600000, 0x0000000081600000|100%| O|  |TAMS 0x0000000081600000, 0x0000000081500000| Untracked 
|  22|0x0000000081600000, 0x0000000081700000, 0x0000000081700000|100%| O|  |TAMS 0x0000000081700000, 0x0000000081600000| Untracked 
|  23|0x0000000081700000, 0x0000000081800000, 0x0000000081800000|100%| O|  |TAMS 0x0000000081800000, 0x0000000081700000| Untracked 
|  24|0x0000000081800000, 0x0000000081900000, 0x0000000081900000|100%| O|  |TAMS 0x0000000081900000, 0x0000000081800000| Untracked 
|  25|0x0000000081900000, 0x0000000081a00000, 0x0000000081a00000|100%|HS|  |TAMS 0x0000000081a00000, 0x0000000081900000| Complete 
|  26|0x0000000081a00000, 0x0000000081b00000, 0x0000000081b00000|100%| O|  |TAMS 0x0000000081b00000, 0x0000000081a00000| Untracked 
|  27|0x0000000081b00000, 0x0000000081c00000, 0x0000000081c00000|100%| O|  |TAMS 0x0000000081be6600, 0x0000000081b00000| Untracked 
|  28|0x0000000081c00000, 0x0000000081d00000, 0x0000000081d00000|100%| O|  |TAMS 0x0000000081d00000, 0x0000000081c00000| Untracked 
|  29|0x0000000081d00000, 0x0000000081e00000, 0x0000000081e00000|100%| O|  |TAMS 0x0000000081e00000, 0x0000000081d00000| Untracked 
|  30|0x0000000081e00000, 0x0000000081f00000, 0x0000000081f00000|100%|HS|  |TAMS 0x0000000081f00000, 0x0000000081e00000| Complete 
|  31|0x0000000081f00000, 0x0000000082000000, 0x0000000082000000|100%|HC|  |TAMS 0x0000000082000000, 0x0000000081f00000| Complete 
|  32|0x0000000082000000, 0x0000000082100000, 0x0000000082100000|100%|HC|  |TAMS 0x0000000082100000, 0x0000000082000000| Complete 
|  33|0x0000000082100000, 0x0000000082200000, 0x0000000082200000|100%|HS|  |TAMS 0x0000000082200000, 0x0000000082100000| Complete 
|  34|0x0000000082200000, 0x0000000082300000, 0x0000000082300000|100%|HC|  |TAMS 0x0000000082300000, 0x0000000082200000| Complete 
|  35|0x0000000082300000, 0x0000000082400000, 0x0000000082400000|100%| O|  |TAMS 0x0000000082400000, 0x0000000082300000| Untracked 
|  36|0x0000000082400000, 0x0000000082500000, 0x0000000082500000|100%| O|  |TAMS 0x0000000082500000, 0x0000000082400000| Untracked 
|  37|0x0000000082500000, 0x0000000082600000, 0x0000000082600000|100%| O|  |TAMS 0x0000000082600000, 0x0000000082500000| Untracked 
|  38|0x0000000082600000, 0x0000000082700000, 0x0000000082700000|100%| O|  |TAMS 0x0000000082700000, 0x0000000082600000| Untracked 
|  39|0x0000000082700000, 0x0000000082800000, 0x0000000082800000|100%| O|  |TAMS 0x0000000082800000, 0x0000000082700000| Untracked 
|  40|0x0000000082800000, 0x0000000082900000, 0x0000000082900000|100%| O|  |TAMS 0x0000000082900000, 0x0000000082800000| Untracked 
|  41|0x0000000082900000, 0x0000000082a00000, 0x0000000082a00000|100%| O|  |TAMS 0x0000000082a00000, 0x0000000082900000| Untracked 
|  42|0x0000000082a00000, 0x0000000082b00000, 0x0000000082b00000|100%| O|  |TAMS 0x0000000082b00000, 0x0000000082a00000| Untracked 
|  43|0x0000000082b00000, 0x0000000082c00000, 0x0000000082c00000|100%| O|  |TAMS 0x0000000082c00000, 0x0000000082b00000| Untracked 
|  44|0x0000000082c00000, 0x0000000082d00000, 0x0000000082d00000|100%| O|  |TAMS 0x0000000082d00000, 0x0000000082c00000| Untracked 
|  45|0x0000000082d00000, 0x0000000082e00000, 0x0000000082e00000|100%| O|  |TAMS 0x0000000082e00000, 0x0000000082d00000| Untracked 
|  46|0x0000000082e00000, 0x0000000082f00000, 0x0000000082f00000|100%| O|  |TAMS 0x0000000082f00000, 0x0000000082e00000| Untracked 
|  47|0x0000000082f00000, 0x0000000083000000, 0x0000000083000000|100%| O|  |TAMS 0x0000000083000000, 0x0000000082f00000| Untracked 
|  48|0x0000000083000000, 0x0000000083100000, 0x0000000083100000|100%| O|  |TAMS 0x0000000083100000, 0x0000000083000000| Untracked 
|  49|0x0000000083100000, 0x0000000083200000, 0x0000000083200000|100%| O|  |TAMS 0x0000000083200000, 0x0000000083100000| Untracked 
|  50|0x0000000083200000, 0x0000000083300000, 0x0000000083300000|100%| O|  |TAMS 0x0000000083300000, 0x0000000083200000| Untracked 
|  51|0x0000000083300000, 0x0000000083400000, 0x0000000083400000|100%| O|  |TAMS 0x0000000083400000, 0x0000000083300000| Untracked 
|  52|0x0000000083400000, 0x0000000083500000, 0x0000000083500000|100%| O|  |TAMS 0x0000000083500000, 0x0000000083400000| Untracked 
|  53|0x0000000083500000, 0x0000000083600000, 0x0000000083600000|100%| O|  |TAMS 0x0000000083600000, 0x0000000083500000| Untracked 
|  54|0x0000000083600000, 0x0000000083700000, 0x0000000083700000|100%| O|  |TAMS 0x0000000083700000, 0x0000000083600000| Untracked 
|  55|0x0000000083700000, 0x0000000083800000, 0x0000000083800000|100%| O|  |TAMS 0x0000000083800000, 0x0000000083700000| Untracked 
|  56|0x0000000083800000, 0x0000000083900000, 0x0000000083900000|100%| O|  |TAMS 0x0000000083900000, 0x0000000083800000| Untracked 
|  57|0x0000000083900000, 0x0000000083a00000, 0x0000000083a00000|100%| O|  |TAMS 0x0000000083a00000, 0x0000000083900000| Untracked 
|  58|0x0000000083a00000, 0x0000000083b00000, 0x0000000083b00000|100%| O|  |TAMS 0x0000000083b00000, 0x0000000083a00000| Untracked 
|  59|0x0000000083b00000, 0x0000000083c00000, 0x0000000083c00000|100%| O|  |TAMS 0x0000000083c00000, 0x0000000083b00000| Untracked 
|  60|0x0000000083c00000, 0x0000000083d00000, 0x0000000083d00000|100%| O|  |TAMS 0x0000000083d00000, 0x0000000083c00000| Untracked 
|  61|0x0000000083d00000, 0x0000000083e00000, 0x0000000083e00000|100%| O|  |TAMS 0x0000000083e00000, 0x0000000083d00000| Untracked 
|  62|0x0000000083e00000, 0x0000000083f00000, 0x0000000083f00000|100%| O|  |TAMS 0x0000000083f00000, 0x0000000083e00000| Untracked 
|  63|0x0000000083f00000, 0x0000000084000000, 0x0000000084000000|100%| O|  |TAMS 0x0000000084000000, 0x0000000083f00000| Untracked 
|  64|0x0000000084000000, 0x0000000084100000, 0x0000000084100000|100%| O|  |TAMS 0x0000000084100000, 0x0000000084000000| Untracked 
|  65|0x0000000084100000, 0x0000000084200000, 0x0000000084200000|100%| O|  |TAMS 0x0000000084200000, 0x0000000084100000| Untracked 
|  66|0x0000000084200000, 0x0000000084300000, 0x0000000084300000|100%| O|  |TAMS 0x0000000084300000, 0x0000000084200000| Untracked 
|  67|0x0000000084300000, 0x0000000084400000, 0x0000000084400000|100%| O|  |TAMS 0x0000000084400000, 0x0000000084300000| Untracked 
|  68|0x0000000084400000, 0x0000000084500000, 0x0000000084500000|100%| O|  |TAMS 0x0000000084500000, 0x0000000084400000| Untracked 
|  69|0x0000000084500000, 0x0000000084600000, 0x0000000084600000|100%| O|  |TAMS 0x0000000084600000, 0x0000000084500000| Untracked 
|  70|0x0000000084600000, 0x0000000084700000, 0x0000000084700000|100%| O|  |TAMS 0x0000000084700000, 0x0000000084600000| Untracked 
|  71|0x0000000084700000, 0x0000000084800000, 0x0000000084800000|100%| O|  |TAMS 0x0000000084800000, 0x0000000084700000| Untracked 
|  72|0x0000000084800000, 0x0000000084900000, 0x0000000084900000|100%| O|  |TAMS 0x0000000084800000, 0x0000000084800000| Untracked 
|  73|0x0000000084900000, 0x0000000084a00000, 0x0000000084a00000|100%| O|  |TAMS 0x0000000084a00000, 0x0000000084900000| Untracked 
|  74|0x0000000084a00000, 0x0000000084b00000, 0x0000000084b00000|100%| O|  |TAMS 0x0000000084b00000, 0x0000000084a00000| Untracked 
|  75|0x0000000084b00000, 0x0000000084c00000, 0x0000000084c00000|100%| O|  |TAMS 0x0000000084c00000, 0x0000000084b00000| Untracked 
|  76|0x0000000084c00000, 0x0000000084d00000, 0x0000000084d00000|100%| O|  |TAMS 0x0000000084c00000, 0x0000000084c00000| Untracked 
|  77|0x0000000084d00000, 0x0000000084e00000, 0x0000000084e00000|100%| O|  |TAMS 0x0000000084e00000, 0x0000000084d00000| Untracked 
|  78|0x0000000084e00000, 0x0000000084f00000, 0x0000000084f00000|100%| O|  |TAMS 0x0000000084f00000, 0x0000000084e00000| Untracked 
|  79|0x0000000084f00000, 0x0000000085000000, 0x0000000085000000|100%| O|  |TAMS 0x0000000085000000, 0x0000000084f00000| Untracked 
|  80|0x0000000085000000, 0x0000000085100000, 0x0000000085100000|100%| O|  |TAMS 0x0000000085100000, 0x0000000085000000| Untracked 
|  81|0x0000000085100000, 0x0000000085200000, 0x0000000085200000|100%| O|  |TAMS 0x0000000085100000, 0x0000000085100000| Untracked 
|  82|0x0000000085200000, 0x0000000085300000, 0x0000000085300000|100%| O|  |TAMS 0x0000000085200000, 0x0000000085200000| Untracked 
|  83|0x0000000085300000, 0x0000000085400000, 0x0000000085400000|100%| O|  |TAMS 0x0000000085300000, 0x0000000085300000| Untracked 
|  84|0x0000000085400000, 0x0000000085500000, 0x0000000085500000|100%| O|  |TAMS 0x0000000085400000, 0x0000000085400000| Untracked 
|  85|0x0000000085500000, 0x0000000085600000, 0x0000000085600000|100%| O|  |TAMS 0x0000000085500000, 0x0000000085500000| Untracked 
|  86|0x0000000085600000, 0x0000000085700000, 0x0000000085700000|100%| O|  |TAMS 0x0000000085600000, 0x0000000085600000| Untracked 
|  87|0x0000000085700000, 0x0000000085800000, 0x0000000085800000|100%| O|  |TAMS 0x0000000085700000, 0x0000000085700000| Untracked 
|  88|0x0000000085800000, 0x0000000085900000, 0x0000000085900000|100%| O|  |TAMS 0x0000000085800000, 0x0000000085800000| Untracked 
|  89|0x0000000085900000, 0x0000000085a00000, 0x0000000085a00000|100%| O|  |TAMS 0x0000000085900000, 0x0000000085900000| Untracked 
|  90|0x0000000085a00000, 0x0000000085b00000, 0x0000000085b00000|100%| O|  |TAMS 0x0000000085a00000, 0x0000000085a00000| Untracked 
|  91|0x0000000085b00000, 0x0000000085b9d000, 0x0000000085c00000| 61%| O|  |TAMS 0x0000000085b00000, 0x0000000085b00000| Untracked 
|  92|0x0000000085c00000, 0x0000000085c00000, 0x0000000085d00000|  0%| F|  |TAMS 0x0000000085c00000, 0x0000000085c00000| Untracked 
|  93|0x0000000085d00000, 0x0000000085d00000, 0x0000000085e00000|  0%| F|  |TAMS 0x0000000085d00000, 0x0000000085d00000| Untracked 
|  94|0x0000000085e00000, 0x0000000085e00000, 0x0000000085f00000|  0%| F|  |TAMS 0x0000000085e00000, 0x0000000085e00000| Untracked 
|  95|0x0000000085f00000, 0x0000000085f00000, 0x0000000086000000|  0%| F|  |TAMS 0x0000000085f00000, 0x0000000085f00000| Untracked 
|  96|0x0000000086000000, 0x0000000086000000, 0x0000000086100000|  0%| F|  |TAMS 0x0000000086000000, 0x0000000086000000| Untracked 
|  97|0x0000000086100000, 0x0000000086100000, 0x0000000086200000|  0%| F|  |TAMS 0x0000000086100000, 0x0000000086100000| Untracked 
|  98|0x0000000086200000, 0x0000000086200000, 0x0000000086300000|  0%| F|  |TAMS 0x0000000086200000, 0x0000000086200000| Untracked 
|  99|0x0000000086300000, 0x0000000086300000, 0x0000000086400000|  0%| F|  |TAMS 0x0000000086300000, 0x0000000086300000| Untracked 
| 100|0x0000000086400000, 0x0000000086400000, 0x0000000086500000|  0%| F|  |TAMS 0x0000000086400000, 0x0000000086400000| Untracked 
| 101|0x0000000086500000, 0x0000000086500000, 0x0000000086600000|  0%| F|  |TAMS 0x0000000086500000, 0x0000000086500000| Untracked 
| 102|0x0000000086600000, 0x0000000086600000, 0x0000000086700000|  0%| F|  |TAMS 0x0000000086600000, 0x0000000086600000| Untracked 
| 103|0x0000000086700000, 0x0000000086700000, 0x0000000086800000|  0%| F|  |TAMS 0x0000000086700000, 0x0000000086700000| Untracked 
| 104|0x0000000086800000, 0x0000000086800000, 0x0000000086900000|  0%| F|  |TAMS 0x0000000086800000, 0x0000000086800000| Untracked 
| 105|0x0000000086900000, 0x0000000086900000, 0x0000000086a00000|  0%| F|  |TAMS 0x0000000086900000, 0x0000000086900000| Untracked 
| 106|0x0000000086a00000, 0x0000000086a00000, 0x0000000086b00000|  0%| F|  |TAMS 0x0000000086a00000, 0x0000000086a00000| Untracked 
| 107|0x0000000086b00000, 0x0000000086b00000, 0x0000000086c00000|  0%| F|  |TAMS 0x0000000086b00000, 0x0000000086b00000| Untracked 
| 108|0x0000000086c00000, 0x0000000086c00000, 0x0000000086d00000|  0%| F|  |TAMS 0x0000000086c00000, 0x0000000086c00000| Untracked 
| 109|0x0000000086d00000, 0x0000000086d49288, 0x0000000086e00000| 28%| S|CS|TAMS 0x0000000086d00000, 0x0000000086d00000| Complete 
| 110|0x0000000086e00000, 0x0000000086e00000, 0x0000000086f00000|  0%| F|  |TAMS 0x0000000086e00000, 0x0000000086e00000| Untracked 
| 111|0x0000000086f00000, 0x0000000086f00000, 0x0000000087000000|  0%| F|  |TAMS 0x0000000086f00000, 0x0000000086f00000| Untracked 
| 112|0x0000000087000000, 0x0000000087000000, 0x0000000087100000|  0%| F|  |TAMS 0x0000000087000000, 0x0000000087000000| Untracked 
| 113|0x0000000087100000, 0x0000000087200000, 0x0000000087200000|100%| S|CS|TAMS 0x0000000087100000, 0x0000000087100000| Complete 
| 114|0x0000000087200000, 0x0000000087200000, 0x0000000087300000|  0%| F|  |TAMS 0x0000000087200000, 0x0000000087200000| Untracked 
| 115|0x0000000087300000, 0x0000000087300000, 0x0000000087400000|  0%| F|  |TAMS 0x0000000087300000, 0x0000000087300000| Untracked 
| 116|0x0000000087400000, 0x0000000087400000, 0x0000000087500000|  0%| F|  |TAMS 0x0000000087400000, 0x0000000087400000| Untracked 
| 117|0x0000000087500000, 0x0000000087500000, 0x0000000087600000|  0%| F|  |TAMS 0x0000000087500000, 0x0000000087500000| Untracked 
| 118|0x0000000087600000, 0x0000000087600000, 0x0000000087700000|  0%| F|  |TAMS 0x0000000087600000, 0x0000000087600000| Untracked 
| 119|0x0000000087700000, 0x0000000087700000, 0x0000000087800000|  0%| F|  |TAMS 0x0000000087700000, 0x0000000087700000| Untracked 
| 120|0x0000000087800000, 0x0000000087800000, 0x0000000087900000|  0%| F|  |TAMS 0x0000000087800000, 0x0000000087800000| Untracked 
| 121|0x0000000087900000, 0x0000000087900000, 0x0000000087a00000|  0%| F|  |TAMS 0x0000000087900000, 0x0000000087900000| Untracked 
| 122|0x0000000087a00000, 0x0000000087a00000, 0x0000000087b00000|  0%| F|  |TAMS 0x0000000087a00000, 0x0000000087a00000| Untracked 
| 123|0x0000000087b00000, 0x0000000087b00000, 0x0000000087c00000|  0%| F|  |TAMS 0x0000000087b00000, 0x0000000087b00000| Untracked 
| 124|0x0000000087c00000, 0x0000000087c00000, 0x0000000087d00000|  0%| F|  |TAMS 0x0000000087c00000, 0x0000000087c00000| Untracked 
| 125|0x0000000087d00000, 0x0000000087d00000, 0x0000000087e00000|  0%| F|  |TAMS 0x0000000087d00000, 0x0000000087d00000| Untracked 
| 126|0x0000000087e00000, 0x0000000087e00000, 0x0000000087f00000|  0%| F|  |TAMS 0x0000000087e00000, 0x0000000087e00000| Untracked 
| 127|0x0000000087f00000, 0x0000000087f00000, 0x0000000088000000|  0%| F|  |TAMS 0x0000000087f00000, 0x0000000087f00000| Untracked 
| 128|0x0000000088000000, 0x0000000088000000, 0x0000000088100000|  0%| F|  |TAMS 0x0000000088000000, 0x0000000088000000| Untracked 
| 129|0x0000000088100000, 0x0000000088100000, 0x0000000088200000|  0%| F|  |TAMS 0x0000000088100000, 0x0000000088100000| Untracked 
| 130|0x0000000088200000, 0x0000000088200000, 0x0000000088300000|  0%| F|  |TAMS 0x0000000088200000, 0x0000000088200000| Untracked 
| 131|0x0000000088300000, 0x0000000088300000, 0x0000000088400000|  0%| F|  |TAMS 0x0000000088300000, 0x0000000088300000| Untracked 
| 132|0x0000000088400000, 0x0000000088400000, 0x0000000088500000|  0%| F|  |TAMS 0x0000000088400000, 0x0000000088400000| Untracked 
| 133|0x0000000088500000, 0x0000000088500000, 0x0000000088600000|  0%| F|  |TAMS 0x0000000088500000, 0x0000000088500000| Untracked 
| 134|0x0000000088600000, 0x0000000088600000, 0x0000000088700000|  0%| F|  |TAMS 0x0000000088600000, 0x0000000088600000| Untracked 

Card table byte_map: [0x00000000159b0000,0x0000000015db0000] _byte_map_base: 0x00000000155b0000

Marking Bits (Prev, Next): (CMBitMap*) 0x00000000003c1238, (CMBitMap*) 0x00000000003c1270
 Prev Bits: [0x00000000161b0000, 0x00000000181b0000)
 Next Bits: [0x00000000181b0000, 0x000000001a1b0000)

Polling page: 0x0000000000130000

Metaspace:

Usage:
  Non-class:     70.80 MB capacity,    69.56 MB ( 98%) used,     1.05 MB (  1%) free+waste,   201.25 KB ( <1%) overhead. 
      Class:     10.87 MB capacity,    10.20 MB ( 94%) used,   594.52 KB (  5%) free+waste,    90.50 KB ( <1%) overhead. 
       Both:     81.67 MB capacity,    79.76 MB ( 98%) used,     1.63 MB (  2%) free+waste,   291.75 KB ( <1%) overhead. 

Virtual space:
  Non-class space:       72.00 MB reserved,      70.87 MB ( 98%) committed 
      Class space:        1.00 GB reserved,      10.88 MB (  1%) committed 
             Both:        1.07 GB reserved,      81.75 MB (  7%) committed 

Chunk freelists:
   Non-Class:  6.00 KB
       Class:  4.00 KB
        Both:  10.00 KB

MaxMetaspaceSize: 17179869184.00 GB
CompressedClassSpaceSize: 1.00 GB

CodeHeap 'non-profiled nmethods': size=120064Kb used=6373Kb max_used=6373Kb free=113690Kb
 bounds [0x000000000db70000, 0x000000000e1b0000, 0x00000000150b0000]
CodeHeap 'profiled nmethods': size=120000Kb used=21703Kb max_used=21703Kb free=98296Kb
 bounds [0x0000000006640000, 0x0000000007b80000, 0x000000000db70000]
CodeHeap 'non-nmethods': size=5696Kb used=2231Kb max_used=2291Kb free=3464Kb
 bounds [0x00000000060b0000, 0x0000000006320000, 0x0000000006640000]
 total_blobs=10755 nmethods=9919 adapters=747
 compilation: enabled
              stopped_count=0, restarted_count=0
 full_count=0

Compilation events (20 events):
Event: 122.966 Thread 0x000000005d389800 10219       2       com.android.utils.PositionXmlParser$DomBuilder::closeUnfinishedElements (87 bytes)
Event: 122.967 Thread 0x000000005d389800 nmethod 10219 0x0000000007b72190 code [0x0000000007b723a0, 0x0000000007b72708]
Event: 122.967 Thread 0x000000005d389800 10220       2       com.google.common.collect.AbstractMapBasedMultimap::put (92 bytes)
Event: 122.968 Thread 0x000000005d389800 nmethod 10220 0x0000000007b72910 code [0x0000000007b72b20, 0x0000000007b72e78]
Event: 123.233 Thread 0x000000005d389800 10222       2       org.apache.xerces.impl.XMLScanner::normalizeWhitespace (56 bytes)
Event: 123.234 Thread 0x000000005d389800 nmethod 10222 0x0000000007b73010 code [0x0000000007b731c0, 0x0000000007b73398]
Event: 123.309 Thread 0x000000005d389800 10223       2       java.util.Formatter$FixedString::<init> (26 bytes)
Event: 123.309 Thread 0x000000005d389800 nmethod 10223 0x0000000007b73510 code [0x0000000007b736c0, 0x0000000007b73878]
Event: 123.309 Thread 0x000000005d389800 10224       2       java.util.Formatter$FixedString::print (26 bytes)
Event: 123.310 Thread 0x000000005d389800 nmethod 10224 0x0000000007b73910 code [0x0000000007b73ac0, 0x0000000007b73be8]
Event: 123.310 Thread 0x000000005d389800 10225       2       java.lang.StringBuilder::append (8 bytes)
Event: 123.310 Thread 0x000000005d389800 nmethod 10225 0x0000000007b73c90 code [0x0000000007b73e40, 0x0000000007b73f68]
Event: 123.564 Thread 0x000000005d383000 nmethod 10193 0x000000000e191310 code [0x000000000e191b80, 0x000000000e19da50]
Event: 123.564 Thread 0x000000005d383000 10221       4       org.apache.xerces.impl.XMLEntityScanner::skipString (207 bytes)
Event: 123.892 Thread 0x000000005d383000 nmethod 10221 0x000000000e1a2290 code [0x000000000e1a26a0, 0x000000000e1a6698]
Event: 123.892 Thread 0x000000005d383000 10195       4       org.apache.xerces.impl.XMLNSDocumentScannerImpl::scanStartElement (873 bytes)
Event: 124.309 Thread 0x000000005d389800 10227       1       java.lang.management.DefaultPlatformMBeanProvider$10::mbeanInterfaceNames (5 bytes)
Event: 124.309 Thread 0x000000005d389800 nmethod 10227 0x000000000e1a9090 code [0x000000000e1a9240, 0x000000000e1a92f8]
Event: 124.309 Thread 0x000000005d389800 10228       1       com.sun.management.internal.PlatformMBeanProviderImpl$4::mbeanInterfaceNames (5 bytes)
Event: 124.310 Thread 0x000000005d389800 nmethod 10228 0x000000000e1a9390 code [0x000000000e1a9540, 0x000000000e1a95f8]

GC Heap History (20 events):
Event: 117.233 GC heap after
{Heap after GC invocations=52 (full 0):
 garbage-first heap   total 114688K, used 81354K [0x0000000080000000, 0x0000000100000000)
  region size 1024K, 1 young (1024K), 1 survivors (1024K)
 Metaspace       used 81140K, capacity 83183K, committed 83196K, reserved 1122304K
  class space    used 10445K, capacity 11132K, committed 11136K, reserved 1048576K
}
Event: 117.877 GC heap before
{Heap before GC invocations=52 (full 0):
 garbage-first heap   total 114688K, used 95690K [0x0000000080000000, 0x0000000100000000)
  region size 1024K, 15 young (15360K), 1 survivors (1024K)
 Metaspace       used 81352K, capacity 83311K, committed 83452K, reserved 1122304K
  class space    used 10445K, capacity 11132K, committed 11136K, reserved 1048576K
}
Event: 117.885 GC heap after
{Heap after GC invocations=53 (full 0):
 garbage-first heap   total 114688K, used 81546K [0x0000000080000000, 0x0000000100000000)
  region size 1024K, 1 young (1024K), 1 survivors (1024K)
 Metaspace       used 81352K, capacity 83311K, committed 83452K, reserved 1122304K
  class space    used 10445K, capacity 11132K, committed 11136K, reserved 1048576K
}
Event: 118.927 GC heap before
{Heap before GC invocations=54 (full 0):
 garbage-first heap   total 114688K, used 95882K [0x0000000080000000, 0x0000000100000000)
  region size 1024K, 16 young (16384K), 1 survivors (1024K)
 Metaspace       used 81434K, capacity 83442K, committed 83452K, reserved 1122304K
  class space    used 10445K, capacity 11132K, committed 11136K, reserved 1048576K
}
Event: 118.940 GC heap after
{Heap after GC invocations=55 (full 0):
 garbage-first heap   total 114688K, used 82325K [0x0000000080000000, 0x0000000100000000)
  region size 1024K, 2 young (2048K), 2 survivors (2048K)
 Metaspace       used 81434K, capacity 83442K, committed 83452K, reserved 1122304K
  class space    used 10445K, capacity 11132K, committed 11136K, reserved 1048576K
}
Event: 119.559 GC heap before
{Heap before GC invocations=55 (full 0):
 garbage-first heap   total 114688K, used 96661K [0x0000000080000000, 0x0000000100000000)
  region size 1024K, 16 young (16384K), 2 survivors (2048K)
 Metaspace       used 81464K, capacity 83442K, committed 83452K, reserved 1122304K
  class space    used 10446K, capacity 11132K, committed 11136K, reserved 1048576K
}
Event: 119.570 GC heap after
{Heap after GC invocations=56 (full 0):
 garbage-first heap   total 114688K, used 83168K [0x0000000080000000, 0x0000000100000000)
  region size 1024K, 2 young (2048K), 2 survivors (2048K)
 Metaspace       used 81464K, capacity 83442K, committed 83452K, reserved 1122304K
  class space    used 10446K, capacity 11132K, committed 11136K, reserved 1048576K
}
Event: 120.026 GC heap before
{Heap before GC invocations=56 (full 0):
 garbage-first heap   total 114688K, used 97504K [0x0000000080000000, 0x0000000100000000)
  region size 1024K, 16 young (16384K), 2 survivors (2048K)
 Metaspace       used 81482K, capacity 83442K, committed 83452K, reserved 1122304K
  class space    used 10446K, capacity 11132K, committed 11136K, reserved 1048576K
}
Event: 120.036 GC heap after
{Heap after GC invocations=57 (full 0):
 garbage-first heap   total 114688K, used 83584K [0x0000000080000000, 0x0000000100000000)
  region size 1024K, 2 young (2048K), 2 survivors (2048K)
 Metaspace       used 81482K, capacity 83442K, committed 83452K, reserved 1122304K
  class space    used 10446K, capacity 11132K, committed 11136K, reserved 1048576K
}
Event: 120.305 GC heap before
{Heap before GC invocations=57 (full 0):
 garbage-first heap   total 114688K, used 95872K [0x0000000080000000, 0x0000000100000000)
  region size 1024K, 15 young (15360K), 2 survivors (2048K)
 Metaspace       used 81535K, capacity 83506K, committed 83708K, reserved 1122304K
  class space    used 10446K, capacity 11132K, committed 11136K, reserved 1048576K
}
Event: 120.312 GC heap after
{Heap after GC invocations=58 (full 0):
 garbage-first heap   total 138240K, used 83917K [0x0000000080000000, 0x0000000100000000)
  region size 1024K, 1 young (1024K), 1 survivors (1024K)
 Metaspace       used 81535K, capacity 83506K, committed 83708K, reserved 1122304K
  class space    used 10446K, capacity 11132K, committed 11136K, reserved 1048576K
}
Event: 121.066 GC heap before
{Heap before GC invocations=58 (full 0):
 garbage-first heap   total 138240K, used 108493K [0x0000000080000000, 0x0000000100000000)
  region size 1024K, 25 young (25600K), 1 survivors (1024K)
 Metaspace       used 81568K, capacity 83506K, committed 83708K, reserved 1122304K
  class space    used 10446K, capacity 11132K, committed 11136K, reserved 1048576K
}
Event: 121.077 GC heap after
{Heap after GC invocations=59 (full 0):
 garbage-first heap   total 138240K, used 85650K [0x0000000080000000, 0x0000000100000000)
  region size 1024K, 3 young (3072K), 3 survivors (3072K)
 Metaspace       used 81568K, capacity 83506K, committed 83708K, reserved 1122304K
  class space    used 10446K, capacity 11132K, committed 11136K, reserved 1048576K
}
Event: 121.966 GC heap before
{Heap before GC invocations=59 (full 0):
 garbage-first heap   total 138240K, used 110226K [0x0000000080000000, 0x0000000100000000)
  region size 1024K, 27 young (27648K), 3 survivors (3072K)
 Metaspace       used 81659K, capacity 83634K, committed 83708K, reserved 1122304K
  class space    used 10446K, capacity 11132K, committed 11136K, reserved 1048576K
}
Event: 121.979 GC heap after
{Heap after GC invocations=60 (full 0):
 garbage-first heap   total 138240K, used 86583K [0x0000000080000000, 0x0000000100000000)
  region size 1024K, 3 young (3072K), 3 survivors (3072K)
 Metaspace       used 81659K, capacity 83634K, committed 83708K, reserved 1122304K
  class space    used 10446K, capacity 11132K, committed 11136K, reserved 1048576K
}
Event: 122.860 GC heap before
{Heap before GC invocations=60 (full 0):
 garbage-first heap   total 138240K, used 111159K [0x0000000080000000, 0x0000000100000000)
  region size 1024K, 28 young (28672K), 3 survivors (3072K)
 Metaspace       used 81665K, capacity 83634K, committed 83708K, reserved 1122304K
  class space    used 10446K, capacity 11132K, committed 11136K, reserved 1048576K
}
Event: 122.904 GC heap after
{Heap after GC invocations=61 (full 0):
 garbage-first heap   total 138240K, used 90649K [0x0000000080000000, 0x0000000100000000)
  region size 1024K, 4 young (4096K), 4 survivors (4096K)
 Metaspace       used 81665K, capacity 83634K, committed 83708K, reserved 1122304K
  class space    used 10446K, capacity 11132K, committed 11136K, reserved 1048576K
}
Event: 123.760 GC heap before
{Heap before GC invocations=61 (full 0):
 garbage-first heap   total 138240K, used 113177K [0x0000000080000000, 0x0000000100000000)
  region size 1024K, 26 young (26624K), 4 survivors (4096K)
 Metaspace       used 81672K, capacity 83634K, committed 83708K, reserved 1122304K
  class space    used 10446K, capacity 11132K, committed 11136K, reserved 1048576K
}
Event: 123.784 GC heap after
{Heap after GC invocations=62 (full 0):
 garbage-first heap   total 138240K, used 93984K [0x0000000080000000, 0x0000000100000000)
  region size 1024K, 3 young (3072K), 3 survivors (3072K)
 Metaspace       used 81672K, capacity 83634K, committed 83708K, reserved 1122304K
  class space    used 10446K, capacity 11132K, committed 11136K, reserved 1048576K
}
Event: 124.628 GC heap before
{Heap before GC invocations=62 (full 0):
 garbage-first heap   total 138240K, used 115488K [0x0000000080000000, 0x0000000100000000)
  region size 1024K, 24 young (24576K), 3 survivors (3072K)
 Metaspace       used 81672K, capacity 83634K, committed 83708K, reserved 1122304K
  class space    used 10446K, capacity 11132K, committed 11136K, reserved 1048576K
}

Deoptimization events (20 events):
Event: 121.178 Thread 0x0000000060a90000 DEOPT PACKING pc=0x0000000007b0153a sp=0x0000000062a97ab0
Event: 121.178 Thread 0x0000000060a90000 DEOPT UNPACKING pc=0x00000000060d63bf sp=0x0000000062a96fd0 mode 0
Event: 122.236 Thread 0x0000000060a90000 Uncommon trap: trap_request=0xffffff4d fr.pc=0x000000000dbc64a8 relative=0x00000000000002e8
Event: 122.236 Thread 0x0000000060a90000 Uncommon trap: reason=unstable_if action=reinterpret pc=0x000000000dbc64a8 method=java.lang.StringUTF16.compress([CII)[B @ 13 c2
Event: 122.236 Thread 0x0000000060a90000 DEOPT PACKING pc=0x000000000dbc64a8 sp=0x0000000062a97710
Event: 122.236 Thread 0x0000000060a90000 DEOPT UNPACKING pc=0x00000000060d65a9 sp=0x0000000062a97650 mode 2
Event: 122.240 Thread 0x0000000060a90000 DEOPT PACKING pc=0x0000000007b5a01b sp=0x0000000062a976c0
Event: 122.240 Thread 0x0000000060a90000 DEOPT UNPACKING pc=0x00000000060d63bf sp=0x0000000062a96b30 mode 0
Event: 122.242 Thread 0x0000000060a90000 DEOPT PACKING pc=0x0000000007b5a01b sp=0x0000000062a97570
Event: 122.242 Thread 0x0000000060a90000 DEOPT UNPACKING pc=0x00000000060d63bf sp=0x0000000062a969e0 mode 0
Event: 122.245 Thread 0x0000000060a90000 DEOPT PACKING pc=0x0000000007b5a01b sp=0x0000000062a976c0
Event: 122.245 Thread 0x0000000060a90000 DEOPT UNPACKING pc=0x00000000060d63bf sp=0x0000000062a96b30 mode 0
Event: 122.248 Thread 0x0000000060a90000 DEOPT PACKING pc=0x0000000007b5a01b sp=0x0000000062a976c0
Event: 122.248 Thread 0x0000000060a90000 DEOPT UNPACKING pc=0x00000000060d63bf sp=0x0000000062a96b30 mode 0
Event: 122.280 Thread 0x0000000060a90000 DEOPT PACKING pc=0x0000000007b5a01b sp=0x0000000062a97570
Event: 122.280 Thread 0x0000000060a90000 DEOPT UNPACKING pc=0x00000000060d63bf sp=0x0000000062a969e0 mode 0
Event: 122.460 Thread 0x0000000060a90000 Uncommon trap: trap_request=0xffffffbe fr.pc=0x000000000e15f2c8 relative=0x00000000000005c8
Event: 122.460 Thread 0x0000000060a90000 Uncommon trap: reason=profile_predicate action=maybe_recompile pc=0x000000000e15f2c8 method=org.apache.xerces.impl.XMLEntityScanner.skipString(Ljava/lang/String;)Z @ 189 c2
Event: 122.461 Thread 0x0000000060a90000 DEOPT PACKING pc=0x000000000e15f2c8 sp=0x0000000062a977b0
Event: 122.461 Thread 0x0000000060a90000 DEOPT UNPACKING pc=0x00000000060d65a9 sp=0x0000000062a97740 mode 2

Classes redefined (0 events):
No events

Internal exceptions (20 events):
Event: 87.074 Thread 0x0000000060a90000 Exception <a 'java/lang/ClassNotFoundException'{0x0000000086f13250}: org/gradle/api/internal/file/collections/DefaultConfigurableFileCollectionCustomizer> (0x0000000086f13250) thrown at [./src/hotspot/share/classfile/systemDictionary.cpp, line 231]
Event: 88.232 Thread 0x0000000060a90000 Exception <a 'java/lang/NoSuchMethodError'{0x0000000086879840}: <clinit>> (0x0000000086879840) thrown at [./src/hotspot/share/prims/jni.cpp, line 1362]
Event: 88.244 Thread 0x0000000060a90000 Exception <a 'java/lang/NoSuchMethodError'{0x00000000868abf58}: <clinit>> (0x00000000868abf58) thrown at [./src/hotspot/share/prims/jni.cpp, line 1362]
Event: 88.682 Thread 0x0000000060a90000 Exception <a 'java/lang/NoSuchMethodError'{0x00000000863b01a8}: 'java.lang.Object java.lang.invoke.Invokers$Holder.linkToTargetMethod(java.lang.Object, java.lang.Object, java.lang.Object, java.lang.Object, java.lang.Object, java.lang.Object, java.lang.Object, java.lang.Object)'> (0x00000000863b01a8) thrown at [./src/hotspot/share/interpreter/linkResolver.cpp, line 773]
Event: 88.684 Thread 0x0000000060f3d000 Exception <a 'java/lang/NoSuchMethodError'{0x0000000086909038}: <clinit>> (0x0000000086909038) thrown at [./src/hotspot/share/prims/jni.cpp, line 1362]
Event: 88.689 Thread 0x000000005ec05800 Exception <a 'java/lang/NoSuchMethodError'{0x000000008616c478}: <clinit>> (0x000000008616c478) thrown at [./src/hotspot/share/prims/jni.cpp, line 1362]
Event: 88.690 Thread 0x000000005ec05800 Exception <a 'java/lang/NoSuchMethodError'{0x0000000086177be0}: <clinit>> (0x0000000086177be0) thrown at [./src/hotspot/share/prims/jni.cpp, line 1362]
Event: 88.692 Thread 0x000000005ec05800 Exception <a 'java/lang/NoSuchMethodError'{0x0000000086184990}: <clinit>> (0x0000000086184990) thrown at [./src/hotspot/share/prims/jni.cpp, line 1362]
Event: 88.694 Thread 0x000000005ec05800 Exception <a 'java/lang/NoSuchMethodError'{0x00000000861985e0}: <clinit>> (0x00000000861985e0) thrown at [./src/hotspot/share/prims/jni.cpp, line 1362]
Event: 88.695 Thread 0x000000005ec05800 Exception <a 'java/lang/NoSuchMethodError'{0x0000000086199d38}: <clinit>> (0x0000000086199d38) thrown at [./src/hotspot/share/prims/jni.cpp, line 1362]
Event: 88.700 Thread 0x0000000060f3d000 Exception <a 'java/lang/NoSuchMethodError'{0x00000000861ac2d8}: <clinit>> (0x00000000861ac2d8) thrown at [./src/hotspot/share/prims/jni.cpp, line 1362]
Event: 88.926 Thread 0x000000005ec05800 Exception <a 'java/lang/NoSuchMethodError'{0x0000000085e8a990}: <clinit>> (0x0000000085e8a990) thrown at [./src/hotspot/share/prims/jni.cpp, line 1362]
Event: 92.248 Thread 0x0000000060a90000 Exception <a 'java/lang/NoSuchMethodError'{0x0000000086b44b58}: 'java.lang.Object java.lang.invoke.Invokers$Holder.linkToTargetMethod(java.lang.Object, java.lang.Object, java.lang.Object, java.lang.Object, java.lang.Object, java.lang.Object, java.lang.Object)'> (0x0000000086b44b58) thrown at [./src/hotspot/share/interpreter/linkResolver.cpp, line 773]
Event: 92.318 Thread 0x0000000060a90000 Exception <a 'java/lang/NoSuchMethodError'{0x0000000086994f58}: 'java.lang.Object java.lang.invoke.DirectMethodHandle$Holder.invokeSpecialIFC(java.lang.Object, java.lang.Object, java.lang.Object)'> (0x0000000086994f58) thrown at [./src/hotspot/share/interpreter/linkResolver.cpp, line 773]
Event: 95.173 Thread 0x000000006404a000 Implicit null exception at 0x000000000e03c355 to 0x000000000e03cbb8
Event: 98.250 Thread 0x0000000060a90000 Implicit null exception at 0x000000000e05dcc2 to 0x000000000e05e0d8
Event: 115.451 Thread 0x0000000060a90000 Exception <a 'java/lang/NoSuchMethodError'{0x00000000864fbac0}: 'java.lang.Object java.lang.invoke.DirectMethodHandle$Holder.invokeSpecial(java.lang.Object, java.lang.Object, int, java.lang.Object, java.lang.Object)'> (0x00000000864fbac0) thrown at [./src/hotspot/share/interpreter/linkResolver.cpp, line 773]
Event: 115.452 Thread 0x0000000060a90000 Exception <a 'java/lang/NoSuchMethodError'{0x0000000086304fb0}: 'java.lang.Object java.lang.invoke.DirectMethodHandle$Holder.invokeStatic(java.lang.Object, java.lang.Object, int, java.lang.Object)'> (0x0000000086304fb0) thrown at [./src/hotspot/share/interpreter/linkResolver.cpp, line 773]
Event: 115.453 Thread 0x0000000060a90000 Exception <a 'java/lang/NoSuchMethodError'{0x00000000863094a0}: 'java.lang.Object java.lang.invoke.Invokers$Holder.linkToTargetMethod(java.lang.Object, int, java.lang.Object, java.lang.Object)'> (0x00000000863094a0) thrown at [./src/hotspot/share/interpreter/linkResolver.cpp, line 773]
Event: 115.459 Thread 0x0000000060a90000 Exception <a 'java/lang/NoSuchMethodError'{0x0000000086322aa8}: 'void java.lang.invoke.DirectMethodHandle$Holder.invokeVirtual(java.lang.Object, java.lang.Object)'> (0x0000000086322aa8) thrown at [./src/hotspot/share/interpreter/linkResolver.cpp, line 773]

Events (20 events):
Event: 118.202 Executing VM operation: CGC_Operation done
Event: 118.374 Executing VM operation: CGC_Operation
Event: 118.375 Executing VM operation: CGC_Operation done
Event: 118.927 Executing VM operation: G1CollectForAllocation
Event: 118.940 Executing VM operation: G1CollectForAllocation done
Event: 119.559 Executing VM operation: G1CollectForAllocation
Event: 119.570 Executing VM operation: G1CollectForAllocation done
Event: 120.026 Executing VM operation: G1CollectForAllocation
Event: 120.036 Executing VM operation: G1CollectForAllocation done
Event: 120.304 Executing VM operation: G1CollectForAllocation
Event: 120.313 Executing VM operation: G1CollectForAllocation done
Event: 121.066 Executing VM operation: G1CollectForAllocation
Event: 121.077 Executing VM operation: G1CollectForAllocation done
Event: 121.966 Executing VM operation: G1CollectForAllocation
Event: 121.979 Executing VM operation: G1CollectForAllocation done
Event: 122.859 Executing VM operation: G1CollectForAllocation
Event: 122.904 Executing VM operation: G1CollectForAllocation done
Event: 123.759 Executing VM operation: G1CollectForAllocation
Event: 123.784 Executing VM operation: G1CollectForAllocation done
Event: 124.628 Executing VM operation: G1CollectForAllocation


Dynamic libraries:
0x000000013f8a0000 - 0x000000013f8aa000 	C:\Program Files\Android\Android Studio\jre\bin\java.exe
0x0000000077930000 - 0x0000000077acf000 	C:\Windows\SYSTEM32\ntdll.dll
0x0000000077710000 - 0x0000000077830000 	C:\Windows\system32\kernel32.dll
0x000007fefd4a0000 - 0x000007fefd507000 	C:\Windows\system32\KERNELBASE.dll
0x000007fee2bf0000 - 0x000007fee2c09000 	C:\Program Files\Android\Android Studio\jre\bin\jli.dll
0x000007fefbe20000 - 0x000007fefc015000 	C:\Windows\WinSxS\amd64_microsoft.windows.common-controls_6595b64144ccf1df_6.0.7601.24483_none_e372d88f30fbb845\COMCTL32.dll
0x000007feff400000 - 0x000007feff49f000 	C:\Windows\system32\msvcrt.dll
0x000007feff770000 - 0x000007feff7d8000 	C:\Windows\system32\GDI32.dll
0x0000000077830000 - 0x000000007792b000 	C:\Windows\system32\USER32.dll
0x000007fefdef0000 - 0x000007fefdefe000 	C:\Windows\system32\LPK.dll
0x000007fefdc30000 - 0x000007fefdcfb000 	C:\Windows\system32\USP10.dll
0x000007fefd870000 - 0x000007fefd8e1000 	C:\Windows\system32\SHLWAPI.dll
0x000007fee2bd0000 - 0x000007fee2be7000 	C:\Program Files\Android\Android Studio\jre\bin\VCRUNTIME140.dll
0x000007fef70d0000 - 0x000007fef70d4000 	C:\Windows\system32\api-ms-win-crt-runtime-l1-1-0.dll
0x000007fef6fd0000 - 0x000007fef70c4000 	C:\Windows\system32\ucrtbase.DLL
0x000007fef7ba0000 - 0x000007fef7ba3000 	C:\Windows\system32\api-ms-win-core-timezone-l1-1-0.dll
0x000007fef7b90000 - 0x000007fef7b93000 	C:\Windows\system32\api-ms-win-core-file-l2-1-0.dll
0x000007fef7b80000 - 0x000007fef7b83000 	C:\Windows\system32\api-ms-win-core-localization-l1-2-0.dll
0x000007fef8830000 - 0x000007fef8833000 	C:\Windows\system32\api-ms-win-core-synch-l1-2-0.dll
0x000007fef7b70000 - 0x000007fef7b73000 	C:\Windows\system32\api-ms-win-core-processthreads-l1-1-1.dll
0x000007fef7b60000 - 0x000007fef7b63000 	C:\Windows\system32\api-ms-win-core-file-l1-2-0.dll
0x000007fef7b30000 - 0x000007fef7b34000 	C:\Windows\system32\api-ms-win-crt-string-l1-1-0.dll
0x000007fef7b50000 - 0x000007fef7b53000 	C:\Windows\system32\api-ms-win-crt-heap-l1-1-0.dll
0x000007fef7b20000 - 0x000007fef7b24000 	C:\Windows\system32\api-ms-win-crt-stdio-l1-1-0.dll
0x000007fef7b10000 - 0x000007fef7b14000 	C:\Windows\system32\api-ms-win-crt-convert-l1-1-0.dll
0x000007fef7a30000 - 0x000007fef7a33000 	C:\Windows\system32\api-ms-win-crt-environment-l1-1-0.dll
0x000007fef7a50000 - 0x000007fef7a53000 	C:\Windows\system32\api-ms-win-crt-filesystem-l1-1-0.dll
0x000007fef7a20000 - 0x000007fef7a25000 	C:\Windows\system32\api-ms-win-crt-math-l1-1-0.dll
0x000007fef7a60000 - 0x000007fef7a63000 	C:\Windows\system32\api-ms-win-crt-locale-l1-1-0.dll
0x000007fefd840000 - 0x000007fefd86e000 	C:\Windows\system32\IMM32.DLL
0x000007fefd8f0000 - 0x000007fefd9fb000 	C:\Windows\system32\MSCTF.dll
0x000007fee28a0000 - 0x000007fee293d000 	C:\Program Files\Android\Android Studio\jre\bin\msvcp140.dll
0x000007feee840000 - 0x000007feee845000 	C:\Windows\system32\api-ms-win-crt-multibyte-l1-1-0.dll
0x000007fef7a40000 - 0x000007fef7a43000 	C:\Windows\system32\api-ms-win-crt-time-l1-1-0.dll
0x000007fef7a10000 - 0x000007fef7a13000 	C:\Windows\system32\api-ms-win-crt-utility-l1-1-0.dll
0x000007fedf610000 - 0x000007fee00cc000 	C:\Program Files\Android\Android Studio\jre\bin\server\jvm.dll
0x000007fefecf0000 - 0x000007fefedcb000 	C:\Windows\system32\ADVAPI32.dll
0x000007fefdda0000 - 0x000007fefddbf000 	C:\Windows\SYSTEM32\sechost.dll
0x000007fefddc0000 - 0x000007fefdeea000 	C:\Windows\system32\RPCRT4.dll
0x000007feee820000 - 0x000007feee829000 	C:\Windows\system32\WSOCK32.dll
0x000007fefda00000 - 0x000007fefda4d000 	C:\Windows\system32\WS2_32.dll
0x000007feffb70000 - 0x000007feffb78000 	C:\Windows\system32\NSI.dll
0x000007fefa2e0000 - 0x000007fefa31b000 	C:\Windows\system32\WINMM.dll
0x000007fefc4b0000 - 0x000007fefc4bc000 	C:\Windows\system32\VERSION.dll
0x0000000077ad0000 - 0x0000000077ad7000 	C:\Windows\system32\PSAPI.DLL
0x000007fee2b20000 - 0x000007fee2b31000 	C:\Program Files\Android\Android Studio\jre\bin\verify.dll
0x000007fef5b30000 - 0x000007fef5c55000 	C:\Windows\system32\DBGHELP.DLL
0x000007fee2af0000 - 0x000007fee2b19000 	C:\Program Files\Android\Android Studio\jre\bin\java.dll
0x000007fee2ae0000 - 0x000007fee2aeb000 	C:\Program Files\Android\Android Studio\jre\bin\jimage.dll
0x000007fee2990000 - 0x000007fee29a8000 	C:\Program Files\Android\Android Studio\jre\bin\zip.dll
0x000007fefdf00000 - 0x000007fefec8b000 	C:\Windows\system32\SHELL32.dll
0x000007feff7e0000 - 0x000007feff9e0000 	C:\Windows\system32\ole32.dll
0x000007fefd480000 - 0x000007fefd48f000 	C:\Windows\system32\profapi.dll
0x000007fee2970000 - 0x000007fee298a000 	C:\Program Files\Android\Android Studio\jre\bin\net.dll
0x000007fef9010000 - 0x000007fef9081000 	C:\Windows\system32\WINHTTP.dll
0x000007fef8d50000 - 0x000007fef8db5000 	C:\Windows\system32\webio.dll
0x000007fefcbb0000 - 0x000007fefcc05000 	C:\Windows\system32\mswsock.dll
0x000007fefcef0000 - 0x000007fefcef7000 	C:\Windows\System32\wship6.dll
0x000007fee2950000 - 0x000007fee2964000 	C:\Program Files\Android\Android Studio\jre\bin\nio.dll
0x000007feee950000 - 0x000007feee977000 	C:\Users\User\.gradle\native\fdc75f09e3144964f2cf3f50f0aa648679c211496f362492102eb8c894070792\windows-amd64\native-platform.dll
0x000007fedebf0000 - 0x000007feded86000 	C:\Users\User\.gradle\native\12488b8bf47d2d4c9fbf2f6322a914ad602e24e48041cd04a747c6da556b65c4\windows-amd64\native-platform-file-events.dll
0x000007fee2ad0000 - 0x000007fee2ada000 	C:\Program Files\Android\Android Studio\jre\bin\management.dll
0x000007fee2940000 - 0x000007fee294c000 	C:\Program Files\Android\Android Studio\jre\bin\management_ext.dll
0x000007fefcc10000 - 0x000007fefcc28000 	C:\Windows\system32\CRYPTSP.dll
0x000007fefc900000 - 0x000007fefc947000 	C:\Windows\system32\rsaenh.dll
0x000007fefd7c0000 - 0x000007fefd7df000 	C:\Windows\system32\USERENV.dll
0x000007fefd320000 - 0x000007fefd32f000 	C:\Windows\system32\CRYPTBASE.dll
0x000007fefab50000 - 0x000007fefab77000 	C:\Windows\system32\IPHLPAPI.DLL
0x000007fefab30000 - 0x000007fefab3b000 	C:\Windows\system32\WINNSI.DLL
0x000007fefaa60000 - 0x000007fefaa71000 	C:\Windows\system32\dhcpcsvc6.DLL
0x000007fefaa30000 - 0x000007fefaa48000 	C:\Windows\system32\dhcpcsvc.DLL

dbghelp: loaded successfully - version: 4.0.5 - missing functions: none
symbol engine: initialized successfully - sym options: 0x614 - pdb path: .;C:\Program Files\Android\Android Studio\jre\bin;C:\Windows\SYSTEM32;C:\Windows\WinSxS\amd64_microsoft.windows.common-controls_6595b64144ccf1df_6.0.7601.24483_none_e372d88f30fbb845;C:\Program Files\Android\Android Studio\jre\bin\server;C:\Users\User\.gradle\native\fdc75f09e3144964f2cf3f50f0aa648679c211496f362492102eb8c894070792\windows-amd64;C:\Users\User\.gradle\native\12488b8bf47d2d4c9fbf2f6322a914ad602e24e48041cd04a747c6da556b65c4\windows-amd64

VM Arguments:
jvm_args: --add-opens=java.base/java.util=ALL-UNNAMED --add-opens=java.base/java.lang=ALL-UNNAMED --add-opens=java.base/java.lang.invoke=ALL-UNNAMED --add-opens=java.prefs/java.util.prefs=ALL-UNNAMED -Xmx2048m -Dfile.encoding=UTF-8 -Duser.country=RU -Duser.language=ru -Duser.variant 
java_command: org.gradle.launcher.daemon.bootstrap.GradleDaemon 6.7.1
java_class_path (initial): C:\Users\User\.gradle\wrapper\dists\gradle-6.7.1-bin\bwlcbys1h7rz3272sye1xwiv6\gradle-6.7.1\lib\gradle-launcher-6.7.1.jar
Launcher Type: SUN_STANDARD

[Global flags]
     intx CICompilerCount                          = 2                                         {product} {ergonomic}
     uint ConcGCThreads                            = 1                                         {product} {ergonomic}
     uint G1ConcRefinementThreads                  = 2                                         {product} {ergonomic}
   size_t G1HeapRegionSize                         = 1048576                                   {product} {ergonomic}
    uintx GCDrainStackTargetSize                   = 64                                        {product} {ergonomic}
   size_t InitialHeapSize                          = 67108864                                  {product} {ergonomic}
   size_t MarkStackSize                            = 4194304                                   {product} {ergonomic}
   size_t MaxHeapSize                              = 2147483648                                {product} {command line}
   size_t MaxNewSize                               = 1287651328                                {product} {ergonomic}
   size_t MinHeapDeltaBytes                        = 1048576                                   {product} {ergonomic}
    uintx NonNMethodCodeHeapSize                   = 5825164                                {pd product} {ergonomic}
    uintx NonProfiledCodeHeapSize                  = 122916538                              {pd product} {ergonomic}
    uintx ProfiledCodeHeapSize                     = 122916538                              {pd product} {ergonomic}
    uintx ReservedCodeCacheSize                    = 251658240                              {pd product} {ergonomic}
     bool SegmentedCodeCache                       = true                                      {product} {ergonomic}
     bool UseCompressedClassPointers               = true                                 {lp64_product} {ergonomic}
     bool UseCompressedOops                        = true                                 {lp64_product} {ergonomic}
     bool UseG1GC                                  = true                                      {product} {ergonomic}
     bool UseLargePagesIndividualAllocation        = false                                  {pd product} {ergonomic}

Logging:
Log output configuration:
 #0: stdout all=warning uptime,level,tags
 #1: stderr all=off uptime,level,tags

Environment Variables:
PATH=C:\Program Files (x86)\Common Files\Oracle\Java\javapath;C:\Program Files\Java\jdk1.8.0_281\bin;C:\Program Files\Git\cmd;C:\Program Files\JetBrains\IntelliJ IDEA Community Edition 2021.2.3\bin;;C:\Program Files\JetBrains\IntelliJ IDEA 2019.3.5\bin;
USERNAME=User
OS=Windows_NT
PROCESSOR_IDENTIFIER=AMD64 Family 15 Model 75 Stepping 2, AuthenticAMD



---------------  S Y S T E M  ---------------

OS: Windows 7 , 64 bit Build 7601 (6.1.7601.24596)
OS uptime: 0 days 0:30 hours

CPU:total 2 (initial active 2) (2 cores per cpu, 1 threads per core) family 15 model 75 stepping 2, cmov, cx8, fxsr, mmx, sse, sse2, sse3, mmxext, 3dnowpref, tsc

Memory: 4k page, system-wide physical 4095M (157M free)
TotalPageFile size 11093M (AvailPageFile size 44M)
current process WorkingSet (physical memory assigned to process): 362M, peak: 366M
current process commit charge ("private bytes"): 389M, peak: 430M

vm_info: OpenJDK 64-Bit Server VM (11.0.8+10-b944.6842174) for windows-amd64 JRE (11.0.8+10-b944.6842174), built on Sep 19 2020 01:11:42 by "builder" with MS VC++ 14.0 (VS2015)

END.
