#
# There is insufficient memory for the Java Runtime Environment to continue.
# Native memory allocation (malloc) failed to allocate 1048576 bytes for AllocateHeap
# Possible reasons:
#   The system is out of physical RAM or swap space
#   The process is running with CompressedOops enabled, and the Java Heap may be blocking the growth of the native heap
# Possible solutions:
#   Reduce memory load on the system
#   Increase physical memory or swap space
#   Check if swap backing store is full
#   Decrease Java heap size (-Xmx/-Xms)
#   Decrease number of Java threads
#   Decrease Java thread stack sizes (-Xss)
#   Set larger code cache with -XX:ReservedCodeCacheSize=
#   JVM is running with Unscaled Compressed Oops mode in which the Java heap is
#     placed in the first 4GB address space. The Java Heap base address is the
#     maximum limit for the native heap growth. Please use -XX:HeapBaseMinAddress
#     to set the Java Heap base and to place the Java Heap above 4GB virtual address.
# This output file may be truncated or incomplete.
#
#  Out of Memory Error (./src/hotspot/share/memory/allocation.cpp:46), pid=3788, tid=4932
#
# JRE version: OpenJDK Runtime Environment (11.0.8+10) (build 11.0.8+10-b944.6842174)
# Java VM: OpenJDK 64-Bit Server VM (11.0.8+10-b944.6842174, mixed mode, tiered, compressed oops, g1 gc, windows-amd64)
# No core dump will be written. Minidumps are not enabled by default on client versions of Windows
#

---------------  S U M M A R Y ------------

Command Line: --add-opens=java.base/java.util=ALL-UNNAMED --add-opens=java.base/java.lang=ALL-UNNAMED --add-opens=java.base/java.lang.invoke=ALL-UNNAMED --add-opens=java.prefs/java.util.prefs=ALL-UNNAMED -Xmx2048m -Dfile.encoding=UTF-8 -Duser.country=RU -Duser.language=ru -Duser.variant org.gradle.launcher.daemon.bootstrap.GradleDaemon 6.7.1

Host: AMD Athlon(tm) 64 X2 Dual Core Processor 4200+, 2 cores, 3G,  Windows 7 , 64 bit Build 7601 (6.1.7601.24596)
Time: Sun May  1 15:05:53 2022 RTZ 1 (ceia) elapsed time: 467 seconds (0d 0h 7m 47s)

---------------  T H R E A D  ---------------

Current thread (0x000000005d1b3000):  VMThread "VM Thread" [stack: 0x000000005d4a0000,0x000000005d5a0000] [id=4932]

Stack: [0x000000005d4a0000,0x000000005d5a0000]
[error occurred during error reporting (printing stack bounds), id 0xc0000005, EXCEPTION_ACCESS_VIOLATION (0xc0000005) at pc=0x0000000005f70dbd]

Native frames: (J=compiled Java code, j=interpreted, Vv=VM code, C=native code)
V  [jvm.dll+0x5de50a]
V  [jvm.dll+0x7122f5]
V  [jvm.dll+0x71384d]
V  [jvm.dll+0x713e65]
V  [jvm.dll+0x713e1b]
V  [jvm.dll+0x5dd958]
V  [jvm.dll+0x5de0f8]
C  [ntdll.dll+0x6b3cd]
C  [ntdll.dll+0x3f71a]
C  [ntdll.dll+0x6aa6e]
C  0x0000000005f70dbd

VM_Operation (0x00000000668d74b0): CollectForMetadataAllocation, mode: safepoint, requested by thread 0x000000006029a800


---------------  P R O C E S S  ---------------

Threads class SMR info:
_java_thread_list=0x0000000070dc5c30, length=43, elements={
0x00000000002de800, 0x000000005d1b6000, 0x000000005d1b8000, 0x000000005d1ce800,
0x000000005d1d1800, 0x000000005d1d2800, 0x000000005d1fe800, 0x000000005d200000,
0x000000005e167800, 0x000000005e16c800, 0x000000006022f800, 0x000000006045f800,
0x0000000060110800, 0x000000005f89f000, 0x000000005f957000, 0x000000005fe45000,
0x000000005f816000, 0x000000005f7fc800, 0x000000005f4cc800, 0x00000000603e5000,
0x00000000603e5800, 0x00000000603e6800, 0x00000000603e7800, 0x00000000603e8000,
0x00000000603e9000, 0x00000000603ea000, 0x00000000603ea800, 0x00000000612d9000,
0x00000000612da800, 0x00000000612db800, 0x000000006044f800, 0x000000005e351800,
0x0000000060295800, 0x0000000060297000, 0x0000000060299000, 0x000000006029c000,
0x000000006029b800, 0x000000006029a800, 0x0000000060452800, 0x0000000060456000,
0x0000000060451000, 0x0000000060450000, 0x0000000060452000
}

Java Threads: ( => current thread )
  0x00000000002de800 JavaThread "main" [_thread_blocked, id=4680, stack(0x0000000002170000,0x0000000002270000)]
  0x000000005d1b6000 JavaThread "Reference Handler" daemon [_thread_blocked, id=3404, stack(0x000000005d370000,0x000000005d470000)]
  0x000000005d1b8000 JavaThread "Finalizer" daemon [_thread_blocked, id=2332, stack(0x000000005d780000,0x000000005d880000)]
  0x000000005d1ce800 JavaThread "Signal Dispatcher" daemon [_thread_blocked, id=4728, stack(0x000000005d670000,0x000000005d770000)]
  0x000000005d1d1800 JavaThread "Attach Listener" daemon [_thread_blocked, id=3248, stack(0x000000005d930000,0x000000005da30000)]
  0x000000005d1d2800 JavaThread "C2 CompilerThread0" daemon [_thread_blocked, id=1396, stack(0x000000005daf0000,0x000000005dbf0000)]
  0x000000005d1fe800 JavaThread "C1 CompilerThread0" daemon [_thread_blocked, id=4832, stack(0x000000005ddc0000,0x000000005dec0000)]
  0x000000005d200000 JavaThread "Sweeper thread" daemon [_thread_blocked, id=6104, stack(0x000000005dfd0000,0x000000005e0d0000)]
  0x000000005e167800 JavaThread "Common-Cleaner" daemon [_thread_blocked, id=3568, stack(0x000000005dc70000,0x000000005dd70000)]
  0x000000005e16c800 JavaThread "Service Thread" daemon [_thread_blocked, id=4956, stack(0x000000005e5d0000,0x000000005e6d0000)]
  0x000000006022f800 JavaThread "Daemon health stats" [_thread_blocked, id=3600, stack(0x00000000617f0000,0x00000000618f0000)]
  0x000000006045f800 JavaThread "Incoming local TCP Connector on port 49882" [_thread_in_native, id=5096, stack(0x0000000062040000,0x0000000062140000)]
  0x0000000060110800 JavaThread "Daemon periodic checks" [_thread_blocked, id=4424, stack(0x00000000624b0000,0x00000000625b0000)]
  0x000000005f89f000 JavaThread "Daemon" [_thread_blocked, id=5976, stack(0x0000000062650000,0x0000000062750000)]
  0x000000005f957000 JavaThread "Handler for socket connection from /127.0.0.1:49882 to /127.0.0.1:49883" [_thread_in_native, id=5992, stack(0x00000000627e0000,0x00000000628e0000)]
  0x000000005fe45000 JavaThread "Cancel handler" [_thread_blocked, id=5500, stack(0x0000000062960000,0x0000000062a60000)]
  0x000000005f816000 JavaThread "Daemon worker" [_thread_blocked, id=5092, stack(0x0000000062360000,0x0000000062460000)]
  0x000000005f7fc800 JavaThread "Asynchronous log dispatcher for DefaultDaemonConnection: socket connection from /127.0.0.1:49882 to /127.0.0.1:49883" [_thread_blocked, id=3836, stack(0x000000005e4d0000,0x000000005e5d0000)]
  0x000000005f4cc800 JavaThread "Thread-8" [_thread_blocked, id=1732, stack(0x0000000062ad0000,0x0000000062bd0000)]
  0x00000000603e5000 JavaThread "Cache worker for file hash cache (C:\Users\User\.gradle\caches\6.7.1\fileHashes)" [_thread_blocked, id=4160, stack(0x0000000063020000,0x0000000063120000)]
  0x00000000603e5800 JavaThread "File lock request listener" [_thread_in_native, id=3844, stack(0x0000000063230000,0x0000000063330000)]
  0x00000000603e6800 JavaThread "Cache worker for journal cache (C:\Users\User\.gradle\caches\journal-1)" [_thread_blocked, id=4668, stack(0x0000000063670000,0x0000000063770000)]
  0x00000000603e7800 JavaThread "Cache worker for file hash cache (E:\PROJECT_JAVA\AS_FX\PizzaDelivery\.gradle\6.7.1\fileHashes)" [_thread_blocked, id=6128, stack(0x00000000639e0000,0x0000000063ae0000)]
  0x00000000603e8000 JavaThread "Cache worker for checksums cache (E:\PROJECT_JAVA\AS_FX\PizzaDelivery\.gradle\checksums)" [_thread_blocked, id=2420, stack(0x0000000063dc0000,0x0000000063ec0000)]
  0x00000000603e9000 JavaThread "Cache worker for cache directory md-supplier (C:\Users\User\.gradle\caches\6.7.1\md-supplier)" [_thread_blocked, id=4380, stack(0x0000000063f30000,0x0000000064030000)]
  0x00000000603ea000 JavaThread "Cache worker for cache directory md-rule (C:\Users\User\.gradle\caches\6.7.1\md-rule)" [_thread_blocked, id=4268, stack(0x0000000065090000,0x0000000065190000)]
  0x00000000603ea800 JavaThread "Cache worker for execution history cache (C:\Users\User\.gradle\caches\6.7.1\executionHistory)" [_thread_blocked, id=4220, stack(0x0000000065580000,0x0000000065680000)]
  0x00000000612d9000 JavaThread "Cache worker for file content cache (C:\Users\User\.gradle\caches\6.7.1\fileContent)" [_thread_blocked, id=4992, stack(0x0000000065d60000,0x0000000065e60000)]
  0x00000000612da800 JavaThread "Cache worker for Build Output Cleanup Cache (E:\PROJECT_JAVA\AS_FX\PizzaDelivery\.gradle\buildOutputCleanup)" [_thread_blocked, id=5820, stack(0x00000000664e0000,0x00000000665e0000)]
  0x00000000612db800 JavaThread "Build operations" [_thread_blocked, id=3364, stack(0x00000000651b0000,0x00000000652b0000)]
  0x000000006044f800 JavaThread "Build operations Thread 2" [_thread_blocked, id=4172, stack(0x0000000066910000,0x0000000066a10000)]
  0x000000005e351800 JavaThread "Memory manager" [_thread_blocked, id=960, stack(0x0000000071900000,0x0000000071a00000)]
  0x0000000060295800 JavaThread "build event listener" [_thread_blocked, id=6032, stack(0x0000000062be0000,0x0000000062ce0000)]
  0x0000000060297000 JavaThread "build event listener" [_thread_blocked, id=1068, stack(0x0000000066ad0000,0x0000000066bd0000)]
  0x0000000060299000 JavaThread "Execution worker for ':'" [_thread_blocked, id=6088, stack(0x0000000062ef0000,0x0000000062ff0000)]
  0x000000006029c000 JavaThread "Cache worker for execution history cache (E:\PROJECT_JAVA\AS_FX\PizzaDelivery\.gradle\6.7.1\executionHistory)" [_thread_blocked, id=1056, stack(0x000000005dec0000,0x000000005dfc0000)]
  0x000000006029b800 JavaThread "WorkerExecutor Queue" [_thread_blocked, id=4824, stack(0x00000000671f0000,0x00000000672f0000)]
  0x000000006029a800 JavaThread "WorkerExecutor Queue Thread 2" [_thread_blocked, id=4964, stack(0x00000000667e0000,0x00000000668e0000)]
  0x0000000060452800 JavaThread "RMI Scheduler(0)" daemon [_thread_blocked, id=5672, stack(0x0000000067f50000,0x0000000068050000)]
  0x0000000060456000 JavaThread "RMI GC Daemon" daemon [_thread_blocked, id=5112, stack(0x00000000682d0000,0x00000000683d0000)]
  0x0000000060451000 JavaThread "RMI TCP Accept-0" daemon [_thread_in_native, id=888, stack(0x00000000684f0000,0x00000000685f0000)]
  0x0000000060450000 JavaThread "RMI Reaper" [_thread_blocked, id=5556, stack(0x00000000686d0000,0x00000000687d0000)]
  0x0000000060452000 JavaThread "RMI TCP Connection(idle)" daemon [_thread_blocked, id=5848, stack(0x00000000688b0000,0x00000000689b0000)]

Other Threads:
=>0x000000005d1b3000 VMThread "VM Thread" [stack: 0x000000005d4a0000,0x000000005d5a0000] [id=4932]
  0x000000005e16d000 WatcherThread [stack: 0x000000005e730000,0x000000005e830000] [id=4476]
  0x00000000002f8800 GCTaskThread "GC Thread#0" [stack: 0x00000000150d0000,0x00000000151d0000] [id=4604]
  0x000000005e1f9800 GCTaskThread "GC Thread#1" [stack: 0x000000005e8c0000,0x000000005e9c0000] [id=4572]
  0x000000000032a000 ConcurrentGCThread "G1 Main Marker" [stack: 0x000000001a150000,0x000000001a250000] [id=3084]
  0x000000000032d000 ConcurrentGCThread "G1 Conc#0" [stack: 0x000000001a3c0000,0x000000001a4c0000] [id=2340]
  0x000000000037c000 ConcurrentGCThread "G1 Refine#0" [stack: 0x000000001c5b0000,0x000000001c6b0000] [id=6008]
  0x000000000037d000 ConcurrentGCThread "G1 Young RemSet Sampling" [stack: 0x000000001c7d0000,0x000000001c8d0000] [id=5988]

Threads with active compile tasks:

VM state:at safepoint (normal execution)

VM Mutex/Monitor currently owned by a thread:  ([mutex/lock_event])
[0x00000000002da6e0] Threads_lock - owner thread: 0x000000005d1b3000
[0x00000000002daec0] Heap_lock - owner thread: 0x000000006029a800

Heap address: 0x0000000080000000, size: 2048 MB, Compressed Oops mode: 32-bit
Narrow klass base: 0x0000000000000000, Narrow klass shift: 0
Compressed class space size: 1073741824 Address: 0x000000001c8d0000

Heap:
 garbage-first heap   total 206848K, used 113408K [0x0000000080000000, 0x0000000100000000)
  region size 1024K, 1 young (1024K), 1 survivors (1024K)
 Metaspace       used 105663K, capacity 108183K, committed 108284K, reserved 1144832K
  class space    used 13547K, capacity 14460K, committed 14464K, reserved 1048576K
Heap Regions: E=young(eden), S=young(survivor), O=old, HS=humongous(starts), HC=humongous(continues), CS=collection set, F=free, A=archive, TAMS=top-at-mark-start (previous, next)
|   0|0x0000000080000000, 0x0000000080100000, 0x0000000080100000|100%| O|  |TAMS 0x0000000080100000, 0x0000000080000000| Complete 
|   1|0x0000000080100000, 0x0000000080200000, 0x0000000080200000|100%| O|  |TAMS 0x0000000080200000, 0x0000000080100000| Untracked 
|   2|0x0000000080200000, 0x0000000080300000, 0x0000000080300000|100%| O|  |TAMS 0x0000000080300000, 0x0000000080200000| Untracked 
|   3|0x0000000080300000, 0x0000000080400000, 0x0000000080400000|100%| O|  |TAMS 0x0000000080400000, 0x0000000080300000| Untracked 
|   4|0x0000000080400000, 0x0000000080500000, 0x0000000080500000|100%|HS|  |TAMS 0x0000000080500000, 0x0000000080400000| Complete 
|   5|0x0000000080500000, 0x0000000080600000, 0x0000000080600000|100%|HC|  |TAMS 0x0000000080600000, 0x0000000080500000| Complete 
|   6|0x0000000080600000, 0x0000000080700000, 0x0000000080700000|100%|HC|  |TAMS 0x0000000080700000, 0x0000000080600000| Complete 
|   7|0x0000000080700000, 0x0000000080800000, 0x0000000080800000|100%| O|  |TAMS 0x0000000080800000, 0x0000000080700000| Untracked 
|   8|0x0000000080800000, 0x0000000080900000, 0x0000000080900000|100%| O|  |TAMS 0x0000000080900000, 0x0000000080800000| Untracked 
|   9|0x0000000080900000, 0x0000000080a00000, 0x0000000080a00000|100%| O|  |TAMS 0x0000000080a00000, 0x0000000080900000| Complete 
|  10|0x0000000080a00000, 0x0000000080b00000, 0x0000000080b00000|100%| O|  |TAMS 0x0000000080b00000, 0x0000000080a00000| Complete 
|  11|0x0000000080b00000, 0x0000000080c00000, 0x0000000080c00000|100%| O|  |TAMS 0x0000000080c00000, 0x0000000080b00000| Untracked 
|  12|0x0000000080c00000, 0x0000000080d00000, 0x0000000080d00000|100%| O|  |TAMS 0x0000000080d00000, 0x0000000080c00000| Untracked 
|  13|0x0000000080d00000, 0x0000000080e00000, 0x0000000080e00000|100%| O|  |TAMS 0x0000000080e00000, 0x0000000080d00000| Untracked 
|  14|0x0000000080e00000, 0x0000000080f00000, 0x0000000080f00000|100%| O|  |TAMS 0x0000000080f00000, 0x0000000080e00000| Untracked 
|  15|0x0000000080f00000, 0x0000000081000000, 0x0000000081000000|100%| O|  |TAMS 0x0000000081000000, 0x0000000080f00000| Untracked 
|  16|0x0000000081000000, 0x0000000081100000, 0x0000000081100000|100%| O|  |TAMS 0x0000000081100000, 0x0000000081000000| Complete 
|  17|0x0000000081100000, 0x0000000081200000, 0x0000000081200000|100%| O|  |TAMS 0x0000000081200000, 0x0000000081100000| Untracked 
|  18|0x0000000081200000, 0x0000000081300000, 0x0000000081300000|100%| O|  |TAMS 0x0000000081300000, 0x0000000081200000| Untracked 
|  19|0x0000000081300000, 0x0000000081400000, 0x0000000081400000|100%| O|  |TAMS 0x0000000081400000, 0x0000000081300000| Untracked 
|  20|0x0000000081400000, 0x0000000081500000, 0x0000000081500000|100%| O|  |TAMS 0x0000000081500000, 0x0000000081400000| Complete 
|  21|0x0000000081500000, 0x0000000081600000, 0x0000000081600000|100%| O|  |TAMS 0x0000000081600000, 0x0000000081500000| Untracked 
|  22|0x0000000081600000, 0x0000000081700000, 0x0000000081700000|100%| O|  |TAMS 0x0000000081700000, 0x0000000081600000| Untracked 
|  23|0x0000000081700000, 0x0000000081800000, 0x0000000081800000|100%| O|  |TAMS 0x0000000081800000, 0x0000000081700000| Untracked 
|  24|0x0000000081800000, 0x0000000081900000, 0x0000000081900000|100%| O|  |TAMS 0x0000000081900000, 0x0000000081800000| Untracked 
|  25|0x0000000081900000, 0x0000000081a00000, 0x0000000081a00000|100%| O|  |TAMS 0x0000000081a00000, 0x0000000081900000| Untracked 
|  26|0x0000000081a00000, 0x0000000081b00000, 0x0000000081b00000|100%| O|  |TAMS 0x0000000081b00000, 0x0000000081a00000| Untracked 
|  27|0x0000000081b00000, 0x0000000081c00000, 0x0000000081c00000|100%| O|  |TAMS 0x0000000081c00000, 0x0000000081b00000| Complete 
|  28|0x0000000081c00000, 0x0000000081d00000, 0x0000000081d00000|100%|HS|  |TAMS 0x0000000081d00000, 0x0000000081c00000| Complete 
|  29|0x0000000081d00000, 0x0000000081d00000, 0x0000000081e00000|  0%| F|  |TAMS 0x0000000081d00000, 0x0000000081d00000| Untracked 
|  30|0x0000000081e00000, 0x0000000081e00000, 0x0000000081f00000|  0%| F|  |TAMS 0x0000000081e00000, 0x0000000081e00000| Untracked 
|  31|0x0000000081f00000, 0x0000000082000000, 0x0000000082000000|100%| O|  |TAMS 0x0000000082000000, 0x0000000081f00000| Complete 
|  32|0x0000000082000000, 0x0000000082100000, 0x0000000082100000|100%| O|  |TAMS 0x0000000082100000, 0x0000000082000000| Untracked 
|  33|0x0000000082100000, 0x0000000082200000, 0x0000000082200000|100%|HS|  |TAMS 0x0000000082200000, 0x0000000082100000| Complete 
|  34|0x0000000082200000, 0x0000000082300000, 0x0000000082300000|100%|HC|  |TAMS 0x0000000082300000, 0x0000000082200000| Complete 
|  35|0x0000000082300000, 0x0000000082400000, 0x0000000082400000|100%|HC|  |TAMS 0x0000000082400000, 0x0000000082300000| Complete 
|  36|0x0000000082400000, 0x0000000082500000, 0x0000000082500000|100%| O|  |TAMS 0x0000000082500000, 0x0000000082400000| Complete 
|  37|0x0000000082500000, 0x0000000082600000, 0x0000000082600000|100%| O|  |TAMS 0x0000000082600000, 0x0000000082500000| Complete 
|  38|0x0000000082600000, 0x0000000082700000, 0x0000000082700000|100%| O|  |TAMS 0x0000000082700000, 0x0000000082600000| Complete 
|  39|0x0000000082700000, 0x0000000082800000, 0x0000000082800000|100%|HS|  |TAMS 0x0000000082800000, 0x0000000082700000| Complete 
|  40|0x0000000082800000, 0x0000000082900000, 0x0000000082900000|100%|HC|  |TAMS 0x0000000082900000, 0x0000000082800000| Complete 
|  41|0x0000000082900000, 0x0000000082a00000, 0x0000000082a00000|100%| O|  |TAMS 0x0000000082a00000, 0x0000000082900000| Untracked 
|  42|0x0000000082a00000, 0x0000000082b00000, 0x0000000082b00000|100%| O|  |TAMS 0x0000000082b00000, 0x0000000082a00000| Complete 
|  43|0x0000000082b00000, 0x0000000082c00000, 0x0000000082c00000|100%| O|  |TAMS 0x0000000082c00000, 0x0000000082b00000| Untracked 
|  44|0x0000000082c00000, 0x0000000082d00000, 0x0000000082d00000|100%| O|  |TAMS 0x0000000082d00000, 0x0000000082c00000| Untracked 
|  45|0x0000000082d00000, 0x0000000082e00000, 0x0000000082e00000|100%| O|  |TAMS 0x0000000082e00000, 0x0000000082d00000| Untracked 
|  46|0x0000000082e00000, 0x0000000082f00000, 0x0000000082f00000|100%| O|  |TAMS 0x0000000082f00000, 0x0000000082e00000| Untracked 
|  47|0x0000000082f00000, 0x0000000083000000, 0x0000000083000000|100%| O|  |TAMS 0x0000000083000000, 0x0000000082f00000| Complete 
|  48|0x0000000083000000, 0x0000000083100000, 0x0000000083100000|100%| O|  |TAMS 0x0000000083100000, 0x0000000083000000| Untracked 
|  49|0x0000000083100000, 0x0000000083200000, 0x0000000083200000|100%| O|  |TAMS 0x0000000083200000, 0x0000000083100000| Untracked 
|  50|0x0000000083200000, 0x0000000083300000, 0x0000000083300000|100%| O|  |TAMS 0x0000000083300000, 0x0000000083200000| Untracked 
|  51|0x0000000083300000, 0x0000000083400000, 0x0000000083400000|100%| O|  |TAMS 0x0000000083400000, 0x0000000083300000| Untracked 
|  52|0x0000000083400000, 0x0000000083500000, 0x0000000083500000|100%| O|  |TAMS 0x0000000083500000, 0x0000000083400000| Untracked 
|  53|0x0000000083500000, 0x0000000083600000, 0x0000000083600000|100%| O|  |TAMS 0x0000000083600000, 0x0000000083500000| Untracked 
|  54|0x0000000083600000, 0x0000000083700000, 0x0000000083700000|100%| O|  |TAMS 0x0000000083700000, 0x0000000083600000| Untracked 
|  55|0x0000000083700000, 0x0000000083800000, 0x0000000083800000|100%| O|  |TAMS 0x0000000083800000, 0x0000000083700000| Complete 
|  56|0x0000000083800000, 0x0000000083900000, 0x0000000083900000|100%| O|  |TAMS 0x0000000083900000, 0x0000000083800000| Untracked 
|  57|0x0000000083900000, 0x0000000083a00000, 0x0000000083a00000|100%| O|  |TAMS 0x0000000083a00000, 0x0000000083900000| Untracked 
|  58|0x0000000083a00000, 0x0000000083b00000, 0x0000000083b00000|100%| O|  |TAMS 0x0000000083b00000, 0x0000000083a00000| Complete 
|  59|0x0000000083b00000, 0x0000000083c00000, 0x0000000083c00000|100%| O|  |TAMS 0x0000000083c00000, 0x0000000083b00000| Untracked 
|  60|0x0000000083c00000, 0x0000000083d00000, 0x0000000083d00000|100%| O|  |TAMS 0x0000000083d00000, 0x0000000083c00000| Untracked 
|  61|0x0000000083d00000, 0x0000000083e00000, 0x0000000083e00000|100%| O|  |TAMS 0x0000000083e00000, 0x0000000083d00000| Complete 
|  62|0x0000000083e00000, 0x0000000083f00000, 0x0000000083f00000|100%| O|  |TAMS 0x0000000083f00000, 0x0000000083e00000| Untracked 
|  63|0x0000000083f00000, 0x0000000084000000, 0x0000000084000000|100%| O|  |TAMS 0x0000000084000000, 0x0000000083f00000| Untracked 
|  64|0x0000000084000000, 0x0000000084100000, 0x0000000084100000|100%| O|  |TAMS 0x0000000084100000, 0x0000000084000000| Untracked 
|  65|0x0000000084100000, 0x0000000084200000, 0x0000000084200000|100%| O|  |TAMS 0x0000000084200000, 0x0000000084100000| Untracked 
|  66|0x0000000084200000, 0x0000000084300000, 0x0000000084300000|100%| O|  |TAMS 0x0000000084300000, 0x0000000084200000| Complete 
|  67|0x0000000084300000, 0x0000000084400000, 0x0000000084400000|100%| O|  |TAMS 0x0000000084400000, 0x0000000084300000| Untracked 
|  68|0x0000000084400000, 0x0000000084500000, 0x0000000084500000|100%| O|  |TAMS 0x0000000084500000, 0x0000000084400000| Untracked 
|  69|0x0000000084500000, 0x0000000084600000, 0x0000000084600000|100%| O|  |TAMS 0x0000000084600000, 0x0000000084500000| Untracked 
|  70|0x0000000084600000, 0x0000000084700000, 0x0000000084700000|100%| O|  |TAMS 0x0000000084700000, 0x0000000084600000| Untracked 
|  71|0x0000000084700000, 0x0000000084800000, 0x0000000084800000|100%| O|  |TAMS 0x0000000084800000, 0x0000000084700000| Complete 
|  72|0x0000000084800000, 0x0000000084900000, 0x0000000084900000|100%| O|  |TAMS 0x0000000084900000, 0x0000000084800000| Complete 
|  73|0x0000000084900000, 0x0000000084a00000, 0x0000000084a00000|100%| O|  |TAMS 0x0000000084a00000, 0x0000000084900000| Complete 
|  74|0x0000000084a00000, 0x0000000084b00000, 0x0000000084b00000|100%| O|  |TAMS 0x0000000084b00000, 0x0000000084a00000| Untracked 
|  75|0x0000000084b00000, 0x0000000084c00000, 0x0000000084c00000|100%| O|  |TAMS 0x0000000084c00000, 0x0000000084b00000| Untracked 
|  76|0x0000000084c00000, 0x0000000084d00000, 0x0000000084d00000|100%| O|  |TAMS 0x0000000084d00000, 0x0000000084c00000| Complete 
|  77|0x0000000084d00000, 0x0000000084e00000, 0x0000000084e00000|100%| O|  |TAMS 0x0000000084e00000, 0x0000000084d00000| Complete 
|  78|0x0000000084e00000, 0x0000000084e00000, 0x0000000084f00000|  0%| F|  |TAMS 0x0000000084e00000, 0x0000000084e00000| Untracked 
|  79|0x0000000084f00000, 0x0000000085000000, 0x0000000085000000|100%| O|  |TAMS 0x0000000085000000, 0x0000000084f00000| Complete 
|  80|0x0000000085000000, 0x0000000085100000, 0x0000000085100000|100%| O|  |TAMS 0x0000000085100000, 0x0000000085000000| Untracked 
|  81|0x0000000085100000, 0x0000000085200000, 0x0000000085200000|100%| O|  |TAMS 0x0000000085200000, 0x0000000085100000| Untracked 
|  82|0x0000000085200000, 0x0000000085200000, 0x0000000085300000|  0%| F|  |TAMS 0x0000000085200000, 0x0000000085200000| Untracked 
|  83|0x0000000085300000, 0x0000000085400000, 0x0000000085400000|100%| O|  |TAMS 0x0000000085400000, 0x0000000085300000| Complete 
|  84|0x0000000085400000, 0x0000000085500000, 0x0000000085500000|100%| O|  |TAMS 0x0000000085500000, 0x0000000085400000| Complete 
|  85|0x0000000085500000, 0x0000000085600000, 0x0000000085600000|100%| O|  |TAMS 0x0000000085600000, 0x0000000085500000| Complete 
|  86|0x0000000085600000, 0x0000000085700000, 0x0000000085700000|100%| O|  |TAMS 0x0000000085700000, 0x0000000085600000| Complete 
|  87|0x0000000085700000, 0x0000000085800000, 0x0000000085800000|100%| O|  |TAMS 0x0000000085800000, 0x0000000085700000| Untracked 
|  88|0x0000000085800000, 0x0000000085800000, 0x0000000085900000|  0%| F|  |TAMS 0x0000000085800000, 0x0000000085800000| Untracked 
|  89|0x0000000085900000, 0x0000000085a00000, 0x0000000085a00000|100%| O|  |TAMS 0x0000000085a00000, 0x0000000085900000| Complete 
|  90|0x0000000085a00000, 0x0000000085b00000, 0x0000000085b00000|100%| O|  |TAMS 0x0000000085b00000, 0x0000000085a00000| Untracked 
|  91|0x0000000085b00000, 0x0000000085c00000, 0x0000000085c00000|100%| O|  |TAMS 0x0000000085c00000, 0x0000000085b00000| Untracked 
|  92|0x0000000085c00000, 0x0000000085d00000, 0x0000000085d00000|100%| O|  |TAMS 0x0000000085d00000, 0x0000000085c00000| Complete 
|  93|0x0000000085d00000, 0x0000000085d00000, 0x0000000085e00000|  0%| F|  |TAMS 0x0000000085d00000, 0x0000000085d00000| Untracked 
|  94|0x0000000085e00000, 0x0000000085f00000, 0x0000000085f00000|100%| O|  |TAMS 0x0000000085f00000, 0x0000000085e00000| Complete 
|  95|0x0000000085f00000, 0x0000000085fffff8, 0x0000000086000000| 99%| O|  |TAMS 0x0000000085fffff8, 0x0000000085f00000| Complete 
|  96|0x0000000086000000, 0x0000000086100000, 0x0000000086100000|100%| O|  |TAMS 0x0000000086100000, 0x0000000086000000| Complete 
|  97|0x0000000086100000, 0x0000000086200000, 0x0000000086200000|100%| O|  |TAMS 0x0000000086200000, 0x0000000086100000| Complete 
|  98|0x0000000086200000, 0x0000000086300000, 0x0000000086300000|100%| O|  |TAMS 0x0000000086300000, 0x0000000086200000| Complete 
|  99|0x0000000086300000, 0x0000000086400000, 0x0000000086400000|100%| O|  |TAMS 0x0000000086400000, 0x0000000086300000| Untracked 
| 100|0x0000000086400000, 0x0000000086400000, 0x0000000086500000|  0%| F|  |TAMS 0x0000000086400000, 0x0000000086400000| Untracked 
| 101|0x0000000086500000, 0x0000000086600000, 0x0000000086600000|100%| O|  |TAMS 0x0000000086600000, 0x0000000086500000| Untracked 
| 102|0x0000000086600000, 0x0000000086700000, 0x0000000086700000|100%| O|  |TAMS 0x0000000086700000, 0x0000000086600000| Complete 
| 103|0x0000000086700000, 0x0000000086800000, 0x0000000086800000|100%| O|  |TAMS 0x0000000086800000, 0x0000000086700000| Untracked 
| 104|0x0000000086800000, 0x0000000086900000, 0x0000000086900000|100%| O|  |TAMS 0x0000000086900000, 0x0000000086800000| Untracked 
| 105|0x0000000086900000, 0x0000000086a00000, 0x0000000086a00000|100%| O|  |TAMS 0x0000000086a00000, 0x0000000086900000| Untracked 
| 106|0x0000000086a00000, 0x0000000086b00000, 0x0000000086b00000|100%| O|  |TAMS 0x0000000086b00000, 0x0000000086a00000| Complete 
| 107|0x0000000086b00000, 0x0000000086c00000, 0x0000000086c00000|100%| O|  |TAMS 0x0000000086c00000, 0x0000000086b00000| Complete 
| 108|0x0000000086c00000, 0x0000000086d00000, 0x0000000086d00000|100%| O|  |TAMS 0x0000000086d00000, 0x0000000086c00000| Untracked 
| 109|0x0000000086d00000, 0x0000000086e00000, 0x0000000086e00000|100%| O|  |TAMS 0x0000000086e00000, 0x0000000086d00000| Untracked 
| 110|0x0000000086e00000, 0x0000000086f00000, 0x0000000086f00000|100%| O|  |TAMS 0x0000000086f00000, 0x0000000086e00000| Untracked 
| 111|0x0000000086f00000, 0x0000000087000000, 0x0000000087000000|100%| O|  |TAMS 0x0000000087000000, 0x0000000086f00000| Complete 
| 112|0x0000000087000000, 0x0000000087100000, 0x0000000087100000|100%| O|  |TAMS 0x0000000087100000, 0x0000000087000000| Untracked 
| 113|0x0000000087100000, 0x0000000087200000, 0x0000000087200000|100%| O|  |TAMS 0x0000000087200000, 0x0000000087100000| Untracked 
| 114|0x0000000087200000, 0x0000000087300000, 0x0000000087300000|100%| O|  |TAMS 0x0000000087300000, 0x0000000087200000| Untracked 
| 115|0x0000000087300000, 0x0000000087400000, 0x0000000087400000|100%| O|  |TAMS 0x0000000087400000, 0x0000000087300000| Untracked 
| 116|0x0000000087400000, 0x00000000874c0200, 0x0000000087500000| 75%| O|  |TAMS 0x00000000874c0200, 0x0000000087400000| Untracked 
| 117|0x0000000087500000, 0x0000000087500000, 0x0000000087600000|  0%| F|  |TAMS 0x0000000087500000, 0x0000000087500000| Untracked 
| 118|0x0000000087600000, 0x0000000087600000, 0x0000000087700000|  0%| F|  |TAMS 0x0000000087600000, 0x0000000087600000| Untracked 
| 119|0x0000000087700000, 0x0000000087700000, 0x0000000087800000|  0%| F|  |TAMS 0x0000000087700000, 0x0000000087700000| Untracked 
| 120|0x0000000087800000, 0x0000000087800000, 0x0000000087900000|  0%| F|  |TAMS 0x0000000087800000, 0x0000000087800000| Untracked 
| 121|0x0000000087900000, 0x0000000087900000, 0x0000000087a00000|  0%| F|  |TAMS 0x0000000087900000, 0x0000000087900000| Untracked 
| 122|0x0000000087a00000, 0x0000000087a00000, 0x0000000087b00000|  0%| F|  |TAMS 0x0000000087a00000, 0x0000000087a00000| Untracked 
| 123|0x0000000087b00000, 0x0000000087b00000, 0x0000000087c00000|  0%| F|  |TAMS 0x0000000087b00000, 0x0000000087b00000| Untracked 
| 124|0x0000000087c00000, 0x0000000087c00000, 0x0000000087d00000|  0%| F|  |TAMS 0x0000000087c00000, 0x0000000087c00000| Untracked 
| 125|0x0000000087d00000, 0x0000000087d00000, 0x0000000087e00000|  0%| F|  |TAMS 0x0000000087d00000, 0x0000000087d00000| Untracked 
| 126|0x0000000087e00000, 0x0000000087e00000, 0x0000000087f00000|  0%| F|  |TAMS 0x0000000087e00000, 0x0000000087e00000| Untracked 
| 127|0x0000000087f00000, 0x0000000087f00000, 0x0000000088000000|  0%| F|  |TAMS 0x0000000087f00000, 0x0000000087f00000| Untracked 
| 128|0x0000000088000000, 0x0000000088000000, 0x0000000088100000|  0%| F|  |TAMS 0x0000000088000000, 0x0000000088000000| Untracked 
| 129|0x0000000088100000, 0x0000000088100000, 0x0000000088200000|  0%| F|  |TAMS 0x0000000088100000, 0x0000000088100000| Untracked 
| 130|0x0000000088200000, 0x0000000088200000, 0x0000000088300000|  0%| F|  |TAMS 0x0000000088200000, 0x0000000088200000| Untracked 
| 131|0x0000000088300000, 0x0000000088300000, 0x0000000088400000|  0%| F|  |TAMS 0x0000000088300000, 0x0000000088300000| Untracked 
| 132|0x0000000088400000, 0x0000000088400000, 0x0000000088500000|  0%| F|  |TAMS 0x0000000088400000, 0x0000000088400000| Untracked 
| 133|0x0000000088500000, 0x0000000088500000, 0x0000000088600000|  0%| F|  |TAMS 0x0000000088500000, 0x0000000088500000| Untracked 
| 134|0x0000000088600000, 0x0000000088600000, 0x0000000088700000|  0%| F|  |TAMS 0x0000000088600000, 0x0000000088600000| Untracked 
| 135|0x0000000088700000, 0x0000000088700000, 0x0000000088800000|  0%| F|  |TAMS 0x0000000088700000, 0x0000000088700000| Untracked 
| 136|0x0000000088800000, 0x0000000088800000, 0x0000000088900000|  0%| F|  |TAMS 0x0000000088800000, 0x0000000088800000| Untracked 
| 137|0x0000000088900000, 0x0000000088900000, 0x0000000088a00000|  0%| F|  |TAMS 0x0000000088900000, 0x0000000088900000| Untracked 
| 138|0x0000000088a00000, 0x0000000088a00000, 0x0000000088b00000|  0%| F|  |TAMS 0x0000000088a00000, 0x0000000088a00000| Untracked 
| 139|0x0000000088b00000, 0x0000000088b00000, 0x0000000088c00000|  0%| F|  |TAMS 0x0000000088b00000, 0x0000000088b00000| Untracked 
| 140|0x0000000088c00000, 0x0000000088c00000, 0x0000000088d00000|  0%| F|  |TAMS 0x0000000088c00000, 0x0000000088c00000| Untracked 
| 141|0x0000000088d00000, 0x0000000088d00000, 0x0000000088e00000|  0%| F|  |TAMS 0x0000000088d00000, 0x0000000088d00000| Untracked 
| 142|0x0000000088e00000, 0x0000000088e00000, 0x0000000088f00000|  0%| F|  |TAMS 0x0000000088e00000, 0x0000000088e00000| Untracked 
| 143|0x0000000088f00000, 0x0000000088f00000, 0x0000000089000000|  0%| F|  |TAMS 0x0000000088f00000, 0x0000000088f00000| Untracked 
| 144|0x0000000089000000, 0x0000000089000000, 0x0000000089100000|  0%| F|  |TAMS 0x0000000089000000, 0x0000000089000000| Untracked 
| 145|0x0000000089100000, 0x0000000089100000, 0x0000000089200000|  0%| F|  |TAMS 0x0000000089100000, 0x0000000089100000| Untracked 
| 146|0x0000000089200000, 0x0000000089200000, 0x0000000089300000|  0%| F|  |TAMS 0x0000000089200000, 0x0000000089200000| Untracked 
| 147|0x0000000089300000, 0x0000000089300000, 0x0000000089400000|  0%| F|  |TAMS 0x0000000089300000, 0x0000000089300000| Untracked 
| 148|0x0000000089400000, 0x0000000089400000, 0x0000000089500000|  0%| F|  |TAMS 0x0000000089400000, 0x0000000089400000| Untracked 
| 149|0x0000000089500000, 0x0000000089500000, 0x0000000089600000|  0%| F|  |TAMS 0x0000000089500000, 0x0000000089500000| Untracked 
| 150|0x0000000089600000, 0x0000000089600000, 0x0000000089700000|  0%| F|  |TAMS 0x0000000089600000, 0x0000000089600000| Untracked 
| 151|0x0000000089700000, 0x0000000089700000, 0x0000000089800000|  0%| F|  |TAMS 0x0000000089700000, 0x0000000089700000| Untracked 
| 152|0x0000000089800000, 0x0000000089800000, 0x0000000089900000|  0%| F|  |TAMS 0x0000000089800000, 0x0000000089800000| Untracked 
| 153|0x0000000089900000, 0x0000000089900000, 0x0000000089a00000|  0%| F|  |TAMS 0x0000000089900000, 0x0000000089900000| Untracked 
| 154|0x0000000089a00000, 0x0000000089a00000, 0x0000000089b00000|  0%| F|  |TAMS 0x0000000089a00000, 0x0000000089a00000| Untracked 
| 155|0x0000000089b00000, 0x0000000089b00000, 0x0000000089c00000|  0%| F|  |TAMS 0x0000000089b00000, 0x0000000089b00000| Untracked 
| 156|0x0000000089c00000, 0x0000000089c00000, 0x0000000089d00000|  0%| F|  |TAMS 0x0000000089c00000, 0x0000000089c00000| Untracked 
| 157|0x0000000089d00000, 0x0000000089d00000, 0x0000000089e00000|  0%| F|  |TAMS 0x0000000089d00000, 0x0000000089d00000| Untracked 
| 158|0x0000000089e00000, 0x0000000089e00000, 0x0000000089f00000|  0%| F|  |TAMS 0x0000000089e00000, 0x0000000089e00000| Untracked 
| 159|0x0000000089f00000, 0x0000000089f00000, 0x000000008a000000|  0%| F|  |TAMS 0x0000000089f00000, 0x0000000089f00000| Untracked 
| 160|0x000000008a000000, 0x000000008a000000, 0x000000008a100000|  0%| F|  |TAMS 0x000000008a000000, 0x000000008a000000| Untracked 
| 161|0x000000008a100000, 0x000000008a100000, 0x000000008a200000|  0%| F|  |TAMS 0x000000008a100000, 0x000000008a100000| Untracked 
| 162|0x000000008a200000, 0x000000008a200000, 0x000000008a300000|  0%| F|  |TAMS 0x000000008a200000, 0x000000008a200000| Untracked 
| 163|0x000000008a300000, 0x000000008a300000, 0x000000008a400000|  0%| F|  |TAMS 0x000000008a300000, 0x000000008a300000| Untracked 
| 164|0x000000008a400000, 0x000000008a400000, 0x000000008a500000|  0%| F|  |TAMS 0x000000008a400000, 0x000000008a400000| Untracked 
| 165|0x000000008a500000, 0x000000008a500000, 0x000000008a600000|  0%| F|  |TAMS 0x000000008a500000, 0x000000008a500000| Untracked 
| 166|0x000000008a600000, 0x000000008a600000, 0x000000008a700000|  0%| F|  |TAMS 0x000000008a600000, 0x000000008a600000| Untracked 
| 167|0x000000008a700000, 0x000000008a700000, 0x000000008a800000|  0%| F|  |TAMS 0x000000008a700000, 0x000000008a700000| Untracked 
| 168|0x000000008a800000, 0x000000008a800000, 0x000000008a900000|  0%| F|  |TAMS 0x000000008a800000, 0x000000008a800000| Untracked 
| 169|0x000000008a900000, 0x000000008a900000, 0x000000008aa00000|  0%| F|  |TAMS 0x000000008a900000, 0x000000008a900000| Untracked 
| 170|0x000000008aa00000, 0x000000008aa00000, 0x000000008ab00000|  0%| F|  |TAMS 0x000000008aa00000, 0x000000008aa00000| Untracked 
| 171|0x000000008ab00000, 0x000000008ab00000, 0x000000008ac00000|  0%| F|  |TAMS 0x000000008ab00000, 0x000000008ab00000| Untracked 
| 172|0x000000008ac00000, 0x000000008ac00000, 0x000000008ad00000|  0%| F|  |TAMS 0x000000008ac00000, 0x000000008ac00000| Untracked 
| 173|0x000000008ad00000, 0x000000008ad00000, 0x000000008ae00000|  0%| F|  |TAMS 0x000000008ad00000, 0x000000008ad00000| Untracked 
| 174|0x000000008ae00000, 0x000000008ae00000, 0x000000008af00000|  0%| F|  |TAMS 0x000000008ae00000, 0x000000008ae00000| Untracked 
| 175|0x000000008af00000, 0x000000008af00000, 0x000000008b000000|  0%| F|  |TAMS 0x000000008af00000, 0x000000008af00000| Untracked 
| 176|0x000000008b000000, 0x000000008b000000, 0x000000008b100000|  0%| F|  |TAMS 0x000000008b000000, 0x000000008b000000| Untracked 
| 177|0x000000008b100000, 0x000000008b100000, 0x000000008b200000|  0%| F|  |TAMS 0x000000008b100000, 0x000000008b100000| Untracked 
| 178|0x000000008b200000, 0x000000008b200000, 0x000000008b300000|  0%| F|  |TAMS 0x000000008b200000, 0x000000008b200000| Untracked 
| 179|0x000000008b300000, 0x000000008b300000, 0x000000008b400000|  0%| F|  |TAMS 0x000000008b300000, 0x000000008b300000| Untracked 
| 180|0x000000008b400000, 0x000000008b400000, 0x000000008b500000|  0%| F|  |TAMS 0x000000008b400000, 0x000000008b400000| Untracked 
| 181|0x000000008b500000, 0x000000008b500000, 0x000000008b600000|  0%| F|  |TAMS 0x000000008b500000, 0x000000008b500000| Untracked 
| 182|0x000000008b600000, 0x000000008b600000, 0x000000008b700000|  0%| F|  |TAMS 0x000000008b600000, 0x000000008b600000| Untracked 
| 183|0x000000008b700000, 0x000000008b700000, 0x000000008b800000|  0%| F|  |TAMS 0x000000008b700000, 0x000000008b700000| Untracked 
| 184|0x000000008b800000, 0x000000008b800000, 0x000000008b900000|  0%| F|  |TAMS 0x000000008b800000, 0x000000008b800000| Untracked 
| 185|0x000000008b900000, 0x000000008b900000, 0x000000008ba00000|  0%| F|  |TAMS 0x000000008b900000, 0x000000008b900000| Untracked 
| 186|0x000000008ba00000, 0x000000008ba00000, 0x000000008bb00000|  0%| F|  |TAMS 0x000000008ba00000, 0x000000008ba00000| Untracked 
| 187|0x000000008bb00000, 0x000000008bb00000, 0x000000008bc00000|  0%| F|  |TAMS 0x000000008bb00000, 0x000000008bb00000| Untracked 
| 188|0x000000008bc00000, 0x000000008bc00000, 0x000000008bd00000|  0%| F|  |TAMS 0x000000008bc00000, 0x000000008bc00000| Untracked 
| 189|0x000000008bd00000, 0x000000008bd00000, 0x000000008be00000|  0%| F|  |TAMS 0x000000008bd00000, 0x000000008bd00000| Untracked 
| 190|0x000000008be00000, 0x000000008be00000, 0x000000008bf00000|  0%| F|  |TAMS 0x000000008be00000, 0x000000008be00000| Untracked 
| 191|0x000000008bf00000, 0x000000008bf00000, 0x000000008c000000|  0%| F|  |TAMS 0x000000008bf00000, 0x000000008bf00000| Untracked 
| 192|0x000000008c000000, 0x000000008c000000, 0x000000008c100000|  0%| F|  |TAMS 0x000000008c000000, 0x000000008c000000| Untracked 
| 193|0x000000008c100000, 0x000000008c100000, 0x000000008c200000|  0%| F|  |TAMS 0x000000008c100000, 0x000000008c100000| Untracked 
| 194|0x000000008c200000, 0x000000008c300000, 0x000000008c300000|100%| S|CS|TAMS 0x000000008c200000, 0x000000008c200000| Complete 
| 195|0x000000008c300000, 0x000000008c300000, 0x000000008c400000|  0%| F|  |TAMS 0x000000008c300000, 0x000000008c300000| Untracked 
| 196|0x000000008c400000, 0x000000008c400000, 0x000000008c500000|  0%| F|  |TAMS 0x000000008c400000, 0x000000008c400000| Untracked 
| 197|0x000000008c500000, 0x000000008c500000, 0x000000008c600000|  0%| F|  |TAMS 0x000000008c500000, 0x000000008c500000| Untracked 
| 198|0x000000008c600000, 0x000000008c600000, 0x000000008c700000|  0%| F|  |TAMS 0x000000008c600000, 0x000000008c600000| Untracked 
| 199|0x000000008c700000, 0x000000008c700000, 0x000000008c800000|  0%| F|  |TAMS 0x000000008c700000, 0x000000008c700000| Untracked 
| 200|0x000000008c800000, 0x000000008c800000, 0x000000008c900000|  0%| F|  |TAMS 0x000000008c800000, 0x000000008c800000| Untracked 
| 201|0x000000008c900000, 0x000000008c900000, 0x000000008ca00000|  0%| F|  |TAMS 0x000000008c900000, 0x000000008c900000| Untracked 

Card table byte_map: [0x00000000157f0000,0x0000000015bf0000] _byte_map_base: 0x00000000153f0000

Marking Bits (Prev, Next): (CMBitMap*) 0x0000000000321270, (CMBitMap*) 0x0000000000321238
 Prev Bits: [0x0000000017ff0000, 0x0000000019ff0000)
 Next Bits: [0x0000000015ff0000, 0x0000000017ff0000)

Polling page: 0x0000000000130000

Metaspace:

Usage:
  Non-class:     91.53 MB capacity,    89.96 MB ( 98%) used,     1.29 MB (  1%) free+waste,   286.69 KB ( <1%) overhead. 
      Class:     14.12 MB capacity,    13.23 MB ( 94%) used,   782.34 KB (  5%) free+waste,   129.94 KB ( <1%) overhead. 
       Both:    105.65 MB capacity,   103.19 MB ( 98%) used,     2.05 MB (  2%) free+waste,   416.63 KB ( <1%) overhead. 

Virtual space:
  Non-class space:       94.00 MB reserved,      91.62 MB ( 97%) committed 
      Class space:        1.00 GB reserved,      14.13 MB (  1%) committed 
             Both:        1.09 GB reserved,     105.75 MB (  9%) committed 

Chunk freelists:
   Non-Class:  33.00 KB
       Class:  4.00 KB
        Both:  37.00 KB

MaxMetaspaceSize: 17179869184.00 GB
CompressedClassSpaceSize: 1.00 GB

CodeHeap 'non-profiled nmethods': size=120064Kb used=8571Kb max_used=8571Kb free=111493Kb
 bounds [0x000000000da30000, 0x000000000e290000, 0x0000000014f70000]
CodeHeap 'profiled nmethods': size=120000Kb used=29133Kb max_used=29133Kb free=90866Kb
 bounds [0x0000000006500000, 0x0000000008180000, 0x000000000da30000]
CodeHeap 'non-nmethods': size=5696Kb used=2308Kb max_used=2327Kb free=3387Kb
 bounds [0x0000000005f70000, 0x00000000061e0000, 0x0000000006500000]
 total_blobs=14475 nmethods=13530 adapters=857
 compilation: enabled
              stopped_count=0, restarted_count=0
 full_count=0

Compilation events (20 events):
Event: 465.857 Thread 0x000000005d1fe800 nmethod 13884 0x000000000e28da90 code [0x000000000e28dc40, 0x000000000e28dcf8]
Event: 465.857 Thread 0x000000005d1d2800 nmethod 13877 0x000000000e28c110 code [0x000000000e28c320, 0x000000000e28d338]
Event: 465.857 Thread 0x000000005d1d2800 13878       4       com.android.tools.r8.ir.optimize.q$a::e (4 bytes)
Event: 465.858 Thread 0x000000005d1d2800 nmethod 13878 0x000000000e28dd90 code [0x000000000e28df20, 0x000000000e28df78]
Event: 465.858 Thread 0x000000005d1d2800 13879       4       jdk.internal.org.objectweb.asm.MethodWriter::visitCode (1 bytes)
Event: 465.858 Thread 0x000000005d1d2800 nmethod 13879 0x000000000e28e010 code [0x000000000e28e1a0, 0x000000000e28e1f8]
Event: 465.994 Thread 0x000000005d1fe800 13885       3       com.android.tools.r8.dex.B::a (123 bytes)
Event: 465.996 Thread 0x000000005d1fe800 nmethod 13885 0x0000000008172710 code [0x0000000008172a20, 0x0000000008173788]
Event: 466.119 Thread 0x000000005d1fe800 13887       3       java.lang.invoke.InvokerBytecodeGenerator::<init> (108 bytes)
Event: 466.121 Thread 0x000000005d1fe800 nmethod 13887 0x0000000008173d10 code [0x0000000008173f80, 0x0000000008174a98]
Event: 466.121 Thread 0x000000005d1fe800 13888       3       jdk.internal.org.objectweb.asm.ClassWriter::visitSource (36 bytes)
Event: 466.122 Thread 0x000000005d1fe800 nmethod 13888 0x0000000008174e10 code [0x0000000008175000, 0x0000000008175478]
Event: 466.641 Thread 0x000000005d1fe800 13890       3       java.util.regex.Matcher::find (35 bytes)
Event: 466.641 Thread 0x000000005d1fe800 nmethod 13890 0x0000000008175610 code [0x0000000008175800, 0x0000000008175bd8]
Event: 466.716 Thread 0x000000005d1d2800 13891       4       java.lang.invoke.MethodHandleNatives::refKindIsField (32 bytes)
Event: 466.717 Thread 0x000000005d1d2800 nmethod 13891 0x000000000e28e690 code [0x000000000e28e820, 0x000000000e28e878]
Event: 466.718 Thread 0x000000005d1fe800 13892       3       com.android.tools.r8.graph.e0::J (9 bytes)
Event: 466.718 Thread 0x000000005d1fe800 nmethod 13892 0x0000000008175d90 code [0x0000000008175f40, 0x00000000081760b8]
Event: 466.722 Thread 0x000000005d1fe800 13893       1       com.android.tools.r8.code.w1::k (2 bytes)
Event: 466.722 Thread 0x000000005d1fe800 nmethod 13893 0x000000000e28e910 code [0x000000000e28eac0, 0x000000000e28eb78]

GC Heap History (20 events):
Event: 180.477 GC heap before
{Heap before GC invocations=96 (full 0):
 garbage-first heap   total 206848K, used 104448K [0x0000000080000000, 0x0000000100000000)
  region size 1024K, 10 young (10240K), 7 survivors (7168K)
 Metaspace       used 90476K, capacity 92507K, committed 92796K, reserved 1130496K
  class space    used 11486K, capacity 12201K, committed 12288K, reserved 1048576K
}
Event: 180.512 GC heap after
{Heap after GC invocations=97 (full 0):
 garbage-first heap   total 206848K, used 101647K [0x0000000080000000, 0x0000000100000000)
  region size 1024K, 1 young (1024K), 1 survivors (1024K)
 Metaspace       used 90476K, capacity 92507K, committed 92796K, reserved 1130496K
  class space    used 11486K, capacity 12201K, committed 12288K, reserved 1048576K
}
Event: 184.555 GC heap before
{Heap before GC invocations=97 (full 0):
 garbage-first heap   total 206848K, used 151823K [0x0000000080000000, 0x0000000100000000)
  region size 1024K, 51 young (52224K), 1 survivors (1024K)
 Metaspace       used 90560K, capacity 92585K, committed 92796K, reserved 1130496K
  class space    used 11498K, capacity 12206K, committed 12288K, reserved 1048576K
}
Event: 184.581 GC heap after
{Heap after GC invocations=98 (full 0):
 garbage-first heap   total 206848K, used 104368K [0x0000000080000000, 0x0000000100000000)
  region size 1024K, 4 young (4096K), 4 survivors (4096K)
 Metaspace       used 90560K, capacity 92585K, committed 92796K, reserved 1130496K
  class space    used 11498K, capacity 12206K, committed 12288K, reserved 1048576K
}
Event: 188.173 GC heap before
{Heap before GC invocations=98 (full 0):
 garbage-first heap   total 206848K, used 155568K [0x0000000080000000, 0x0000000100000000)
  region size 1024K, 55 young (56320K), 4 survivors (4096K)
 Metaspace       used 90591K, capacity 92593K, committed 92796K, reserved 1130496K
  class space    used 11499K, capacity 12208K, committed 12288K, reserved 1048576K
}
Event: 188.200 GC heap after
{Heap after GC invocations=99 (full 0):
 garbage-first heap   total 206848K, used 106947K [0x0000000080000000, 0x0000000100000000)
  region size 1024K, 6 young (6144K), 6 survivors (6144K)
 Metaspace       used 90591K, capacity 92593K, committed 92796K, reserved 1130496K
  class space    used 11499K, capacity 12208K, committed 12288K, reserved 1048576K
}
Event: 226.558 GC heap before
{Heap before GC invocations=99 (full 0):
 garbage-first heap   total 206848K, used 159171K [0x0000000080000000, 0x0000000100000000)
  region size 1024K, 58 young (59392K), 6 survivors (6144K)
 Metaspace       used 91193K, capacity 93188K, committed 93308K, reserved 1130496K
  class space    used 11561K, capacity 12278K, committed 12288K, reserved 1048576K
}
Event: 226.610 GC heap after
{Heap after GC invocations=100 (full 0):
 garbage-first heap   total 206848K, used 112018K [0x0000000080000000, 0x0000000100000000)
  region size 1024K, 8 young (8192K), 8 survivors (8192K)
 Metaspace       used 91193K, capacity 93188K, committed 93308K, reserved 1130496K
  class space    used 11561K, capacity 12278K, committed 12288K, reserved 1048576K
}
Event: 227.758 GC heap before
{Heap before GC invocations=100 (full 0):
 garbage-first heap   total 206848K, used 162194K [0x0000000080000000, 0x0000000100000000)
  region size 1024K, 58 young (59392K), 8 survivors (8192K)
 Metaspace       used 92024K, capacity 94023K, committed 94204K, reserved 1130496K
  class space    used 11638K, capacity 12343K, committed 12416K, reserved 1048576K
}
Event: 227.790 GC heap after
{Heap after GC invocations=101 (full 0):
 garbage-first heap   total 206848K, used 111843K [0x0000000080000000, 0x0000000100000000)
  region size 1024K, 1 young (1024K), 1 survivors (1024K)
 Metaspace       used 92024K, capacity 94023K, committed 94204K, reserved 1130496K
  class space    used 11638K, capacity 12343K, committed 12416K, reserved 1048576K
}
Event: 230.380 GC heap before
{Heap before GC invocations=101 (full 0):
 garbage-first heap   total 206848K, used 164067K [0x0000000080000000, 0x0000000100000000)
  region size 1024K, 53 young (54272K), 1 survivors (1024K)
 Metaspace       used 94085K, capacity 96188K, committed 96252K, reserved 1132544K
  class space    used 11883K, capacity 12615K, committed 12672K, reserved 1048576K
}
Event: 230.411 GC heap after
{Heap after GC invocations=102 (full 0):
 garbage-first heap   total 206848K, used 115756K [0x0000000080000000, 0x0000000100000000)
  region size 1024K, 5 young (5120K), 5 survivors (5120K)
 Metaspace       used 94085K, capacity 96188K, committed 96252K, reserved 1132544K
  class space    used 11883K, capacity 12615K, committed 12672K, reserved 1048576K
}
Event: 429.701 GC heap before
{Heap before GC invocations=103 (full 0):
 garbage-first heap   total 206848K, used 166956K [0x0000000080000000, 0x0000000100000000)
  region size 1024K, 56 young (57344K), 5 survivors (5120K)
 Metaspace       used 99489K, capacity 101796K, committed 102012K, reserved 1138688K
  class space    used 12666K, capacity 13471K, committed 13568K, reserved 1048576K
}
Event: 429.759 GC heap after
{Heap after GC invocations=104 (full 0):
 garbage-first heap   total 206848K, used 118538K [0x0000000080000000, 0x0000000100000000)
  region size 1024K, 3 young (3072K), 3 survivors (3072K)
 Metaspace       used 99489K, capacity 101796K, committed 102012K, reserved 1138688K
  class space    used 12666K, capacity 13471K, committed 13568K, reserved 1048576K
}
Event: 448.604 GC heap before
{Heap before GC invocations=104 (full 0):
 garbage-first heap   total 206848K, used 124682K [0x0000000080000000, 0x0000000100000000)
  region size 1024K, 10 young (10240K), 3 survivors (3072K)
 Metaspace       used 101328K, capacity 103687K, committed 103804K, reserved 1138688K
  class space    used 12898K, capacity 13718K, committed 13824K, reserved 1048576K
}
Event: 448.694 GC heap after
{Heap after GC invocations=105 (full 0):
 garbage-first heap   total 206848K, used 112915K [0x0000000080000000, 0x0000000100000000)
  region size 1024K, 1 young (1024K), 1 survivors (1024K)
 Metaspace       used 101328K, capacity 103687K, committed 103804K, reserved 1138688K
  class space    used 12898K, capacity 13718K, committed 13824K, reserved 1048576K
}
Event: 464.775 GC heap before
{Heap before GC invocations=105 (full 0):
 garbage-first heap   total 206848K, used 128275K [0x0000000080000000, 0x0000000100000000)
  region size 1024K, 17 young (17408K), 1 survivors (1024K)
 Metaspace       used 104897K, capacity 107345K, committed 107388K, reserved 1148928K
  class space    used 13446K, capacity 14332K, committed 14336K, reserved 1048576K
}
Event: 464.830 GC heap after
{Heap after GC invocations=106 (full 0):
 garbage-first heap   total 206848K, used 113352K [0x0000000080000000, 0x0000000100000000)
  region size 1024K, 1 young (1024K), 1 survivors (1024K)
 Metaspace       used 104897K, capacity 107345K, committed 107388K, reserved 1148928K
  class space    used 13446K, capacity 14332K, committed 14336K, reserved 1048576K
}
Event: 466.928 GC heap before
{Heap before GC invocations=107 (full 0):
 garbage-first heap   total 206848K, used 119496K [0x0000000080000000, 0x0000000100000000)
  region size 1024K, 8 young (8192K), 1 survivors (1024K)
 Metaspace       used 105663K, capacity 108183K, committed 108284K, reserved 1144832K
  class space    used 13547K, capacity 14460K, committed 14464K, reserved 1048576K
}
Event: 466.944 GC heap after
{Heap after GC invocations=108 (full 0):
 garbage-first heap   total 206848K, used 113408K [0x0000000080000000, 0x0000000100000000)
  region size 1024K, 1 young (1024K), 1 survivors (1024K)
 Metaspace       used 105663K, capacity 108183K, committed 108284K, reserved 1144832K
  class space    used 13547K, capacity 14460K, committed 14464K, reserved 1048576K
}

Deoptimization events (20 events):
Event: 461.351 Thread 0x000000006029a800 Uncommon trap: trap_request=0xffffff4d fr.pc=0x000000000e0ecc4c relative=0x000000000000032c
Event: 461.351 Thread 0x000000006029a800 Uncommon trap: reason=unstable_if action=reinterpret pc=0x000000000e0ecc4c method=java.util.HashMap$HashIterator.<init>(Ljava/util/HashMap;)V @ 45 c2
Event: 461.351 Thread 0x000000006029a800 DEOPT PACKING pc=0x000000000e0ecc4c sp=0x00000000668dc4e0
Event: 461.351 Thread 0x000000006029a800 DEOPT UNPACKING pc=0x0000000005f965a9 sp=0x00000000668dc498 mode 2
Event: 464.266 Thread 0x000000006029a800 Uncommon trap: trap_request=0xffffff4d fr.pc=0x000000000dd940cc relative=0x000000000000112c
Event: 464.266 Thread 0x000000006029a800 Uncommon trap: reason=unstable_if action=reinterpret pc=0x000000000dd940cc method=java.util.HashMap.computeIfAbsent(Ljava/lang/Object;Ljava/util/function/Function;)Ljava/lang/Object; @ 145 c2
Event: 464.266 Thread 0x000000006029a800 DEOPT PACKING pc=0x000000000dd940cc sp=0x00000000668dc550
Event: 464.266 Thread 0x000000006029a800 DEOPT UNPACKING pc=0x0000000005f965a9 sp=0x00000000668dc530 mode 2
Event: 465.064 Thread 0x000000006029a800 Uncommon trap: trap_request=0xffffff4d fr.pc=0x000000000e279880 relative=0x0000000000000240
Event: 465.064 Thread 0x000000006029a800 Uncommon trap: reason=unstable_if action=reinterpret pc=0x000000000e279880 method=com.android.tools.r8.graph.q0.a([C)I @ 68 c2
Event: 465.064 Thread 0x000000006029a800 DEOPT PACKING pc=0x000000000e279880 sp=0x00000000668dc690
Event: 465.064 Thread 0x000000006029a800 DEOPT UNPACKING pc=0x0000000005f965a9 sp=0x00000000668dc608 mode 2
Event: 465.557 Thread 0x000000005e167800 Uncommon trap: trap_request=0xffffffde fr.pc=0x000000000db25dc8 relative=0x0000000000000508
Event: 465.557 Thread 0x000000005e167800 Uncommon trap: reason=class_check action=maybe_recompile pc=0x000000000db25dc8 method=jdk.internal.ref.PhantomCleanable.clean()V @ 12 c2
Event: 465.557 Thread 0x000000005e167800 DEOPT PACKING pc=0x000000000db25dc8 sp=0x000000005dd6f530
Event: 465.557 Thread 0x000000005e167800 DEOPT UNPACKING pc=0x0000000005f965a9 sp=0x000000005dd6f510 mode 2
Event: 465.765 Thread 0x000000006029a800 Uncommon trap: trap_request=0xffffff4d fr.pc=0x000000000e27e808 relative=0x0000000000000248
Event: 465.765 Thread 0x000000006029a800 Uncommon trap: reason=unstable_if action=reinterpret pc=0x000000000e27e808 method=com.android.tools.r8.graph.q0.b(Lcom/android/tools/r8/graph/q0;)I @ 39 c2
Event: 465.765 Thread 0x000000006029a800 DEOPT PACKING pc=0x000000000e27e808 sp=0x00000000668dd340
Event: 465.765 Thread 0x000000006029a800 DEOPT UNPACKING pc=0x0000000005f965a9 sp=0x00000000668dd2c0 mode 2

Classes redefined (0 events):
No events

Internal exceptions (20 events):
Event: 248.057 Thread 0x0000000060452000 Exception <a 'java/lang/NoSuchMethodError'{0x000000008b39fef0}: 'java.lang.Object java.lang.invoke.DirectMethodHandle$Holder.invokeStatic(java.lang.Object, java.lang.Object, java.lang.Object, java.lang.Object, java.lang.Object, java.lang.Object, java.lang.Object, java.lang.Object, java.lang.Object, java.lang.Object, java.lang.Object, java.lang.Object, java.lang.Object, int)'> (0x000000008b39fef0) thrown at [./src/hotspot/share/interpreter/linkResolver.cpp, line 773]
Event: 248.060 Thread 0x0000000060452000 Exception <a 'java/lang/NoSuchMethodError'{0x000000008b3acc08}: 'java.lang.Object java.lang.invoke.DirectMethodHandle$Holder.invokeStatic(java.lang.Object, java.lang.Object, java.lang.Object, java.lang.Object, java.lang.Object, java.lang.Object, java.lang.Object, java.lang.Object, java.lang.Object, java.lang.Object, java.lang.Object, java.lang.Object, java.lang.Object, int, int)'> (0x000000008b3acc08) thrown at [./src/hotspot/share/interpreter/linkResolver.cpp, line 773]
Event: 387.127 Thread 0x0000000060299000 Exception <a 'sun/nio/fs/WindowsException'{0x000000008a7ce998}> (0x000000008a7ce998) thrown at [./src/hotspot/share/prims/jni.cpp, line 615]
Event: 387.127 Thread 0x0000000060299000 Exception <a 'sun/nio/fs/WindowsException'{0x000000008a7cf5f8}> (0x000000008a7cf5f8) thrown at [./src/hotspot/share/prims/jni.cpp, line 615]
Event: 390.816 Thread 0x0000000060299000 Exception <a 'java/lang/NoSuchMethodError'{0x000000008a223f68}: <clinit>> (0x000000008a223f68) thrown at [./src/hotspot/share/prims/jni.cpp, line 1362]
Event: 399.784 Thread 0x000000006029a800 Exception <a 'sun/nio/fs/WindowsException'{0x0000000089d2f8d0}> (0x0000000089d2f8d0) thrown at [./src/hotspot/share/prims/jni.cpp, line 615]
Event: 416.114 Thread 0x000000006029a800 Exception <a 'java/lang/NoSuchMethodError'{0x0000000089bc3ea8}: 'int java.lang.invoke.DirectMethodHandle$Holder.invokeVirtual(java.lang.Object, java.lang.Object, java.lang.Object)'> (0x0000000089bc3ea8) thrown at [./src/hotspot/share/interpreter/linkResolver.cpp, line 773]
Event: 421.885 Thread 0x000000006029a800 Exception <a 'java/lang/NoSuchMethodError'{0x000000008981d088}: 'java.lang.Object java.lang.invoke.DirectMethodHandle$Holder.invokeStatic(java.lang.Object, java.lang.Object, java.lang.Object, java.lang.Object, java.lang.Object, java.lang.Object, java.lang.Object, java.lang.Object, java.lang.Object, java.lang.Object, java.lang.Object, java.lang.Object, java.lang.Object, java.lang.Object, java.lang.Object, java.lang.Object, java.lang.Object, int, java.lang.Object)'> (0x000000008981d088) thrown at [./src/hots
Event: 421.886 Thread 0x000000006029a800 Exception <a 'java/lang/NoSuchMethodError'{0x00000000898226d8}: 'java.lang.Object java.lang.invoke.DirectMethodHandle$Holder.invokeStaticInit(java.lang.Object, java.lang.Object, java.lang.Object, java.lang.Object, java.lang.Object, java.lang.Object, java.lang.Object, java.lang.Object, java.lang.Object, java.lang.Object, java.lang.Object, java.lang.Object, java.lang.Object, java.lang.Object, java.lang.Object, java.lang.Object, java.lang.Object, int, java.lang.Object)'> (0x00000000898226d8) thrown at [./src/
Event: 441.458 Thread 0x000000006029a800 Exception <a 'java/lang/NoSuchMethodError'{0x000000008c6e0bd8}: 'void java.lang.invoke.DirectMethodHandle$Holder.invokeStatic(java.lang.Object, java.lang.Object, java.lang.Object, int)'> (0x000000008c6e0bd8) thrown at [./src/hotspot/share/interpreter/linkResolver.cpp, line 773]
Event: 441.460 Thread 0x000000006029a800 Exception <a 'java/lang/IncompatibleClassChangeError'{0x000000008c6e91d8}: Found class java.lang.Object, but interface was expected> (0x000000008c6e91d8) thrown at [./src/hotspot/share/interpreter/linkResolver.cpp, line 839]
Event: 449.365 Thread 0x000000006029a800 Exception <a 'java/lang/NoSuchMethodError'{0x000000008c97e5a0}: 'long java.lang.invoke.DirectMethodHandle$Holder.invokeStatic(java.lang.Object, java.lang.Object)'> (0x000000008c97e5a0) thrown at [./src/hotspot/share/interpreter/linkResolver.cpp, line 773]
Event: 449.731 Thread 0x000000006029a800 Exception <a 'java/lang/NoSuchMethodError'{0x000000008c9a3340}: 'void java.lang.invoke.DirectMethodHandle$Holder.invokeSpecial(java.lang.Object, java.lang.Object, int, java.lang.Object)'> (0x000000008c9a3340) thrown at [./src/hotspot/share/interpreter/linkResolver.cpp, line 773]
Event: 454.327 Thread 0x000000006029a800 Exception <a 'java/lang/NoSuchMethodError'{0x000000008c44c720}: 'java.lang.Object java.lang.invoke.DirectMethodHandle$Holder.invokeVirtual(java.lang.Object, java.lang.Object, int, java.lang.Object)'> (0x000000008c44c720) thrown at [./src/hotspot/share/interpreter/linkResolver.cpp, line 773]
Event: 455.539 Thread 0x000000006029a800 Exception <a 'java/lang/NoSuchMethodError'{0x000000008c313cf8}: 'void java.lang.invoke.DirectMethodHandle$Holder.invokeVirtual(java.lang.Object, java.lang.Object, int, java.lang.Object)'> (0x000000008c313cf8) thrown at [./src/hotspot/share/interpreter/linkResolver.cpp, line 773]
Event: 456.067 Thread 0x000000006029a800 Exception <a 'java/lang/NoSuchMethodError'{0x000000008c01c130}: 'java.lang.Object java.lang.invoke.DirectMethodHandle$Holder.newInvokeSpecial(java.lang.Object, int)'> (0x000000008c01c130) thrown at [./src/hotspot/share/interpreter/linkResolver.cpp, line 773]
Event: 465.640 Thread 0x000000006029a800 Exception <a 'java/lang/NoSuchMethodError'{0x000000008c6d0610}: 'void java.lang.invoke.DirectMethodHandle$Holder.invokeStatic(java.lang.Object, int, java.lang.Object)'> (0x000000008c6d0610) thrown at [./src/hotspot/share/interpreter/linkResolver.cpp, line 773]
Event: 465.682 Thread 0x000000006029a800 Exception <a 'java/lang/NoSuchMethodError'{0x000000008c6e3b00}: 'void java.lang.invoke.DirectMethodHandle$Holder.invokeStaticInit(java.lang.Object, java.lang.Object, java.lang.Object)'> (0x000000008c6e3b00) thrown at [./src/hotspot/share/interpreter/linkResolver.cpp, line 773]
Event: 466.122 Thread 0x000000006029a800 Exception <a 'java/lang/NoSuchMethodError'{0x000000008c406150}: 'java.lang.Object java.lang.invoke.DirectMethodHandle$Holder.invokeSpecial(java.lang.Object, java.lang.Object, java.lang.Object, java.lang.Object, java.lang.Object, java.lang.Object, java.lang.Object, java.lang.Object, java.lang.Object, java.lang.Object)'> (0x000000008c406150) thrown at [./src/hotspot/share/interpreter/linkResolver.cpp, line 773]
Event: 466.123 Thread 0x000000006029a800 Exception <a 'java/lang/NoSuchMethodError'{0x000000008c40a240}: 'java.lang.Object java.lang.invoke.Invokers$Holder.linkToTargetMethod(java.lang.Object, java.lang.Object, java.lang.Object, java.lang.Object, java.lang.Object, java.lang.Object, java.lang.Object, java.lang.Object, java.lang.Object)'> (0x000000008c40a240) thrown at [./src/hotspot/share/interpreter/linkResolver.cpp, line 773]

Events (20 events):
Event: 466.924 loading class com/android/tools/r8/dex/v done
Event: 466.924 loading class com/android/tools/r8/graph/K1
Event: 466.924 loading class com/android/tools/r8/graph/K1 done
Event: 466.924 loading class com/android/tools/r8/dex/v
Event: 466.924 loading class com/android/tools/r8/dex/v done
Event: 466.925 loading class com/android/tools/r8/graph/c0
Event: 466.925 loading class com/android/tools/r8/graph/c0 done
Event: 466.925 loading class com/android/tools/r8/graph/n0
Event: 466.925 loading class com/android/tools/r8/graph/n0 done
Event: 466.926 loading class com/android/tools/r8/dex/v
Event: 466.926 loading class com/android/tools/r8/dex/v done
Event: 466.926 loading class com/android/tools/r8/graph/M1
Event: 466.926 loading class com/android/tools/r8/graph/M1 done
Event: 466.926 loading class com/android/tools/r8/dex/v
Event: 466.926 loading class com/android/tools/r8/dex/v done
Event: 466.927 loading class com/android/tools/r8/code/b0
Event: 466.927 loading class com/android/tools/r8/code/b0 done
Event: 466.928 loading class com/android/tools/r8/code/S0
Event: 466.928 loading class com/android/tools/r8/code/S0 done
Event: 466.928 Executing VM operation: CollectForMetadataAllocation


Dynamic libraries:
0x000000013fec0000 - 0x000000013feca000 	C:\Program Files\Android\Android Studio\jre\bin\java.exe
0x0000000077180000 - 0x000000007731f000 	C:\Windows\SYSTEM32\ntdll.dll
0x0000000076f60000 - 0x0000000077080000 	C:\Windows\system32\kernel32.dll
0x000007fefccf0000 - 0x000007fefcd57000 	C:\Windows\system32\KERNELBASE.dll
0x000007fef0370000 - 0x000007fef0389000 	C:\Program Files\Android\Android Studio\jre\bin\jli.dll
0x000007fefb400000 - 0x000007fefb5f5000 	C:\Windows\WinSxS\amd64_microsoft.windows.common-controls_6595b64144ccf1df_6.0.7601.24483_none_e372d88f30fbb845\COMCTL32.dll
0x000007feff150000 - 0x000007feff1ef000 	C:\Windows\system32\msvcrt.dll
0x000007fefe640000 - 0x000007fefe6a8000 	C:\Windows\system32\GDI32.dll
0x0000000077080000 - 0x000000007717b000 	C:\Windows\system32\USER32.dll
0x000007fefef60000 - 0x000007fefef6e000 	C:\Windows\system32\LPK.dll
0x000007fefe470000 - 0x000007fefe53b000 	C:\Windows\system32\USP10.dll
0x000007feff2c0000 - 0x000007feff331000 	C:\Windows\system32\SHLWAPI.dll
0x000007feed530000 - 0x000007feed547000 	C:\Program Files\Android\Android Studio\jre\bin\VCRUNTIME140.dll
0x000007fef7420000 - 0x000007fef7424000 	C:\Windows\system32\api-ms-win-crt-runtime-l1-1-0.dll
0x000007fef7320000 - 0x000007fef7414000 	C:\Windows\system32\ucrtbase.DLL
0x000007fef7300000 - 0x000007fef7303000 	C:\Windows\system32\api-ms-win-core-timezone-l1-1-0.dll
0x000007fef72f0000 - 0x000007fef72f3000 	C:\Windows\system32\api-ms-win-core-file-l2-1-0.dll
0x000007fef72e0000 - 0x000007fef72e3000 	C:\Windows\system32\api-ms-win-core-localization-l1-2-0.dll
0x000007fef8ad0000 - 0x000007fef8ad3000 	C:\Windows\system32\api-ms-win-core-synch-l1-2-0.dll
0x000007fef72d0000 - 0x000007fef72d3000 	C:\Windows\system32\api-ms-win-core-processthreads-l1-1-1.dll
0x000007fef72c0000 - 0x000007fef72c3000 	C:\Windows\system32\api-ms-win-core-file-l1-2-0.dll
0x000007fef72a0000 - 0x000007fef72a4000 	C:\Windows\system32\api-ms-win-crt-string-l1-1-0.dll
0x000007fef72b0000 - 0x000007fef72b3000 	C:\Windows\system32\api-ms-win-crt-heap-l1-1-0.dll
0x000007fef7290000 - 0x000007fef7294000 	C:\Windows\system32\api-ms-win-crt-stdio-l1-1-0.dll
0x000007fef7280000 - 0x000007fef7284000 	C:\Windows\system32\api-ms-win-crt-convert-l1-1-0.dll
0x000007fef7140000 - 0x000007fef7143000 	C:\Windows\system32\api-ms-win-crt-environment-l1-1-0.dll
0x000007fef7160000 - 0x000007fef7163000 	C:\Windows\system32\api-ms-win-crt-filesystem-l1-1-0.dll
0x000007fef7130000 - 0x000007fef7135000 	C:\Windows\system32\api-ms-win-crt-math-l1-1-0.dll
0x000007fef7210000 - 0x000007fef7213000 	C:\Windows\system32\api-ms-win-crt-locale-l1-1-0.dll
0x000007fefe2b0000 - 0x000007fefe2de000 	C:\Windows\system32\IMM32.DLL
0x000007fefe1a0000 - 0x000007fefe2ab000 	C:\Windows\system32\MSCTF.dll
0x000007fede5e0000 - 0x000007fede67d000 	C:\Program Files\Android\Android Studio\jre\bin\msvcp140.dll
0x000007fef4640000 - 0x000007fef4645000 	C:\Windows\system32\api-ms-win-crt-multibyte-l1-1-0.dll
0x000007fef7150000 - 0x000007fef7153000 	C:\Windows\system32\api-ms-win-crt-time-l1-1-0.dll
0x000007fef7120000 - 0x000007fef7123000 	C:\Windows\system32\api-ms-win-crt-utility-l1-1-0.dll
0x000007feeb7f0000 - 0x000007feec2ac000 	C:\Program Files\Android\Android Studio\jre\bin\server\jvm.dll
0x000007fefd330000 - 0x000007fefd40b000 	C:\Windows\system32\ADVAPI32.dll
0x000007fefe620000 - 0x000007fefe63f000 	C:\Windows\SYSTEM32\sechost.dll
0x000007feff340000 - 0x000007feff46a000 	C:\Windows\system32\RPCRT4.dll
0x000007fefb700000 - 0x000007fefb709000 	C:\Windows\system32\WSOCK32.dll
0x000007fefea60000 - 0x000007fefeaad000 	C:\Windows\system32\WS2_32.dll
0x000007feff290000 - 0x000007feff298000 	C:\Windows\system32\NSI.dll
0x000007fef97a0000 - 0x000007fef97db000 	C:\Windows\system32\WINMM.dll
0x000007fefbd00000 - 0x000007fefbd0c000 	C:\Windows\system32\VERSION.dll
0x0000000077320000 - 0x0000000077327000 	C:\Windows\system32\PSAPI.DLL
0x000007fefa490000 - 0x000007fefa4a1000 	C:\Program Files\Android\Android Studio\jre\bin\verify.dll
0x000007fef6c80000 - 0x000007fef6da5000 	C:\Windows\system32\DBGHELP.DLL
0x000007fefa460000 - 0x000007fefa489000 	C:\Program Files\Android\Android Studio\jre\bin\java.dll
0x000007fefb6f0000 - 0x000007fefb6fb000 	C:\Program Files\Android\Android Studio\jre\bin\jimage.dll
0x000007fefa440000 - 0x000007fefa458000 	C:\Program Files\Android\Android Studio\jre\bin\zip.dll
0x000007fefd410000 - 0x000007fefe19b000 	C:\Windows\system32\SHELL32.dll
0x000007fefd090000 - 0x000007fefd290000 	C:\Windows\system32\ole32.dll
0x000007fefcce0000 - 0x000007fefccef000 	C:\Windows\system32\profapi.dll
0x000007fef23d0000 - 0x000007fef23ea000 	C:\Program Files\Android\Android Studio\jre\bin\net.dll
0x000007fef8850000 - 0x000007fef88c1000 	C:\Windows\system32\WINHTTP.dll
0x000007fef87e0000 - 0x000007fef8845000 	C:\Windows\system32\webio.dll
0x000007fefc410000 - 0x000007fefc465000 	C:\Windows\system32\mswsock.dll
0x000007fefc400000 - 0x000007fefc407000 	C:\Windows\System32\wship6.dll
0x000007fef23b0000 - 0x000007fef23c4000 	C:\Program Files\Android\Android Studio\jre\bin\nio.dll
0x000007feefe40000 - 0x000007feefe67000 	C:\Users\User\.gradle\native\fdc75f09e3144964f2cf3f50f0aa648679c211496f362492102eb8c894070792\windows-amd64\native-platform.dll
0x000007fede680000 - 0x000007fede816000 	C:\Users\User\.gradle\native\12488b8bf47d2d4c9fbf2f6322a914ad602e24e48041cd04a747c6da556b65c4\windows-amd64\native-platform-file-events.dll
0x000007fefa430000 - 0x000007fefa43a000 	C:\Program Files\Android\Android Studio\jre\bin\management.dll
0x000007fef4f10000 - 0x000007fef4f1c000 	C:\Program Files\Android\Android Studio\jre\bin\management_ext.dll
0x000007fefc470000 - 0x000007fefc488000 	C:\Windows\system32\CRYPTSP.dll
0x000007fefc150000 - 0x000007fefc197000 	C:\Windows\system32\rsaenh.dll
0x000007fefce20000 - 0x000007fefce3f000 	C:\Windows\system32\USERENV.dll
0x000007fefcb70000 - 0x000007fefcb7f000 	C:\Windows\system32\CRYPTBASE.dll
0x000007fefb240000 - 0x000007fefb267000 	C:\Windows\system32\IPHLPAPI.DLL
0x000007fefb220000 - 0x000007fefb22b000 	C:\Windows\system32\WINNSI.DLL
0x000007fefa080000 - 0x000007fefa091000 	C:\Windows\system32\dhcpcsvc6.DLL
0x000007fefa060000 - 0x000007fefa078000 	C:\Windows\system32\dhcpcsvc.DLL
0x000007fefcad0000 - 0x000007fefcb27000 	C:\Windows\system32\apphelp.dll
0x000007fef43c0000 - 0x000007fef43de000 	C:\Users\User\AppData\Local\Temp\native-platform16778855398673258865dir\native-platform.dll
0x000007fef4630000 - 0x000007fef4638000 	C:\Program Files\Android\Android Studio\jre\bin\rmi.dll

dbghelp: loaded successfully - version: 4.0.5 - missing functions: none
symbol engine: initialized successfully - sym options: 0x614 - pdb path: .;C:\Program Files\Android\Android Studio\jre\bin;C:\Windows\SYSTEM32;C:\Windows\WinSxS\amd64_microsoft.windows.common-controls_6595b64144ccf1df_6.0.7601.24483_none_e372d88f30fbb845;C:\Program Files\Android\Android Studio\jre\bin\server;C:\Users\User\.gradle\native\fdc75f09e3144964f2cf3f50f0aa648679c211496f362492102eb8c894070792\windows-amd64;C:\Users\User\.gradle\native\12488b8bf47d2d4c9fbf2f6322a914ad602e24e48041cd04a747c6da556b65c4\windows-amd64;C:\Users\User\AppData\Local\Temp\native-platform16778855398673258865dir

VM Arguments:
jvm_args: --add-opens=java.base/java.util=ALL-UNNAMED --add-opens=java.base/java.lang=ALL-UNNAMED --add-opens=java.base/java.lang.invoke=ALL-UNNAMED --add-opens=java.prefs/java.util.prefs=ALL-UNNAMED -Xmx2048m -Dfile.encoding=UTF-8 -Duser.country=RU -Duser.language=ru -Duser.variant 
java_command: org.gradle.launcher.daemon.bootstrap.GradleDaemon 6.7.1
java_class_path (initial): C:\Users\User\.gradle\wrapper\dists\gradle-6.7.1-bin\bwlcbys1h7rz3272sye1xwiv6\gradle-6.7.1\lib\gradle-launcher-6.7.1.jar
Launcher Type: SUN_STANDARD

[Global flags]
     intx CICompilerCount                          = 2                                         {product} {ergonomic}
     uint ConcGCThreads                            = 1                                         {product} {ergonomic}
     uint G1ConcRefinementThreads                  = 2                                         {product} {ergonomic}
   size_t G1HeapRegionSize                         = 1048576                                   {product} {ergonomic}
    uintx GCDrainStackTargetSize                   = 64                                        {product} {ergonomic}
   size_t InitialHeapSize                          = 67108864                                  {product} {ergonomic}
   size_t MarkStackSize                            = 4194304                                   {product} {ergonomic}
   size_t MaxHeapSize                              = 2147483648                                {product} {command line}
   size_t MaxNewSize                               = 1287651328                                {product} {ergonomic}
   size_t MinHeapDeltaBytes                        = 1048576                                   {product} {ergonomic}
    uintx NonNMethodCodeHeapSize                   = 5825164                                {pd product} {ergonomic}
    uintx NonProfiledCodeHeapSize                  = 122916538                              {pd product} {ergonomic}
    uintx ProfiledCodeHeapSize                     = 122916538                              {pd product} {ergonomic}
    uintx ReservedCodeCacheSize                    = 251658240                              {pd product} {ergonomic}
     bool SegmentedCodeCache                       = true                                      {product} {ergonomic}
     bool UseCompressedClassPointers               = true                                 {lp64_product} {ergonomic}
     bool UseCompressedOops                        = true                                 {lp64_product} {ergonomic}
     bool UseG1GC                                  = true                                      {product} {ergonomic}
     bool UseLargePagesIndividualAllocation        = false                                  {pd product} {ergonomic}

Logging:
Log output configuration:
 #0: stdout all=warning uptime,level,tags
 #1: stderr all=off uptime,level,tags

Environment Variables:
PATH=C:\Program Files (x86)\Common Files\Oracle\Java\javapath;C:\Program Files\Java\jdk1.8.0_281\bin;C:\Program Files\Git\cmd;C:\Program Files\JetBrains\IntelliJ IDEA Community Edition 2021.2.3\bin;;C:\Program Files\JetBrains\IntelliJ IDEA 2019.3.5\bin;
USERNAME=User
OS=Windows_NT
PROCESSOR_IDENTIFIER=AMD64 Family 15 Model 75 Stepping 2, AuthenticAMD



---------------  S Y S T E M  ---------------

OS: Windows 7 , 64 bit Build 7601 (6.1.7601.24596)
OS uptime: 0 days 1:44 hours

CPU:total 2 (initial active 2) (2 cores per cpu, 1 threads per core) family 15 model 75 stepping 2, cmov, cx8, fxsr, mmx, sse, sse2, sse3, mmxext, 3dnowpref, tsc

Memory: 4k page, system-wide physical 4095M (151M free)
TotalPageFile size 11093M (AvailPageFile size 3M)
current process WorkingSet (physical memory assigned to process): 464M, peak: 464M
current process commit charge ("private bytes"): 491M, peak: 492M

vm_info: OpenJDK 64-Bit Server VM (11.0.8+10-b944.6842174) for windows-amd64 JRE (11.0.8+10-b944.6842174), built on Sep 19 2020 01:11:42 by "builder" with MS VC++ 14.0 (VS2015)

END.
