#
# There is insufficient memory for the Java Runtime Environment to continue.
# Native memory allocation (malloc) failed to allocate 32744 bytes for ChunkPool::allocate
# Possible reasons:
#   The system is out of physical RAM or swap space
#   The process is running with CompressedOops enabled, and the Java Heap may be blocking the growth of the native heap
# Possible solutions:
#   Reduce memory load on the system
#   Increase physical memory or swap space
#   Check if swap backing store is full
#   Decrease Java heap size (-Xmx/-Xms)
#   Decrease number of Java threads
#   Decrease Java thread stack sizes (-Xss)
#   Set larger code cache with -XX:ReservedCodeCacheSize=
#   JVM is running with Unscaled Compressed Oops mode in which the Java heap is
#     placed in the first 4GB address space. The Java Heap base address is the
#     maximum limit for the native heap growth. Please use -XX:HeapBaseMinAddress
#     to set the Java Heap base and to place the Java Heap above 4GB virtual address.
# This output file may be truncated or incomplete.
#
#  Out of Memory Error (./src/hotspot/share/memory/arena.cpp:81), pid=5852, tid=5384
#
# JRE version: OpenJDK Runtime Environment (11.0.8+10) (build 11.0.8+10-b944.6842174)
# Java VM: OpenJDK 64-Bit Server VM (11.0.8+10-b944.6842174, mixed mode, tiered, compressed oops, g1 gc, windows-amd64)
# No core dump will be written. Minidumps are not enabled by default on client versions of Windows
#

---------------  S U M M A R Y ------------

Command Line: --add-opens=java.base/java.util=ALL-UNNAMED --add-opens=java.base/java.lang=ALL-UNNAMED --add-opens=java.base/java.lang.invoke=ALL-UNNAMED --add-opens=java.prefs/java.util.prefs=ALL-UNNAMED -Xmx2048m -Dfile.encoding=UTF-8 -Duser.country=RU -Duser.language=ru -Duser.variant org.gradle.launcher.daemon.bootstrap.GradleDaemon 6.7.1

Host: AMD Athlon(tm) 64 X2 Dual Core Processor 4200+, 2 cores, 3G,  Windows 7 , 64 bit Build 7601 (6.1.7601.24596)
Time: Sun May  1 21:40:51 2022 RTZ 1 (ceia) elapsed time: 133 seconds (0d 0h 2m 13s)

---------------  T H R E A D  ---------------

Current thread (0x000000005d419000):  JavaThread "C2 CompilerThread0" daemon [_thread_in_native, id=5384, stack(0x000000005ddb0000,0x000000005deb0000)]


Current CompileTask:
C2: 133421 5157   !   4       com.google.common.reflect.TypeVisitor::visit (225 bytes)

Stack: [0x000000005ddb0000,0x000000005deb0000]
Native frames: (J=compiled Java code, j=interpreted, Vv=VM code, C=native code)
V  [jvm.dll+0x5de50a]
V  [jvm.dll+0x7122f5]
V  [jvm.dll+0x71384d]
V  [jvm.dll+0x713f03]
V  [jvm.dll+0x23e728]
V  [jvm.dll+0xb8beb]
V  [jvm.dll+0xb8e9c]
V  [jvm.dll+0x35555e]
V  [jvm.dll+0x35027e]
V  [jvm.dll+0x31dea3]
V  [jvm.dll+0x31d39a]
V  [jvm.dll+0x1f7702]
V  [jvm.dll+0x1f68d4]
V  [jvm.dll+0x17f32c]
V  [jvm.dll+0x205047]
V  [jvm.dll+0x203891]
V  [jvm.dll+0x6dad3f]
V  [jvm.dll+0x6d3895]
V  [jvm.dll+0x5dd4a6]
C  [ucrtbase.DLL+0x1f4a0]
C  [kernel32.dll+0x155dd]
C  [ntdll.dll+0x5295d]


---------------  P R O C E S S  ---------------

Threads class SMR info:
_java_thread_list=0x0000000060648100, length=149, elements={
0x000000000034e800, 0x000000005d3fb800, 0x000000005d406000, 0x000000005d414800,
0x000000005d417800, 0x000000005d419000, 0x000000005d482800, 0x000000005d484800,
0x000000005d515800, 0x000000005e2c5800, 0x000000006039a800, 0x000000005ffca800,
0x000000005fc9f800, 0x000000005f10d000, 0x000000005e43e800, 0x000000005efa7800,
0x000000006087a800, 0x000000006086c000, 0x000000005e276000, 0x000000005ef38800,
0x000000005ef39800, 0x000000005ef3a000, 0x000000005ef3b000, 0x000000005ef3c000,
0x000000005ef3c800, 0x000000005ef3d800, 0x000000005ef3e000, 0x000000005ef3f000,
0x00000000605de800, 0x00000000605e0000, 0x00000000605e1000, 0x00000000605e2000,
0x00000000605e2800, 0x00000000605e3800, 0x00000000605e4800, 0x00000000605e5000,
0x0000000060986800, 0x0000000060987800, 0x0000000060988000, 0x0000000060989000,
0x000000006098a000, 0x000000006098a800, 0x000000006098b800, 0x000000006098c800,
0x000000006098d000, 0x0000000060945800, 0x0000000060946000, 0x0000000060947000,
0x0000000060947800, 0x0000000060948800, 0x0000000060949800, 0x000000006094a000,
0x000000006094b000, 0x000000006094c000, 0x00000000614b3000, 0x00000000614b4000,
0x00000000614b4800, 0x00000000614b5800, 0x00000000614b6800, 0x00000000614b7000,
0x00000000614b8000, 0x00000000614b8800, 0x00000000614b9800, 0x000000006080a800,
0x000000006080b000, 0x000000006080c000, 0x000000006080d000, 0x000000006080d800,
0x000000006080e800, 0x000000006080f000, 0x0000000060810000, 0x0000000060811000,
0x000000005e33e000, 0x000000005e33f000, 0x000000005e33f800, 0x000000005e340800,
0x000000005e341800, 0x000000005e342000, 0x000000005e343000, 0x000000005e344000,
0x000000005e344800, 0x0000000061345000, 0x0000000061346000, 0x0000000061346800,
0x0000000061347800, 0x0000000061348000, 0x0000000061349000, 0x000000006134a000,
0x000000006134a800, 0x000000006134b800, 0x0000000060bc7000, 0x0000000060bc8000,
0x0000000060bc8800, 0x0000000060bc9800, 0x0000000060bca800, 0x0000000060bcb000,
0x0000000060bcc000, 0x0000000060bcd000, 0x0000000060bcd800, 0x000000005e452800,
0x000000005e453000, 0x000000005e454000, 0x000000005e455000, 0x000000005e455800,
0x000000005e456800, 0x000000005e457800, 0x000000005e458000, 0x000000005e459000,
0x000000005e436800, 0x000000005e437000, 0x000000005e438000, 0x000000005e438800,
0x000000005e439800, 0x000000005e43a800, 0x000000005e43b000, 0x000000005e43c000,
0x000000005e43d000, 0x000000005f4a8000, 0x000000005f4a8800, 0x000000005f4a9800,
0x000000005f4aa800, 0x000000005f4ab000, 0x000000005f4ac000, 0x000000005f4ac800,
0x000000005f4ad800, 0x000000005f4ae800, 0x0000000060636800, 0x0000000060637800,
0x0000000060638800, 0x0000000060639000, 0x000000006063a000, 0x000000006063b000,
0x000000006063b800, 0x000000006063c800, 0x000000006063d000, 0x000000005ffe7000,
0x000000005ffe8000, 0x000000005ffe9000, 0x000000005ffe9800, 0x000000005ffea800,
0x000000005ffeb800, 0x000000005ffec000, 0x000000005ffed000, 0x000000005ffee000,
0x000000005efc8000, 0x000000005efc9000, 0x000000005efca000, 0x000000005efca800,
0x000000005efcb800
}

Java Threads: ( => current thread )
  0x000000000034e800 JavaThread "main" [_thread_blocked, id=4088, stack(0x0000000002200000,0x0000000002300000)]
  0x000000005d3fb800 JavaThread "Reference Handler" daemon [_thread_blocked, id=5780, stack(0x000000005d7b0000,0x000000005d8b0000)]
  0x000000005d406000 JavaThread "Finalizer" daemon [_thread_blocked, id=5292, stack(0x000000005d540000,0x000000005d640000)]
  0x000000005d414800 JavaThread "Signal Dispatcher" daemon [_thread_blocked, id=2528, stack(0x000000005d940000,0x000000005da40000)]
  0x000000005d417800 JavaThread "Attach Listener" daemon [_thread_blocked, id=5628, stack(0x000000005db30000,0x000000005dc30000)]
=>0x000000005d419000 JavaThread "C2 CompilerThread0" daemon [_thread_in_native, id=5384, stack(0x000000005ddb0000,0x000000005deb0000)]
  0x000000005d482800 JavaThread "C1 CompilerThread0" daemon [_thread_blocked, id=888, stack(0x000000005df40000,0x000000005e040000)]
  0x000000005d484800 JavaThread "Sweeper thread" daemon [_thread_blocked, id=5620, stack(0x000000005e100000,0x000000005e200000)]
  0x000000005d515800 JavaThread "Common-Cleaner" daemon [_thread_blocked, id=5268, stack(0x000000005dc90000,0x000000005dd90000)]
  0x000000005e2c5800 JavaThread "Service Thread" daemon [_thread_blocked, id=2820, stack(0x000000005e6b0000,0x000000005e7b0000)]
  0x000000006039a800 JavaThread "Daemon health stats" [_thread_blocked, id=5348, stack(0x00000000615a0000,0x00000000616a0000)]
  0x000000005ffca800 JavaThread "Incoming local TCP Connector on port 50193" [_thread_in_native, id=5752, stack(0x0000000062030000,0x0000000062130000)]
  0x000000005fc9f800 JavaThread "Daemon periodic checks" [_thread_blocked, id=5704, stack(0x0000000061ee0000,0x0000000061fe0000)]
  0x000000005f10d000 JavaThread "Daemon" [_thread_blocked, id=5216, stack(0x0000000062470000,0x0000000062570000)]
  0x000000005e43e800 JavaThread "Handler for socket connection from /127.0.0.1:50193 to /127.0.0.1:50194" [_thread_in_native, id=2576, stack(0x0000000062690000,0x0000000062790000)]
  0x000000005efa7800 JavaThread "Cancel handler" [_thread_blocked, id=2692, stack(0x0000000062870000,0x0000000062970000)]
  0x000000006087a800 JavaThread "Daemon worker" [_thread_blocked, id=6128, stack(0x0000000062330000,0x0000000062430000)]
  0x000000006086c000 JavaThread "Asynchronous log dispatcher for DefaultDaemonConnection: socket connection from /127.0.0.1:50193 to /127.0.0.1:50194" [_thread_blocked, id=5464, stack(0x0000000062ad0000,0x0000000062bd0000)]
  0x000000005e276000 JavaThread "Thread-8" [_thread_blocked, id=1536, stack(0x0000000062e20000,0x0000000062f20000)]
  0x000000005ef38800 JavaThread "Cache worker for file hash cache (C:\Users\User\.gradle\caches\6.7.1\fileHashes)" [_thread_blocked, id=6032, stack(0x00000000631f0000,0x00000000632f0000)]
  0x000000005ef39800 JavaThread "File lock request listener" [_thread_in_native, id=6048, stack(0x0000000063330000,0x0000000063430000)]
  0x000000005ef3a000 JavaThread "Cache worker for journal cache (C:\Users\User\.gradle\caches\journal-1)" [_thread_blocked, id=5512, stack(0x0000000063730000,0x0000000063830000)]
  0x000000005ef3b000 JavaThread "Cache worker for file hash cache (E:\PROJECT_JAVA\AS_FX\PizzaDelivery\.gradle\6.7.1\fileHashes)" [_thread_blocked, id=5516, stack(0x0000000063630000,0x0000000063730000)]
  0x000000005ef3c000 JavaThread "Cache worker for checksums cache (E:\PROJECT_JAVA\AS_FX\PizzaDelivery\.gradle\checksums)" [_thread_blocked, id=6056, stack(0x0000000064cd0000,0x0000000064dd0000)]
  0x000000005ef3c800 JavaThread "Cache worker for cache directory md-supplier (C:\Users\User\.gradle\caches\6.7.1\md-supplier)" [_thread_blocked, id=5676, stack(0x0000000062590000,0x0000000062690000)]
  0x000000005ef3d800 JavaThread "Cache worker for cache directory md-rule (C:\Users\User\.gradle\caches\6.7.1\md-rule)" [_thread_blocked, id=5940, stack(0x0000000064de0000,0x0000000064ee0000)]
  0x000000005ef3e000 JavaThread "Cache worker for execution history cache (C:\Users\User\.gradle\caches\6.7.1\executionHistory)" [_thread_blocked, id=5932, stack(0x0000000062980000,0x0000000062a80000)]
  0x000000005ef3f000 JavaThread "jar transforms" [_thread_blocked, id=5452, stack(0x0000000065760000,0x0000000065860000)]
  0x00000000605de800 JavaThread "Cache worker for file content cache (C:\Users\User\.gradle\caches\6.7.1\fileContent)" [_thread_blocked, id=4348, stack(0x0000000065970000,0x0000000065a70000)]
  0x00000000605e0000 JavaThread "Cache worker for Build Output Cleanup Cache (E:\PROJECT_JAVA\AS_FX\PizzaDelivery\.gradle\buildOutputCleanup)" [_thread_blocked, id=2212, stack(0x0000000067180000,0x0000000067280000)]
  0x00000000605e1000 JavaThread "Build operations" [_thread_blocked, id=1580, stack(0x00000000674a0000,0x00000000675a0000)]
  0x00000000605e2000 JavaThread "Build operations Thread 2" [_thread_blocked, id=4024, stack(0x0000000061b90000,0x0000000061c90000)]
  0x00000000605e2800 JavaThread "jar transforms Thread 2" [_thread_blocked, id=5152, stack(0x0000000067600000,0x0000000067700000)]
  0x00000000605e3800 JavaThread "jar transforms Thread 3" [_thread_blocked, id=5508, stack(0x0000000067060000,0x0000000067160000)]
  0x00000000605e4800 JavaThread "jar transforms Thread 4" [_thread_blocked, id=5372, stack(0x00000000677a0000,0x00000000678a0000)]
  0x00000000605e5000 JavaThread "jar transforms Thread 5" [_thread_blocked, id=5220, stack(0x0000000067a00000,0x0000000067b00000)]
  0x0000000060986800 JavaThread "jar transforms Thread 6" [_thread_blocked, id=5056, stack(0x0000000067c50000,0x0000000067d50000)]
  0x0000000060987800 JavaThread "jar transforms Thread 7" [_thread_blocked, id=5424, stack(0x0000000067b50000,0x0000000067c50000)]
  0x0000000060988000 JavaThread "jar transforms Thread 8" [_thread_blocked, id=5584, stack(0x00000000678f0000,0x00000000679f0000)]
  0x0000000060989000 JavaThread "jar transforms Thread 9" [_thread_blocked, id=6140, stack(0x0000000067f10000,0x0000000068010000)]
  0x000000006098a000 JavaThread "jar transforms Thread 10" [_thread_blocked, id=316, stack(0x00000000680e0000,0x00000000681e0000)]
  0x000000006098a800 JavaThread "jar transforms Thread 11" [_thread_blocked, id=5084, stack(0x0000000067d70000,0x0000000067e70000)]
  0x000000006098b800 JavaThread "jar transforms Thread 12" [_thread_blocked, id=2696, stack(0x00000000682e0000,0x00000000683e0000)]
  0x000000006098c800 JavaThread "jar transforms Thread 13" [_thread_blocked, id=5428, stack(0x0000000068510000,0x0000000068610000)]
  0x000000006098d000 JavaThread "jar transforms Thread 14" [_thread_blocked, id=6084, stack(0x0000000068670000,0x0000000068770000)]
  0x0000000060945800 JavaThread "jar transforms Thread 15" [_thread_blocked, id=3048, stack(0x00000000688b0000,0x00000000689b0000)]
  0x0000000060946000 JavaThread "jar transforms Thread 16" [_thread_blocked, id=4356, stack(0x0000000065870000,0x0000000065970000)]
  0x0000000060947000 JavaThread "jar transforms Thread 17" [_thread_blocked, id=6044, stack(0x00000000687a0000,0x00000000688a0000)]
  0x0000000060947800 JavaThread "jar transforms Thread 18" [_thread_blocked, id=3900, stack(0x00000000689b0000,0x0000000068ab0000)]
  0x0000000060948800 JavaThread "jar transforms Thread 19" [_thread_blocked, id=5776, stack(0x0000000068b50000,0x0000000068c50000)]
  0x0000000060949800 JavaThread "jar transforms Thread 20" [_thread_blocked, id=5888, stack(0x0000000068df0000,0x0000000068ef0000)]
  0x000000006094a000 JavaThread "jar transforms Thread 21" [_thread_blocked, id=6092, stack(0x0000000068400000,0x0000000068500000)]
  0x000000006094b000 JavaThread "jar transforms Thread 22" [_thread_blocked, id=4316, stack(0x0000000068fd0000,0x00000000690d0000)]
  0x000000006094c000 JavaThread "jar transforms Thread 23" [_thread_blocked, id=5688, stack(0x0000000068cd0000,0x0000000068dd0000)]
  0x00000000614b3000 JavaThread "jar transforms Thread 24" [_thread_blocked, id=5764, stack(0x00000000691f0000,0x00000000692f0000)]
  0x00000000614b4000 JavaThread "jar transforms Thread 25" [_thread_blocked, id=5696, stack(0x00000000693f0000,0x00000000694f0000)]
  0x00000000614b4800 JavaThread "jar transforms Thread 26" [_thread_blocked, id=5736, stack(0x0000000069690000,0x0000000069790000)]
  0x00000000614b5800 JavaThread "jar transforms Thread 27" [_thread_blocked, id=4544, stack(0x00000000697e0000,0x00000000698e0000)]
  0x00000000614b6800 JavaThread "jar transforms Thread 28" [_thread_blocked, id=5484, stack(0x00000000690d0000,0x00000000691d0000)]
  0x00000000614b7000 JavaThread "jar transforms Thread 29" [_thread_blocked, id=3948, stack(0x0000000069550000,0x0000000069650000)]
  0x00000000614b8000 JavaThread "jar transforms Thread 30" [_thread_blocked, id=5668, stack(0x0000000069940000,0x0000000069a40000)]
  0x00000000614b8800 JavaThread "jar transforms Thread 31" [_thread_blocked, id=5924, stack(0x0000000069aa0000,0x0000000069ba0000)]
  0x00000000614b9800 JavaThread "jar transforms Thread 32" [_thread_blocked, id=5720, stack(0x0000000069c80000,0x0000000069d80000)]
  0x000000006080a800 JavaThread "jar transforms Thread 33" [_thread_blocked, id=6036, stack(0x0000000069ee0000,0x0000000069fe0000)]
  0x000000006080b000 JavaThread "jar transforms Thread 34" [_thread_blocked, id=6020, stack(0x000000006a020000,0x000000006a120000)]
  0x000000006080c000 JavaThread "jar transforms Thread 35" [_thread_blocked, id=1332, stack(0x0000000069dd0000,0x0000000069ed0000)]
  0x000000006080d000 JavaThread "jar transforms Thread 36" [_thread_blocked, id=5172, stack(0x000000006a210000,0x000000006a310000)]
  0x000000006080d800 JavaThread "jar transforms Thread 37" [_thread_blocked, id=5532, stack(0x000000006a360000,0x000000006a460000)]
  0x000000006080e800 JavaThread "jar transforms Thread 38" [_thread_blocked, id=5900, stack(0x000000006a4c0000,0x000000006a5c0000)]
  0x000000006080f000 JavaThread "jar transforms Thread 39" [_thread_blocked, id=5768, stack(0x000000006a610000,0x000000006a710000)]
  0x0000000060810000 JavaThread "jar transforms Thread 40" [_thread_blocked, id=5744, stack(0x000000006a8c0000,0x000000006a9c0000)]
  0x0000000060811000 JavaThread "jar transforms Thread 41" [_thread_blocked, id=4548, stack(0x000000006a9c0000,0x000000006aac0000)]
  0x000000005e33e000 JavaThread "jar transforms Thread 42" [_thread_blocked, id=5716, stack(0x000000006ab50000,0x000000006ac50000)]
  0x000000005e33f000 JavaThread "jar transforms Thread 43" [_thread_blocked, id=5892, stack(0x000000006acb0000,0x000000006adb0000)]
  0x000000005e33f800 JavaThread "jar transforms Thread 44" [_thread_blocked, id=5148, stack(0x000000006aec0000,0x000000006afc0000)]
  0x000000005e340800 JavaThread "jar transforms Thread 45" [_thread_blocked, id=6028, stack(0x000000006b010000,0x000000006b110000)]
  0x000000005e341800 JavaThread "jar transforms Thread 46" [_thread_blocked, id=3608, stack(0x00000000692f0000,0x00000000693f0000)]
  0x000000005e342000 JavaThread "jar transforms Thread 47" [_thread_blocked, id=5072, stack(0x000000006adb0000,0x000000006aeb0000)]
  0x000000005e343000 JavaThread "jar transforms Thread 48" [_thread_blocked, id=5232, stack(0x000000006b230000,0x000000006b330000)]
  0x000000005e344000 JavaThread "jar transforms Thread 49" [_thread_blocked, id=5588, stack(0x000000006b390000,0x000000006b490000)]
  0x000000005e344800 JavaThread "jar transforms Thread 50" [_thread_blocked, id=5308, stack(0x000000006a790000,0x000000006a890000)]
  0x0000000061345000 JavaThread "jar transforms Thread 51" [_thread_blocked, id=3392, stack(0x000000006b520000,0x000000006b620000)]
  0x0000000061346000 JavaThread "jar transforms Thread 52" [_thread_blocked, id=4692, stack(0x000000006b120000,0x000000006b220000)]
  0x0000000061346800 JavaThread "jar transforms Thread 53" [_thread_blocked, id=6068, stack(0x000000006b7c0000,0x000000006b8c0000)]
  0x0000000061347800 JavaThread "jar transforms Thread 54" [_thread_blocked, id=692, stack(0x000000006b630000,0x000000006b730000)]
  0x0000000061348000 JavaThread "jar transforms Thread 55" [_thread_blocked, id=5332, stack(0x0000000062c20000,0x0000000062d20000)]
  0x0000000061349000 JavaThread "jar transforms Thread 56" [_thread_blocked, id=1260, stack(0x000000006b9d0000,0x000000006bad0000)]
  0x000000006134a000 JavaThread "jar transforms Thread 57" [_thread_blocked, id=5420, stack(0x000000006bb30000,0x000000006bc30000)]
  0x000000006134a800 JavaThread "jar transforms Thread 58" [_thread_blocked, id=1672, stack(0x000000006b8c0000,0x000000006b9c0000)]
  0x000000006134b800 JavaThread "jar transforms Thread 59" [_thread_blocked, id=5492, stack(0x000000006bc70000,0x000000006bd70000)]
  0x0000000060bc7000 JavaThread "jar transforms Thread 60" [_thread_blocked, id=5376, stack(0x000000006bf20000,0x000000006c020000)]
  0x0000000060bc8000 JavaThread "jar transforms Thread 61" [_thread_blocked, id=6100, stack(0x00000000618e0000,0x00000000619e0000)]
  0x0000000060bc8800 JavaThread "jar transforms Thread 62" [_thread_blocked, id=5040, stack(0x000000006bdf0000,0x000000006bef0000)]
  0x0000000060bc9800 JavaThread "jar transforms Thread 63" [_thread_blocked, id=5904, stack(0x000000006c090000,0x000000006c190000)]
  0x0000000060bca800 JavaThread "jar transforms Thread 64" [_thread_blocked, id=5572, stack(0x000000006c200000,0x000000006c300000)]
  0x0000000060bcb000 JavaThread "jar transforms Thread 65" [_thread_blocked, id=1892, stack(0x000000006c490000,0x000000006c590000)]
  0x0000000060bcc000 JavaThread "jar transforms Thread 66" [_thread_blocked, id=4992, stack(0x000000006c5f0000,0x000000006c6f0000)]
  0x0000000060bcd000 JavaThread "jar transforms Thread 67" [_thread_blocked, id=2616, stack(0x000000006c300000,0x000000006c400000)]
  0x0000000060bcd800 JavaThread "jar transforms Thread 68" [_thread_blocked, id=5920, stack(0x000000006c880000,0x000000006c980000)]
  0x000000005e452800 JavaThread "jar transforms Thread 69" [_thread_blocked, id=3108, stack(0x00000000681e0000,0x00000000682e0000)]
  0x000000005e453000 JavaThread "jar transforms Thread 70" [_thread_blocked, id=4816, stack(0x000000006c740000,0x000000006c840000)]
  0x000000005e454000 JavaThread "jar transforms Thread 71" [_thread_blocked, id=1280, stack(0x000000006cb20000,0x000000006cc20000)]
  0x000000005e455000 JavaThread "jar transforms Thread 72" [_thread_blocked, id=4072, stack(0x000000006cc30000,0x000000006cd30000)]
  0x000000005e455800 JavaThread "jar transforms Thread 73" [_thread_blocked, id=4912, stack(0x000000006cdf0000,0x000000006cef0000)]
  0x000000005e456800 JavaThread "jar transforms Thread 74" [_thread_blocked, id=5636, stack(0x000000006cf10000,0x000000006d010000)]
  0x000000005e457800 JavaThread "jar transforms Thread 75" [_thread_blocked, id=1572, stack(0x000000006d0c0000,0x000000006d1c0000)]
  0x000000005e458000 JavaThread "jar transforms Thread 76" [_thread_blocked, id=5536, stack(0x000000006d1e0000,0x000000006d2e0000)]
  0x000000005e459000 JavaThread "jar transforms Thread 77" [_thread_blocked, id=3916, stack(0x000000006d3e0000,0x000000006d4e0000)]
  0x000000005e436800 JavaThread "jar transforms Thread 78" [_thread_blocked, id=1800, stack(0x000000006d540000,0x000000006d640000)]
  0x000000005e437000 JavaThread "jar transforms Thread 79" [_thread_blocked, id=5020, stack(0x000000006ca20000,0x000000006cb20000)]
  0x000000005e438000 JavaThread "jar transforms Thread 80" [_thread_blocked, id=5180, stack(0x000000006d670000,0x000000006d770000)]
  0x000000005e438800 JavaThread "jar transforms Thread 81" [_thread_blocked, id=5800, stack(0x000000006d8b0000,0x000000006d9b0000)]
  0x000000005e439800 JavaThread "jar transforms Thread 82" [_thread_blocked, id=5684, stack(0x000000006da20000,0x000000006db20000)]
  0x000000005e43a800 JavaThread "jar transforms Thread 83" [_thread_blocked, id=5980, stack(0x000000006db50000,0x000000006dc50000)]
  0x000000005e43b000 JavaThread "jar transforms Thread 84" [_thread_blocked, id=5692, stack(0x000000006dd80000,0x000000006de80000)]
  0x000000005e43c000 JavaThread "jar transforms Thread 85" [_thread_blocked, id=5092, stack(0x000000006df00000,0x000000006e000000)]
  0x000000005e43d000 JavaThread "jar transforms Thread 86" [_thread_blocked, id=6228, stack(0x000000006d770000,0x000000006d870000)]
  0x000000005f4a8000 JavaThread "jar transforms Thread 87" [_thread_blocked, id=6232, stack(0x000000006e180000,0x000000006e280000)]
  0x000000005f4a8800 JavaThread "jar transforms Thread 88" [_thread_blocked, id=6240, stack(0x000000006e050000,0x000000006e150000)]
  0x000000005f4a9800 JavaThread "jar transforms Thread 89" [_thread_blocked, id=6248, stack(0x000000006e2b0000,0x000000006e3b0000)]
  0x000000005f4aa800 JavaThread "jar transforms Thread 90" [_thread_blocked, id=6264, stack(0x000000006e500000,0x000000006e600000)]
  0x000000005f4ab000 JavaThread "jar transforms Thread 91" [_thread_blocked, id=6268, stack(0x000000006dc50000,0x000000006dd50000)]
  0x000000005f4ac000 JavaThread "jar transforms Thread 92" [_thread_blocked, id=6272, stack(0x000000006e600000,0x000000006e700000)]
  0x000000005f4ac800 JavaThread "jar transforms Thread 93" [_thread_blocked, id=6280, stack(0x000000006e770000,0x000000006e870000)]
  0x000000005f4ad800 JavaThread "jar transforms Thread 94" [_thread_blocked, id=6284, stack(0x000000006e9d0000,0x000000006ead0000)]
  0x000000005f4ae800 JavaThread "jar transforms Thread 95" [_thread_blocked, id=6288, stack(0x000000006e400000,0x000000006e500000)]
  0x0000000060636800 JavaThread "jar transforms Thread 96" [_thread_blocked, id=6296, stack(0x000000006ec00000,0x000000006ed00000)]
  0x0000000060637800 JavaThread "jar transforms Thread 97" [_thread_blocked, id=6300, stack(0x000000006ed10000,0x000000006ee10000)]
  0x0000000060638800 JavaThread "jar transforms Thread 98" [_thread_blocked, id=6304, stack(0x000000006eee0000,0x000000006efe0000)]
  0x0000000060639000 JavaThread "jar transforms Thread 99" [_thread_blocked, id=6308, stack(0x000000006f0b0000,0x000000006f1b0000)]
  0x000000006063a000 JavaThread "jar transforms Thread 100" [_thread_blocked, id=6312, stack(0x000000006e870000,0x000000006e970000)]
  0x000000006063b000 JavaThread "jar transforms Thread 101" [_thread_blocked, id=6316, stack(0x000000006d2e0000,0x000000006d3e0000)]
  0x000000006063b800 JavaThread "jar transforms Thread 102" [_thread_blocked, id=6320, stack(0x000000006f2a0000,0x000000006f3a0000)]
  0x000000006063c800 JavaThread "jar transforms Thread 103" [_thread_blocked, id=6324, stack(0x000000006f4d0000,0x000000006f5d0000)]
  0x000000006063d000 JavaThread "jar transforms Thread 104" [_thread_blocked, id=6332, stack(0x000000006eaf0000,0x000000006ebf0000)]
  0x000000005ffe7000 JavaThread "jar transforms Thread 105" [_thread_blocked, id=6336, stack(0x000000006f680000,0x000000006f780000)]
  0x000000005ffe8000 JavaThread "jar transforms Thread 106" [_thread_blocked, id=6340, stack(0x000000006f7d0000,0x000000006f8d0000)]
  0x000000005ffe9000 JavaThread "jar transforms Thread 107" [_thread_blocked, id=6344, stack(0x000000006fa10000,0x000000006fb10000)]
  0x000000005ffe9800 JavaThread "jar transforms Thread 108" [_thread_blocked, id=6348, stack(0x000000006f3c0000,0x000000006f4c0000)]
  0x000000005ffea800 JavaThread "jar transforms Thread 109" [_thread_blocked, id=6352, stack(0x000000006fc70000,0x000000006fd70000)]
  0x000000005ffeb800 JavaThread "jar transforms Thread 110" [_thread_blocked, id=6356, stack(0x000000006fe10000,0x000000006ff10000)]
  0x000000005ffec000 JavaThread "jar transforms Thread 111" [_thread_blocked, id=6360, stack(0x000000006ffe0000,0x00000000700e0000)]
  0x000000005ffed000 JavaThread "jar transforms Thread 112" [_thread_blocked, id=6364, stack(0x000000006f8f0000,0x000000006f9f0000)]
  0x000000005ffee000 JavaThread "jar transforms Thread 113" [_thread_blocked, id=6368, stack(0x0000000070240000,0x0000000070340000)]
  0x000000005efc8000 JavaThread "jar transforms Thread 114" [_thread_blocked, id=6372, stack(0x0000000070420000,0x0000000070520000)]
  0x000000005efc9000 JavaThread "jar transforms Thread 115" [_thread_blocked, id=6408, stack(0x0000000070610000,0x0000000070710000)]
  0x000000005efca000 JavaThread "jar transforms Thread 116" [_thread_blocked, id=6412, stack(0x0000000070870000,0x0000000070970000)]
  0x000000005efca800 JavaThread "jar transforms Thread 117" [_thread_blocked, id=6416, stack(0x000000006fb70000,0x000000006fc70000)]
  0x000000005efcb800 JavaThread "jar transforms Thread 118" [_thread_blocked, id=6420, stack(0x0000000070980000,0x0000000070a80000)]

Other Threads:
  0x000000005d3f8800 VMThread "VM Thread" [stack: 0x000000005d670000,0x000000005d770000] [id=5812]
  0x000000005e2c9800 WatcherThread [stack: 0x000000005e8d0000,0x000000005e9d0000] [id=628]
  0x0000000000368800 GCTaskThread "GC Thread#0" [stack: 0x0000000015350000,0x0000000015450000] [id=5300]
  0x000000005e3a3000 GCTaskThread "GC Thread#1" [stack: 0x000000005e7d0000,0x000000005e8d0000] [id=4112]
  0x000000000039a000 ConcurrentGCThread "G1 Main Marker" [stack: 0x000000001a1f0000,0x000000001a2f0000] [id=5188]
  0x000000000039d800 ConcurrentGCThread "G1 Conc#0" [stack: 0x000000001a3d0000,0x000000001a4d0000] [id=1444]
  0x00000000003ea800 ConcurrentGCThread "G1 Refine#0" [stack: 0x000000001c830000,0x000000001c930000] [id=5640]
  0x00000000003ef000 ConcurrentGCThread "G1 Young RemSet Sampling" [stack: 0x000000001ca20000,0x000000001cb20000] [id=4076]

Threads with active compile tasks:
C2 CompilerThread0 134051 5157   !   4       com.google.common.reflect.TypeVisitor::visit (225 bytes)

VM state:at safepoint (normal execution)

VM Mutex/Monitor currently owned by a thread:  ([mutex/lock_event])
[0x000000000034a6e0] Threads_lock - owner thread: 0x000000005d3f8800
[0x000000000034aec0] Heap_lock - owner thread: 0x000000006087a800

Heap address: 0x0000000080000000, size: 2048 MB, Compressed Oops mode: 32-bit
Narrow klass base: 0x0000000000000000, Narrow klass shift: 0
Compressed class space size: 1073741824 Address: 0x000000001cb20000

Heap:
 garbage-first heap   total 95232K, used 47818K [0x0000000080000000, 0x0000000100000000)
  region size 1024K, 2 young (2048K), 2 survivors (2048K)
 Metaspace       used 53063K, capacity 54367K, committed 54524K, reserved 1105920K
  class space    used 6724K, capacity 7177K, committed 7296K, reserved 1048576K
Heap Regions: E=young(eden), S=young(survivor), O=old, HS=humongous(starts), HC=humongous(continues), CS=collection set, F=free, A=archive, TAMS=top-at-mark-start (previous, next)
|   0|0x0000000080000000, 0x0000000080100000, 0x0000000080100000|100%| O|  |TAMS 0x0000000080100000, 0x0000000080100000| Untracked 
|   1|0x0000000080100000, 0x0000000080200000, 0x0000000080200000|100%| O|  |TAMS 0x0000000080200000, 0x0000000080200000| Untracked 
|   2|0x0000000080200000, 0x0000000080300000, 0x0000000080300000|100%| O|  |TAMS 0x0000000080300000, 0x0000000080300000| Untracked 
|   3|0x0000000080300000, 0x0000000080400000, 0x0000000080400000|100%| O|  |TAMS 0x0000000080400000, 0x0000000080400000| Untracked 
|   4|0x0000000080400000, 0x0000000080500000, 0x0000000080500000|100%|HS|  |TAMS 0x0000000080500000, 0x0000000080500000| Complete 
|   5|0x0000000080500000, 0x0000000080600000, 0x0000000080600000|100%|HC|  |TAMS 0x0000000080600000, 0x0000000080600000| Complete 
|   6|0x0000000080600000, 0x0000000080700000, 0x0000000080700000|100%|HC|  |TAMS 0x0000000080700000, 0x0000000080700000| Complete 
|   7|0x0000000080700000, 0x0000000080800000, 0x0000000080800000|100%| O|  |TAMS 0x0000000080800000, 0x0000000080800000| Untracked 
|   8|0x0000000080800000, 0x0000000080900000, 0x0000000080900000|100%| O|  |TAMS 0x0000000080900000, 0x0000000080900000| Untracked 
|   9|0x0000000080900000, 0x0000000080a00000, 0x0000000080a00000|100%| O|  |TAMS 0x0000000080a00000, 0x0000000080a00000| Untracked 
|  10|0x0000000080a00000, 0x0000000080b00000, 0x0000000080b00000|100%| O|  |TAMS 0x0000000080b00000, 0x0000000080b00000| Untracked 
|  11|0x0000000080b00000, 0x0000000080c00000, 0x0000000080c00000|100%| O|  |TAMS 0x0000000080c00000, 0x0000000080c00000| Untracked 
|  12|0x0000000080c00000, 0x0000000080d00000, 0x0000000080d00000|100%| O|  |TAMS 0x0000000080d00000, 0x0000000080d00000| Untracked 
|  13|0x0000000080d00000, 0x0000000080e00000, 0x0000000080e00000|100%| O|  |TAMS 0x0000000080e00000, 0x0000000080e00000| Untracked 
|  14|0x0000000080e00000, 0x0000000080f00000, 0x0000000080f00000|100%| O|  |TAMS 0x0000000080f00000, 0x0000000080f00000| Untracked 
|  15|0x0000000080f00000, 0x0000000081000000, 0x0000000081000000|100%| O|  |TAMS 0x0000000081000000, 0x0000000081000000| Untracked 
|  16|0x0000000081000000, 0x0000000081100000, 0x0000000081100000|100%| O|  |TAMS 0x0000000081100000, 0x0000000081100000| Untracked 
|  17|0x0000000081100000, 0x0000000081200000, 0x0000000081200000|100%| O|  |TAMS 0x0000000081200000, 0x0000000081200000| Untracked 
|  18|0x0000000081200000, 0x0000000081300000, 0x0000000081300000|100%| O|  |TAMS 0x0000000081300000, 0x0000000081300000| Untracked 
|  19|0x0000000081300000, 0x0000000081400000, 0x0000000081400000|100%| O|  |TAMS 0x0000000081400000, 0x0000000081400000| Untracked 
|  20|0x0000000081400000, 0x0000000081500000, 0x0000000081500000|100%| O|  |TAMS 0x0000000081500000, 0x0000000081500000| Untracked 
|  21|0x0000000081500000, 0x0000000081600000, 0x0000000081600000|100%| O|  |TAMS 0x0000000081600000, 0x0000000081600000| Untracked 
|  22|0x0000000081600000, 0x0000000081700000, 0x0000000081700000|100%| O|  |TAMS 0x0000000081700000, 0x0000000081700000| Untracked 
|  23|0x0000000081700000, 0x0000000081800000, 0x0000000081800000|100%| O|  |TAMS 0x0000000081800000, 0x0000000081800000| Untracked 
|  24|0x0000000081800000, 0x0000000081900000, 0x0000000081900000|100%|HS|  |TAMS 0x0000000081900000, 0x0000000081900000| Complete 
|  25|0x0000000081900000, 0x0000000081a00000, 0x0000000081a00000|100%|HS|  |TAMS 0x0000000081a00000, 0x0000000081a00000| Complete 
|  26|0x0000000081a00000, 0x0000000081b00000, 0x0000000081b00000|100%|HC|  |TAMS 0x0000000081b00000, 0x0000000081b00000| Complete 
|  27|0x0000000081b00000, 0x0000000081c00000, 0x0000000081c00000|100%|HC|  |TAMS 0x0000000081c00000, 0x0000000081c00000| Complete 
|  28|0x0000000081c00000, 0x0000000081d00000, 0x0000000081d00000|100%|HS|  |TAMS 0x0000000081d00000, 0x0000000081d00000| Complete 
|  29|0x0000000081d00000, 0x0000000081e00000, 0x0000000081e00000|100%|HC|  |TAMS 0x0000000081e00000, 0x0000000081e00000| Complete 
|  30|0x0000000081e00000, 0x0000000081f00000, 0x0000000081f00000|100%| O|  |TAMS 0x0000000081f00000, 0x0000000081f00000| Untracked 
|  31|0x0000000081f00000, 0x0000000082000000, 0x0000000082000000|100%| O|  |TAMS 0x0000000082000000, 0x0000000082000000| Untracked 
|  32|0x0000000082000000, 0x0000000082100000, 0x0000000082100000|100%| O|  |TAMS 0x0000000082100000, 0x0000000082100000| Untracked 
|  33|0x0000000082100000, 0x0000000082200000, 0x0000000082200000|100%| O|  |TAMS 0x0000000082200000, 0x0000000082200000| Untracked 
|  34|0x0000000082200000, 0x0000000082300000, 0x0000000082300000|100%| O|  |TAMS 0x0000000082300000, 0x0000000082300000| Untracked 
|  35|0x0000000082300000, 0x0000000082400000, 0x0000000082400000|100%| O|  |TAMS 0x0000000082400000, 0x0000000082400000| Untracked 
|  36|0x0000000082400000, 0x0000000082500000, 0x0000000082500000|100%| O|  |TAMS 0x0000000082500000, 0x0000000082500000| Untracked 
|  37|0x0000000082500000, 0x0000000082600000, 0x0000000082600000|100%| O|  |TAMS 0x0000000082600000, 0x0000000082600000| Untracked 
|  38|0x0000000082600000, 0x0000000082700000, 0x0000000082700000|100%| O|  |TAMS 0x0000000082700000, 0x0000000082700000| Untracked 
|  39|0x0000000082700000, 0x0000000082800000, 0x0000000082800000|100%| O|  |TAMS 0x0000000082800000, 0x0000000082800000| Untracked 
|  40|0x0000000082800000, 0x0000000082900000, 0x0000000082900000|100%| O|  |TAMS 0x0000000082900000, 0x0000000082900000| Untracked 
|  41|0x0000000082900000, 0x0000000082a00000, 0x0000000082a00000|100%| O|  |TAMS 0x0000000082a00000, 0x0000000082a00000| Untracked 
|  42|0x0000000082a00000, 0x0000000082b00000, 0x0000000082b00000|100%| O|  |TAMS 0x0000000082b00000, 0x0000000082b00000| Untracked 
|  43|0x0000000082b00000, 0x0000000082c00000, 0x0000000082c00000|100%| O|  |TAMS 0x0000000082c00000, 0x0000000082c00000| Untracked 
|  44|0x0000000082c00000, 0x0000000082cf8a00, 0x0000000082d00000| 97%| O|  |TAMS 0x0000000082cf8a00, 0x0000000082cf8a00| Untracked 
|  45|0x0000000082d00000, 0x0000000082d00000, 0x0000000082e00000|  0%| F|  |TAMS 0x0000000082d00000, 0x0000000082d00000| Untracked 
|  46|0x0000000082e00000, 0x0000000082e00000, 0x0000000082f00000|  0%| F|  |TAMS 0x0000000082e00000, 0x0000000082e00000| Untracked 
|  47|0x0000000082f00000, 0x0000000082f00000, 0x0000000083000000|  0%| F|  |TAMS 0x0000000082f00000, 0x0000000082f00000| Untracked 
|  48|0x0000000083000000, 0x0000000083000000, 0x0000000083100000|  0%| F|  |TAMS 0x0000000083000000, 0x0000000083000000| Untracked 
|  49|0x0000000083100000, 0x0000000083100000, 0x0000000083200000|  0%| F|  |TAMS 0x0000000083100000, 0x0000000083100000| Untracked 
|  50|0x0000000083200000, 0x0000000083200000, 0x0000000083300000|  0%| F|  |TAMS 0x0000000083200000, 0x0000000083200000| Untracked 
|  51|0x0000000083300000, 0x0000000083300000, 0x0000000083400000|  0%| F|  |TAMS 0x0000000083300000, 0x0000000083300000| Untracked 
|  52|0x0000000083400000, 0x0000000083400000, 0x0000000083500000|  0%| F|  |TAMS 0x0000000083400000, 0x0000000083400000| Untracked 
|  53|0x0000000083500000, 0x0000000083500000, 0x0000000083600000|  0%| F|  |TAMS 0x0000000083500000, 0x0000000083500000| Untracked 
|  54|0x0000000083600000, 0x0000000083600000, 0x0000000083700000|  0%| F|  |TAMS 0x0000000083600000, 0x0000000083600000| Untracked 
|  55|0x0000000083700000, 0x0000000083700000, 0x0000000083800000|  0%| F|  |TAMS 0x0000000083700000, 0x0000000083700000| Untracked 
|  56|0x0000000083800000, 0x0000000083800000, 0x0000000083900000|  0%| F|  |TAMS 0x0000000083800000, 0x0000000083800000| Untracked 
|  57|0x0000000083900000, 0x0000000083900000, 0x0000000083a00000|  0%| F|  |TAMS 0x0000000083900000, 0x0000000083900000| Untracked 
|  58|0x0000000083a00000, 0x0000000083a00000, 0x0000000083b00000|  0%| F|  |TAMS 0x0000000083a00000, 0x0000000083a00000| Untracked 
|  59|0x0000000083b00000, 0x0000000083b00000, 0x0000000083c00000|  0%| F|  |TAMS 0x0000000083b00000, 0x0000000083b00000| Untracked 
|  60|0x0000000083c00000, 0x0000000083c00000, 0x0000000083d00000|  0%| F|  |TAMS 0x0000000083c00000, 0x0000000083c00000| Untracked 
|  61|0x0000000083d00000, 0x0000000083d00000, 0x0000000083e00000|  0%| F|  |TAMS 0x0000000083d00000, 0x0000000083d00000| Untracked 
|  62|0x0000000083e00000, 0x0000000083e00000, 0x0000000083f00000|  0%| F|  |TAMS 0x0000000083e00000, 0x0000000083e00000| Untracked 
|  63|0x0000000083f00000, 0x0000000083f00000, 0x0000000084000000|  0%| F|  |TAMS 0x0000000083f00000, 0x0000000083f00000| Untracked 
|  64|0x0000000084000000, 0x0000000084000000, 0x0000000084100000|  0%| F|  |TAMS 0x0000000084000000, 0x0000000084000000| Untracked 
|  65|0x0000000084100000, 0x0000000084100000, 0x0000000084200000|  0%| F|  |TAMS 0x0000000084100000, 0x0000000084100000| Untracked 
|  66|0x0000000084200000, 0x0000000084200000, 0x0000000084300000|  0%| F|  |TAMS 0x0000000084200000, 0x0000000084200000| Untracked 
|  67|0x0000000084300000, 0x0000000084300000, 0x0000000084400000|  0%| F|  |TAMS 0x0000000084300000, 0x0000000084300000| Untracked 
|  68|0x0000000084400000, 0x0000000084400000, 0x0000000084500000|  0%| F|  |TAMS 0x0000000084400000, 0x0000000084400000| Untracked 
|  69|0x0000000084500000, 0x0000000084500000, 0x0000000084600000|  0%| F|  |TAMS 0x0000000084500000, 0x0000000084500000| Untracked 
|  70|0x0000000084600000, 0x0000000084600000, 0x0000000084700000|  0%| F|  |TAMS 0x0000000084600000, 0x0000000084600000| Untracked 
|  71|0x0000000084700000, 0x0000000084700000, 0x0000000084800000|  0%| F|  |TAMS 0x0000000084700000, 0x0000000084700000| Untracked 
|  72|0x0000000084800000, 0x0000000084800000, 0x0000000084900000|  0%| F|  |TAMS 0x0000000084800000, 0x0000000084800000| Untracked 
|  73|0x0000000084900000, 0x0000000084900000, 0x0000000084a00000|  0%| F|  |TAMS 0x0000000084900000, 0x0000000084900000| Untracked 
|  74|0x0000000084a00000, 0x0000000084a00000, 0x0000000084b00000|  0%| F|  |TAMS 0x0000000084a00000, 0x0000000084a00000| Untracked 
|  75|0x0000000084b00000, 0x0000000084b00000, 0x0000000084c00000|  0%| F|  |TAMS 0x0000000084b00000, 0x0000000084b00000| Untracked 
|  76|0x0000000084c00000, 0x0000000084c00000, 0x0000000084d00000|  0%| F|  |TAMS 0x0000000084c00000, 0x0000000084c00000| Untracked 
|  77|0x0000000084d00000, 0x0000000084d00000, 0x0000000084e00000|  0%| F|  |TAMS 0x0000000084d00000, 0x0000000084d00000| Untracked 
|  78|0x0000000084e00000, 0x0000000084e00000, 0x0000000084f00000|  0%| F|  |TAMS 0x0000000084e00000, 0x0000000084e00000| Untracked 
|  79|0x0000000084f00000, 0x0000000084f00000, 0x0000000085000000|  0%| F|  |TAMS 0x0000000084f00000, 0x0000000084f00000| Untracked 
|  80|0x0000000085000000, 0x0000000085000000, 0x0000000085100000|  0%| F|  |TAMS 0x0000000085000000, 0x0000000085000000| Untracked 
|  81|0x0000000085100000, 0x0000000085100000, 0x0000000085200000|  0%| F|  |TAMS 0x0000000085100000, 0x0000000085100000| Untracked 
|  82|0x0000000085200000, 0x0000000085200000, 0x0000000085300000|  0%| F|  |TAMS 0x0000000085200000, 0x0000000085200000| Untracked 
|  83|0x0000000085300000, 0x0000000085300000, 0x0000000085400000|  0%| F|  |TAMS 0x0000000085300000, 0x0000000085300000| Untracked 
|  84|0x0000000085400000, 0x0000000085400000, 0x0000000085500000|  0%| F|  |TAMS 0x0000000085400000, 0x0000000085400000| Untracked 
|  85|0x0000000085500000, 0x0000000085500000, 0x0000000085600000|  0%| F|  |TAMS 0x0000000085500000, 0x0000000085500000| Untracked 
|  86|0x0000000085600000, 0x0000000085600000, 0x0000000085700000|  0%| F|  |TAMS 0x0000000085600000, 0x0000000085600000| Untracked 
|  87|0x0000000085700000, 0x00000000857ba130, 0x0000000085800000| 72%| S|CS|TAMS 0x0000000085700000, 0x0000000085700000| Complete 
|  88|0x0000000085800000, 0x0000000085900000, 0x0000000085900000|100%| S|CS|TAMS 0x0000000085800000, 0x0000000085800000| Complete 
|  89|0x0000000085900000, 0x0000000085900000, 0x0000000085a00000|  0%| F|  |TAMS 0x0000000085900000, 0x0000000085900000| Untracked 
|  90|0x0000000085a00000, 0x0000000085a00000, 0x0000000085b00000|  0%| F|  |TAMS 0x0000000085a00000, 0x0000000085a00000| Untracked 
|  91|0x0000000085b00000, 0x0000000085b00000, 0x0000000085c00000|  0%| F|  |TAMS 0x0000000085b00000, 0x0000000085b00000| Untracked 
|  92|0x0000000085c00000, 0x0000000085c00000, 0x0000000085d00000|  0%| F|  |TAMS 0x0000000085c00000, 0x0000000085c00000| Untracked 

Card table byte_map: [0x0000000015960000,0x0000000015d60000] _byte_map_base: 0x0000000015560000

Marking Bits (Prev, Next): (CMBitMap*) 0x0000000000391270, (CMBitMap*) 0x0000000000391238
 Prev Bits: [0x0000000018160000, 0x000000001a160000)
 Next Bits: [0x0000000016160000, 0x0000000018160000)

Polling page: 0x0000000000140000

Metaspace:

Usage:
  Non-class:     46.08 MB capacity,    45.25 MB ( 98%) used,   732.65 KB (  2%) free+waste,   117.75 KB ( <1%) overhead. 
      Class:      7.01 MB capacity,     6.57 MB ( 94%) used,   397.06 KB (  6%) free+waste,    55.88 KB ( <1%) overhead. 
       Both:     53.09 MB capacity,    51.82 MB ( 98%) used,     1.10 MB (  2%) free+waste,   173.63 KB ( <1%) overhead. 

Virtual space:
  Non-class space:       56.00 MB reserved,      46.12 MB ( 82%) committed 
      Class space:        1.00 GB reserved,       7.13 MB ( <1%) committed 
             Both:        1.05 GB reserved,      53.25 MB (  5%) committed 

Chunk freelists:
   Non-Class:  38.00 KB
       Class:  23.00 KB
        Both:  61.00 KB

MaxMetaspaceSize: 17179869184.00 GB
CompressedClassSpaceSize: 1.00 GB

CodeHeap 'non-profiled nmethods': size=120064Kb used=2503Kb max_used=2503Kb free=117560Kb
 bounds [0x000000000db70000, 0x000000000ddf0000, 0x00000000150b0000]
CodeHeap 'profiled nmethods': size=120000Kb used=10635Kb max_used=10635Kb free=109364Kb
 bounds [0x0000000006640000, 0x00000000070b0000, 0x000000000db70000]
CodeHeap 'non-nmethods': size=5696Kb used=2195Kb max_used=2221Kb free=3500Kb
 bounds [0x00000000060b0000, 0x0000000006320000, 0x0000000006640000]
 total_blobs=5783 nmethods=5002 adapters=692
 compilation: enabled
              stopped_count=0, restarted_count=0
 full_count=0

Compilation events (20 events):
Event: 132.907 Thread 0x000000005d482800 nmethod 5150 0x0000000007096b10 code [0x0000000007096d40, 0x0000000007097678]
Event: 132.907 Thread 0x000000005d482800 5151       3       com.google.common.reflect.Types$JavaVersion::usedInGenericType (48 bytes)
Event: 132.909 Thread 0x000000005d482800 nmethod 5151 0x0000000007097910 code [0x0000000007097b60, 0x0000000007098468]
Event: 132.909 Thread 0x000000005d482800 5149       3       com.google.common.reflect.Types::access$200 (6 bytes)
Event: 132.909 Thread 0x000000005d482800 nmethod 5149 0x0000000007098810 code [0x00000000070989c0, 0x0000000007098ac8]
Event: 132.909 Thread 0x000000005d482800 5154       3       com.google.common.reflect.TypeToken$4::visitClass (10 bytes)
Event: 132.909 Thread 0x000000005d482800 nmethod 5154 0x0000000007098b90 code [0x0000000007098d40, 0x0000000007098f08]
Event: 132.909 Thread 0x000000005d482800 5152       3       com.google.common.reflect.TypeToken::getRawTypes (34 bytes)
Event: 132.910 Thread 0x000000005d482800 nmethod 5152 0x0000000007099010 code [0x00000000070992a0, 0x000000000709a0a8]
Event: 132.910 Thread 0x000000005d419000 5157   !   4       com.google.common.reflect.TypeVisitor::visit (225 bytes)
Event: 132.910 Thread 0x000000005d482800 5153       3       com.google.common.reflect.TypeToken$4::<init> (15 bytes)
Event: 132.911 Thread 0x000000005d482800 nmethod 5153 0x000000000709a510 code [0x000000000709a720, 0x000000000709adf8]
Event: 132.911 Thread 0x000000005d482800 5155       3       org.gradle.internal.snapshot.impl.IsolatedManagedValue::isolate (26 bytes)
Event: 132.912 Thread 0x000000005d482800 nmethod 5155 0x000000000709b010 code [0x000000000709b1e0, 0x000000000709b578]
Event: 132.912 Thread 0x000000005d482800 5156       3       org.gradle.internal.state.DefaultManagedFactoryRegistry::lookup (41 bytes)
Event: 132.913 Thread 0x000000005d482800 nmethod 5156 0x000000000709b690 code [0x000000000709b8a0, 0x000000000709bf78]
Event: 133.039 Thread 0x000000005d482800 5158       3       org.gradle.internal.instantiation.generator.AbstractClassGenerator$ClassGenerationHandler::startType (1 bytes)
Event: 133.039 Thread 0x000000005d482800 nmethod 5158 0x000000000709c210 code [0x000000000709c3c0, 0x000000000709c4b8]
Event: 133.040 Thread 0x000000005d482800 5159       3       java.util.regex.Matcher::appendExpandedReplacement (510 bytes)
Event: 133.053 Thread 0x000000005d482800 nmethod 5159 0x000000000709c590 code [0x000000000709ce60, 0x00000000070a2038]

GC Heap History (20 events):
Event: 11.844 GC heap before
{Heap before GC invocations=7 (full 0):
 garbage-first heap   total 78848K, used 43963K [0x0000000080000000, 0x0000000100000000)
  region size 1024K, 29 young (29696K), 3 survivors (3072K)
 Metaspace       used 23492K, capacity 24089K, committed 24368K, reserved 1071104K
  class space    used 2991K, capacity 3179K, committed 3200K, reserved 1048576K
}
Event: 11.862 GC heap after
{Heap after GC invocations=8 (full 0):
 garbage-first heap   total 78848K, used 18611K [0x0000000080000000, 0x0000000100000000)
  region size 1024K, 2 young (2048K), 2 survivors (2048K)
 Metaspace       used 23492K, capacity 24089K, committed 24368K, reserved 1071104K
  class space    used 2991K, capacity 3179K, committed 3200K, reserved 1048576K
}
Event: 14.905 GC heap before
{Heap before GC invocations=8 (full 0):
 garbage-first heap   total 78848K, used 46259K [0x0000000080000000, 0x0000000100000000)
  region size 1024K, 29 young (29696K), 2 survivors (2048K)
 Metaspace       used 26619K, capacity 27268K, committed 27440K, reserved 1073152K
  class space    used 3484K, capacity 3710K, committed 3712K, reserved 1048576K
}
Event: 14.920 GC heap after
{Heap after GC invocations=9 (full 0):
 garbage-first heap   total 78848K, used 19403K [0x0000000080000000, 0x0000000100000000)
  region size 1024K, 3 young (3072K), 3 survivors (3072K)
 Metaspace       used 26619K, capacity 27268K, committed 27440K, reserved 1073152K
  class space    used 3484K, capacity 3710K, committed 3712K, reserved 1048576K
}
Event: 20.810 GC heap before
{Heap before GC invocations=9 (full 0):
 garbage-first heap   total 78848K, used 48075K [0x0000000080000000, 0x0000000100000000)
  region size 1024K, 31 young (31744K), 3 survivors (3072K)
 Metaspace       used 30211K, capacity 30838K, committed 31152K, reserved 1077248K
  class space    used 4016K, capacity 4260K, committed 4352K, reserved 1048576K
}
Event: 20.831 GC heap after
{Heap after GC invocations=10 (full 0):
 garbage-first heap   total 78848K, used 20798K [0x0000000080000000, 0x0000000100000000)
  region size 1024K, 3 young (3072K), 3 survivors (3072K)
 Metaspace       used 30211K, capacity 30838K, committed 31152K, reserved 1077248K
  class space    used 4016K, capacity 4260K, committed 4352K, reserved 1048576K
}
Event: 23.025 GC heap before
{Heap before GC invocations=10 (full 0):
 garbage-first heap   total 78848K, used 34110K [0x0000000080000000, 0x0000000100000000)
  region size 1024K, 18 young (18432K), 3 survivors (3072K)
 Metaspace       used 34897K, capacity 35665K, committed 35708K, reserved 1081344K
  class space    used 4528K, capacity 4849K, committed 4864K, reserved 1048576K
}
Event: 23.051 GC heap after
{Heap after GC invocations=11 (full 0):
 garbage-first heap   total 95232K, used 22405K [0x0000000080000000, 0x0000000100000000)
  region size 1024K, 3 young (3072K), 3 survivors (3072K)
 Metaspace       used 34897K, capacity 35665K, committed 35708K, reserved 1081344K
  class space    used 4528K, capacity 4849K, committed 4864K, reserved 1048576K
}
Event: 28.268 GC heap before
{Heap before GC invocations=12 (full 0):
 garbage-first heap   total 95232K, used 62341K [0x0000000080000000, 0x0000000100000000)
  region size 1024K, 39 young (39936K), 3 survivors (3072K)
 Metaspace       used 39425K, capacity 40280K, committed 40572K, reserved 1085440K
  class space    used 5004K, capacity 5311K, committed 5376K, reserved 1048576K
}
Event: 28.297 GC heap after
{Heap after GC invocations=13 (full 0):
 garbage-first heap   total 95232K, used 24526K [0x0000000080000000, 0x0000000100000000)
  region size 1024K, 4 young (4096K), 4 survivors (4096K)
 Metaspace       used 39425K, capacity 40280K, committed 40572K, reserved 1085440K
  class space    used 5004K, capacity 5311K, committed 5376K, reserved 1048576K
}
Event: 30.872 GC heap before
{Heap before GC invocations=13 (full 0):
 garbage-first heap   total 95232K, used 61390K [0x0000000080000000, 0x0000000100000000)
  region size 1024K, 40 young (40960K), 4 survivors (4096K)
 Metaspace       used 41749K, capacity 42669K, committed 43004K, reserved 1087488K
  class space    used 5345K, capacity 5642K, committed 5760K, reserved 1048576K
}
Event: 30.898 GC heap after
{Heap after GC invocations=14 (full 0):
 garbage-first heap   total 95232K, used 26795K [0x0000000080000000, 0x0000000100000000)
  region size 1024K, 5 young (5120K), 5 survivors (5120K)
 Metaspace       used 41749K, capacity 42669K, committed 43004K, reserved 1087488K
  class space    used 5345K, capacity 5642K, committed 5760K, reserved 1048576K
}
Event: 53.674 GC heap before
{Heap before GC invocations=14 (full 0):
 garbage-first heap   total 95232K, used 62635K [0x0000000080000000, 0x0000000100000000)
  region size 1024K, 41 young (41984K), 5 survivors (5120K)
 Metaspace       used 44515K, capacity 45554K, committed 45692K, reserved 1089536K
  class space    used 5689K, capacity 6051K, committed 6144K, reserved 1048576K
}
Event: 53.705 GC heap after
{Heap after GC invocations=15 (full 0):
 garbage-first heap   total 95232K, used 29436K [0x0000000080000000, 0x0000000100000000)
  region size 1024K, 5 young (5120K), 5 survivors (5120K)
 Metaspace       used 44515K, capacity 45554K, committed 45692K, reserved 1089536K
  class space    used 5689K, capacity 6051K, committed 6144K, reserved 1048576K
}
Event: 119.943 GC heap before
{Heap before GC invocations=15 (full 0):
 garbage-first heap   total 95232K, used 72444K [0x0000000080000000, 0x0000000100000000)
  region size 1024K, 42 young (43008K), 5 survivors (5120K)
 Metaspace       used 45348K, capacity 46482K, committed 46588K, reserved 1089536K
  class space    used 5798K, capacity 6191K, committed 6272K, reserved 1048576K
}
Event: 119.985 GC heap after
{Heap after GC invocations=16 (full 0):
 garbage-first heap   total 95232K, used 45244K [0x0000000080000000, 0x0000000100000000)
  region size 1024K, 6 young (6144K), 6 survivors (6144K)
 Metaspace       used 45348K, capacity 46482K, committed 46588K, reserved 1089536K
  class space    used 5798K, capacity 6191K, committed 6272K, reserved 1048576K
}
Event: 128.226 GC heap before
{Heap before GC invocations=16 (full 0):
 garbage-first heap   total 95232K, used 70844K [0x0000000080000000, 0x0000000100000000)
  region size 1024K, 31 young (31744K), 6 survivors (6144K)
 Metaspace       used 49064K, capacity 50319K, committed 50556K, reserved 1093632K
  class space    used 6220K, capacity 6640K, committed 6656K, reserved 1048576K
}
Event: 128.241 GC heap after
{Heap after GC invocations=17 (full 0):
 garbage-first heap   total 95232K, used 47033K [0x0000000080000000, 0x0000000100000000)
  region size 1024K, 1 young (1024K), 1 survivors (1024K)
 Metaspace       used 49064K, capacity 50319K, committed 50556K, reserved 1093632K
  class space    used 6220K, capacity 6640K, committed 6656K, reserved 1048576K
}
Event: 132.562 GC heap before
{Heap before GC invocations=17 (full 0):
 garbage-first heap   total 95232K, used 72633K [0x0000000080000000, 0x0000000100000000)
  region size 1024K, 26 young (26624K), 1 survivors (1024K)
 Metaspace       used 52511K, capacity 53846K, committed 54140K, reserved 1095680K
  class space    used 6666K, capacity 7111K, committed 7168K, reserved 1048576K
}
Event: 132.575 GC heap after
{Heap after GC invocations=18 (full 0):
 garbage-first heap   total 95232K, used 47731K [0x0000000080000000, 0x0000000100000000)
  region size 1024K, 2 young (2048K), 2 survivors (2048K)
 Metaspace       used 52511K, capacity 53846K, committed 54140K, reserved 1095680K
  class space    used 6666K, capacity 7111K, committed 7168K, reserved 1048576K
}

Deoptimization events (20 events):
Event: 124.410 Thread 0x000000006087a800 Uncommon trap: trap_request=0xffffff45 fr.pc=0x000000000dcc1d8c relative=0x0000000000000bec
Event: 124.410 Thread 0x000000006087a800 Uncommon trap: reason=unstable_fused_if action=reinterpret pc=0x000000000dcc1d8c method=org.objectweb.asm.ByteVector.putUTF8(Ljava/lang/String;)Lorg/objectweb/asm/ByteVector; @ 93 c2
Event: 124.410 Thread 0x000000006087a800 DEOPT PACKING pc=0x000000000dcc1d8c sp=0x0000000062427f70
Event: 124.410 Thread 0x000000006087a800 DEOPT UNPACKING pc=0x00000000060d65a9 sp=0x0000000062427ec8 mode 2
Event: 124.418 Thread 0x000000006087a800 Uncommon trap: trap_request=0xffffff4d fr.pc=0x000000000dce98d8 relative=0x00000000000028d8
Event: 124.418 Thread 0x000000006087a800 Uncommon trap: reason=unstable_if action=reinterpret pc=0x000000000dce98d8 method=org.objectweb.asm.Frame.execute(IILorg/objectweb/asm/Symbol;Lorg/objectweb/asm/SymbolTable;)V @ 1 c2
Event: 124.418 Thread 0x000000006087a800 DEOPT PACKING pc=0x000000000dce98d8 sp=0x0000000062428150
Event: 124.419 Thread 0x000000006087a800 DEOPT UNPACKING pc=0x00000000060d65a9 sp=0x00000000624280f8 mode 2
Event: 124.897 Thread 0x000000006087a800 Uncommon trap: trap_request=0xffffff45 fr.pc=0x000000000dc6c9e8 relative=0x0000000000000208
Event: 124.897 Thread 0x000000006087a800 Uncommon trap: reason=unstable_fused_if action=reinterpret pc=0x000000000dc6c9e8 method=org.objectweb.asm.ByteVector.putUTF8(Ljava/lang/String;)Lorg/objectweb/asm/ByteVector; @ 93 c2
Event: 124.897 Thread 0x000000006087a800 DEOPT PACKING pc=0x000000000dc6c9e8 sp=0x0000000062427ec0
Event: 124.897 Thread 0x000000006087a800 DEOPT UNPACKING pc=0x00000000060d65a9 sp=0x0000000062427e40 mode 2
Event: 129.889 Thread 0x000000006087a800 Uncommon trap: trap_request=0xffffff4d fr.pc=0x000000000dd05cf8 relative=0x0000000000001098
Event: 129.889 Thread 0x000000006087a800 Uncommon trap: reason=unstable_if action=reinterpret pc=0x000000000dd05cf8 method=java.util.zip.ZipFile$ZipFileInflaterInputStream.close()V @ 4 c2
Event: 129.889 Thread 0x000000006087a800 DEOPT PACKING pc=0x000000000dd05cf8 sp=0x0000000062425540
Event: 129.890 Thread 0x000000006087a800 DEOPT UNPACKING pc=0x00000000060d65a9 sp=0x0000000062425540 mode 2
Event: 131.834 Thread 0x000000006087a800 Uncommon trap: trap_request=0xffffffc6 fr.pc=0x000000000dcaf028 relative=0x00000000000038e8
Event: 131.834 Thread 0x000000006087a800 Uncommon trap: reason=bimorphic_or_optimized_type_check action=maybe_recompile pc=0x000000000dcaf028 method=java.util.AbstractCollection.addAll(Ljava/util/Collection;)Z @ 29 c2
Event: 131.834 Thread 0x000000006087a800 DEOPT PACKING pc=0x000000000dcaf028 sp=0x0000000062428850
Event: 131.834 Thread 0x000000006087a800 DEOPT UNPACKING pc=0x00000000060d65a9 sp=0x0000000062428850 mode 2

Classes redefined (0 events):
No events

Internal exceptions (20 events):
Event: 119.463 Thread 0x000000005e276000 Exception <a 'java/lang/NoSuchMethodError'{0x00000000838a90d8}: <clinit>> (0x00000000838a90d8) thrown at [./src/hotspot/share/prims/jni.cpp, line 1362]
Event: 119.463 Thread 0x000000005e276000 Exception <a 'java/lang/NoSuchMethodError'{0x00000000838aa448}: <clinit>> (0x00000000838aa448) thrown at [./src/hotspot/share/prims/jni.cpp, line 1362]
Event: 119.464 Thread 0x000000005e276000 Exception <a 'java/lang/NoSuchMethodError'{0x00000000838ab9e0}: <clinit>> (0x00000000838ab9e0) thrown at [./src/hotspot/share/prims/jni.cpp, line 1362]
Event: 119.464 Thread 0x000000005e276000 Exception <a 'java/lang/NoSuchMethodError'{0x00000000838aca00}: <clinit>> (0x00000000838aca00) thrown at [./src/hotspot/share/prims/jni.cpp, line 1362]
Event: 119.466 Thread 0x000000005e276000 Exception <a 'java/lang/NoSuchMethodError'{0x00000000838b7418}: <clinit>> (0x00000000838b7418) thrown at [./src/hotspot/share/prims/jni.cpp, line 1362]
Event: 119.470 Thread 0x000000005e276000 Exception <a 'java/lang/NoSuchMethodError'{0x00000000838c2468}: <clinit>> (0x00000000838c2468) thrown at [./src/hotspot/share/prims/jni.cpp, line 1362]
Event: 119.477 Thread 0x000000005e276000 Exception <a 'java/lang/NoSuchMethodError'{0x00000000838d77b8}: <clinit>> (0x00000000838d77b8) thrown at [./src/hotspot/share/prims/jni.cpp, line 1362]
Event: 119.937 Thread 0x000000006087a800 Exception <a 'java/lang/ClassNotFoundException'{0x000000008387c570}: build_f5jczemvcl8vjxeez866v6sxyBeanInfo> (0x000000008387c570) thrown at [./src/hotspot/share/classfile/systemDictionary.cpp, line 231]
Event: 119.937 Thread 0x000000006087a800 Exception <a 'java/lang/ClassNotFoundException'{0x0000000083885378}: build_f5jczemvcl8vjxeez866v6sxyCustomizer> (0x0000000083885378) thrown at [./src/hotspot/share/classfile/systemDictionary.cpp, line 231]
Event: 120.003 Thread 0x000000006087a800 Exception <a 'java/lang/ClassNotFoundException'{0x0000000085c59c78}: org/gradle/plugin/use/internal/PluginRequestCollector$PluginDependenciesSpecImplBeanInfo> (0x0000000085c59c78) thrown at [./src/hotspot/share/classfile/systemDictionary.cpp, line 231]
Event: 120.005 Thread 0x000000006087a800 Exception <a 'java/lang/ClassNotFoundException'{0x0000000085c83400}: org/gradle/plugin/use/internal/PluginRequestCollector$PluginDependenciesSpecImplCustomizer> (0x0000000085c83400) thrown at [./src/hotspot/share/classfile/systemDictionary.cpp, line 231]
Event: 120.129 Thread 0x000000006087a800 Exception <a 'java/lang/NoSuchMethodError'{0x0000000085b05738}: 'void java.lang.invoke.DirectMethodHandle$Holder.invokeInterface(java.lang.Object, java.lang.Object)'> (0x0000000085b05738) thrown at [./src/hotspot/share/interpreter/linkResolver.cpp, line 773]
Event: 121.054 Thread 0x000000006087a800 Exception <a 'java/lang/ClassNotFoundException'{0x00000000859ae318}: org/gradle/api/internal/plugins/DefaultObjectConfigurationActionBeanInfo> (0x00000000859ae318) thrown at [./src/hotspot/share/classfile/systemDictionary.cpp, line 231]
Event: 121.057 Thread 0x000000006087a800 Exception <a 'java/lang/ClassNotFoundException'{0x00000000859db840}: org/gradle/api/internal/plugins/DefaultObjectConfigurationActionCustomizer> (0x00000000859db840) thrown at [./src/hotspot/share/classfile/systemDictionary.cpp, line 231]
Event: 124.416 Thread 0x000000006087a800 Exception <a 'java/lang/NoSuchMethodError'{0x00000000850da0f0}: 'java.lang.Object java.lang.invoke.DirectMethodHandle$Holder.invokeStatic(java.lang.Object, java.lang.Object, java.lang.Object, java.lang.Object, int)'> (0x00000000850da0f0) thrown at [./src/hotspot/share/interpreter/linkResolver.cpp, line 773]
Event: 124.417 Thread 0x000000006087a800 Exception <a 'java/lang/NoSuchMethodError'{0x00000000850deae8}: 'java.lang.Object java.lang.invoke.DirectMethodHandle$Holder.invokeSpecial(java.lang.Object, java.lang.Object, java.lang.Object, java.lang.Object, java.lang.Object, int)'> (0x00000000850deae8) thrown at [./src/hotspot/share/interpreter/linkResolver.cpp, line 773]
Event: 124.417 Thread 0x000000006087a800 Exception <a 'java/lang/NoSuchMethodError'{0x00000000850e3128}: 'java.lang.Object java.lang.invoke.Invokers$Holder.linkToTargetMethod(java.lang.Object, java.lang.Object, java.lang.Object, int, java.lang.Object)'> (0x00000000850e3128) thrown at [./src/hotspot/share/interpreter/linkResolver.cpp, line 773]
Event: 129.835 Thread 0x000000006087a800 Exception <a 'java/lang/NoSuchMethodError'{0x0000000085563b58}: 'java.lang.Object java.lang.invoke.DirectMethodHandle$Holder.invokeSpecial(java.lang.Object, java.lang.Object, int, int, java.lang.Object, java.lang.Object, java.lang.Object)'> (0x0000000085563b58) thrown at [./src/hotspot/share/interpreter/linkResolver.cpp, line 773]
Event: 129.836 Thread 0x000000006087a800 Exception <a 'java/lang/NoSuchMethodError'{0x00000000855680d8}: 'java.lang.Object java.lang.invoke.DelegatingMethodHandle$Holder.reinvoke_L(java.lang.Object, int, int, java.lang.Object, java.lang.Object, java.lang.Object)'> (0x00000000855680d8) thrown at [./src/hotspot/share/interpreter/linkResolver.cpp, line 773]
Event: 131.536 Thread 0x000000006087a800 Exception <a 'java/lang/NoSuchMethodError'{0x00000000848847f0}: 'int java.lang.invoke.DirectMethodHandle$Holder.invokeInterface(java.lang.Object, java.lang.Object, java.lang.Object, java.lang.Object)'> (0x00000000848847f0) thrown at [./src/hotspot/share/interpreter/linkResolver.cpp, line 773]

Events (20 events):
Event: 133.124 loading class com/android/tools/lint/gradle/api/LintClassLoaderProvider
Event: 133.124 loading class com/android/tools/lint/gradle/api/LintClassLoaderProvider done
Event: 133.129 loading class com/google/common/collect/ListMultimap
Event: 133.129 loading class com/google/common/collect/ListMultimap done
Event: 133.139 loading class com/google/common/collect/Multimap
Event: 133.139 loading class com/google/common/collect/Multimap done
Event: 133.188 loading class com/android/builder/model/level2/DependencyGraphs
Event: 133.188 loading class com/android/builder/model/level2/DependencyGraphs done
Event: 133.213 loading class com/android/builder/model/Dependencies
Event: 133.213 loading class com/android/builder/model/Dependencies done
Event: 133.214 loading class com/google/common/collect/ArrayListMultimap
Event: 133.214 loading class com/google/common/collect/ArrayListMultimap done
Event: 133.215 loading class com/google/common/collect/ArrayListMultimapGwtSerializationDependencies
Event: 133.215 loading class com/google/common/collect/ArrayListMultimapGwtSerializationDependencies done
Event: 133.215 loading class com/google/common/collect/AbstractListMultimap
Event: 133.215 loading class com/google/common/collect/AbstractListMultimap done
Event: 133.244 loading class com/google/common/collect/AbstractMapBasedMultimap
Event: 133.244 loading class com/google/common/collect/AbstractMapBasedMultimap done
Event: 133.273 loading class com/google/common/collect/AbstractMultimap
Event: 133.273 loading class com/google/common/collect/AbstractMultimap done


Dynamic libraries:
0x000000013ff80000 - 0x000000013ff8a000 	C:\Program Files\Android\Android Studio\jre\bin\java.exe
0x0000000076cd0000 - 0x0000000076e6f000 	C:\Windows\SYSTEM32\ntdll.dll
0x0000000076bb0000 - 0x0000000076cd0000 	C:\Windows\system32\kernel32.dll
0x000007fefc8c0000 - 0x000007fefc927000 	C:\Windows\system32\KERNELBASE.dll
0x000007fef1be0000 - 0x000007fef1bf9000 	C:\Program Files\Android\Android Studio\jre\bin\jli.dll
0x000007fefaf00000 - 0x000007fefb0f5000 	C:\Windows\WinSxS\amd64_microsoft.windows.common-controls_6595b64144ccf1df_6.0.7601.24483_none_e372d88f30fbb845\COMCTL32.dll
0x000007fefd640000 - 0x000007fefd6df000 	C:\Windows\system32\msvcrt.dll
0x000007fefd5c0000 - 0x000007fefd628000 	C:\Windows\system32\GDI32.dll
0x0000000076ab0000 - 0x0000000076bab000 	C:\Windows\system32\USER32.dll
0x000007fefd630000 - 0x000007fefd63e000 	C:\Windows\system32\LPK.dll
0x000007fefd4f0000 - 0x000007fefd5bb000 	C:\Windows\system32\USP10.dll
0x000007fefec70000 - 0x000007fefece1000 	C:\Windows\system32\SHLWAPI.dll
0x000007fef1bc0000 - 0x000007fef1bd7000 	C:\Program Files\Android\Android Studio\jre\bin\VCRUNTIME140.dll
0x000007fef6f90000 - 0x000007fef6f94000 	C:\Windows\system32\api-ms-win-crt-runtime-l1-1-0.dll
0x000007fef6e90000 - 0x000007fef6f84000 	C:\Windows\system32\ucrtbase.DLL
0x000007fef6e80000 - 0x000007fef6e83000 	C:\Windows\system32\api-ms-win-core-timezone-l1-1-0.dll
0x000007fef6e70000 - 0x000007fef6e73000 	C:\Windows\system32\api-ms-win-core-file-l2-1-0.dll
0x000007fef6e60000 - 0x000007fef6e63000 	C:\Windows\system32\api-ms-win-core-localization-l1-2-0.dll
0x000007fef8180000 - 0x000007fef8183000 	C:\Windows\system32\api-ms-win-core-synch-l1-2-0.dll
0x000007fef6e50000 - 0x000007fef6e53000 	C:\Windows\system32\api-ms-win-core-processthreads-l1-1-1.dll
0x000007fef6e40000 - 0x000007fef6e43000 	C:\Windows\system32\api-ms-win-core-file-l1-2-0.dll
0x000007fef6e20000 - 0x000007fef6e24000 	C:\Windows\system32\api-ms-win-crt-string-l1-1-0.dll
0x000007fef6e30000 - 0x000007fef6e33000 	C:\Windows\system32\api-ms-win-crt-heap-l1-1-0.dll
0x000007fef6e10000 - 0x000007fef6e14000 	C:\Windows\system32\api-ms-win-crt-stdio-l1-1-0.dll
0x000007fef6e00000 - 0x000007fef6e04000 	C:\Windows\system32\api-ms-win-crt-convert-l1-1-0.dll
0x000007fef6d10000 - 0x000007fef6d13000 	C:\Windows\system32\api-ms-win-crt-environment-l1-1-0.dll
0x000007fef6d30000 - 0x000007fef6d33000 	C:\Windows\system32\api-ms-win-crt-filesystem-l1-1-0.dll
0x000007fef6d00000 - 0x000007fef6d05000 	C:\Windows\system32\api-ms-win-crt-math-l1-1-0.dll
0x000007fef6d40000 - 0x000007fef6d43000 	C:\Windows\system32\api-ms-win-crt-locale-l1-1-0.dll
0x000007fefdca0000 - 0x000007fefdcce000 	C:\Windows\system32\IMM32.DLL
0x000007fefdcd0000 - 0x000007fefdddb000 	C:\Windows\system32\MSCTF.dll
0x000007fedd860000 - 0x000007fedd8fd000 	C:\Program Files\Android\Android Studio\jre\bin\msvcp140.dll
0x000007fef3c00000 - 0x000007fef3c05000 	C:\Windows\system32\api-ms-win-crt-multibyte-l1-1-0.dll
0x000007fef6d20000 - 0x000007fef6d23000 	C:\Windows\system32\api-ms-win-crt-time-l1-1-0.dll
0x000007fef6cf0000 - 0x000007fef6cf3000 	C:\Windows\system32\api-ms-win-crt-utility-l1-1-0.dll
0x000007fee4070000 - 0x000007fee4b2c000 	C:\Program Files\Android\Android Studio\jre\bin\server\jvm.dll
0x000007fefd8c0000 - 0x000007fefd99b000 	C:\Windows\system32\ADVAPI32.dll
0x000007fefd2c0000 - 0x000007fefd2df000 	C:\Windows\SYSTEM32\sechost.dll
0x000007fefd3c0000 - 0x000007fefd4ea000 	C:\Windows\system32\RPCRT4.dll
0x000007feeff70000 - 0x000007feeff79000 	C:\Windows\system32\WSOCK32.dll
0x000007fefda50000 - 0x000007fefda9d000 	C:\Windows\system32\WS2_32.dll
0x000007fefd9a0000 - 0x000007fefd9a8000 	C:\Windows\system32\NSI.dll
0x000007fef92f0000 - 0x000007fef932b000 	C:\Windows\system32\WINMM.dll
0x000007fefb850000 - 0x000007fefb85c000 	C:\Windows\system32\VERSION.dll
0x0000000076e70000 - 0x0000000076e77000 	C:\Windows\system32\PSAPI.DLL
0x000007feeff50000 - 0x000007feeff61000 	C:\Program Files\Android\Android Studio\jre\bin\verify.dll
0x000007fef6790000 - 0x000007fef68b5000 	C:\Windows\system32\DBGHELP.DLL
0x000007fee14b0000 - 0x000007fee14d9000 	C:\Program Files\Android\Android Studio\jre\bin\java.dll
0x000007fef4e80000 - 0x000007fef4e8b000 	C:\Program Files\Android\Android Studio\jre\bin\jimage.dll
0x000007fef4e60000 - 0x000007fef4e78000 	C:\Program Files\Android\Android Studio\jre\bin\zip.dll
0x000007fefde80000 - 0x000007fefec0b000 	C:\Windows\system32\SHELL32.dll
0x000007fefdaa0000 - 0x000007fefdca0000 	C:\Windows\system32\ole32.dll
0x000007fefc820000 - 0x000007fefc82f000 	C:\Windows\system32\profapi.dll
0x000007fef4c90000 - 0x000007fef4caa000 	C:\Program Files\Android\Android Studio\jre\bin\net.dll
0x000007fef83b0000 - 0x000007fef8421000 	C:\Windows\system32\WINHTTP.dll
0x000007fef8340000 - 0x000007fef83a5000 	C:\Windows\system32\webio.dll
0x000007fefbf60000 - 0x000007fefbfb5000 	C:\Windows\system32\mswsock.dll
0x000007fefbf50000 - 0x000007fefbf57000 	C:\Windows\System32\wship6.dll
0x000007fef4c70000 - 0x000007fef4c84000 	C:\Program Files\Android\Android Studio\jre\bin\nio.dll
0x000007fef1c00000 - 0x000007fef1c27000 	C:\Users\User\.gradle\native\fdc75f09e3144964f2cf3f50f0aa648679c211496f362492102eb8c894070792\windows-amd64\native-platform.dll
0x000007fedd980000 - 0x000007feddb16000 	C:\Users\User\.gradle\native\12488b8bf47d2d4c9fbf2f6322a914ad602e24e48041cd04a747c6da556b65c4\windows-amd64\native-platform-file-events.dll
0x000007fef4c60000 - 0x000007fef4c6a000 	C:\Program Files\Android\Android Studio\jre\bin\management.dll
0x000007fef4c50000 - 0x000007fef4c5c000 	C:\Program Files\Android\Android Studio\jre\bin\management_ext.dll
0x000007fefc000000 - 0x000007fefc018000 	C:\Windows\system32\CRYPTSP.dll
0x000007fefbca0000 - 0x000007fefbce7000 	C:\Windows\system32\rsaenh.dll
0x000007fefc850000 - 0x000007fefc86f000 	C:\Windows\system32\USERENV.dll
0x000007fefc6c0000 - 0x000007fefc6cf000 	C:\Windows\system32\CRYPTBASE.dll
0x000007fefa290000 - 0x000007fefa2b7000 	C:\Windows\system32\IPHLPAPI.DLL
0x000007fefa280000 - 0x000007fefa28b000 	C:\Windows\system32\WINNSI.DLL
0x000007fefa060000 - 0x000007fefa071000 	C:\Windows\system32\dhcpcsvc6.DLL
0x000007fefa040000 - 0x000007fefa058000 	C:\Windows\system32\dhcpcsvc.DLL

dbghelp: loaded successfully - version: 4.0.5 - missing functions: none
symbol engine: initialized successfully - sym options: 0x614 - pdb path: .;C:\Program Files\Android\Android Studio\jre\bin;C:\Windows\SYSTEM32;C:\Windows\WinSxS\amd64_microsoft.windows.common-controls_6595b64144ccf1df_6.0.7601.24483_none_e372d88f30fbb845;C:\Program Files\Android\Android Studio\jre\bin\server;C:\Users\User\.gradle\native\fdc75f09e3144964f2cf3f50f0aa648679c211496f362492102eb8c894070792\windows-amd64;C:\Users\User\.gradle\native\12488b8bf47d2d4c9fbf2f6322a914ad602e24e48041cd04a747c6da556b65c4\windows-amd64

VM Arguments:
jvm_args: --add-opens=java.base/java.util=ALL-UNNAMED --add-opens=java.base/java.lang=ALL-UNNAMED --add-opens=java.base/java.lang.invoke=ALL-UNNAMED --add-opens=java.prefs/java.util.prefs=ALL-UNNAMED -Xmx2048m -Dfile.encoding=UTF-8 -Duser.country=RU -Duser.language=ru -Duser.variant 
java_command: org.gradle.launcher.daemon.bootstrap.GradleDaemon 6.7.1
java_class_path (initial): C:\Users\User\.gradle\wrapper\dists\gradle-6.7.1-bin\bwlcbys1h7rz3272sye1xwiv6\gradle-6.7.1\lib\gradle-launcher-6.7.1.jar
Launcher Type: SUN_STANDARD

[Global flags]
     intx CICompilerCount                          = 2                                         {product} {ergonomic}
     uint ConcGCThreads                            = 1                                         {product} {ergonomic}
     uint G1ConcRefinementThreads                  = 2                                         {product} {ergonomic}
   size_t G1HeapRegionSize                         = 1048576                                   {product} {ergonomic}
    uintx GCDrainStackTargetSize                   = 64                                        {product} {ergonomic}
   size_t InitialHeapSize                          = 67108864                                  {product} {ergonomic}
   size_t MarkStackSize                            = 4194304                                   {product} {ergonomic}
   size_t MaxHeapSize                              = 2147483648                                {product} {command line}
   size_t MaxNewSize                               = 1287651328                                {product} {ergonomic}
   size_t MinHeapDeltaBytes                        = 1048576                                   {product} {ergonomic}
    uintx NonNMethodCodeHeapSize                   = 5825164                                {pd product} {ergonomic}
    uintx NonProfiledCodeHeapSize                  = 122916538                              {pd product} {ergonomic}
    uintx ProfiledCodeHeapSize                     = 122916538                              {pd product} {ergonomic}
    uintx ReservedCodeCacheSize                    = 251658240                              {pd product} {ergonomic}
     bool SegmentedCodeCache                       = true                                      {product} {ergonomic}
     bool UseCompressedClassPointers               = true                                 {lp64_product} {ergonomic}
     bool UseCompressedOops                        = true                                 {lp64_product} {ergonomic}
     bool UseG1GC                                  = true                                      {product} {ergonomic}
     bool UseLargePagesIndividualAllocation        = false                                  {pd product} {ergonomic}

Logging:
Log output configuration:
 #0: stdout all=warning uptime,level,tags
 #1: stderr all=off uptime,level,tags

Environment Variables:
PATH=C:\Program Files (x86)\Common Files\Oracle\Java\javapath;C:\Program Files\Java\jdk1.8.0_281\bin;C:\Program Files\Git\cmd;C:\Program Files\JetBrains\IntelliJ IDEA Community Edition 2021.2.3\bin;;C:\Program Files\JetBrains\IntelliJ IDEA 2019.3.5\bin;
USERNAME=User
OS=Windows_NT
PROCESSOR_IDENTIFIER=AMD64 Family 15 Model 75 Stepping 2, AuthenticAMD



---------------  S Y S T E M  ---------------

OS: Windows 7 , 64 bit Build 7601 (6.1.7601.24596)
OS uptime: 0 days 0:22 hours

CPU:total 2 (initial active 2) (2 cores per cpu, 1 threads per core) family 15 model 75 stepping 2, cmov, cx8, fxsr, mmx, sse, sse2, sse3, mmxext, 3dnowpref, tsc

Memory: 4k page, system-wide physical 4095M (464M free)
TotalPageFile size 11093M (AvailPageFile size 4M)
current process WorkingSet (physical memory assigned to process): 256M, peak: 256M
current process commit charge ("private bytes"): 291M, peak: 292M

vm_info: OpenJDK 64-Bit Server VM (11.0.8+10-b944.6842174) for windows-amd64 JRE (11.0.8+10-b944.6842174), built on Sep 19 2020 01:11:42 by "builder" with MS VC++ 14.0 (VS2015)

END.
