#
# There is insufficient memory for the Java Runtime Environment to continue.
# Native memory allocation (mmap) failed to map 65536 bytes for Failed to commit area from 0x0000000018550000 to 0x0000000018560000 of length 65536.
# Possible reasons:
#   The system is out of physical RAM or swap space
#   The process is running with CompressedOops enabled, and the Java Heap may be blocking the growth of the native heap
# Possible solutions:
#   Reduce memory load on the system
#   Increase physical memory or swap space
#   Check if swap backing store is full
#   Decrease Java heap size (-Xmx/-Xms)
#   Decrease number of Java threads
#   Decrease Java thread stack sizes (-Xss)
#   Set larger code cache with -XX:ReservedCodeCacheSize=
#   JVM is running with Unscaled Compressed Oops mode in which the Java heap is
#     placed in the first 4GB address space. The Java Heap base address is the
#     maximum limit for the native heap growth. Please use -XX:HeapBaseMinAddress
#     to set the Java Heap base and to place the Java Heap above 4GB virtual address.
# This output file may be truncated or incomplete.
#
#  Out of Memory Error (./src/hotspot/os/windows/os_windows.cpp:3303), pid=4208, tid=1564
#
# JRE version: OpenJDK Runtime Environment (11.0.8+10) (build 11.0.8+10-b944.6842174)
# Java VM: OpenJDK 64-Bit Server VM (11.0.8+10-b944.6842174, mixed mode, tiered, compressed oops, g1 gc, windows-amd64)
# No core dump will be written. Minidumps are not enabled by default on client versions of Windows
#

---------------  S U M M A R Y ------------

Command Line: --add-opens=java.base/java.util=ALL-UNNAMED --add-opens=java.base/java.lang=ALL-UNNAMED --add-opens=java.base/java.lang.invoke=ALL-UNNAMED --add-opens=java.prefs/java.util.prefs=ALL-UNNAMED -Xmx2048m -Dfile.encoding=UTF-8 -Duser.country=RU -Duser.language=ru -Duser.variant org.gradle.launcher.daemon.bootstrap.GradleDaemon 6.7.1

Host: AMD Athlon(tm) 64 X2 Dual Core Processor 4200+, 2 cores, 3G,  Windows 7 , 64 bit Build 7601 (6.1.7601.24596)
Time: Sun May  1 10:50:50 2022 RTZ 1 (ceia) elapsed time: 572 seconds (0d 0h 9m 32s)

---------------  T H R E A D  ---------------

Current thread (0x000000005d27a800):  VMThread "VM Thread" [stack: 0x000000005d4c0000,0x000000005d5c0000] [id=1564]

Stack: [0x000000005d4c0000,0x000000005d5c0000]
[error occurred during error reporting (printing stack bounds), id 0xc0000005, EXCEPTION_ACCESS_VIOLATION (0xc0000005) at pc=0x0000000006090dbd]

Native frames: (J=compiled Java code, j=interpreted, Vv=VM code, C=native code)
V  [jvm.dll+0x5de50a]
V  [jvm.dll+0x7122f5]
V  [jvm.dll+0x71384d]
V  [jvm.dll+0x713e65]
V  [jvm.dll+0x713e1b]
V  [jvm.dll+0x5dd958]
V  [jvm.dll+0x5de0f8]
C  [ntdll.dll+0x6b3cd]
C  [ntdll.dll+0x3f71a]
C  [ntdll.dll+0x6aa6e]
C  0x0000000006090dbd

VM_Operation (0x00000000629d7060): G1CollectForAllocation, mode: safepoint, requested by thread 0x000000006049a000


---------------  P R O C E S S  ---------------

Threads class SMR info:
_java_thread_list=0x0000000070f991b0, length=40, elements={
0x00000000000ce800, 0x000000005d27d800, 0x000000005d280000, 0x000000005d297000,
0x000000005d29a000, 0x000000005d29b800, 0x000000005d2c7800, 0x000000001c71b000,
0x000000005e10c000, 0x000000005e113800, 0x000000005fe89800, 0x000000005f6bd000,
0x00000000606f0800, 0x000000005f050000, 0x000000005f774000, 0x000000005f775000,
0x000000005f775800, 0x000000005f77a800, 0x0000000060bed000, 0x0000000060498000,
0x0000000060497800, 0x0000000060496800, 0x000000006049a000, 0x000000006049a800,
0x000000006049b800, 0x000000006049c800, 0x000000006049d000, 0x000000005f777000,
0x000000005f778000, 0x000000005f779800, 0x000000005f779000, 0x0000000060bef000,
0x00000000672b7000, 0x00000000672b8000, 0x00000000672b9000, 0x00000000672b9800,
0x00000000672ba800, 0x00000000672bb800, 0x00000000672bc000, 0x00000000672bd000
}

Java Threads: ( => current thread )
  0x00000000000ce800 JavaThread "main" [_thread_blocked, id=6796, stack(0x00000000021e0000,0x00000000022e0000)]
  0x000000005d27d800 JavaThread "Reference Handler" daemon [_thread_blocked, id=5468, stack(0x000000005d610000,0x000000005d710000)]
  0x000000005d280000 JavaThread "Finalizer" daemon [_thread_blocked, id=6072, stack(0x000000005d770000,0x000000005d870000)]
  0x000000005d297000 JavaThread "Signal Dispatcher" daemon [_thread_blocked, id=5884, stack(0x000000005d910000,0x000000005da10000)]
  0x000000005d29a000 JavaThread "Attach Listener" daemon [_thread_blocked, id=4380, stack(0x000000005da30000,0x000000005db30000)]
  0x000000005d29b800 JavaThread "C2 CompilerThread0" daemon [_thread_blocked, id=1664, stack(0x000000005dbb0000,0x000000005dcb0000)]
  0x000000005d2c7800 JavaThread "C1 CompilerThread0" daemon [_thread_blocked, id=6676, stack(0x000000005dd00000,0x000000005de00000)]
  0x000000001c71b000 JavaThread "Sweeper thread" daemon [_thread_blocked, id=5196, stack(0x000000005df80000,0x000000005e080000)]
  0x000000005e10c000 JavaThread "Common-Cleaner" daemon [_thread_blocked, id=4988, stack(0x000000005e5e0000,0x000000005e6e0000)]
  0x000000005e113800 JavaThread "Service Thread" daemon [_thread_blocked, id=6424, stack(0x000000005e7d0000,0x000000005e8d0000)]
  0x000000005fe89800 JavaThread "Daemon health stats" [_thread_blocked, id=6672, stack(0x00000000617d0000,0x00000000618d0000)]
  0x000000005f6bd000 JavaThread "Incoming local TCP Connector on port 63792" [_thread_in_native, id=3060, stack(0x0000000061f40000,0x0000000062040000)]
  0x00000000606f0800 JavaThread "Daemon periodic checks" [_thread_blocked, id=6860, stack(0x0000000062090000,0x0000000062190000)]
  0x000000005f050000 JavaThread "Daemon" [_thread_blocked, id=6304, stack(0x0000000062450000,0x0000000062550000)]
  0x000000005f774000 JavaThread "Cache worker for file hash cache (C:\Users\User\.gradle\caches\6.7.1\fileHashes)" [_thread_blocked, id=7032, stack(0x0000000062f20000,0x0000000063020000)]
  0x000000005f775000 JavaThread "File lock request listener" [_thread_in_native, id=6268, stack(0x00000000631d0000,0x00000000632d0000)]
  0x000000005f775800 JavaThread "Cache worker for journal cache (C:\Users\User\.gradle\caches\journal-1)" [_thread_blocked, id=6008, stack(0x0000000061ae0000,0x0000000061be0000)]
  0x000000005f77a800 JavaThread "Cache worker for execution history cache (C:\Users\User\.gradle\caches\6.7.1\executionHistory)" [_thread_blocked, id=5172, stack(0x00000000650c0000,0x00000000651c0000)]
  0x0000000060bed000 JavaThread "Cache worker for file content cache (C:\Users\User\.gradle\caches\6.7.1\fileContent)" [_thread_blocked, id=7024, stack(0x00000000658b0000,0x00000000659b0000)]
  0x0000000060498000 JavaThread "Memory manager" [_thread_blocked, id=6020, stack(0x0000000062bd0000,0x0000000062cd0000)]
  0x0000000060497800 JavaThread "Handler for socket connection from /127.0.0.1:63792 to /127.0.0.1:55122" [_thread_in_native, id=6872, stack(0x0000000062680000,0x0000000062780000)]
  0x0000000060496800 JavaThread "Cancel handler" [_thread_blocked, id=6032, stack(0x000000005e900000,0x000000005ea00000)]
  0x000000006049a000 JavaThread "Daemon worker Thread 2" [_thread_blocked, id=6820, stack(0x00000000628e0000,0x00000000629e0000)]
  0x000000006049a800 JavaThread "Asynchronous log dispatcher for DefaultDaemonConnection: socket connection from /127.0.0.1:63792 to /127.0.0.1:55122" [_thread_blocked, id=6216, stack(0x0000000062ac0000,0x0000000062bc0000)]
  0x000000006049b800 JavaThread "Thread-151" [_thread_blocked, id=6360, stack(0x00000000630c0000,0x00000000631c0000)]
  0x000000006049c800 JavaThread "Cache worker for file hash cache (E:\PROJECT_JAVA\AS_FX\PizzaDelivery\.gradle\6.7.1\fileHashes)" [_thread_blocked, id=3700, stack(0x0000000063770000,0x0000000063870000)]
  0x000000006049d000 JavaThread "Cache worker for checksums cache (E:\PROJECT_JAVA\AS_FX\PizzaDelivery\.gradle\checksums)" [_thread_blocked, id=4428, stack(0x0000000064b60000,0x0000000064c60000)]
  0x000000005f777000 JavaThread "Cache worker for cache directory md-supplier (C:\Users\User\.gradle\caches\6.7.1\md-supplier)" [_thread_blocked, id=6164, stack(0x0000000064a60000,0x0000000064b60000)]
  0x000000005f778000 JavaThread "Cache worker for cache directory md-rule (C:\Users\User\.gradle\caches\6.7.1\md-rule)" [_thread_blocked, id=6400, stack(0x0000000064ee0000,0x0000000064fe0000)]
  0x000000005f779800 JavaThread "Cache worker for Build Output Cleanup Cache (E:\PROJECT_JAVA\AS_FX\PizzaDelivery\.gradle\buildOutputCleanup)" [_thread_blocked, id=4936, stack(0x0000000066120000,0x0000000066220000)]
  0x000000005f779000 JavaThread "Build operations" [_thread_blocked, id=4388, stack(0x0000000066470000,0x0000000066570000)]
  0x0000000060bef000 JavaThread "Build operations Thread 2" [_thread_blocked, id=6024, stack(0x0000000066010000,0x0000000066110000)]
  0x00000000672b7000 JavaThread "build event listener" [_thread_blocked, id=5432, stack(0x0000000075130000,0x0000000075230000)]
  0x00000000672b8000 JavaThread "build event listener" [_thread_blocked, id=4580, stack(0x0000000075230000,0x0000000075330000)]
  0x00000000672b9000 JavaThread "Execution worker for ':'" [_thread_blocked, id=5844, stack(0x0000000074920000,0x0000000074a20000)]
  0x00000000672b9800 JavaThread "Cache worker for execution history cache (E:\PROJECT_JAVA\AS_FX\PizzaDelivery\.gradle\6.7.1\executionHistory)" [_thread_blocked, id=5456, stack(0x0000000075440000,0x0000000075540000)]
  0x00000000672ba800 JavaThread "WorkerExecutor Queue" [_thread_blocked, id=5812, stack(0x00000000755f0000,0x00000000756f0000)]
  0x00000000672bb800 JavaThread "pool-8-thread-1" [_thread_blocked, id=6880, stack(0x0000000075830000,0x0000000075930000)]
  0x00000000672bc000 JavaThread "stderr" [_thread_in_native, id=6112, stack(0x0000000075a10000,0x0000000075b10000)]
  0x00000000672bd000 JavaThread "stdout" [_thread_in_native, id=6804, stack(0x0000000075c80000,0x0000000075d80000)]

Other Threads:
=>0x000000005d27a800 VMThread "VM Thread" [stack: 0x000000005d4c0000,0x000000005d5c0000] [id=1564]
  0x000000005e114800 WatcherThread [stack: 0x000000005e4a0000,0x000000005e5a0000] [id=3640]
  0x00000000000e8800 GCTaskThread "GC Thread#0" [stack: 0x0000000015320000,0x0000000015420000] [id=4104]
  0x000000005e22e800 GCTaskThread "GC Thread#1" [stack: 0x000000005ea20000,0x000000005eb20000] [id=6724]
  0x000000000011a000 ConcurrentGCThread "G1 Main Marker" [stack: 0x000000001a150000,0x000000001a250000] [id=6180]
  0x000000000011e000 ConcurrentGCThread "G1 Conc#0" [stack: 0x000000001a300000,0x000000001a400000] [id=6824]
  0x000000000016a800 ConcurrentGCThread "G1 Refine#0" [stack: 0x000000001c760000,0x000000001c860000] [id=2284]
  0x000000000016b800 ConcurrentGCThread "G1 Young RemSet Sampling" [stack: 0x000000001c8a0000,0x000000001c9a0000] [id=7128]

Threads with active compile tasks:
C2 CompilerThread0 573257 15071       4       java.net.URLClassLoader$1::run (5 bytes)

VM state:at safepoint (normal execution)

VM Mutex/Monitor currently owned by a thread:  ([mutex/lock_event])
[0x00000000000ca6e0] Threads_lock - owner thread: 0x000000005d27a800
[0x00000000000caec0] Heap_lock - owner thread: 0x000000006049a000

Heap address: 0x0000000080000000, size: 2048 MB, Compressed Oops mode: 32-bit
Narrow klass base: 0x0000000000000000, Narrow klass shift: 0
Compressed class space size: 1073741824 Address: 0x000000001c9a0000

Heap:
 garbage-first heap   total 333824K, used 113597K [0x0000000080000000, 0x0000000100000000)
  region size 1024K, 3 young (3072K), 3 survivors (3072K)
 Metaspace       used 101462K, capacity 103662K, committed 103676K, reserved 1140736K
  class space    used 12421K, capacity 13178K, committed 13184K, reserved 1048576K
Heap Regions: E=young(eden), S=young(survivor), O=old, HS=humongous(starts), HC=humongous(continues), CS=collection set, F=free, A=archive, TAMS=top-at-mark-start (previous, next)
|   0|0x0000000080000000, 0x0000000080100000, 0x0000000080100000|100%| O|  |TAMS 0x0000000080100000, 0x0000000080000000| Untracked 
|   1|0x0000000080100000, 0x0000000080200000, 0x0000000080200000|100%| O|  |TAMS 0x0000000080200000, 0x0000000080100000| Untracked 
|   2|0x0000000080200000, 0x0000000080300000, 0x0000000080300000|100%| O|  |TAMS 0x0000000080200000, 0x0000000080200000| Untracked 
|   3|0x0000000080300000, 0x0000000080400000, 0x0000000080400000|100%| O|  |TAMS 0x0000000080400000, 0x0000000080300000| Untracked 
|   4|0x0000000080400000, 0x0000000080500000, 0x0000000080500000|100%|HS|  |TAMS 0x0000000080500000, 0x0000000080400000| Complete 
|   5|0x0000000080500000, 0x0000000080600000, 0x0000000080600000|100%|HC|  |TAMS 0x0000000080600000, 0x0000000080500000| Complete 
|   6|0x0000000080600000, 0x0000000080700000, 0x0000000080700000|100%|HC|  |TAMS 0x0000000080700000, 0x0000000080600000| Complete 
|   7|0x0000000080700000, 0x0000000080800000, 0x0000000080800000|100%| O|  |TAMS 0x0000000080800000, 0x0000000080700000| Untracked 
|   8|0x0000000080800000, 0x0000000080900000, 0x0000000080900000|100%| O|  |TAMS 0x0000000080800000, 0x0000000080800000| Untracked 
|   9|0x0000000080900000, 0x0000000080a00000, 0x0000000080a00000|100%| O|  |TAMS 0x0000000080a00000, 0x0000000080900000| Untracked 
|  10|0x0000000080a00000, 0x0000000080b00000, 0x0000000080b00000|100%| O|  |TAMS 0x0000000080b00000, 0x0000000080a00000| Untracked 
|  11|0x0000000080b00000, 0x0000000080c00000, 0x0000000080c00000|100%| O|  |TAMS 0x0000000080b00000, 0x0000000080b00000| Untracked 
|  12|0x0000000080c00000, 0x0000000080d00000, 0x0000000080d00000|100%| O|  |TAMS 0x0000000080d00000, 0x0000000080c00000| Untracked 
|  13|0x0000000080d00000, 0x0000000080e00000, 0x0000000080e00000|100%| O|  |TAMS 0x0000000080e00000, 0x0000000080d00000| Untracked 
|  14|0x0000000080e00000, 0x0000000080f00000, 0x0000000080f00000|100%| O|  |TAMS 0x0000000080f00000, 0x0000000080e00000| Untracked 
|  15|0x0000000080f00000, 0x0000000081000000, 0x0000000081000000|100%| O|  |TAMS 0x0000000081000000, 0x0000000080f00000| Untracked 
|  16|0x0000000081000000, 0x0000000081100000, 0x0000000081100000|100%| O|  |TAMS 0x0000000081100000, 0x0000000081000000| Untracked 
|  17|0x0000000081100000, 0x0000000081200000, 0x0000000081200000|100%| O|  |TAMS 0x0000000081200000, 0x0000000081100000| Untracked 
|  18|0x0000000081200000, 0x0000000081300000, 0x0000000081300000|100%| O|  |TAMS 0x0000000081300000, 0x0000000081200000| Untracked 
|  19|0x0000000081300000, 0x0000000081400000, 0x0000000081400000|100%| O|  |TAMS 0x0000000081400000, 0x0000000081300000| Untracked 
|  20|0x0000000081400000, 0x0000000081500000, 0x0000000081500000|100%| O|  |TAMS 0x0000000081500000, 0x0000000081400000| Untracked 
|  21|0x0000000081500000, 0x0000000081600000, 0x0000000081600000|100%| O|  |TAMS 0x0000000081600000, 0x0000000081500000| Untracked 
|  22|0x0000000081600000, 0x0000000081700000, 0x0000000081700000|100%| O|  |TAMS 0x0000000081700000, 0x0000000081600000| Untracked 
|  23|0x0000000081700000, 0x0000000081800000, 0x0000000081800000|100%| O|  |TAMS 0x0000000081800000, 0x0000000081700000| Untracked 
|  24|0x0000000081800000, 0x0000000081900000, 0x0000000081900000|100%| O|  |TAMS 0x0000000081900000, 0x0000000081800000| Untracked 
|  25|0x0000000081900000, 0x0000000081a00000, 0x0000000081a00000|100%| O|  |TAMS 0x0000000081a00000, 0x0000000081900000| Untracked 
|  26|0x0000000081a00000, 0x0000000081b00000, 0x0000000081b00000|100%| O|  |TAMS 0x0000000081b00000, 0x0000000081a00000| Untracked 
|  27|0x0000000081b00000, 0x0000000081c00000, 0x0000000081c00000|100%|HS|  |TAMS 0x0000000081c00000, 0x0000000081b00000| Complete 
|  28|0x0000000081c00000, 0x0000000081d00000, 0x0000000081d00000|100%| O|  |TAMS 0x0000000081d00000, 0x0000000081c00000| Untracked 
|  29|0x0000000081d00000, 0x0000000081e00000, 0x0000000081e00000|100%| O|  |TAMS 0x0000000081e00000, 0x0000000081d00000| Untracked 
|  30|0x0000000081e00000, 0x0000000081f00000, 0x0000000081f00000|100%| O|  |TAMS 0x0000000081e00000, 0x0000000081e00000| Untracked 
|  31|0x0000000081f00000, 0x0000000082000000, 0x0000000082000000|100%| O|  |TAMS 0x0000000081f00000, 0x0000000081f00000| Untracked 
|  32|0x0000000082000000, 0x0000000082100000, 0x0000000082100000|100%| O|  |TAMS 0x0000000082100000, 0x0000000082000000| Untracked 
|  33|0x0000000082100000, 0x0000000082200000, 0x0000000082200000|100%|HS|  |TAMS 0x0000000082200000, 0x0000000082100000| Complete 
|  34|0x0000000082200000, 0x0000000082300000, 0x0000000082300000|100%|HC|  |TAMS 0x0000000082300000, 0x0000000082200000| Complete 
|  35|0x0000000082300000, 0x0000000082400000, 0x0000000082400000|100%|HC|  |TAMS 0x0000000082400000, 0x0000000082300000| Complete 
|  36|0x0000000082400000, 0x0000000082400000, 0x0000000082500000|  0%| F|  |TAMS 0x0000000082400000, 0x0000000082400000| Untracked 
|  37|0x0000000082500000, 0x0000000082600000, 0x0000000082600000|100%| O|  |TAMS 0x0000000082600000, 0x0000000082500000| Untracked 
|  38|0x0000000082600000, 0x0000000082700000, 0x0000000082700000|100%| O|  |TAMS 0x0000000082600000, 0x0000000082600000| Untracked 
|  39|0x0000000082700000, 0x0000000082800000, 0x0000000082800000|100%|HS|  |TAMS 0x0000000082800000, 0x0000000082700000| Complete 
|  40|0x0000000082800000, 0x0000000082900000, 0x0000000082900000|100%|HC|  |TAMS 0x0000000082900000, 0x0000000082800000| Complete 
|  41|0x0000000082900000, 0x0000000082a00000, 0x0000000082a00000|100%| O|  |TAMS 0x0000000082a00000, 0x0000000082900000| Untracked 
|  42|0x0000000082a00000, 0x0000000082a80000, 0x0000000082b00000| 50%| O|  |TAMS 0x0000000082a00000, 0x0000000082a00000| Untracked 
|  43|0x0000000082b00000, 0x0000000082c00000, 0x0000000082c00000|100%| O|  |TAMS 0x0000000082c00000, 0x0000000082b00000| Untracked 
|  44|0x0000000082c00000, 0x0000000082d00000, 0x0000000082d00000|100%| O|  |TAMS 0x0000000082d00000, 0x0000000082c00000| Untracked 
|  45|0x0000000082d00000, 0x0000000082e00000, 0x0000000082e00000|100%| O|  |TAMS 0x0000000082e00000, 0x0000000082d00000| Untracked 
|  46|0x0000000082e00000, 0x0000000082e00000, 0x0000000082f00000|  0%| F|  |TAMS 0x0000000082e00000, 0x0000000082e00000| Untracked 
|  47|0x0000000082f00000, 0x0000000083000000, 0x0000000083000000|100%| O|  |TAMS 0x0000000083000000, 0x0000000082f00000| Untracked 
|  48|0x0000000083000000, 0x0000000083100000, 0x0000000083100000|100%| O|  |TAMS 0x0000000083100000, 0x0000000083000000| Untracked 
|  49|0x0000000083100000, 0x0000000083200000, 0x0000000083200000|100%| O|  |TAMS 0x0000000083200000, 0x0000000083100000| Untracked 
|  50|0x0000000083200000, 0x0000000083300000, 0x0000000083300000|100%| O|  |TAMS 0x0000000083200000, 0x0000000083200000| Untracked 
|  51|0x0000000083300000, 0x0000000083300000, 0x0000000083400000|  0%| F|  |TAMS 0x0000000083300000, 0x0000000083300000| Untracked 
|  52|0x0000000083400000, 0x0000000083500000, 0x0000000083500000|100%| O|  |TAMS 0x0000000083500000, 0x0000000083400000| Untracked 
|  53|0x0000000083500000, 0x0000000083600000, 0x0000000083600000|100%| O|  |TAMS 0x0000000083600000, 0x0000000083500000| Untracked 
|  54|0x0000000083600000, 0x0000000083700000, 0x0000000083700000|100%| O|  |TAMS 0x0000000083700000, 0x0000000083600000| Untracked 
|  55|0x0000000083700000, 0x0000000083800000, 0x0000000083800000|100%| O|  |TAMS 0x0000000083800000, 0x0000000083700000| Untracked 
|  56|0x0000000083800000, 0x0000000083900000, 0x0000000083900000|100%| O|  |TAMS 0x0000000083900000, 0x0000000083800000| Untracked 
|  57|0x0000000083900000, 0x0000000083a00000, 0x0000000083a00000|100%| O|  |TAMS 0x0000000083a00000, 0x0000000083900000| Untracked 
|  58|0x0000000083a00000, 0x0000000083b00000, 0x0000000083b00000|100%| O|  |TAMS 0x0000000083b00000, 0x0000000083a00000| Untracked 
|  59|0x0000000083b00000, 0x0000000083c00000, 0x0000000083c00000|100%| O|  |TAMS 0x0000000083c00000, 0x0000000083b00000| Untracked 
|  60|0x0000000083c00000, 0x0000000083d00000, 0x0000000083d00000|100%| O|  |TAMS 0x0000000083d00000, 0x0000000083c00000| Untracked 
|  61|0x0000000083d00000, 0x0000000083e00000, 0x0000000083e00000|100%| O|  |TAMS 0x0000000083e00000, 0x0000000083d00000| Untracked 
|  62|0x0000000083e00000, 0x0000000083f00000, 0x0000000083f00000|100%| O|  |TAMS 0x0000000083e00000, 0x0000000083e00000| Untracked 
|  63|0x0000000083f00000, 0x0000000084000000, 0x0000000084000000|100%| O|  |TAMS 0x0000000084000000, 0x0000000083f00000| Untracked 
|  64|0x0000000084000000, 0x0000000084100000, 0x0000000084100000|100%| O|  |TAMS 0x0000000084100000, 0x0000000084000000| Untracked 
|  65|0x0000000084100000, 0x0000000084200000, 0x0000000084200000|100%| O|  |TAMS 0x0000000084200000, 0x0000000084100000| Untracked 
|  66|0x0000000084200000, 0x0000000084200000, 0x0000000084300000|  0%| F|  |TAMS 0x0000000084200000, 0x0000000084200000| Untracked 
|  67|0x0000000084300000, 0x0000000084400000, 0x0000000084400000|100%| O|  |TAMS 0x0000000084300000, 0x0000000084300000| Untracked 
|  68|0x0000000084400000, 0x0000000084500000, 0x0000000084500000|100%| O|  |TAMS 0x0000000084400000, 0x0000000084400000| Untracked 
|  69|0x0000000084500000, 0x0000000084500000, 0x0000000084600000|  0%| F|  |TAMS 0x0000000084500000, 0x0000000084500000| Untracked 
|  70|0x0000000084600000, 0x0000000084700000, 0x0000000084700000|100%| O|  |TAMS 0x0000000084700000, 0x0000000084600000| Untracked 
|  71|0x0000000084700000, 0x0000000084800000, 0x0000000084800000|100%| O|  |TAMS 0x0000000084800000, 0x0000000084700000| Untracked 
|  72|0x0000000084800000, 0x0000000084800000, 0x0000000084900000|  0%| F|  |TAMS 0x0000000084800000, 0x0000000084800000| Untracked 
|  73|0x0000000084900000, 0x0000000084a00000, 0x0000000084a00000|100%| O|  |TAMS 0x0000000084a00000, 0x0000000084900000| Untracked 
|  74|0x0000000084a00000, 0x0000000084a00000, 0x0000000084b00000|  0%| F|  |TAMS 0x0000000084a00000, 0x0000000084a00000| Untracked 
|  75|0x0000000084b00000, 0x0000000084c00000, 0x0000000084c00000|100%| O|  |TAMS 0x0000000084c00000, 0x0000000084b00000| Untracked 
|  76|0x0000000084c00000, 0x0000000084c00000, 0x0000000084d00000|  0%| F|  |TAMS 0x0000000084c00000, 0x0000000084c00000| Untracked 
|  77|0x0000000084d00000, 0x0000000084e00000, 0x0000000084e00000|100%| O|  |TAMS 0x0000000084d00000, 0x0000000084d00000| Untracked 
|  78|0x0000000084e00000, 0x0000000084f00000, 0x0000000084f00000|100%| O|  |TAMS 0x0000000084e00000, 0x0000000084e00000| Untracked 
|  79|0x0000000084f00000, 0x0000000085000000, 0x0000000085000000|100%| O|  |TAMS 0x0000000084f00000, 0x0000000084f00000| Untracked 
|  80|0x0000000085000000, 0x0000000085100000, 0x0000000085100000|100%| O|  |TAMS 0x0000000085000000, 0x0000000085000000| Untracked 
|  81|0x0000000085100000, 0x0000000085200000, 0x0000000085200000|100%| O|  |TAMS 0x0000000085100000, 0x0000000085100000| Untracked 
|  82|0x0000000085200000, 0x0000000085300000, 0x0000000085300000|100%| O|  |TAMS 0x0000000085200000, 0x0000000085200000| Untracked 
|  83|0x0000000085300000, 0x0000000085400000, 0x0000000085400000|100%| O|  |TAMS 0x0000000085300000, 0x0000000085300000| Untracked 
|  84|0x0000000085400000, 0x0000000085400000, 0x0000000085500000|  0%| F|  |TAMS 0x0000000085400000, 0x0000000085400000| Untracked 
|  85|0x0000000085500000, 0x0000000085600000, 0x0000000085600000|100%| O|  |TAMS 0x0000000085600000, 0x0000000085500000| Untracked 
|  86|0x0000000085600000, 0x0000000085700000, 0x0000000085700000|100%| O|  |TAMS 0x0000000085600000, 0x0000000085600000| Untracked 
|  87|0x0000000085700000, 0x0000000085800000, 0x0000000085800000|100%| O|  |TAMS 0x0000000085700000, 0x0000000085700000| Untracked 
|  88|0x0000000085800000, 0x0000000085900000, 0x0000000085900000|100%| O|  |TAMS 0x0000000085800000, 0x0000000085800000| Untracked 
|  89|0x0000000085900000, 0x0000000085a00000, 0x0000000085a00000|100%| O|  |TAMS 0x0000000085900000, 0x0000000085900000| Untracked 
|  90|0x0000000085a00000, 0x0000000085a00000, 0x0000000085b00000|  0%| F|  |TAMS 0x0000000085a00000, 0x0000000085a00000| Untracked 
|  91|0x0000000085b00000, 0x0000000085c00000, 0x0000000085c00000|100%| O|  |TAMS 0x0000000085b00000, 0x0000000085b00000| Untracked 
|  92|0x0000000085c00000, 0x0000000085d00000, 0x0000000085d00000|100%| O|  |TAMS 0x0000000085c00000, 0x0000000085c00000| Untracked 
|  93|0x0000000085d00000, 0x0000000085e00000, 0x0000000085e00000|100%| O|  |TAMS 0x0000000085d00000, 0x0000000085d00000| Untracked 
|  94|0x0000000085e00000, 0x0000000085f00000, 0x0000000085f00000|100%| O|  |TAMS 0x0000000085f00000, 0x0000000085e00000| Untracked 
|  95|0x0000000085f00000, 0x0000000086000000, 0x0000000086000000|100%| O|  |TAMS 0x0000000086000000, 0x0000000085f00000| Untracked 
|  96|0x0000000086000000, 0x0000000086100000, 0x0000000086100000|100%| O|  |TAMS 0x0000000086000000, 0x0000000086000000| Untracked 
|  97|0x0000000086100000, 0x0000000086100000, 0x0000000086200000|  0%| F|  |TAMS 0x0000000086100000, 0x0000000086100000| Untracked 
|  98|0x0000000086200000, 0x0000000086200000, 0x0000000086300000|  0%| F|  |TAMS 0x0000000086200000, 0x0000000086200000| Untracked 
|  99|0x0000000086300000, 0x0000000086300000, 0x0000000086400000|  0%| F|  |TAMS 0x0000000086300000, 0x0000000086300000| Untracked 
| 100|0x0000000086400000, 0x0000000086500000, 0x0000000086500000|100%| O|  |TAMS 0x0000000086500000, 0x0000000086400000| Untracked 
| 101|0x0000000086500000, 0x0000000086500000, 0x0000000086600000|  0%| F|  |TAMS 0x0000000086500000, 0x0000000086500000| Untracked 
| 102|0x0000000086600000, 0x0000000086700000, 0x0000000086700000|100%| O|  |TAMS 0x0000000086700000, 0x0000000086600000| Untracked 
| 103|0x0000000086700000, 0x0000000086800000, 0x0000000086800000|100%| O|  |TAMS 0x0000000086800000, 0x0000000086700000| Untracked 
| 104|0x0000000086800000, 0x0000000086800000, 0x0000000086900000|  0%| F|  |TAMS 0x0000000086800000, 0x0000000086800000| Untracked 
| 105|0x0000000086900000, 0x0000000086900000, 0x0000000086a00000|  0%| F|  |TAMS 0x0000000086900000, 0x0000000086900000| Untracked 
| 106|0x0000000086a00000, 0x0000000086a00000, 0x0000000086b00000|  0%| F|  |TAMS 0x0000000086a00000, 0x0000000086a00000| Untracked 
| 107|0x0000000086b00000, 0x0000000086b00000, 0x0000000086c00000|  0%| F|  |TAMS 0x0000000086b00000, 0x0000000086b00000| Untracked 
| 108|0x0000000086c00000, 0x0000000086c00000, 0x0000000086d00000|  0%| F|  |TAMS 0x0000000086c00000, 0x0000000086c00000| Untracked 
| 109|0x0000000086d00000, 0x0000000086e00000, 0x0000000086e00000|100%| O|  |TAMS 0x0000000086e00000, 0x0000000086d00000| Untracked 
| 110|0x0000000086e00000, 0x0000000086f00000, 0x0000000086f00000|100%| O|  |TAMS 0x0000000086f00000, 0x0000000086e00000| Untracked 
| 111|0x0000000086f00000, 0x0000000087000000, 0x0000000087000000|100%| O|  |TAMS 0x0000000087000000, 0x0000000086f00000| Untracked 
| 112|0x0000000087000000, 0x0000000087000000, 0x0000000087100000|  0%| F|  |TAMS 0x0000000087000000, 0x0000000087000000| Untracked 
| 113|0x0000000087100000, 0x0000000087100000, 0x0000000087200000|  0%| F|  |TAMS 0x0000000087100000, 0x0000000087100000| Untracked 
| 114|0x0000000087200000, 0x0000000087200000, 0x0000000087300000|  0%| F|  |TAMS 0x0000000087200000, 0x0000000087200000| Untracked 
| 115|0x0000000087300000, 0x0000000087400000, 0x0000000087400000|100%| O|  |TAMS 0x0000000087400000, 0x0000000087300000| Untracked 
| 116|0x0000000087400000, 0x0000000087400000, 0x0000000087500000|  0%| F|  |TAMS 0x0000000087400000, 0x0000000087400000| Untracked 
| 117|0x0000000087500000, 0x0000000087500000, 0x0000000087600000|  0%| F|  |TAMS 0x0000000087500000, 0x0000000087500000| Untracked 
| 118|0x0000000087600000, 0x0000000087700000, 0x0000000087700000|100%| O|  |TAMS 0x0000000087700000, 0x0000000087600000| Untracked 
| 119|0x0000000087700000, 0x0000000087800000, 0x0000000087800000|100%| O|  |TAMS 0x0000000087800000, 0x0000000087700000| Untracked 
| 120|0x0000000087800000, 0x0000000087900000, 0x0000000087900000|100%| O|  |TAMS 0x0000000087900000, 0x0000000087800000| Untracked 
| 121|0x0000000087900000, 0x0000000087a00000, 0x0000000087a00000|100%| O|  |TAMS 0x0000000087a00000, 0x0000000087900000| Untracked 
| 122|0x0000000087a00000, 0x0000000087a00000, 0x0000000087b00000|  0%| F|  |TAMS 0x0000000087a00000, 0x0000000087a00000| Untracked 
| 123|0x0000000087b00000, 0x0000000087b00000, 0x0000000087c00000|  0%| F|  |TAMS 0x0000000087b00000, 0x0000000087b00000| Untracked 
| 124|0x0000000087c00000, 0x0000000087d00000, 0x0000000087d00000|100%| O|  |TAMS 0x0000000087d00000, 0x0000000087c00000| Untracked 
| 125|0x0000000087d00000, 0x0000000087e00000, 0x0000000087e00000|100%| O|  |TAMS 0x0000000087e00000, 0x0000000087d00000| Untracked 
| 126|0x0000000087e00000, 0x0000000087e00000, 0x0000000087f00000|  0%| F|  |TAMS 0x0000000087e00000, 0x0000000087e00000| Untracked 
| 127|0x0000000087f00000, 0x0000000087f00000, 0x0000000088000000|  0%| F|  |TAMS 0x0000000087f00000, 0x0000000087f00000| Untracked 
| 128|0x0000000088000000, 0x0000000088100000, 0x0000000088100000|100%| O|  |TAMS 0x0000000088100000, 0x0000000088000000| Untracked 
| 129|0x0000000088100000, 0x0000000088200000, 0x0000000088200000|100%| O|  |TAMS 0x0000000088200000, 0x0000000088100000| Untracked 
| 130|0x0000000088200000, 0x0000000088200000, 0x0000000088300000|  0%| F|  |TAMS 0x0000000088200000, 0x0000000088200000| Untracked 
| 131|0x0000000088300000, 0x0000000088400000, 0x0000000088400000|100%| O|  |TAMS 0x0000000088400000, 0x0000000088300000| Untracked 
| 132|0x0000000088400000, 0x0000000088500000, 0x0000000088500000|100%| O|  |TAMS 0x0000000088500000, 0x0000000088400000| Untracked 
| 133|0x0000000088500000, 0x0000000088500000, 0x0000000088600000|  0%| F|  |TAMS 0x0000000088500000, 0x0000000088500000| Untracked 
| 134|0x0000000088600000, 0x0000000088700000, 0x0000000088700000|100%| O|  |TAMS 0x0000000088700000, 0x0000000088600000| Untracked 
| 135|0x0000000088700000, 0x0000000088700000, 0x0000000088800000|  0%| F|  |TAMS 0x0000000088700000, 0x0000000088700000| Untracked 
| 136|0x0000000088800000, 0x0000000088900000, 0x0000000088900000|100%| O|  |TAMS 0x0000000088900000, 0x0000000088800000| Untracked 
| 137|0x0000000088900000, 0x0000000088a00000, 0x0000000088a00000|100%| O|  |TAMS 0x000000008891a600, 0x0000000088900000| Untracked 
| 138|0x0000000088a00000, 0x0000000088b00000, 0x0000000088b00000|100%| O|  |TAMS 0x0000000088a00000, 0x0000000088a00000| Untracked 
| 139|0x0000000088b00000, 0x0000000088c00000, 0x0000000088c00000|100%| O|  |TAMS 0x0000000088b00000, 0x0000000088b00000| Untracked 
| 140|0x0000000088c00000, 0x0000000088c00000, 0x0000000088d00000|  0%| F|  |TAMS 0x0000000088c00000, 0x0000000088c00000| Untracked 
| 141|0x0000000088d00000, 0x0000000088d6f658, 0x0000000088e00000| 43%| S|CS|TAMS 0x0000000088d00000, 0x0000000088d00000| Complete 
| 142|0x0000000088e00000, 0x0000000088f00000, 0x0000000088f00000|100%| S|CS|TAMS 0x0000000088e00000, 0x0000000088e00000| Complete 
| 143|0x0000000088f00000, 0x0000000089000000, 0x0000000089000000|100%| S|CS|TAMS 0x0000000088f00000, 0x0000000088f00000| Complete 
| 144|0x0000000089000000, 0x0000000089000000, 0x0000000089100000|  0%| F|  |TAMS 0x0000000089000000, 0x0000000089000000| Untracked 
| 145|0x0000000089100000, 0x0000000089100000, 0x0000000089200000|  0%| F|  |TAMS 0x0000000089100000, 0x0000000089100000| Untracked 
| 146|0x0000000089200000, 0x0000000089200000, 0x0000000089300000|  0%| F|  |TAMS 0x0000000089200000, 0x0000000089200000| Untracked 
| 147|0x0000000089300000, 0x0000000089300000, 0x0000000089400000|  0%| F|  |TAMS 0x0000000089300000, 0x0000000089300000| Untracked 
| 148|0x0000000089400000, 0x0000000089400000, 0x0000000089500000|  0%| F|  |TAMS 0x0000000089400000, 0x0000000089400000| Untracked 
| 149|0x0000000089500000, 0x0000000089500000, 0x0000000089600000|  0%| F|  |TAMS 0x0000000089500000, 0x0000000089500000| Untracked 
| 150|0x0000000089600000, 0x0000000089600000, 0x0000000089700000|  0%| F|  |TAMS 0x0000000089600000, 0x0000000089600000| Untracked 
| 151|0x0000000089700000, 0x0000000089700000, 0x0000000089800000|  0%| F|  |TAMS 0x0000000089700000, 0x0000000089700000| Untracked 
| 152|0x0000000089800000, 0x0000000089800000, 0x0000000089900000|  0%| F|  |TAMS 0x0000000089800000, 0x0000000089800000| Untracked 
| 153|0x0000000089900000, 0x0000000089900000, 0x0000000089a00000|  0%| F|  |TAMS 0x0000000089900000, 0x0000000089900000| Untracked 
| 154|0x0000000089a00000, 0x0000000089a00000, 0x0000000089b00000|  0%| F|  |TAMS 0x0000000089a00000, 0x0000000089a00000| Untracked 
| 155|0x0000000089b00000, 0x0000000089b00000, 0x0000000089c00000|  0%| F|  |TAMS 0x0000000089b00000, 0x0000000089b00000| Untracked 
| 156|0x0000000089c00000, 0x0000000089c00000, 0x0000000089d00000|  0%| F|  |TAMS 0x0000000089c00000, 0x0000000089c00000| Untracked 
| 157|0x0000000089d00000, 0x0000000089d00000, 0x0000000089e00000|  0%| F|  |TAMS 0x0000000089d00000, 0x0000000089d00000| Untracked 
| 158|0x0000000089e00000, 0x0000000089e00000, 0x0000000089f00000|  0%| F|  |TAMS 0x0000000089e00000, 0x0000000089e00000| Untracked 
| 159|0x0000000089f00000, 0x0000000089f00000, 0x000000008a000000|  0%| F|  |TAMS 0x0000000089f00000, 0x0000000089f00000| Untracked 
| 160|0x000000008a000000, 0x000000008a000000, 0x000000008a100000|  0%| F|  |TAMS 0x000000008a000000, 0x000000008a000000| Untracked 
| 161|0x000000008a100000, 0x000000008a100000, 0x000000008a200000|  0%| F|  |TAMS 0x000000008a100000, 0x000000008a100000| Untracked 
| 162|0x000000008a200000, 0x000000008a200000, 0x000000008a300000|  0%| F|  |TAMS 0x000000008a200000, 0x000000008a200000| Untracked 

Card table byte_map: [0x0000000015930000,0x0000000015d30000] _byte_map_base: 0x0000000015530000

Marking Bits (Prev, Next): (CMBitMap*) 0x0000000000111270, (CMBitMap*) 0x0000000000111238
 Prev Bits: [0x0000000018130000, 0x000000001a130000)
 Next Bits: [0x0000000016130000, 0x0000000018130000)

Polling page: 0x0000000000430000

Metaspace:

Usage:
  Non-class:     88.36 MB capacity,    86.95 MB ( 98%) used,     1.17 MB (  1%) free+waste,   245.13 KB ( <1%) overhead. 
      Class:     12.87 MB capacity,    12.13 MB ( 94%) used,   650.58 KB (  5%) free+waste,   106.00 KB ( <1%) overhead. 
       Both:    101.23 MB capacity,    99.08 MB ( 98%) used,     1.80 MB (  2%) free+waste,   351.13 KB ( <1%) overhead. 

Virtual space:
  Non-class space:       90.00 MB reserved,      88.37 MB ( 98%) committed 
      Class space:        1.00 GB reserved,      12.88 MB (  1%) committed 
             Both:        1.09 GB reserved,     101.25 MB (  9%) committed 

Chunk freelists:
   Non-Class:  8.00 KB
       Class:  6.00 KB
        Both:  14.00 KB

MaxMetaspaceSize: 17179869184.00 GB
CompressedClassSpaceSize: 1.00 GB

CodeHeap 'non-profiled nmethods': size=120064Kb used=10141Kb max_used=10141Kb free=109922Kb
 bounds [0x000000000db50000, 0x000000000e550000, 0x0000000015090000]
CodeHeap 'profiled nmethods': size=120000Kb used=28913Kb max_used=29651Kb free=91086Kb
 bounds [0x0000000006620000, 0x0000000008340000, 0x000000000db50000]
CodeHeap 'non-nmethods': size=5696Kb used=2277Kb max_used=2316Kb free=3419Kb
 bounds [0x0000000006090000, 0x0000000006300000, 0x0000000006620000]
 total_blobs=14571 nmethods=13669 adapters=813
 compilation: enabled
              stopped_count=0, restarted_count=0
 full_count=0

Compilation events (20 events):
Event: 572.562 Thread 0x000000005d2c7800 15220       1       kotlin.reflect.jvm.internal.impl.descriptors.impl.PropertyAccessorDescriptorImpl::isInline (5 bytes)
Event: 572.562 Thread 0x000000005d2c7800 nmethod 15220 0x000000000de1fb10 code [0x000000000de1fcc0, 0x000000000de1fd78]
Event: 572.562 Thread 0x000000005d2c7800 15221       1       kotlin.reflect.jvm.internal.impl.descriptors.impl.PropertyAccessorDescriptorImpl::getInitialSignatureDescriptor (5 bytes)
Event: 572.562 Thread 0x000000005d2c7800 nmethod 15221 0x000000000de1f690 code [0x000000000de1f840, 0x000000000de1f8f8]
Event: 572.562 Thread 0x000000005d2c7800 15222       1       kotlin.reflect.jvm.internal.impl.descriptors.impl.PropertyAccessorDescriptorImpl::setInitialSignatureDescriptor (6 bytes)
Event: 572.562 Thread 0x000000005d2c7800 nmethod 15222 0x000000000de28090 code [0x000000000de28240, 0x000000000de28338]
Event: 572.562 Thread 0x000000005d2c7800 15223       1       kotlin.reflect.jvm.internal.impl.descriptors.impl.PropertyDescriptorImpl::isConst (5 bytes)
Event: 572.562 Thread 0x000000005d2c7800 nmethod 15223 0x000000000de27d90 code [0x000000000de27f40, 0x000000000de27ff8]
Event: 572.562 Thread 0x000000005d2c7800 15215       1       kotlin.reflect.jvm.internal.impl.serialization.deserialization.descriptors.DeserializedClassDescriptor::getVisibility (5 bytes)
Event: 572.562 Thread 0x000000005d2c7800 nmethod 15215 0x000000000de27a90 code [0x000000000de27c40, 0x000000000de27cf8]
Event: 572.562 Thread 0x000000005d2c7800 15227       1       kotlin.reflect.jvm.internal.impl.metadata.ProtoBuf$ValueParameter::getName (5 bytes)
Event: 572.562 Thread 0x000000005d2c7800 nmethod 15227 0x000000000de27790 code [0x000000000de27940, 0x000000000de279f8]
Event: 572.562 Thread 0x000000005d2c7800 15214       1       kotlin.reflect.jvm.internal.impl.serialization.deserialization.DeserializationConfiguration$DefaultImpls::getReleaseCoroutines (2 bytes)
Event: 572.562 Thread 0x000000005d2c7800 nmethod 15214 0x000000000de27490 code [0x000000000de27640, 0x000000000de276d8]
Event: 572.562 Thread 0x000000005d2c7800 15226       1       kotlin.reflect.jvm.internal.impl.serialization.deserialization.descriptors.DeserializedClassDescriptor::getThisAsProtoContainer$deserialization (5 bytes)
Event: 572.563 Thread 0x000000005d2c7800 nmethod 15226 0x000000000de27190 code [0x000000000de27340, 0x000000000de273f8]
Event: 572.563 Thread 0x000000005d2c7800 15224       1       kotlin.reflect.jvm.internal.impl.metadata.ProtoBuf$Property::getGetterFlags (5 bytes)
Event: 572.563 Thread 0x000000005d2c7800 nmethod 15224 0x000000000de26e90 code [0x000000000de27040, 0x000000000de270f8]
Event: 572.563 Thread 0x000000005d2c7800 15225       1       kotlin.reflect.jvm.internal.impl.metadata.ProtoBuf$Property::getSetterFlags (5 bytes)
Event: 572.563 Thread 0x000000005d2c7800 nmethod 15225 0x000000000de26b90 code [0x000000000de26d40, 0x000000000de26df8]

GC Heap History (20 events):
Event: 565.575 GC heap after
{Heap after GC invocations=134 (full 0):
 garbage-first heap   total 166912K, used 140287K [0x0000000080000000, 0x0000000100000000)
  region size 1024K, 1 young (1024K), 1 survivors (1024K)
 Metaspace       used 99801K, capacity 101916K, committed 102012K, reserved 1138688K
  class space    used 12221K, capacity 12981K, committed 13056K, reserved 1048576K
}
Event: 565.666 GC heap before
{Heap before GC invocations=134 (full 0):
 garbage-first heap   total 166912K, used 147455K [0x0000000080000000, 0x0000000100000000)
  region size 1024K, 8 young (8192K), 1 survivors (1024K)
 Metaspace       used 99818K, capacity 101980K, committed 102268K, reserved 1138688K
  class space    used 12221K, capacity 12981K, committed 13056K, reserved 1048576K
}
Event: 565.674 GC heap after
{Heap after GC invocations=135 (full 0):
 garbage-first heap   total 166912K, used 140576K [0x0000000080000000, 0x0000000100000000)
  region size 1024K, 1 young (1024K), 1 survivors (1024K)
 Metaspace       used 99818K, capacity 101980K, committed 102268K, reserved 1138688K
  class space    used 12221K, capacity 12981K, committed 13056K, reserved 1048576K
}
Event: 565.756 GC heap before
{Heap before GC invocations=135 (full 0):
 garbage-first heap   total 166912K, used 146720K [0x0000000080000000, 0x0000000100000000)
  region size 1024K, 8 young (8192K), 1 survivors (1024K)
 Metaspace       used 99844K, capacity 101980K, committed 102268K, reserved 1138688K
  class space    used 12221K, capacity 12981K, committed 13056K, reserved 1048576K
}
Event: 565.759 GC heap after
{Heap after GC invocations=136 (full 0):
 garbage-first heap   total 166912K, used 140466K [0x0000000080000000, 0x0000000100000000)
  region size 1024K, 1 young (1024K), 1 survivors (1024K)
 Metaspace       used 99844K, capacity 101980K, committed 102268K, reserved 1138688K
  class space    used 12221K, capacity 12981K, committed 13056K, reserved 1048576K
}
Event: 565.843 GC heap before
{Heap before GC invocations=136 (full 0):
 garbage-first heap   total 166912K, used 146610K [0x0000000080000000, 0x0000000100000000)
  region size 1024K, 8 young (8192K), 1 survivors (1024K)
 Metaspace       used 99888K, capacity 101980K, committed 102268K, reserved 1138688K
  class space    used 12222K, capacity 12981K, committed 13056K, reserved 1048576K
}
Event: 565.849 GC heap after
{Heap after GC invocations=137 (full 0):
 garbage-first heap   total 166912K, used 140508K [0x0000000080000000, 0x0000000100000000)
  region size 1024K, 1 young (1024K), 1 survivors (1024K)
 Metaspace       used 99888K, capacity 101980K, committed 102268K, reserved 1138688K
  class space    used 12222K, capacity 12981K, committed 13056K, reserved 1048576K
}
Event: 565.950 GC heap before
{Heap before GC invocations=137 (full 0):
 garbage-first heap   total 166912K, used 147676K [0x0000000080000000, 0x0000000100000000)
  region size 1024K, 8 young (8192K), 1 survivors (1024K)
 Metaspace       used 99892K, capacity 102044K, committed 102268K, reserved 1138688K
  class space    used 12222K, capacity 12981K, committed 13056K, reserved 1048576K
}
Event: 565.954 GC heap after
{Heap after GC invocations=138 (full 0):
 garbage-first heap   total 166912K, used 140825K [0x0000000080000000, 0x0000000100000000)
  region size 1024K, 1 young (1024K), 1 survivors (1024K)
 Metaspace       used 99892K, capacity 102044K, committed 102268K, reserved 1138688K
  class space    used 12222K, capacity 12981K, committed 13056K, reserved 1048576K
}
Event: 567.272 GC heap before
{Heap before GC invocations=139 (full 0):
 garbage-first heap   total 166912K, used 145945K [0x0000000080000000, 0x0000000100000000)
  region size 1024K, 8 young (8192K), 1 survivors (1024K)
 Metaspace       used 99924K, capacity 102108K, committed 102268K, reserved 1138688K
  class space    used 12224K, capacity 12981K, committed 13056K, reserved 1048576K
}
Event: 567.288 GC heap after
{Heap after GC invocations=140 (full 0):
 garbage-first heap   total 166912K, used 138523K [0x0000000080000000, 0x0000000100000000)
  region size 1024K, 1 young (1024K), 1 survivors (1024K)
 Metaspace       used 99924K, capacity 102108K, committed 102268K, reserved 1138688K
  class space    used 12224K, capacity 12981K, committed 13056K, reserved 1048576K
}
Event: 568.838 GC heap before
{Heap before GC invocations=140 (full 0):
 garbage-first heap   total 166912K, used 144667K [0x0000000080000000, 0x0000000100000000)
  region size 1024K, 8 young (8192K), 1 survivors (1024K)
 Metaspace       used 100205K, capacity 102441K, committed 102524K, reserved 1138688K
  class space    used 12272K, capacity 13049K, committed 13056K, reserved 1048576K
}
Event: 568.894 GC heap after
{Heap after GC invocations=141 (full 0):
 garbage-first heap   total 166912K, used 126350K [0x0000000080000000, 0x0000000100000000)
  region size 1024K, 1 young (1024K), 1 survivors (1024K)
 Metaspace       used 100205K, capacity 102441K, committed 102524K, reserved 1138688K
  class space    used 12272K, capacity 13049K, committed 13056K, reserved 1048576K
}
Event: 569.364 GC heap before
{Heap before GC invocations=141 (full 0):
 garbage-first heap   total 166912K, used 132494K [0x0000000080000000, 0x0000000100000000)
  region size 1024K, 8 young (8192K), 1 survivors (1024K)
 Metaspace       used 100208K, capacity 102441K, committed 102524K, reserved 1138688K
  class space    used 12272K, capacity 13049K, committed 13056K, reserved 1048576K
}
Event: 569.435 GC heap after
{Heap after GC invocations=142 (full 0):
 garbage-first heap   total 166912K, used 118751K [0x0000000080000000, 0x0000000100000000)
  region size 1024K, 1 young (1024K), 1 survivors (1024K)
 Metaspace       used 100208K, capacity 102441K, committed 102524K, reserved 1138688K
  class space    used 12272K, capacity 13049K, committed 13056K, reserved 1048576K
}
Event: 569.892 GC heap before
{Heap before GC invocations=142 (full 0):
 garbage-first heap   total 166912K, used 124895K [0x0000000080000000, 0x0000000100000000)
  region size 1024K, 8 young (8192K), 1 survivors (1024K)
 Metaspace       used 100208K, capacity 102441K, committed 102524K, reserved 1138688K
  class space    used 12272K, capacity 13049K, committed 13056K, reserved 1048576K
}
Event: 569.969 GC heap after
{Heap after GC invocations=143 (full 0):
 garbage-first heap   total 166912K, used 113037K [0x0000000080000000, 0x0000000100000000)
  region size 1024K, 1 young (1024K), 1 survivors (1024K)
 Metaspace       used 100208K, capacity 102441K, committed 102524K, reserved 1138688K
  class space    used 12272K, capacity 13049K, committed 13056K, reserved 1048576K
}
Event: 570.393 GC heap before
{Heap before GC invocations=143 (full 0):
 garbage-first heap   total 166912K, used 120205K [0x0000000080000000, 0x0000000100000000)
  region size 1024K, 8 young (8192K), 1 survivors (1024K)
 Metaspace       used 100208K, capacity 102441K, committed 102524K, reserved 1138688K
  class space    used 12272K, capacity 13049K, committed 13056K, reserved 1048576K
}
Event: 570.449 GC heap after
{Heap after GC invocations=144 (full 0):
 garbage-first heap   total 166912K, used 112084K [0x0000000080000000, 0x0000000100000000)
  region size 1024K, 1 young (1024K), 1 survivors (1024K)
 Metaspace       used 100208K, capacity 102441K, committed 102524K, reserved 1138688K
  class space    used 12272K, capacity 13049K, committed 13056K, reserved 1048576K
}
Event: 572.615 GC heap before
{Heap before GC invocations=144 (full 0):
 garbage-first heap   total 166912K, used 130516K [0x0000000080000000, 0x0000000100000000)
  region size 1024K, 19 young (19456K), 1 survivors (1024K)
 Metaspace       used 101462K, capacity 103662K, committed 103676K, reserved 1140736K
  class space    used 12421K, capacity 13178K, committed 13184K, reserved 1048576K
}

Deoptimization events (20 events):
Event: 571.760 Thread 0x000000006049a000 Uncommon trap: trap_request=0xffffffc6 fr.pc=0x000000000dd6181c relative=0x000000000000069c
Event: 571.760 Thread 0x000000006049a000 Uncommon trap: reason=bimorphic_or_optimized_type_check action=maybe_recompile pc=0x000000000dd6181c method=kotlin.reflect.jvm.internal.impl.protobuf.CodedInputStream.tryRefillBuffer(I)Z @ 175 c2
Event: 571.760 Thread 0x000000006049a000 DEOPT PACKING pc=0x000000000dd6181c sp=0x00000000629d6580
Event: 571.760 Thread 0x000000006049a000 DEOPT UNPACKING pc=0x00000000060b65a9 sp=0x00000000629d6478 mode 2
Event: 571.764 Thread 0x000000006049a000 Uncommon trap: trap_request=0xffffffc6 fr.pc=0x000000000dd6181c relative=0x000000000000069c
Event: 571.764 Thread 0x000000006049a000 Uncommon trap: reason=bimorphic_or_optimized_type_check action=maybe_recompile pc=0x000000000dd6181c method=kotlin.reflect.jvm.internal.impl.protobuf.CodedInputStream.tryRefillBuffer(I)Z @ 175 c2
Event: 571.764 Thread 0x000000006049a000 DEOPT PACKING pc=0x000000000dd6181c sp=0x00000000629d57c0
Event: 571.764 Thread 0x000000006049a000 DEOPT UNPACKING pc=0x00000000060b65a9 sp=0x00000000629d56b8 mode 2
Event: 571.767 Thread 0x000000006049a000 Uncommon trap: trap_request=0xffffff4d fr.pc=0x000000000dd4f680 relative=0x00000000000001c0
Event: 571.768 Thread 0x000000006049a000 Uncommon trap: reason=unstable_if action=reinterpret pc=0x000000000dd4f680 method=kotlin.reflect.jvm.internal.impl.protobuf.CodedInputStream.readRawVarint32()I @ 10 c2
Event: 571.768 Thread 0x000000006049a000 DEOPT PACKING pc=0x000000000dd4f680 sp=0x00000000629d62f0
Event: 571.768 Thread 0x000000006049a000 DEOPT UNPACKING pc=0x00000000060b65a9 sp=0x00000000629d6270 mode 2
Event: 571.770 Thread 0x000000006049a000 Uncommon trap: trap_request=0xffffffc6 fr.pc=0x000000000dd6181c relative=0x000000000000069c
Event: 571.771 Thread 0x000000006049a000 Uncommon trap: reason=bimorphic_or_optimized_type_check action=maybe_recompile pc=0x000000000dd6181c method=kotlin.reflect.jvm.internal.impl.protobuf.CodedInputStream.tryRefillBuffer(I)Z @ 175 c2
Event: 571.771 Thread 0x000000006049a000 DEOPT PACKING pc=0x000000000dd6181c sp=0x00000000629d6b30
Event: 571.771 Thread 0x000000006049a000 DEOPT UNPACKING pc=0x00000000060b65a9 sp=0x00000000629d6a28 mode 2
Event: 571.932 Thread 0x000000006049a000 Uncommon trap: trap_request=0xffffff4d fr.pc=0x000000000e3d0644 relative=0x0000000000000224
Event: 571.933 Thread 0x000000006049a000 Uncommon trap: reason=unstable_if action=reinterpret pc=0x000000000e3d0644 method=java.io.ByteArrayInputStream.read()I @ 8 c2
Event: 571.933 Thread 0x000000006049a000 DEOPT PACKING pc=0x000000000e3d0644 sp=0x00000000629d8860
Event: 571.933 Thread 0x000000006049a000 DEOPT UNPACKING pc=0x00000000060b65a9 sp=0x00000000629d8818 mode 2

Classes redefined (0 events):
No events

Internal exceptions (20 events):
Event: 396.866 Thread 0x000000005f752000 Implicit null exception at 0x000000000e020a57 to 0x000000000e020de4
Event: 416.348 Thread 0x000000005f050000 Exception <a 'java/lang/NoSuchMethodError'{0x0000000089b8e308}: <clinit>> (0x0000000089b8e308) thrown at [./src/hotspot/share/prims/jni.cpp, line 1362]
Event: 416.350 Thread 0x000000005f050000 Exception <a 'java/lang/NoSuchMethodError'{0x0000000089203ac0}: <clinit>> (0x0000000089203ac0) thrown at [./src/hotspot/share/prims/jni.cpp, line 1362]
Event: 416.351 Thread 0x000000005f050000 Exception <a 'java/lang/NoSuchMethodError'{0x00000000892051a8}: <clinit>> (0x00000000892051a8) thrown at [./src/hotspot/share/prims/jni.cpp, line 1362]
Event: 416.369 Thread 0x000000005f050000 Exception <a 'java/lang/NoSuchMethodError'{0x00000000892172d8}: <clinit>> (0x00000000892172d8) thrown at [./src/hotspot/share/prims/jni.cpp, line 1362]
Event: 416.371 Thread 0x000000005f050000 Exception <a 'java/lang/NoSuchMethodError'{0x0000000089223448}: <clinit>> (0x0000000089223448) thrown at [./src/hotspot/share/prims/jni.cpp, line 1362]
Event: 416.387 Thread 0x000000005f050000 Exception <a 'java/lang/NoSuchMethodError'{0x000000008924cd20}: <clinit>> (0x000000008924cd20) thrown at [./src/hotspot/share/prims/jni.cpp, line 1362]
Event: 416.393 Thread 0x000000005f050000 Exception <a 'java/lang/NoSuchMethodError'{0x0000000089267048}: <clinit>> (0x0000000089267048) thrown at [./src/hotspot/share/prims/jni.cpp, line 1362]
Event: 416.396 Thread 0x000000005f050000 Exception <a 'java/lang/NoSuchMethodError'{0x00000000892759b0}: <clinit>> (0x00000000892759b0) thrown at [./src/hotspot/share/prims/jni.cpp, line 1362]
Event: 460.885 Thread 0x000000006049a000 Implicit null exception at 0x000000000e0d7f15 to 0x000000000e0d8198
Event: 460.885 Thread 0x000000006049a000 Implicit null exception at 0x000000000dfbdfcf to 0x000000000dfbea58
Event: 460.885 Thread 0x000000006049a000 Implicit null exception at 0x000000000e3569b4 to 0x000000000e35c8a4
Event: 460.886 Thread 0x000000006049a000 Implicit null exception at 0x000000000e30c43b to 0x000000000e30e718
Event: 471.129 Thread 0x000000006049a000 Exception <a 'sun/nio/fs/WindowsException'{0x0000000088e1ebc8}> (0x0000000088e1ebc8) thrown at [./src/hotspot/share/prims/jni.cpp, line 615]
Event: 494.365 Thread 0x00000000672b9000 Implicit null exception at 0x000000000e37d029 to 0x000000000e380358
Event: 496.706 Thread 0x00000000672ba800 Exception <a 'java/lang/NoSuchMethodError'{0x00000000899f0698}: 'int java.lang.invoke.DirectMethodHandle$Holder.invokeSpecialIFC(java.lang.Object, java.lang.Object, java.lang.Object)'> (0x00000000899f0698) thrown at [./src/hotspot/share/interpreter/linkResolver.cpp, line 773]
Event: 506.891 Thread 0x00000000672b9000 Exception <a 'java/lang/NoSuchMethodError'{0x0000000089f02400}: 'int java.lang.invoke.DirectMethodHandle$Holder.invokeSpecial(java.lang.Object, java.lang.Object, java.lang.Object, java.lang.Object, java.lang.Object)'> (0x0000000089f02400) thrown at [./src/hotspot/share/interpreter/linkResolver.cpp, line 773]
Event: 565.017 Thread 0x00000000672ba800 Exception <a 'sun/nio/fs/WindowsException'{0x0000000089fc90e8}> (0x0000000089fc90e8) thrown at [./src/hotspot/share/prims/jni.cpp, line 615]
Event: 565.091 Thread 0x00000000672ba800 Exception <a 'sun/nio/fs/WindowsException'{0x0000000089fdfcc8}> (0x0000000089fdfcc8) thrown at [./src/hotspot/share/prims/jni.cpp, line 615]
Event: 565.091 Thread 0x00000000672ba800 Exception <a 'sun/nio/fs/WindowsException'{0x0000000089fdfdb0}> (0x0000000089fdfdb0) thrown at [./src/hotspot/share/prims/jni.cpp, line 615]

Events (20 events):
Event: 572.582 loading class kotlin/reflect/jvm/internal/impl/load/java/BuiltinMethodsWithSpecialGenericSignature$TypeSafeBarrierDescription done
Event: 572.584 loading class kotlin/reflect/jvm/internal/impl/load/java/BuiltinMethodsWithSpecialGenericSignature$TypeSafeBarrierDescription$MAP_GET_OR_DEFAULT
Event: 572.584 loading class kotlin/reflect/jvm/internal/impl/load/java/BuiltinMethodsWithSpecialGenericSignature$TypeSafeBarrierDescription$MAP_GET_OR_DEFAULT done
Event: 572.586 loading class kotlin/reflect/jvm/internal/impl/load/java/BuiltinMethodsWithDifferentJvmName
Event: 572.586 loading class kotlin/reflect/jvm/internal/impl/load/java/BuiltinMethodsWithDifferentJvmName done
Event: 572.588 loading class kotlin/reflect/jvm/internal/impl/load/java/descriptors/JavaMethodDescriptor
Event: 572.588 loading class kotlin/reflect/jvm/internal/impl/load/java/descriptors/JavaMethodDescriptor done
Event: 572.590 loading class kotlin/reflect/jvm/internal/impl/load/java/descriptors/JavaCallableMemberDescriptor
Event: 572.590 loading class kotlin/reflect/jvm/internal/impl/load/java/descriptors/JavaCallableMemberDescriptor done
Event: 572.593 loading class kotlin/reflect/jvm/internal/impl/utils/SmartSet$SingletonIterator
Event: 572.593 loading class kotlin/reflect/jvm/internal/impl/utils/SmartSet$SingletonIterator done
Event: 572.594 loading class kotlin/jvm/internal/markers/KMutableIterator
Event: 572.594 loading class kotlin/jvm/internal/markers/KMutableIterator done
Event: 572.596 loading class kotlin/collections/MutableMap
Event: 572.596 loading class kotlin/collections/MutableMap done
Event: 572.596 loading class kotlin/collections/MutableMap
Event: 572.596 loading class kotlin/collections/MutableMap done
Event: 572.598 loading class org/jetbrains/kotlin/config/AnalysisFlag
Event: 572.598 loading class org/jetbrains/kotlin/config/AnalysisFlag done
Event: 572.614 Executing VM operation: G1CollectForAllocation


Dynamic libraries:
0x000000013f0d0000 - 0x000000013f0da000 	C:\Program Files\Android\Android Studio\jre\bin\java.exe
0x00000000774b0000 - 0x000000007764f000 	C:\Windows\SYSTEM32\ntdll.dll
0x0000000077290000 - 0x00000000773b0000 	C:\Windows\system32\kernel32.dll
0x000007fefd210000 - 0x000007fefd277000 	C:\Windows\system32\KERNELBASE.dll
0x000007fef43b0000 - 0x000007fef43c9000 	C:\Program Files\Android\Android Studio\jre\bin\jli.dll
0x000007fefb5b0000 - 0x000007fefb7a5000 	C:\Windows\WinSxS\amd64_microsoft.windows.common-controls_6595b64144ccf1df_6.0.7601.24483_none_e372d88f30fbb845\COMCTL32.dll
0x000007feff4a0000 - 0x000007feff53f000 	C:\Windows\system32\msvcrt.dll
0x000007feff550000 - 0x000007feff5b8000 	C:\Windows\system32\GDI32.dll
0x00000000773b0000 - 0x00000000774ab000 	C:\Windows\system32\USER32.dll
0x000007feff540000 - 0x000007feff54e000 	C:\Windows\system32\LPK.dll
0x000007fefd3c0000 - 0x000007fefd48b000 	C:\Windows\system32\USP10.dll
0x000007fefea70000 - 0x000007fefeae1000 	C:\Windows\system32\SHLWAPI.dll
0x000007fef42d0000 - 0x000007fef42e7000 	C:\Program Files\Android\Android Studio\jre\bin\VCRUNTIME140.dll
0x000007fef74d0000 - 0x000007fef74d4000 	C:\Windows\system32\api-ms-win-crt-runtime-l1-1-0.dll
0x000007fef73c0000 - 0x000007fef74b4000 	C:\Windows\system32\ucrtbase.DLL
0x000007fef73b0000 - 0x000007fef73b3000 	C:\Windows\system32\api-ms-win-core-timezone-l1-1-0.dll
0x000007fef73a0000 - 0x000007fef73a3000 	C:\Windows\system32\api-ms-win-core-file-l2-1-0.dll
0x000007fef7390000 - 0x000007fef7393000 	C:\Windows\system32\api-ms-win-core-localization-l1-2-0.dll
0x000007fef86c0000 - 0x000007fef86c3000 	C:\Windows\system32\api-ms-win-core-synch-l1-2-0.dll
0x000007fef7380000 - 0x000007fef7383000 	C:\Windows\system32\api-ms-win-core-processthreads-l1-1-1.dll
0x000007fef7370000 - 0x000007fef7373000 	C:\Windows\system32\api-ms-win-core-file-l1-2-0.dll
0x000007fef7350000 - 0x000007fef7354000 	C:\Windows\system32\api-ms-win-crt-string-l1-1-0.dll
0x000007fef7360000 - 0x000007fef7363000 	C:\Windows\system32\api-ms-win-crt-heap-l1-1-0.dll
0x000007fef7340000 - 0x000007fef7344000 	C:\Windows\system32\api-ms-win-crt-stdio-l1-1-0.dll
0x000007fef7330000 - 0x000007fef7334000 	C:\Windows\system32\api-ms-win-crt-convert-l1-1-0.dll
0x000007fef7250000 - 0x000007fef7253000 	C:\Windows\system32\api-ms-win-crt-environment-l1-1-0.dll
0x000007fef7270000 - 0x000007fef7273000 	C:\Windows\system32\api-ms-win-crt-filesystem-l1-1-0.dll
0x000007fef7240000 - 0x000007fef7245000 	C:\Windows\system32\api-ms-win-crt-math-l1-1-0.dll
0x000007fef7280000 - 0x000007fef7283000 	C:\Windows\system32\api-ms-win-crt-locale-l1-1-0.dll
0x000007fefd570000 - 0x000007fefd59e000 	C:\Windows\system32\IMM32.DLL
0x000007feff390000 - 0x000007feff49b000 	C:\Windows\system32\MSCTF.dll
0x000007fef4460000 - 0x000007fef44fd000 	C:\Program Files\Android\Android Studio\jre\bin\msvcp140.dll
0x000007fef4a80000 - 0x000007fef4a85000 	C:\Windows\system32\api-ms-win-crt-multibyte-l1-1-0.dll
0x000007fef7260000 - 0x000007fef7263000 	C:\Windows\system32\api-ms-win-crt-time-l1-1-0.dll
0x000007fef7230000 - 0x000007fef7233000 	C:\Windows\system32\api-ms-win-crt-utility-l1-1-0.dll
0x000007feef560000 - 0x000007fef001c000 	C:\Program Files\Android\Android Studio\jre\bin\server\jvm.dll
0x000007fefd490000 - 0x000007fefd56b000 	C:\Windows\system32\ADVAPI32.dll
0x000007fefef70000 - 0x000007fefef8f000 	C:\Windows\SYSTEM32\sechost.dll
0x000007feff260000 - 0x000007feff38a000 	C:\Windows\system32\RPCRT4.dll
0x000007feef550000 - 0x000007feef559000 	C:\Windows\system32\WSOCK32.dll
0x000007fefeaf0000 - 0x000007fefeb3d000 	C:\Windows\system32\WS2_32.dll
0x000007fefea60000 - 0x000007fefea68000 	C:\Windows\system32\NSI.dll
0x000007fef9660000 - 0x000007fef969b000 	C:\Windows\system32\WINMM.dll
0x000007fefc030000 - 0x000007fefc03c000 	C:\Windows\system32\VERSION.dll
0x0000000077650000 - 0x0000000077657000 	C:\Windows\system32\PSAPI.DLL
0x000007feef530000 - 0x000007feef541000 	C:\Program Files\Android\Android Studio\jre\bin\verify.dll
0x000007fef7100000 - 0x000007fef7225000 	C:\Windows\system32\DBGHELP.DLL
0x000007feef500000 - 0x000007feef529000 	C:\Program Files\Android\Android Studio\jre\bin\java.dll
0x000007feef4f0000 - 0x000007feef4fb000 	C:\Program Files\Android\Android Studio\jre\bin\jimage.dll
0x000007feef4d0000 - 0x000007feef4e8000 	C:\Program Files\Android\Android Studio\jre\bin\zip.dll
0x000007fefd820000 - 0x000007fefe5ab000 	C:\Windows\system32\SHELL32.dll
0x000007fefd5a0000 - 0x000007fefd7a0000 	C:\Windows\system32\ole32.dll
0x000007fefd010000 - 0x000007fefd01f000 	C:\Windows\system32\profapi.dll
0x000007feef4b0000 - 0x000007feef4ca000 	C:\Program Files\Android\Android Studio\jre\bin\net.dll
0x000007fef9080000 - 0x000007fef90f1000 	C:\Windows\system32\WINHTTP.dll
0x000007fef8ae0000 - 0x000007fef8b45000 	C:\Windows\system32\webio.dll
0x000007fefc740000 - 0x000007fefc795000 	C:\Windows\system32\mswsock.dll
0x000007fefc730000 - 0x000007fefc737000 	C:\Windows\System32\wship6.dll
0x000007feef490000 - 0x000007feef4a4000 	C:\Program Files\Android\Android Studio\jre\bin\nio.dll
0x000007fef21e0000 - 0x000007fef2207000 	C:\Users\User\.gradle\native\fdc75f09e3144964f2cf3f50f0aa648679c211496f362492102eb8c894070792\windows-amd64\native-platform.dll
0x000007fedea70000 - 0x000007fedec06000 	C:\Users\User\.gradle\native\12488b8bf47d2d4c9fbf2f6322a914ad602e24e48041cd04a747c6da556b65c4\windows-amd64\native-platform-file-events.dll
0x000007feef480000 - 0x000007feef48a000 	C:\Program Files\Android\Android Studio\jre\bin\management.dll
0x000007feef470000 - 0x000007feef47c000 	C:\Program Files\Android\Android Studio\jre\bin\management_ext.dll
0x000007fefc7a0000 - 0x000007fefc7b8000 	C:\Windows\system32\CRYPTSP.dll
0x000007fefc480000 - 0x000007fefc4c7000 	C:\Windows\system32\rsaenh.dll
0x000007fefd290000 - 0x000007fefd2af000 	C:\Windows\system32\USERENV.dll
0x000007fefcea0000 - 0x000007fefceaf000 	C:\Windows\system32\CRYPTBASE.dll
0x000007fefaa90000 - 0x000007fefaab7000 	C:\Windows\system32\IPHLPAPI.DLL
0x000007fefaa80000 - 0x000007fefaa8b000 	C:\Windows\system32\WINNSI.DLL
0x000007fefa620000 - 0x000007fefa631000 	C:\Windows\system32\dhcpcsvc6.DLL
0x000007fefa600000 - 0x000007fefa618000 	C:\Windows\system32\dhcpcsvc.DLL
0x000007fefce40000 - 0x000007fefce97000 	C:\Windows\system32\apphelp.dll

dbghelp: loaded successfully - version: 4.0.5 - missing functions: none
symbol engine: initialized successfully - sym options: 0x614 - pdb path: .;C:\Program Files\Android\Android Studio\jre\bin;C:\Windows\SYSTEM32;C:\Windows\WinSxS\amd64_microsoft.windows.common-controls_6595b64144ccf1df_6.0.7601.24483_none_e372d88f30fbb845;C:\Program Files\Android\Android Studio\jre\bin\server;C:\Users\User\.gradle\native\fdc75f09e3144964f2cf3f50f0aa648679c211496f362492102eb8c894070792\windows-amd64;C:\Users\User\.gradle\native\12488b8bf47d2d4c9fbf2f6322a914ad602e24e48041cd04a747c6da556b65c4\windows-amd64

VM Arguments:
jvm_args: --add-opens=java.base/java.util=ALL-UNNAMED --add-opens=java.base/java.lang=ALL-UNNAMED --add-opens=java.base/java.lang.invoke=ALL-UNNAMED --add-opens=java.prefs/java.util.prefs=ALL-UNNAMED -Xmx2048m -Dfile.encoding=UTF-8 -Duser.country=RU -Duser.language=ru -Duser.variant 
java_command: org.gradle.launcher.daemon.bootstrap.GradleDaemon 6.7.1
java_class_path (initial): C:\Users\User\.gradle\wrapper\dists\gradle-6.7.1-bin\bwlcbys1h7rz3272sye1xwiv6\gradle-6.7.1\lib\gradle-launcher-6.7.1.jar
Launcher Type: SUN_STANDARD

[Global flags]
     intx CICompilerCount                          = 2                                         {product} {ergonomic}
     uint ConcGCThreads                            = 1                                         {product} {ergonomic}
     uint G1ConcRefinementThreads                  = 2                                         {product} {ergonomic}
   size_t G1HeapRegionSize                         = 1048576                                   {product} {ergonomic}
    uintx GCDrainStackTargetSize                   = 64                                        {product} {ergonomic}
   size_t InitialHeapSize                          = 67108864                                  {product} {ergonomic}
   size_t MarkStackSize                            = 4194304                                   {product} {ergonomic}
   size_t MaxHeapSize                              = 2147483648                                {product} {command line}
   size_t MaxNewSize                               = 1287651328                                {product} {ergonomic}
   size_t MinHeapDeltaBytes                        = 1048576                                   {product} {ergonomic}
    uintx NonNMethodCodeHeapSize                   = 5825164                                {pd product} {ergonomic}
    uintx NonProfiledCodeHeapSize                  = 122916538                              {pd product} {ergonomic}
    uintx ProfiledCodeHeapSize                     = 122916538                              {pd product} {ergonomic}
    uintx ReservedCodeCacheSize                    = 251658240                              {pd product} {ergonomic}
     bool SegmentedCodeCache                       = true                                      {product} {ergonomic}
     bool UseCompressedClassPointers               = true                                 {lp64_product} {ergonomic}
     bool UseCompressedOops                        = true                                 {lp64_product} {ergonomic}
     bool UseG1GC                                  = true                                      {product} {ergonomic}
     bool UseLargePagesIndividualAllocation        = false                                  {pd product} {ergonomic}

Logging:
Log output configuration:
 #0: stdout all=warning uptime,level,tags
 #1: stderr all=off uptime,level,tags

Environment Variables:
PATH=C:\Program Files (x86)\Common Files\Oracle\Java\javapath;C:\Program Files\Java\jdk1.8.0_281\bin;C:\Program Files\Git\cmd;C:\Program Files\JetBrains\IntelliJ IDEA Community Edition 2021.2.3\bin;;C:\Program Files\JetBrains\IntelliJ IDEA 2019.3.5\bin;
USERNAME=User
OS=Windows_NT
PROCESSOR_IDENTIFIER=AMD64 Family 15 Model 75 Stepping 2, AuthenticAMD



---------------  S Y S T E M  ---------------

OS: Windows 7 , 64 bit Build 7601 (6.1.7601.24596)
OS uptime: 0 days 1:37 hours

CPU:total 2 (initial active 2) (2 cores per cpu, 1 threads per core) family 15 model 75 stepping 2, cmov, cx8, fxsr, mmx, sse, sse2, sse3, mmxext, 3dnowpref, tsc

Memory: 4k page, system-wide physical 4095M (233M free)
TotalPageFile size 11093M (AvailPageFile size 4M)
current process WorkingSet (physical memory assigned to process): 434M, peak: 434M
current process commit charge ("private bytes"): 625M, peak: 625M

vm_info: OpenJDK 64-Bit Server VM (11.0.8+10-b944.6842174) for windows-amd64 JRE (11.0.8+10-b944.6842174), built on Sep 19 2020 01:11:42 by "builder" with MS VC++ 14.0 (VS2015)

END.
