#
# There is insufficient memory for the Java Runtime Environment to continue.
# Native memory allocation (malloc) failed to allocate 1793776 bytes for Chunk::new
# Possible reasons:
#   The system is out of physical RAM or swap space
#   The process is running with CompressedOops enabled, and the Java Heap may be blocking the growth of the native heap
# Possible solutions:
#   Reduce memory load on the system
#   Increase physical memory or swap space
#   Check if swap backing store is full
#   Decrease Java heap size (-Xmx/-Xms)
#   Decrease number of Java threads
#   Decrease Java thread stack sizes (-Xss)
#   Set larger code cache with -XX:ReservedCodeCacheSize=
#   JVM is running with Unscaled Compressed Oops mode in which the Java heap is
#     placed in the first 4GB address space. The Java Heap base address is the
#     maximum limit for the native heap growth. Please use -XX:HeapBaseMinAddress
#     to set the Java Heap base and to place the Java Heap above 4GB virtual address.
# This output file may be truncated or incomplete.
#
#  Out of Memory Error (./src/hotspot/share/memory/arena.cpp:197), pid=4912, tid=6416
#
# JRE version: OpenJDK Runtime Environment (11.0.8+10) (build 11.0.8+10-b944.6842174)
# Java VM: OpenJDK 64-Bit Server VM (11.0.8+10-b944.6842174, mixed mode, tiered, compressed oops, g1 gc, windows-amd64)
# No core dump will be written. Minidumps are not enabled by default on client versions of Windows
#

---------------  S U M M A R Y ------------

Command Line: org.jetbrains.kotlin.cli.jvm.K2JVMCompiler @E:\PROJECT_JAVA\AS_FX\PizzaDelivery\app\build\20220501_7019662784175187312.compiler.options

Host: AMD Athlon(tm) 64 X2 Dual Core Processor 4200+, 2 cores, 3G,  Windows 7 , 64 bit Build 7601 (6.1.7601.24596)
Time: Sun May  1 11:40:48 2022 RTZ 1 (ceia) elapsed time: 43 seconds (0d 0h 0m 43s)

---------------  T H R E A D  ---------------

Current thread (0x000000005ad1e800):  JavaThread "C2 CompilerThread0" daemon [_thread_in_native, id=6416, stack(0x000000005b680000,0x000000005b780000)]


Current CompileTask:
C2:  43027 6197   !   4       jdk.internal.loader.BuiltinClassLoader::findClassOnClassPathOrNull (64 bytes)

Stack: [0x000000005b680000,0x000000005b780000]
Native frames: (J=compiled Java code, j=interpreted, Vv=VM code, C=native code)
V  [jvm.dll+0x5de50a]
V  [jvm.dll+0x7122f5]
V  [jvm.dll+0x71384d]
V  [jvm.dll+0x713f03]
V  [jvm.dll+0x23e728]
V  [jvm.dll+0xb899c]
V  [jvm.dll+0xb8e9c]
V  [jvm.dll+0x35024d]
V  [jvm.dll+0x31dea3]
V  [jvm.dll+0x31d39a]
V  [jvm.dll+0x1f7702]
V  [jvm.dll+0x1f68d4]
V  [jvm.dll+0x17f32c]
V  [jvm.dll+0x205047]
V  [jvm.dll+0x203891]
V  [jvm.dll+0x6dad3f]
V  [jvm.dll+0x6d3895]
V  [jvm.dll+0x5dd4a6]
C  [ucrtbase.DLL+0x1f4a0]
C  [kernel32.dll+0x155dd]
C  [ntdll.dll+0x5295d]


---------------  P R O C E S S  ---------------

Threads class SMR info:
_java_thread_list=0x000000005bb69900, length=10, elements={
0x0000000000451800, 0x000000001a0b9800, 0x000000005ad0a000, 0x000000005ad17000,
0x000000005ad1c000, 0x000000005ad1e800, 0x000000005ad2c000, 0x000000001a0bf000,
0x000000005bb6b000, 0x000000005bb76800
}

Java Threads: ( => current thread )
  0x0000000000451800 JavaThread "main" [_thread_in_native, id=880, stack(0x0000000002340000,0x0000000002440000)]
  0x000000001a0b9800 JavaThread "Reference Handler" daemon [_thread_blocked, id=6732, stack(0x000000005b100000,0x000000005b200000)]
  0x000000005ad0a000 JavaThread "Finalizer" daemon [_thread_blocked, id=6184, stack(0x000000001a230000,0x000000001a330000)]
  0x000000005ad17000 JavaThread "Signal Dispatcher" daemon [_thread_blocked, id=2628, stack(0x000000005b3c0000,0x000000005b4c0000)]
  0x000000005ad1c000 JavaThread "Attach Listener" daemon [_thread_blocked, id=6428, stack(0x000000005b260000,0x000000005b360000)]
=>0x000000005ad1e800 JavaThread "C2 CompilerThread0" daemon [_thread_in_native, id=6416, stack(0x000000005b680000,0x000000005b780000)]
  0x000000005ad2c000 JavaThread "C1 CompilerThread0" daemon [_thread_blocked, id=6512, stack(0x000000005b830000,0x000000005b930000)]
  0x000000001a0bf000 JavaThread "Sweeper thread" daemon [_thread_blocked, id=5824, stack(0x000000005ba00000,0x000000005bb00000)]
  0x000000005bb6b000 JavaThread "Service Thread" daemon [_thread_blocked, id=7004, stack(0x000000005b570000,0x000000005b670000)]
  0x000000005bb76800 JavaThread "Common-Cleaner" daemon [_thread_blocked, id=6768, stack(0x000000005c0f0000,0x000000005c1f0000)]

Other Threads:
  0x000000001a0b6800 VMThread "VM Thread" [stack: 0x000000005af80000,0x000000005b080000] [id=5268]
  0x000000005bb6e800 WatcherThread [stack: 0x000000005bf20000,0x000000005c020000] [id=5252]
  0x000000000046a800 GCTaskThread "GC Thread#0" [stack: 0x0000000015230000,0x0000000015330000] [id=6696]
  0x000000005bd32800 GCTaskThread "GC Thread#1" [stack: 0x000000005c3c0000,0x000000005c4c0000] [id=4108]
  0x0000000000485000 ConcurrentGCThread "G1 Main Marker" [stack: 0x0000000017ca0000,0x0000000017da0000] [id=2964]
  0x0000000000487000 ConcurrentGCThread "G1 Conc#0" [stack: 0x0000000017b90000,0x0000000017c90000] [id=6492]
  0x00000000004d2000 ConcurrentGCThread "G1 Refine#0" [stack: 0x000000001a0f0000,0x000000001a1f0000] [id=4708]
  0x00000000004d3800 ConcurrentGCThread "G1 Young RemSet Sampling" [stack: 0x000000001a340000,0x000000001a440000] [id=5332]

Threads with active compile tasks:
C2 CompilerThread0  43163 6197   !   4       jdk.internal.loader.BuiltinClassLoader::findClassOnClassPathOrNull (64 bytes)

VM state:not at safepoint (normal execution)

VM Mutex/Monitor currently owned by a thread: None

Heap address: 0x00000000c0000000, size: 1024 MB, Compressed Oops mode: 32-bit
Narrow klass base: 0x0000000000000000, Narrow klass shift: 0
Compressed class space size: 1073741824 Address: 0x000000001a440000

Heap:
 garbage-first heap   total 95232K, used 60991K [0x00000000c0000000, 0x0000000100000000)
  region size 1024K, 10 young (10240K), 1 survivors (1024K)
 Metaspace       used 54050K, capacity 54675K, committed 54784K, reserved 1097728K
  class space    used 6096K, capacity 6320K, committed 6400K, reserved 1048576K
Heap Regions: E=young(eden), S=young(survivor), O=old, HS=humongous(starts), HC=humongous(continues), CS=collection set, F=free, A=archive, TAMS=top-at-mark-start (previous, next)
|   0|0x00000000c0000000, 0x00000000c0100000, 0x00000000c0100000|100%|HS|  |TAMS 0x00000000c0100000, 0x00000000c0000000| Complete 
|   1|0x00000000c0100000, 0x00000000c0200000, 0x00000000c0200000|100%|HC|  |TAMS 0x00000000c0200000, 0x00000000c0100000| Complete 
|   2|0x00000000c0200000, 0x00000000c0300000, 0x00000000c0300000|100%|HC|  |TAMS 0x00000000c0300000, 0x00000000c0200000| Complete 
|   3|0x00000000c0300000, 0x00000000c0400000, 0x00000000c0400000|100%| O|  |TAMS 0x00000000c0400000, 0x00000000c0300000| Untracked 
|   4|0x00000000c0400000, 0x00000000c0500000, 0x00000000c0500000|100%| O|  |TAMS 0x00000000c0500000, 0x00000000c0400000| Untracked 
|   5|0x00000000c0500000, 0x00000000c0600000, 0x00000000c0600000|100%| O|  |TAMS 0x00000000c0600000, 0x00000000c0500000| Untracked 
|   6|0x00000000c0600000, 0x00000000c0700000, 0x00000000c0700000|100%| O|  |TAMS 0x00000000c0700000, 0x00000000c0600000| Untracked 
|   7|0x00000000c0700000, 0x00000000c0800000, 0x00000000c0800000|100%| O|  |TAMS 0x00000000c0800000, 0x00000000c0700000| Untracked 
|   8|0x00000000c0800000, 0x00000000c0900000, 0x00000000c0900000|100%| O|  |TAMS 0x00000000c0900000, 0x00000000c0800000| Untracked 
|   9|0x00000000c0900000, 0x00000000c0a00000, 0x00000000c0a00000|100%|HS|  |TAMS 0x00000000c0a00000, 0x00000000c0900000| Complete 
|  10|0x00000000c0a00000, 0x00000000c0b00000, 0x00000000c0b00000|100%|HC|  |TAMS 0x00000000c0b00000, 0x00000000c0a00000| Complete 
|  11|0x00000000c0b00000, 0x00000000c0c00000, 0x00000000c0c00000|100%|HC|  |TAMS 0x00000000c0c00000, 0x00000000c0b00000| Complete 
|  12|0x00000000c0c00000, 0x00000000c0d00000, 0x00000000c0d00000|100%|HS|  |TAMS 0x00000000c0d00000, 0x00000000c0c00000| Complete 
|  13|0x00000000c0d00000, 0x00000000c0e00000, 0x00000000c0e00000|100%|HC|  |TAMS 0x00000000c0e00000, 0x00000000c0d00000| Complete 
|  14|0x00000000c0e00000, 0x00000000c0f00000, 0x00000000c0f00000|100%|HC|  |TAMS 0x00000000c0f00000, 0x00000000c0e00000| Complete 
|  15|0x00000000c0f00000, 0x00000000c1000000, 0x00000000c1000000|100%| O|  |TAMS 0x00000000c1000000, 0x00000000c0f00000| Untracked 
|  16|0x00000000c1000000, 0x00000000c1100000, 0x00000000c1100000|100%| O|  |TAMS 0x00000000c1100000, 0x00000000c1000000| Untracked 
|  17|0x00000000c1100000, 0x00000000c1200000, 0x00000000c1200000|100%| O|  |TAMS 0x00000000c1200000, 0x00000000c1100000| Untracked 
|  18|0x00000000c1200000, 0x00000000c1300000, 0x00000000c1300000|100%| O|  |TAMS 0x00000000c1300000, 0x00000000c1200000| Untracked 
|  19|0x00000000c1300000, 0x00000000c1400000, 0x00000000c1400000|100%| O|  |TAMS 0x00000000c1400000, 0x00000000c1300000| Untracked 
|  20|0x00000000c1400000, 0x00000000c1500000, 0x00000000c1500000|100%| O|  |TAMS 0x00000000c1500000, 0x00000000c1400000| Untracked 
|  21|0x00000000c1500000, 0x00000000c1600000, 0x00000000c1600000|100%| O|  |TAMS 0x00000000c1600000, 0x00000000c1500000| Untracked 
|  22|0x00000000c1600000, 0x00000000c1700000, 0x00000000c1700000|100%| O|  |TAMS 0x00000000c1700000, 0x00000000c1600000| Untracked 
|  23|0x00000000c1700000, 0x00000000c1800000, 0x00000000c1800000|100%| O|  |TAMS 0x00000000c1800000, 0x00000000c1700000| Untracked 
|  24|0x00000000c1800000, 0x00000000c1900000, 0x00000000c1900000|100%| O|  |TAMS 0x00000000c1900000, 0x00000000c1800000| Untracked 
|  25|0x00000000c1900000, 0x00000000c1a00000, 0x00000000c1a00000|100%| O|  |TAMS 0x00000000c1a00000, 0x00000000c1900000| Untracked 
|  26|0x00000000c1a00000, 0x00000000c1b00000, 0x00000000c1b00000|100%| O|  |TAMS 0x00000000c1b00000, 0x00000000c1a00000| Untracked 
|  27|0x00000000c1b00000, 0x00000000c1c00000, 0x00000000c1c00000|100%|HS|  |TAMS 0x00000000c1c00000, 0x00000000c1b00000| Complete 
|  28|0x00000000c1c00000, 0x00000000c1d00000, 0x00000000c1d00000|100%|HC|  |TAMS 0x00000000c1d00000, 0x00000000c1c00000| Complete 
|  29|0x00000000c1d00000, 0x00000000c1e00000, 0x00000000c1e00000|100%| O|  |TAMS 0x00000000c1e00000, 0x00000000c1d00000| Untracked 
|  30|0x00000000c1e00000, 0x00000000c1f00000, 0x00000000c1f00000|100%| O|  |TAMS 0x00000000c1f00000, 0x00000000c1e00000| Untracked 
|  31|0x00000000c1f00000, 0x00000000c2000000, 0x00000000c2000000|100%| O|  |TAMS 0x00000000c2000000, 0x00000000c1f00000| Untracked 
|  32|0x00000000c2000000, 0x00000000c2100000, 0x00000000c2100000|100%| O|  |TAMS 0x00000000c2100000, 0x00000000c2000000| Untracked 
|  33|0x00000000c2100000, 0x00000000c2200000, 0x00000000c2200000|100%| O|  |TAMS 0x00000000c2200000, 0x00000000c2100000| Untracked 
|  34|0x00000000c2200000, 0x00000000c2300000, 0x00000000c2300000|100%| O|  |TAMS 0x00000000c2300000, 0x00000000c2200000| Untracked 
|  35|0x00000000c2300000, 0x00000000c2400000, 0x00000000c2400000|100%| O|  |TAMS 0x00000000c2400000, 0x00000000c2300000| Untracked 
|  36|0x00000000c2400000, 0x00000000c2500000, 0x00000000c2500000|100%| O|  |TAMS 0x00000000c2500000, 0x00000000c2400000| Untracked 
|  37|0x00000000c2500000, 0x00000000c2600000, 0x00000000c2600000|100%| O|  |TAMS 0x00000000c2600000, 0x00000000c2500000| Untracked 
|  38|0x00000000c2600000, 0x00000000c2700000, 0x00000000c2700000|100%| O|  |TAMS 0x00000000c2700000, 0x00000000c2600000| Untracked 
|  39|0x00000000c2700000, 0x00000000c2800000, 0x00000000c2800000|100%| O|  |TAMS 0x00000000c2800000, 0x00000000c2700000| Untracked 
|  40|0x00000000c2800000, 0x00000000c2900000, 0x00000000c2900000|100%| O|  |TAMS 0x00000000c2900000, 0x00000000c2800000| Untracked 
|  41|0x00000000c2900000, 0x00000000c2a00000, 0x00000000c2a00000|100%| O|  |TAMS 0x00000000c2a00000, 0x00000000c2900000| Untracked 
|  42|0x00000000c2a00000, 0x00000000c2b00000, 0x00000000c2b00000|100%| O|  |TAMS 0x00000000c2b00000, 0x00000000c2a00000| Untracked 
|  43|0x00000000c2b00000, 0x00000000c2c00000, 0x00000000c2c00000|100%| O|  |TAMS 0x00000000c2c00000, 0x00000000c2b00000| Untracked 
|  44|0x00000000c2c00000, 0x00000000c2d00000, 0x00000000c2d00000|100%| O|  |TAMS 0x00000000c2d00000, 0x00000000c2c00000| Untracked 
|  45|0x00000000c2d00000, 0x00000000c2e00000, 0x00000000c2e00000|100%| O|  |TAMS 0x00000000c2e00000, 0x00000000c2d00000| Untracked 
|  46|0x00000000c2e00000, 0x00000000c2f00000, 0x00000000c2f00000|100%| O|  |TAMS 0x00000000c2f00000, 0x00000000c2e00000| Untracked 
|  47|0x00000000c2f00000, 0x00000000c3000000, 0x00000000c3000000|100%| O|  |TAMS 0x00000000c3000000, 0x00000000c2f00000| Untracked 
|  48|0x00000000c3000000, 0x00000000c3100000, 0x00000000c3100000|100%| O|  |TAMS 0x00000000c3100000, 0x00000000c3000000| Untracked 
|  49|0x00000000c3100000, 0x00000000c3200000, 0x00000000c3200000|100%| O|  |TAMS 0x00000000c3200000, 0x00000000c3100000| Untracked 
|  50|0x00000000c3200000, 0x00000000c32c4a00, 0x00000000c3300000| 76%| O|  |TAMS 0x00000000c32c4a00, 0x00000000c3200000| Untracked 
|  51|0x00000000c3300000, 0x00000000c3300000, 0x00000000c3400000|  0%| F|  |TAMS 0x00000000c3300000, 0x00000000c3300000| Untracked 
|  52|0x00000000c3400000, 0x00000000c3400000, 0x00000000c3500000|  0%| F|  |TAMS 0x00000000c3400000, 0x00000000c3400000| Untracked 
|  53|0x00000000c3500000, 0x00000000c3500000, 0x00000000c3600000|  0%| F|  |TAMS 0x00000000c3500000, 0x00000000c3500000| Untracked 
|  54|0x00000000c3600000, 0x00000000c3600000, 0x00000000c3700000|  0%| F|  |TAMS 0x00000000c3600000, 0x00000000c3600000| Untracked 
|  55|0x00000000c3700000, 0x00000000c3700000, 0x00000000c3800000|  0%| F|  |TAMS 0x00000000c3700000, 0x00000000c3700000| Untracked 
|  56|0x00000000c3800000, 0x00000000c3800000, 0x00000000c3900000|  0%| F|  |TAMS 0x00000000c3800000, 0x00000000c3800000| Untracked 
|  57|0x00000000c3900000, 0x00000000c3900000, 0x00000000c3a00000|  0%| F|  |TAMS 0x00000000c3900000, 0x00000000c3900000| Untracked 
|  58|0x00000000c3a00000, 0x00000000c3a00000, 0x00000000c3b00000|  0%| F|  |TAMS 0x00000000c3a00000, 0x00000000c3a00000| Untracked 
|  59|0x00000000c3b00000, 0x00000000c3b00000, 0x00000000c3c00000|  0%| F|  |TAMS 0x00000000c3b00000, 0x00000000c3b00000| Untracked 
|  60|0x00000000c3c00000, 0x00000000c3c00000, 0x00000000c3d00000|  0%| F|  |TAMS 0x00000000c3c00000, 0x00000000c3c00000| Untracked 
|  61|0x00000000c3d00000, 0x00000000c3d00000, 0x00000000c3e00000|  0%| F|  |TAMS 0x00000000c3d00000, 0x00000000c3d00000| Untracked 
|  62|0x00000000c3e00000, 0x00000000c3e00000, 0x00000000c3f00000|  0%| F|  |TAMS 0x00000000c3e00000, 0x00000000c3e00000| Untracked 
|  63|0x00000000c3f00000, 0x00000000c3f00000, 0x00000000c4000000|  0%| F|  |TAMS 0x00000000c3f00000, 0x00000000c3f00000| Untracked 
|  64|0x00000000c4000000, 0x00000000c4000000, 0x00000000c4100000|  0%| F|  |TAMS 0x00000000c4000000, 0x00000000c4000000| Untracked 
|  65|0x00000000c4100000, 0x00000000c4100000, 0x00000000c4200000|  0%| F|  |TAMS 0x00000000c4100000, 0x00000000c4100000| Untracked 
|  66|0x00000000c4200000, 0x00000000c42cb200, 0x00000000c4300000| 79%| S|CS|TAMS 0x00000000c4200000, 0x00000000c4200000| Complete 
|  67|0x00000000c4300000, 0x00000000c4300000, 0x00000000c4400000|  0%| F|  |TAMS 0x00000000c4300000, 0x00000000c4300000| Untracked 
|  68|0x00000000c4400000, 0x00000000c4400000, 0x00000000c4500000|  0%| F|  |TAMS 0x00000000c4400000, 0x00000000c4400000| Untracked 
|  69|0x00000000c4500000, 0x00000000c4500000, 0x00000000c4600000|  0%| F|  |TAMS 0x00000000c4500000, 0x00000000c4500000| Untracked 
|  70|0x00000000c4600000, 0x00000000c4600000, 0x00000000c4700000|  0%| F|  |TAMS 0x00000000c4600000, 0x00000000c4600000| Untracked 
|  71|0x00000000c4700000, 0x00000000c4700000, 0x00000000c4800000|  0%| F|  |TAMS 0x00000000c4700000, 0x00000000c4700000| Untracked 
|  72|0x00000000c4800000, 0x00000000c4800000, 0x00000000c4900000|  0%| F|  |TAMS 0x00000000c4800000, 0x00000000c4800000| Untracked 
|  73|0x00000000c4900000, 0x00000000c4900000, 0x00000000c4a00000|  0%| F|  |TAMS 0x00000000c4900000, 0x00000000c4900000| Untracked 
|  74|0x00000000c4a00000, 0x00000000c4a00000, 0x00000000c4b00000|  0%| F|  |TAMS 0x00000000c4a00000, 0x00000000c4a00000| Untracked 
|  75|0x00000000c4b00000, 0x00000000c4b00000, 0x00000000c4c00000|  0%| F|  |TAMS 0x00000000c4b00000, 0x00000000c4b00000| Untracked 
|  76|0x00000000c4c00000, 0x00000000c4c00000, 0x00000000c4d00000|  0%| F|  |TAMS 0x00000000c4c00000, 0x00000000c4c00000| Untracked 
|  77|0x00000000c4d00000, 0x00000000c4d00000, 0x00000000c4e00000|  0%| F|  |TAMS 0x00000000c4d00000, 0x00000000c4d00000| Untracked 
|  78|0x00000000c4e00000, 0x00000000c4e00000, 0x00000000c4f00000|  0%| F|  |TAMS 0x00000000c4e00000, 0x00000000c4e00000| Untracked 
|  79|0x00000000c4f00000, 0x00000000c4f00000, 0x00000000c5000000|  0%| F|  |TAMS 0x00000000c4f00000, 0x00000000c4f00000| Untracked 
|  80|0x00000000c5000000, 0x00000000c5000000, 0x00000000c5100000|  0%| F|  |TAMS 0x00000000c5000000, 0x00000000c5000000| Untracked 
|  81|0x00000000c5100000, 0x00000000c5100000, 0x00000000c5200000|  0%| F|  |TAMS 0x00000000c5100000, 0x00000000c5100000| Untracked 
|  82|0x00000000c5200000, 0x00000000c5200000, 0x00000000c5300000|  0%| F|  |TAMS 0x00000000c5200000, 0x00000000c5200000| Untracked 
|  83|0x00000000c5300000, 0x00000000c5300000, 0x00000000c5400000|  0%| F|  |TAMS 0x00000000c5300000, 0x00000000c5300000| Untracked 
|  84|0x00000000c5400000, 0x00000000c544cee8, 0x00000000c5500000| 30%| E|  |TAMS 0x00000000c5400000, 0x00000000c5400000| Complete 
|  85|0x00000000c5500000, 0x00000000c5600000, 0x00000000c5600000|100%| E|CS|TAMS 0x00000000c5500000, 0x00000000c5500000| Complete 
|  86|0x00000000c5600000, 0x00000000c5700000, 0x00000000c5700000|100%| E|CS|TAMS 0x00000000c5600000, 0x00000000c5600000| Complete 
|  87|0x00000000c5700000, 0x00000000c5800000, 0x00000000c5800000|100%| E|CS|TAMS 0x00000000c5700000, 0x00000000c5700000| Complete 
|  88|0x00000000c5800000, 0x00000000c5900000, 0x00000000c5900000|100%| E|CS|TAMS 0x00000000c5800000, 0x00000000c5800000| Complete 
|  89|0x00000000c5900000, 0x00000000c5a00000, 0x00000000c5a00000|100%| E|CS|TAMS 0x00000000c5900000, 0x00000000c5900000| Complete 
|  90|0x00000000c5a00000, 0x00000000c5b00000, 0x00000000c5b00000|100%| E|CS|TAMS 0x00000000c5a00000, 0x00000000c5a00000| Complete 
|  91|0x00000000c5b00000, 0x00000000c5c00000, 0x00000000c5c00000|100%| E|CS|TAMS 0x00000000c5b00000, 0x00000000c5b00000| Complete 
|  92|0x00000000c5c00000, 0x00000000c5d00000, 0x00000000c5d00000|100%| E|CS|TAMS 0x00000000c5c00000, 0x00000000c5c00000| Complete 

Card table byte_map: [0x0000000015750000,0x0000000015950000] _byte_map_base: 0x0000000015150000

Marking Bits (Prev, Next): (CMBitMap*) 0x0000000000480190, (CMBitMap*) 0x0000000000480158
 Prev Bits: [0x0000000016b50000, 0x0000000017b50000)
 Next Bits: [0x0000000015b50000, 0x0000000016b50000)

Polling page: 0x0000000000330000

Metaspace:

Usage:
  Non-class:     47.22 MB capacity,    46.83 MB (>99%) used,   319.95 KB ( <1%) free+waste,    80.31 KB ( <1%) overhead. 
      Class:      6.17 MB capacity,     5.95 MB ( 96%) used,   190.91 KB (  3%) free+waste,    32.94 KB ( <1%) overhead. 
       Both:     53.39 MB capacity,    52.78 MB ( 99%) used,   510.86 KB ( <1%) free+waste,   113.25 KB ( <1%) overhead. 

Virtual space:
  Non-class space:       48.00 MB reserved,      47.25 MB ( 98%) committed 
      Class space:        1.00 GB reserved,       6.25 MB ( <1%) committed 
             Both:        1.05 GB reserved,      53.50 MB (  5%) committed 

Chunk freelists:
   Non-Class:  29.00 KB
       Class:  16.00 KB
        Both:  45.00 KB

MaxMetaspaceSize: 17179869184.00 GB
CompressedClassSpaceSize: 1.00 GB

CodeHeap 'non-profiled nmethods': size=120064Kb used=2684Kb max_used=2684Kb free=117379Kb
 bounds [0x000000000dc90000, 0x000000000df30000, 0x00000000151d0000]
CodeHeap 'profiled nmethods': size=120000Kb used=15266Kb max_used=15266Kb free=104733Kb
 bounds [0x0000000006760000, 0x0000000007650000, 0x000000000dc90000]
CodeHeap 'non-nmethods': size=5696Kb used=1185Kb max_used=1215Kb free=4510Kb
 bounds [0x00000000061d0000, 0x0000000006440000, 0x0000000006760000]
 total_blobs=6864 nmethods=6304 adapters=472
 compilation: enabled
              stopped_count=0, restarted_count=0
 full_count=0

Compilation events (20 events):
Event: 42.928 Thread 0x000000005ad2c000 6238       3       java.util.LinkedHashMap::<init> (16 bytes)
Event: 42.928 Thread 0x000000005ad2c000 nmethod 6238 0x000000000760a990 code [0x000000000760ab60, 0x000000000760adc8]
Event: 42.928 Thread 0x000000005ad2c000 6237       1       org.jetbrains.kotlin.resolve.calls.inference.components.FreshVariableNewTypeSubstitutor::getFreshVariables (5 bytes)
Event: 42.929 Thread 0x000000005ad2c000 nmethod 6237 0x000000000df29990 code [0x000000000df29b40, 0x000000000df29bf8]
Event: 42.929 Thread 0x000000005ad2c000 6239       3       java.util.ArrayList$SubList$1::next (85 bytes)
Event: 42.930 Thread 0x000000005ad2c000 nmethod 6239 0x000000000760af10 code [0x000000000760b120, 0x000000000760b5e8]
Event: 42.930 Thread 0x000000005ad2c000 6240       3       kotlin.sequences.SequencesKt___SequencesKt::mapNotNull (30 bytes)
Event: 42.933 Thread 0x000000005ad2c000 nmethod 6240 0x000000000760b810 code [0x000000000760bc00, 0x000000000760d368]
Event: 42.995 Thread 0x000000005ad2c000 6241       1       org.jetbrains.kotlin.resolve.calls.tower.NewResolvedCallImpl::getExtensionReceiver (5 bytes)
Event: 42.996 Thread 0x000000005ad2c000 nmethod 6241 0x000000000df29c90 code [0x000000000df29e40, 0x000000000df29ef8]
Event: 43.014 Thread 0x000000005ad2c000 6242       3       org.jetbrains.kotlin.resolve.ObservableBindingTrace::record (41 bytes)
Event: 43.015 Thread 0x000000005ad2c000 nmethod 6242 0x000000000760dc10 code [0x000000000760de60, 0x000000000760e9c8]
Event: 43.015 Thread 0x000000005ad2c000 6243       3       org.jetbrains.kotlin.com.intellij.util.SmartFMap::get (67 bytes)
Event: 43.016 Thread 0x000000005ad2c000 nmethod 6243 0x000000000760ed10 code [0x000000000760ef20, 0x000000000760f6d8]
Event: 43.017 Thread 0x000000005ad2c000 6244       3       org.jetbrains.kotlin.com.google.common.collect.AbstractMultimap::<init> (5 bytes)
Event: 43.017 Thread 0x000000005ad2c000 nmethod 6244 0x000000000760f910 code [0x000000000760fac0, 0x000000000760fc18]
Event: 43.018 Thread 0x000000005ad2c000 6245       3       org.jetbrains.kotlin.resolve.lazy.LazyDeclarationResolver::getBindingContext (18 bytes)
Event: 43.018 Thread 0x000000005ad2c000 nmethod 6245 0x000000000760fd10 code [0x000000000760fee0, 0x00000000076100d8]
Event: 43.023 Thread 0x000000005ad2c000 6246       3       org.jetbrains.kotlin.com.intellij.util.keyFMap.PairElementsFMap::<init> (164 bytes)
Event: 43.025 Thread 0x000000005ad2c000 nmethod 6246 0x0000000007610210 code [0x0000000007610620, 0x00000000076120d8]

GC Heap History (20 events):
Event: 33.808 GC heap before
{Heap before GC invocations=18 (full 0):
 garbage-first heap   total 65536K, used 48065K [0x00000000c0000000, 0x0000000100000000)
  region size 1024K, 12 young (12288K), 2 survivors (2048K)
 Metaspace       used 47223K, capacity 47725K, committed 48000K, reserved 1091584K
  class space    used 5502K, capacity 5687K, committed 5760K, reserved 1048576K
}
Event: 33.817 GC heap after
{Heap after GC invocations=19 (full 0):
 garbage-first heap   total 65536K, used 37783K [0x00000000c0000000, 0x0000000100000000)
  region size 1024K, 2 young (2048K), 2 survivors (2048K)
 Metaspace       used 47223K, capacity 47725K, committed 48000K, reserved 1091584K
  class space    used 5502K, capacity 5687K, committed 5760K, reserved 1048576K
}
Event: 34.666 GC heap before
{Heap before GC invocations=19 (full 0):
 garbage-first heap   total 65536K, used 48023K [0x00000000c0000000, 0x0000000100000000)
  region size 1024K, 13 young (13312K), 2 survivors (2048K)
 Metaspace       used 48442K, capacity 49031K, committed 49152K, reserved 1093632K
  class space    used 5616K, capacity 5794K, committed 5888K, reserved 1048576K
}
Event: 34.679 GC heap after
{Heap after GC invocations=20 (full 0):
 garbage-first heap   total 65536K, used 38963K [0x00000000c0000000, 0x0000000100000000)
  region size 1024K, 2 young (2048K), 2 survivors (2048K)
 Metaspace       used 48442K, capacity 49031K, committed 49152K, reserved 1093632K
  class space    used 5616K, capacity 5794K, committed 5888K, reserved 1048576K
}
Event: 36.617 GC heap before
{Heap before GC invocations=21 (full 0):
 garbage-first heap   total 65536K, used 49203K [0x00000000c0000000, 0x0000000100000000)
  region size 1024K, 13 young (13312K), 2 survivors (2048K)
 Metaspace       used 50708K, capacity 51300K, committed 51456K, reserved 1095680K
  class space    used 5840K, capacity 6030K, committed 6144K, reserved 1048576K
}
Event: 36.637 GC heap after
{Heap after GC invocations=22 (full 0):
 garbage-first heap   total 65536K, used 40550K [0x00000000c0000000, 0x0000000100000000)
  region size 1024K, 2 young (2048K), 2 survivors (2048K)
 Metaspace       used 50708K, capacity 51300K, committed 51456K, reserved 1095680K
  class space    used 5840K, capacity 6030K, committed 6144K, reserved 1048576K
}
Event: 37.603 GC heap before
{Heap before GC invocations=22 (full 0):
 garbage-first heap   total 65536K, used 49766K [0x00000000c0000000, 0x0000000100000000)
  region size 1024K, 12 young (12288K), 2 survivors (2048K)
 Metaspace       used 51013K, capacity 51581K, committed 51712K, reserved 1095680K
  class space    used 5854K, capacity 6037K, committed 6144K, reserved 1048576K
}
Event: 37.626 GC heap after
{Heap after GC invocations=23 (full 0):
 garbage-first heap   total 65536K, used 43450K [0x00000000c0000000, 0x0000000100000000)
  region size 1024K, 2 young (2048K), 2 survivors (2048K)
 Metaspace       used 51013K, capacity 51581K, committed 51712K, reserved 1095680K
  class space    used 5854K, capacity 6037K, committed 6144K, reserved 1048576K
}
Event: 38.944 GC heap before
{Heap before GC invocations=24 (full 0):
 garbage-first heap   total 65536K, used 49594K [0x00000000c0000000, 0x0000000100000000)
  region size 1024K, 10 young (10240K), 2 survivors (2048K)
 Metaspace       used 51955K, capacity 52524K, committed 52736K, reserved 1095680K
  class space    used 5902K, capacity 6139K, committed 6144K, reserved 1048576K
}
Event: 38.961 GC heap after
{Heap after GC invocations=25 (full 0):
 garbage-first heap   total 65536K, used 44371K [0x00000000c0000000, 0x0000000100000000)
  region size 1024K, 2 young (2048K), 2 survivors (2048K)
 Metaspace       used 51955K, capacity 52524K, committed 52736K, reserved 1095680K
  class space    used 5902K, capacity 6139K, committed 6144K, reserved 1048576K
}
Event: 39.734 GC heap before
{Heap before GC invocations=25 (full 0):
 garbage-first heap   total 65536K, used 51539K [0x00000000c0000000, 0x0000000100000000)
  region size 1024K, 9 young (9216K), 2 survivors (2048K)
 Metaspace       used 52243K, capacity 52909K, committed 52992K, reserved 1095680K
  class space    used 5905K, capacity 6139K, committed 6144K, reserved 1048576K
}
Event: 39.749 GC heap after
{Heap after GC invocations=26 (full 0):
 garbage-first heap   total 78848K, used 45712K [0x00000000c0000000, 0x0000000100000000)
  region size 1024K, 2 young (2048K), 2 survivors (2048K)
 Metaspace       used 52243K, capacity 52909K, committed 52992K, reserved 1095680K
  class space    used 5905K, capacity 6139K, committed 6144K, reserved 1048576K
}
Event: 40.378 GC heap before
{Heap before GC invocations=27 (full 0):
 garbage-first heap   total 78848K, used 58000K [0x00000000c0000000, 0x0000000100000000)
  region size 1024K, 14 young (14336K), 2 survivors (2048K)
 Metaspace       used 52398K, capacity 53037K, committed 53248K, reserved 1095680K
  class space    used 5909K, capacity 6139K, committed 6144K, reserved 1048576K
}
Event: 40.398 GC heap after
{Heap after GC invocations=28 (full 0):
 garbage-first heap   total 78848K, used 47692K [0x00000000c0000000, 0x0000000100000000)
  region size 1024K, 2 young (2048K), 2 survivors (2048K)
 Metaspace       used 52398K, capacity 53037K, committed 53248K, reserved 1095680K
  class space    used 5909K, capacity 6139K, committed 6144K, reserved 1048576K
}
Event: 41.037 GC heap before
{Heap before GC invocations=28 (full 0):
 garbage-first heap   total 78848K, used 59980K [0x00000000c0000000, 0x0000000100000000)
  region size 1024K, 14 young (14336K), 2 survivors (2048K)
 Metaspace       used 52554K, capacity 53167K, committed 53248K, reserved 1095680K
  class space    used 5913K, capacity 6139K, committed 6144K, reserved 1048576K
}
Event: 41.062 GC heap after
{Heap after GC invocations=29 (full 0):
 garbage-first heap   total 78848K, used 49842K [0x00000000c0000000, 0x0000000100000000)
  region size 1024K, 2 young (2048K), 2 survivors (2048K)
 Metaspace       used 52554K, capacity 53167K, committed 53248K, reserved 1095680K
  class space    used 5913K, capacity 6139K, committed 6144K, reserved 1048576K
}
Event: 41.645 GC heap before
{Heap before GC invocations=30 (full 0):
 garbage-first heap   total 78848K, used 61106K [0x00000000c0000000, 0x0000000100000000)
  region size 1024K, 13 young (13312K), 2 survivors (2048K)
 Metaspace       used 52590K, capacity 53231K, committed 53248K, reserved 1095680K
  class space    used 5913K, capacity 6139K, committed 6144K, reserved 1048576K
}
Event: 41.666 GC heap after
{Heap after GC invocations=31 (full 0):
 garbage-first heap   total 78848K, used 51951K [0x00000000c0000000, 0x0000000100000000)
  region size 1024K, 2 young (2048K), 2 survivors (2048K)
 Metaspace       used 52590K, capacity 53231K, committed 53248K, reserved 1095680K
  class space    used 5913K, capacity 6139K, committed 6144K, reserved 1048576K
}
Event: 42.018 GC heap before
{Heap before GC invocations=31 (full 0):
 garbage-first heap   total 78848K, used 61167K [0x00000000c0000000, 0x0000000100000000)
  region size 1024K, 12 young (12288K), 2 survivors (2048K)
 Metaspace       used 52817K, capacity 53467K, committed 53632K, reserved 1097728K
  class space    used 5935K, capacity 6175K, committed 6272K, reserved 1048576K
}
Event: 42.036 GC heap after
{Heap after GC invocations=32 (full 0):
 garbage-first heap   total 95232K, used 52799K [0x00000000c0000000, 0x0000000100000000)
  region size 1024K, 1 young (1024K), 1 survivors (1024K)
 Metaspace       used 52817K, capacity 53467K, committed 53632K, reserved 1097728K
  class space    used 5935K, capacity 6175K, committed 6272K, reserved 1048576K
}

Deoptimization events (20 events):
Event: 42.834 Thread 0x0000000000451800 Uncommon trap: trap_request=0xffffffc6 fr.pc=0x000000000df23c30 relative=0x00000000000004b0
Event: 42.834 Thread 0x0000000000451800 Uncommon trap: reason=bimorphic_or_optimized_type_check action=maybe_recompile pc=0x000000000df23c30 method=org.jetbrains.kotlin.builtins.KotlinBuiltIns.isUnderKotlinPackage(Lorg/jetbrains/kotlin/descriptors/DeclarationDescriptor;)Z @ 39 c2
Event: 42.834 Thread 0x0000000000451800 DEOPT PACKING pc=0x000000000df23c30 sp=0x000000000243c570
Event: 42.834 Thread 0x0000000000451800 DEOPT UNPACKING pc=0x00000000061f65a9 sp=0x000000000243c518 mode 2
Event: 42.886 Thread 0x0000000000451800 Uncommon trap: trap_request=0xffffffc6 fr.pc=0x000000000df0c248 relative=0x00000000000005a8
Event: 42.886 Thread 0x0000000000451800 Uncommon trap: reason=bimorphic_or_optimized_type_check action=maybe_recompile pc=0x000000000df0c248 method=kotlin.sequences.FlatteningSequence$iterator$1.ensureItemIterator()Z @ 56 c2
Event: 42.886 Thread 0x0000000000451800 DEOPT PACKING pc=0x000000000df0c248 sp=0x000000000243c790
Event: 42.886 Thread 0x0000000000451800 DEOPT UNPACKING pc=0x00000000061f65a9 sp=0x000000000243c748 mode 2
Event: 43.011 Thread 0x0000000000451800 Uncommon trap: trap_request=0xffffffc6 fr.pc=0x000000000df23c30 relative=0x00000000000004b0
Event: 43.011 Thread 0x0000000000451800 Uncommon trap: reason=bimorphic_or_optimized_type_check action=maybe_recompile pc=0x000000000df23c30 method=org.jetbrains.kotlin.builtins.KotlinBuiltIns.isUnderKotlinPackage(Lorg/jetbrains/kotlin/descriptors/DeclarationDescriptor;)Z @ 39 c2
Event: 43.011 Thread 0x0000000000451800 DEOPT PACKING pc=0x000000000df23c30 sp=0x000000000243d820
Event: 43.011 Thread 0x0000000000451800 DEOPT UNPACKING pc=0x00000000061f65a9 sp=0x000000000243d7c8 mode 2
Event: 43.016 Thread 0x0000000000451800 Uncommon trap: trap_request=0xffffffc6 fr.pc=0x000000000df0c248 relative=0x00000000000005a8
Event: 43.016 Thread 0x0000000000451800 Uncommon trap: reason=bimorphic_or_optimized_type_check action=maybe_recompile pc=0x000000000df0c248 method=kotlin.sequences.FlatteningSequence$iterator$1.ensureItemIterator()Z @ 56 c2
Event: 43.016 Thread 0x0000000000451800 DEOPT PACKING pc=0x000000000df0c248 sp=0x000000000243e4e0
Event: 43.016 Thread 0x0000000000451800 DEOPT UNPACKING pc=0x00000000061f65a9 sp=0x000000000243e498 mode 2
Event: 43.017 Thread 0x0000000000451800 Uncommon trap: trap_request=0xffffffc6 fr.pc=0x000000000df0c248 relative=0x00000000000005a8
Event: 43.017 Thread 0x0000000000451800 Uncommon trap: reason=bimorphic_or_optimized_type_check action=maybe_recompile pc=0x000000000df0c248 method=kotlin.sequences.FlatteningSequence$iterator$1.ensureItemIterator()Z @ 56 c2
Event: 43.017 Thread 0x0000000000451800 DEOPT PACKING pc=0x000000000df0c248 sp=0x000000000243e4e0
Event: 43.017 Thread 0x0000000000451800 DEOPT UNPACKING pc=0x00000000061f65a9 sp=0x000000000243e498 mode 2

Classes redefined (0 events):
No events

Internal exceptions (20 events):
Event: 12.201 Thread 0x0000000000451800 Exception <a 'java/lang/NoSuchMethodError'{0x00000000c2e40270}: 'void java.lang.invoke.DirectMethodHandle$Holder.invokeSpecial(java.lang.Object, java.lang.Object)'> (0x00000000c2e40270) thrown at [./src/hotspot/share/interpreter/linkResolver.cpp, line 773]
Event: 12.645 Thread 0x0000000000451800 Exception <a 'java/lang/NoSuchMethodError'{0x00000000c2ce35e8}: 'void java.lang.invoke.DirectMethodHandle$Holder.invokeStaticInit(java.lang.Object, java.lang.Object)'> (0x00000000c2ce35e8) thrown at [./src/hotspot/share/interpreter/linkResolver.cpp, line 773]
Event: 12.706 Thread 0x0000000000451800 Exception <a 'java/lang/NoSuchMethodError'{0x00000000c2b22300}: 'void java.lang.invoke.DirectMethodHandle$Holder.invokeInterface(java.lang.Object, java.lang.Object)'> (0x00000000c2b22300) thrown at [./src/hotspot/share/interpreter/linkResolver.cpp, line 773]
Event: 13.709 Thread 0x0000000000451800 Exception <a 'java/lang/NoSuchMethodError'{0x00000000c3c23f08}: 'void java.lang.invoke.DirectMethodHandle$Holder.invokeVirtual(java.lang.Object, java.lang.Object)'> (0x00000000c3c23f08) thrown at [./src/hotspot/share/interpreter/linkResolver.cpp, line 773]
Event: 13.790 Thread 0x0000000000451800 Exception <a 'java/lang/NoSuchMethodError'{0x00000000c3c9a6c0}: 'int java.lang.invoke.DirectMethodHandle$Holder.invokeVirtual(java.lang.Object, java.lang.Object)'> (0x00000000c3c9a6c0) thrown at [./src/hotspot/share/interpreter/linkResolver.cpp, line 773]
Event: 19.975 Thread 0x0000000000451800 Implicit null exception at 0x000000000dcf3864 to 0x000000000dcf3a68
Event: 20.007 Thread 0x0000000000451800 Implicit null exception at 0x000000000dce96ce to 0x000000000dce9e66
Event: 22.600 Thread 0x0000000000451800 Exception <a 'java/lang/NoSuchMethodError'{0x00000000c3986a98}: 'java.lang.Object java.lang.invoke.DirectMethodHandle$Holder.invokeVirtual(java.lang.Object, java.lang.Object, java.lang.Object)'> (0x00000000c3986a98) thrown at [./src/hotspot/share/interpreter/linkResolver.cpp, line 773]
Event: 29.626 Thread 0x0000000000451800 Exception <a 'java/lang/NoSuchMethodError'{0x00000000c30443f8}: 'java.lang.Object java.lang.invoke.Invokers$Holder.linkToTargetMethod(java.lang.Object, int, java.lang.Object)'> (0x00000000c30443f8) thrown at [./src/hotspot/share/interpreter/linkResolver.cpp, line 773]
Event: 30.300 Thread 0x0000000000451800 Exception <a 'java/lang/NoSuchMethodError'{0x00000000c3d0cc70}: 'java.lang.Object java.lang.invoke.DirectMethodHandle$Holder.invokeStatic(java.lang.Object, java.lang.Object, java.lang.Object, int)'> (0x00000000c3d0cc70) thrown at [./src/hotspot/share/interpreter/linkResolver.cpp, line 773]
Event: 30.300 Thread 0x0000000000451800 Exception <a 'java/lang/NoSuchMethodError'{0x00000000c3d108e0}: 'java.lang.Object java.lang.invoke.DirectMethodHandle$Holder.invokeSpecial(java.lang.Object, java.lang.Object, java.lang.Object, java.lang.Object, int)'> (0x00000000c3d108e0) thrown at [./src/hotspot/share/interpreter/linkResolver.cpp, line 773]
Event: 30.301 Thread 0x0000000000451800 Exception <a 'java/lang/NoSuchMethodError'{0x00000000c3d13bf0}: 'java.lang.Object java.lang.invoke.Invokers$Holder.linkToTargetMethod(java.lang.Object, java.lang.Object, int, java.lang.Object)'> (0x00000000c3d13bf0) thrown at [./src/hotspot/share/interpreter/linkResolver.cpp, line 773]
Event: 37.221 Thread 0x0000000000451800 Exception <a 'java/lang/NoSuchMethodError'{0x00000000c3971d18}: 'java.lang.Object java.lang.invoke.DirectMethodHandle$Holder.invokeSpecial(java.lang.Object, java.lang.Object, java.lang.Object, java.lang.Object, java.lang.Object, java.lang.Object, java.lang.Object, java.lang.Object, java.lang.Object)'> (0x00000000c3971d18) thrown at [./src/hotspot/share/interpreter/linkResolver.cpp, line 773]
Event: 37.222 Thread 0x0000000000451800 Exception <a 'java/lang/NoSuchMethodError'{0x00000000c3975f10}: 'java.lang.Object java.lang.invoke.Invokers$Holder.linkToTargetMethod(java.lang.Object, java.lang.Object, java.lang.Object, java.lang.Object, java.lang.Object, java.lang.Object, java.lang.Object, java.lang.Object)'> (0x00000000c3975f10) thrown at [./src/hotspot/share/interpreter/linkResolver.cpp, line 773]
Event: 37.976 Thread 0x0000000000451800 Exception <a 'java/lang/NoSuchMethodError'{0x00000000c3e8cec0}: 'int java.lang.invoke.DirectMethodHandle$Holder.invokeInterface(java.lang.Object, java.lang.Object)'> (0x00000000c3e8cec0) thrown at [./src/hotspot/share/interpreter/linkResolver.cpp, line 773]
Event: 38.447 Thread 0x0000000000451800 Exception <a 'java/lang/NoSuchMethodError'{0x00000000c3b7a848}: 'java.lang.Object java.lang.invoke.DirectMethodHandle$Holder.invokeStaticInit(java.lang.Object, java.lang.Object, java.lang.Object)'> (0x00000000c3b7a848) thrown at [./src/hotspot/share/interpreter/linkResolver.cpp, line 773]
Event: 38.458 Thread 0x0000000000451800 Exception <a 'java/lang/NoSuchMethodError'{0x00000000c3b95660}: 'java.lang.Object java.lang.invoke.DirectMethodHandle$Holder.invokeStatic(java.lang.Object, int, java.lang.Object, java.lang.Object)'> (0x00000000c3b95660) thrown at [./src/hotspot/share/interpreter/linkResolver.cpp, line 773]
Event: 42.214 Thread 0x0000000000451800 Exception <a 'java/lang/NoSuchMethodError'{0x00000000c5b855e0}: 'java.lang.Object java.lang.invoke.Invokers$Holder.linkToTargetMethod(java.lang.Object, java.lang.Object, java.lang.Object, int, int, java.lang.Object)'> (0x00000000c5b855e0) thrown at [./src/hotspot/share/interpreter/linkResolver.cpp, line 773]
Event: 42.255 Thread 0x0000000000451800 Exception <a 'java/lang/NoSuchMethodError'{0x00000000c5bcfbb8}: 'java.lang.Object java.lang.invoke.Invokers$Holder.linkToTargetMethod(java.lang.Object, java.lang.Object, java.lang.Object, java.lang.Object, java.lang.Object, java.lang.Object)'> (0x00000000c5bcfbb8) thrown at [./src/hotspot/share/interpreter/linkResolver.cpp, line 773]
Event: 42.807 Thread 0x0000000000451800 Implicit null exception at 0x000000000dddaa3c to 0x000000000dddab18

Events (20 events):
Event: 43.001 loading class org/jetbrains/kotlin/contracts/model/visitors/InfoCollector
Event: 43.001 loading class org/jetbrains/kotlin/contracts/model/visitors/InfoCollector done
Event: 43.003 loading class org/jetbrains/kotlin/contracts/model/MutableContextInfo
Event: 43.003 loading class org/jetbrains/kotlin/contracts/model/MutableContextInfo done
Event: 43.004 loading class org/jetbrains/kotlin/contracts/model/MutableContextInfo$Companion
Event: 43.004 loading class org/jetbrains/kotlin/contracts/model/MutableContextInfo$Companion done
Event: 43.005 loading class org/jetbrains/kotlin/contracts/ContextInfoToDataFlowInfoKt
Event: 43.005 loading class org/jetbrains/kotlin/contracts/ContextInfoToDataFlowInfoKt done
Event: 43.006 loading class org/jetbrains/kotlin/resolve/calls/results/OverloadResolutionResultsUtil
Event: 43.006 loading class org/jetbrains/kotlin/resolve/calls/results/OverloadResolutionResultsUtil done
Event: 43.007 loading class org/jetbrains/kotlin/resolve/calls/tower/KotlinToResolvedCallTransformerKt$hasInferredReturnType$1
Event: 43.007 loading class org/jetbrains/kotlin/resolve/calls/tower/KotlinToResolvedCallTransformerKt$hasInferredReturnType$1 done
Event: 43.008 loading class org/jetbrains/kotlin/resolve/CompileTimeConstantUtils
Event: 43.008 loading class org/jetbrains/kotlin/resolve/CompileTimeConstantUtils done
Event: 43.011 loading class org/jetbrains/kotlin/resolve/calls/smartcasts/IdentifierInfo$Qualified
Event: 43.011 loading class org/jetbrains/kotlin/resolve/calls/smartcasts/IdentifierInfo$Qualified done
Event: 43.012 loading class org/jetbrains/kotlin/resolve/jvm/RuntimeAssertionsKt
Event: 43.012 loading class org/jetbrains/kotlin/resolve/jvm/RuntimeAssertionsKt done
Event: 43.013 loading class org/jetbrains/kotlin/resolve/jvm/JvmBindingContextSlices
Event: 43.013 loading class org/jetbrains/kotlin/resolve/jvm/JvmBindingContextSlices done


Dynamic libraries:
0x000000013fc00000 - 0x000000013fc0a000 	C:\Program Files\Android\Android Studio\jre\bin\java.exe
0x00000000774b0000 - 0x000000007764f000 	C:\Windows\SYSTEM32\ntdll.dll
0x0000000077290000 - 0x00000000773b0000 	C:\Windows\system32\kernel32.dll
0x000007fefd210000 - 0x000007fefd277000 	C:\Windows\system32\KERNELBASE.dll
0x000007fef48c0000 - 0x000007fef48d9000 	C:\Program Files\Android\Android Studio\jre\bin\jli.dll
0x000007fefb5b0000 - 0x000007fefb7a5000 	C:\Windows\WinSxS\amd64_microsoft.windows.common-controls_6595b64144ccf1df_6.0.7601.24483_none_e372d88f30fbb845\COMCTL32.dll
0x000007feff4a0000 - 0x000007feff53f000 	C:\Windows\system32\msvcrt.dll
0x000007feff550000 - 0x000007feff5b8000 	C:\Windows\system32\GDI32.dll
0x00000000773b0000 - 0x00000000774ab000 	C:\Windows\system32\USER32.dll
0x000007feff540000 - 0x000007feff54e000 	C:\Windows\system32\LPK.dll
0x000007fefd3c0000 - 0x000007fefd48b000 	C:\Windows\system32\USP10.dll
0x000007fefea70000 - 0x000007fefeae1000 	C:\Windows\system32\SHLWAPI.dll
0x000007fef48a0000 - 0x000007fef48b7000 	C:\Program Files\Android\Android Studio\jre\bin\VCRUNTIME140.dll
0x000007fef74d0000 - 0x000007fef74d4000 	C:\Windows\system32\api-ms-win-crt-runtime-l1-1-0.dll
0x000007fef73c0000 - 0x000007fef74b4000 	C:\Windows\system32\ucrtbase.DLL
0x000007fef73b0000 - 0x000007fef73b3000 	C:\Windows\system32\api-ms-win-core-timezone-l1-1-0.dll
0x000007fef73a0000 - 0x000007fef73a3000 	C:\Windows\system32\api-ms-win-core-file-l2-1-0.dll
0x000007fef7390000 - 0x000007fef7393000 	C:\Windows\system32\api-ms-win-core-localization-l1-2-0.dll
0x000007fef86c0000 - 0x000007fef86c3000 	C:\Windows\system32\api-ms-win-core-synch-l1-2-0.dll
0x000007fef7380000 - 0x000007fef7383000 	C:\Windows\system32\api-ms-win-core-processthreads-l1-1-1.dll
0x000007fef7370000 - 0x000007fef7373000 	C:\Windows\system32\api-ms-win-core-file-l1-2-0.dll
0x000007fef7350000 - 0x000007fef7354000 	C:\Windows\system32\api-ms-win-crt-string-l1-1-0.dll
0x000007fef7360000 - 0x000007fef7363000 	C:\Windows\system32\api-ms-win-crt-heap-l1-1-0.dll
0x000007fef7340000 - 0x000007fef7344000 	C:\Windows\system32\api-ms-win-crt-stdio-l1-1-0.dll
0x000007fef7330000 - 0x000007fef7334000 	C:\Windows\system32\api-ms-win-crt-convert-l1-1-0.dll
0x000007fef7250000 - 0x000007fef7253000 	C:\Windows\system32\api-ms-win-crt-environment-l1-1-0.dll
0x000007fef7270000 - 0x000007fef7273000 	C:\Windows\system32\api-ms-win-crt-filesystem-l1-1-0.dll
0x000007fef7240000 - 0x000007fef7245000 	C:\Windows\system32\api-ms-win-crt-math-l1-1-0.dll
0x000007fef7280000 - 0x000007fef7283000 	C:\Windows\system32\api-ms-win-crt-locale-l1-1-0.dll
0x000007fefd570000 - 0x000007fefd59e000 	C:\Windows\system32\IMM32.DLL
0x000007feff390000 - 0x000007feff49b000 	C:\Windows\system32\MSCTF.dll
0x000007fef4460000 - 0x000007fef44fd000 	C:\Program Files\Android\Android Studio\jre\bin\msvcp140.dll
0x000007fef5740000 - 0x000007fef5745000 	C:\Windows\system32\api-ms-win-crt-multibyte-l1-1-0.dll
0x000007fef7260000 - 0x000007fef7263000 	C:\Windows\system32\api-ms-win-crt-time-l1-1-0.dll
0x000007fef7230000 - 0x000007fef7233000 	C:\Windows\system32\api-ms-win-crt-utility-l1-1-0.dll
0x000007feef560000 - 0x000007fef001c000 	C:\Program Files\Android\Android Studio\jre\bin\server\jvm.dll
0x000007fefd490000 - 0x000007fefd56b000 	C:\Windows\system32\ADVAPI32.dll
0x000007fefef70000 - 0x000007fefef8f000 	C:\Windows\SYSTEM32\sechost.dll
0x000007feff260000 - 0x000007feff38a000 	C:\Windows\system32\RPCRT4.dll
0x000007feef550000 - 0x000007feef559000 	C:\Windows\system32\WSOCK32.dll
0x000007fefeaf0000 - 0x000007fefeb3d000 	C:\Windows\system32\WS2_32.dll
0x000007fefea60000 - 0x000007fefea68000 	C:\Windows\system32\NSI.dll
0x000007fef9660000 - 0x000007fef969b000 	C:\Windows\system32\WINMM.dll
0x000007fefc030000 - 0x000007fefc03c000 	C:\Windows\system32\VERSION.dll
0x0000000077650000 - 0x0000000077657000 	C:\Windows\system32\PSAPI.DLL
0x000007feef530000 - 0x000007feef541000 	C:\Program Files\Android\Android Studio\jre\bin\verify.dll
0x000007fef7100000 - 0x000007fef7225000 	C:\Windows\system32\DBGHELP.DLL
0x000007feef500000 - 0x000007feef529000 	C:\Program Files\Android\Android Studio\jre\bin\java.dll
0x000007feef4f0000 - 0x000007feef4fb000 	C:\Program Files\Android\Android Studio\jre\bin\jimage.dll
0x000007feef4d0000 - 0x000007feef4e8000 	C:\Program Files\Android\Android Studio\jre\bin\zip.dll
0x000007fefd820000 - 0x000007fefe5ab000 	C:\Windows\system32\SHELL32.dll
0x000007fefd5a0000 - 0x000007fefd7a0000 	C:\Windows\system32\ole32.dll
0x000007fefd010000 - 0x000007fefd01f000 	C:\Windows\system32\profapi.dll
0x000007feef4b0000 - 0x000007feef4ca000 	C:\Program Files\Android\Android Studio\jre\bin\net.dll
0x000007fef9080000 - 0x000007fef90f1000 	C:\Windows\system32\WINHTTP.dll
0x000007fef8ae0000 - 0x000007fef8b45000 	C:\Windows\system32\webio.dll
0x000007fefc740000 - 0x000007fefc795000 	C:\Windows\system32\mswsock.dll
0x000007fefc730000 - 0x000007fefc737000 	C:\Windows\System32\wship6.dll
0x000007feef490000 - 0x000007feef4a4000 	C:\Program Files\Android\Android Studio\jre\bin\nio.dll

dbghelp: loaded successfully - version: 4.0.5 - missing functions: none
symbol engine: initialized successfully - sym options: 0x614 - pdb path: .;C:\Program Files\Android\Android Studio\jre\bin;C:\Windows\SYSTEM32;C:\Windows\WinSxS\amd64_microsoft.windows.common-controls_6595b64144ccf1df_6.0.7601.24483_none_e372d88f30fbb845;C:\Program Files\Android\Android Studio\jre\bin\server

VM Arguments:
java_command: org.jetbrains.kotlin.cli.jvm.K2JVMCompiler @E:\PROJECT_JAVA\AS_FX\PizzaDelivery\app\build\20220501_7019662784175187312.compiler.options
java_class_path (initial): C:\Users\User\.gradle\caches\modules-2\files-2.1\org.jetbrains.kotlin\kotlin-compiler-embeddable\1.5.10\9c35134a025cab7a1e6eee0d87d241c2f30c1218\kotlin-compiler-embeddable-1.5.10.jar;C:\Users\User\.gradle\caches\modules-2\files-2.1\org.jetbrains.kotlin\kotlin-reflect\1.5.10\d6c70f3c0df2457ea0095c61c1fc1188017dc3bc\kotlin-reflect-1.5.10.jar;C:\Users\User\.gradle\caches\modules-2\files-2.1\org.jetbrains.kotlin\kotlin-stdlib\1.5.10\da6a904b132f0402fa4d79169a3c1770598d4702\kotlin-stdlib-1.5.10.jar;C:\Users\User\.gradle\caches\modules-2\files-2.1\org.jetbrains.kotlin\kotlin-script-runtime\1.5.10\69bad0ece91b0797055aeadbd44dc742c458398b\kotlin-script-runtime-1.5.10.jar;C:\Users\User\.gradle\caches\modules-2\files-2.1\org.jetbrains.kotlin\kotlin-daemon-embeddable\1.5.10\d06ad33b62b041dae0609f830c3b48135d53b8bc\kotlin-daemon-embeddable-1.5.10.jar;C:\Users\User\.gradle\caches\modules-2\files-2.1\org.jetbrains.intellij.deps\trove4j\1.0.20181211\216c2e14b070f334479d800987affe4054cd563f\trove4j-1.0.20181211.jar;C:\Users\User\.gradle\caches\modules-2\files-2.1\org.jetbrains\annotations\13.0\919f0dfe192fb4e063e7dacadee7f8bb9a2672a9\annotations-13.0.jar;C:\Users\User\.gradle\caches\modules-2\files-2.1\org.jetbrains.kotlin\kotlin-stdlib-common\1.5.10\6b84d926e28493be69daf673e40076f89492ef7\kotlin-stdlib-common-1.5.10.jar
Launcher Type: SUN_STANDARD

[Global flags]
     intx CICompilerCount                          = 2                                         {product} {ergonomic}
     uint ConcGCThreads                            = 1                                         {product} {ergonomic}
     uint G1ConcRefinementThreads                  = 2                                         {product} {ergonomic}
   size_t G1HeapRegionSize                         = 1048576                                   {product} {ergonomic}
    uintx GCDrainStackTargetSize                   = 64                                        {product} {ergonomic}
   size_t InitialHeapSize                          = 67108864                                  {product} {ergonomic}
   size_t MarkStackSize                            = 4194304                                   {product} {ergonomic}
   size_t MaxHeapSize                              = 1073741824                                {product} {ergonomic}
   size_t MaxNewSize                               = 643825664                                 {product} {ergonomic}
   size_t MinHeapDeltaBytes                        = 1048576                                   {product} {ergonomic}
    uintx NonNMethodCodeHeapSize                   = 5825164                                {pd product} {ergonomic}
    uintx NonProfiledCodeHeapSize                  = 122916538                              {pd product} {ergonomic}
    uintx ProfiledCodeHeapSize                     = 122916538                              {pd product} {ergonomic}
    uintx ReservedCodeCacheSize                    = 251658240                              {pd product} {ergonomic}
     bool SegmentedCodeCache                       = true                                      {product} {ergonomic}
     bool UseCompressedClassPointers               = true                                 {lp64_product} {ergonomic}
     bool UseCompressedOops                        = true                                 {lp64_product} {ergonomic}
     bool UseG1GC                                  = true                                      {product} {ergonomic}
     bool UseLargePagesIndividualAllocation        = false                                  {pd product} {ergonomic}

Logging:
Log output configuration:
 #0: stdout all=warning uptime,level,tags
 #1: stderr all=off uptime,level,tags

Environment Variables:
PATH=C:\Program Files (x86)\Common Files\Oracle\Java\javapath;C:\Program Files\Java\jdk1.8.0_281\bin;C:\Program Files\Git\cmd;C:\Program Files\JetBrains\IntelliJ IDEA Community Edition 2021.2.3\bin;;C:\Program Files\JetBrains\IntelliJ IDEA 2019.3.5\bin;
USERNAME=User
OS=Windows_NT
PROCESSOR_IDENTIFIER=AMD64 Family 15 Model 75 Stepping 2, AuthenticAMD



---------------  S Y S T E M  ---------------

OS: Windows 7 , 64 bit Build 7601 (6.1.7601.24596)
OS uptime: 0 days 2:27 hours

CPU:total 2 (initial active 2) (2 cores per cpu, 1 threads per core) family 15 model 75 stepping 2, cmov, cx8, fxsr, mmx, sse, sse2, sse3, mmxext, 3dnowpref, tsc

Memory: 4k page, system-wide physical 4095M (218M free)
TotalPageFile size 11093M (AvailPageFile size 5M)
current process WorkingSet (physical memory assigned to process): 232M, peak: 232M
current process commit charge ("private bytes"): 269M, peak: 271M

vm_info: OpenJDK 64-Bit Server VM (11.0.8+10-b944.6842174) for windows-amd64 JRE (11.0.8+10-b944.6842174), built on Sep 19 2020 01:11:42 by "builder" with MS VC++ 14.0 (VS2015)

END.
