#
# There is insufficient memory for the Java Runtime Environment to continue.
# Native memory allocation (malloc) failed to allocate 1048576 bytes for AllocateHeap
# Possible reasons:
#   The system is out of physical RAM or swap space
#   The process is running with CompressedOops enabled, and the Java Heap may be blocking the growth of the native heap
# Possible solutions:
#   Reduce memory load on the system
#   Increase physical memory or swap space
#   Check if swap backing store is full
#   Decrease Java heap size (-Xmx/-Xms)
#   Decrease number of Java threads
#   Decrease Java thread stack sizes (-Xss)
#   Set larger code cache with -XX:ReservedCodeCacheSize=
#   JVM is running with Unscaled Compressed Oops mode in which the Java heap is
#     placed in the first 4GB address space. The Java Heap base address is the
#     maximum limit for the native heap growth. Please use -XX:HeapBaseMinAddress
#     to set the Java Heap base and to place the Java Heap above 4GB virtual address.
# This output file may be truncated or incomplete.
#
#  Out of Memory Error (./src/hotspot/share/memory/allocation.cpp:46), pid=5464, tid=1732
#
# JRE version: OpenJDK Runtime Environment (11.0.8+10) (build 11.0.8+10-b944.6842174)
# Java VM: OpenJDK 64-Bit Server VM (11.0.8+10-b944.6842174, mixed mode, tiered, compressed oops, g1 gc, windows-amd64)
# No core dump will be written. Minidumps are not enabled by default on client versions of Windows
#

---------------  S U M M A R Y ------------

Command Line: org.jetbrains.kotlin.cli.jvm.K2JVMCompiler @E:\PROJECT_JAVA\AS_FX\PizzaDelivery\app\build\20220501_15089451626856690765.compiler.options

Host: AMD Athlon(tm) 64 X2 Dual Core Processor 4200+, 2 cores, 3G,  Windows 7 , 64 bit Build 7601 (6.1.7601.24596)
Time: Sun May  1 11:33:00 2022 RTZ 1 (ceia) elapsed time: 71 seconds (0d 0h 1m 11s)

---------------  T H R E A D  ---------------

Current thread (0x000000005ad97000):  VMThread "VM Thread" [stack: 0x000000005b030000,0x000000005b130000] [id=1732]

Stack: [0x000000005b030000,0x000000005b130000]
[error occurred during error reporting (printing stack bounds), id 0xc0000005, EXCEPTION_ACCESS_VIOLATION (0xc0000005) at pc=0x0000000006140dbd]

Native frames: (J=compiled Java code, j=interpreted, Vv=VM code, C=native code)
V  [jvm.dll+0x5de50a]
V  [jvm.dll+0x7122f5]
V  [jvm.dll+0x71384d]
V  [jvm.dll+0x713e65]
V  [jvm.dll+0x713e1b]
V  [jvm.dll+0x5dd958]
V  [jvm.dll+0x5de0f8]
C  [ntdll.dll+0x6b3cd]
C  [ntdll.dll+0x3f71a]
C  [ntdll.dll+0x6aa6e]
C  0x0000000006140dbd

VM_Operation (0x000000000238c4a0): CollectForMetadataAllocation, mode: safepoint, requested by thread 0x0000000000381800


---------------  P R O C E S S  ---------------

Threads class SMR info:
_java_thread_list=0x000000005ba150f0, length=10, elements={
0x0000000000381800, 0x000000005ad99000, 0x000000005ada2800, 0x000000005adae800,
0x000000005adb3800, 0x000000005adb5000, 0x000000005adb9800, 0x000000005adcc000,
0x000000005ba16000, 0x000000005ba20800
}

Java Threads: ( => current thread )
  0x0000000000381800 JavaThread "main" [_thread_blocked, id=1012, stack(0x0000000002290000,0x0000000002390000)]
  0x000000005ad99000 JavaThread "Reference Handler" daemon [_thread_blocked, id=7120, stack(0x000000005af30000,0x000000005b030000)]
  0x000000005ada2800 JavaThread "Finalizer" daemon [_thread_blocked, id=6208, stack(0x000000005b290000,0x000000005b390000)]
  0x000000005adae800 JavaThread "Signal Dispatcher" daemon [_thread_blocked, id=4448, stack(0x000000005b430000,0x000000005b530000)]
  0x000000005adb3800 JavaThread "Attach Listener" daemon [_thread_blocked, id=6724, stack(0x000000005b690000,0x000000005b790000)]
  0x000000005adb5000 JavaThread "C2 CompilerThread0" daemon [_thread_blocked, id=5400, stack(0x000000005b8a0000,0x000000005b9a0000)]
  0x000000005adb9800 JavaThread "C1 CompilerThread0" daemon [_thread_blocked, id=4272, stack(0x000000005b570000,0x000000005b670000)]
  0x000000005adcc000 JavaThread "Sweeper thread" daemon [_thread_blocked, id=4780, stack(0x000000005b150000,0x000000005b250000)]
  0x000000005ba16000 JavaThread "Service Thread" daemon [_thread_blocked, id=7064, stack(0x000000005bdb0000,0x000000005beb0000)]
  0x000000005ba20800 JavaThread "Common-Cleaner" daemon [_thread_blocked, id=1984, stack(0x000000005c110000,0x000000005c210000)]

Other Threads:
=>0x000000005ad97000 VMThread "VM Thread" [stack: 0x000000005b030000,0x000000005b130000] [id=1732]
  0x000000005ba1b000 WatcherThread [stack: 0x000000005bf50000,0x000000005c050000] [id=6244]
  0x000000000039a800 GCTaskThread "GC Thread#0" [stack: 0x0000000015410000,0x0000000015510000] [id=5680]
  0x000000005bbb7000 GCTaskThread "GC Thread#1" [stack: 0x000000005c510000,0x000000005c610000] [id=1156]
  0x00000000003b5000 ConcurrentGCThread "G1 Main Marker" [stack: 0x0000000017d50000,0x0000000017e50000] [id=5388]
  0x00000000003b6800 ConcurrentGCThread "G1 Conc#0" [stack: 0x0000000017eb0000,0x0000000017fb0000] [id=6372]
  0x0000000000409000 ConcurrentGCThread "G1 Refine#0" [stack: 0x000000001a270000,0x000000001a370000] [id=3152]
  0x000000000040a000 ConcurrentGCThread "G1 Young RemSet Sampling" [stack: 0x000000001a3d0000,0x000000001a4d0000] [id=2832]

Threads with active compile tasks:

VM state:at safepoint (normal execution)

VM Mutex/Monitor currently owned by a thread:  ([mutex/lock_event])
[0x000000000037e760] Threads_lock - owner thread: 0x000000005ad97000
[0x000000000037ef40] Heap_lock - owner thread: 0x0000000000381800

Heap address: 0x00000000c0000000, size: 1024 MB, Compressed Oops mode: 32-bit
Narrow klass base: 0x0000000000000000, Narrow klass shift: 0
Compressed class space size: 1073741824 Address: 0x000000001a4d0000

Heap:
 garbage-first heap   total 102400K, used 65543K [0x00000000c0000000, 0x0000000100000000)
  region size 1024K, 2 young (2048K), 2 survivors (2048K)
 Metaspace       used 64978K, capacity 65692K, committed 65792K, reserved 1116160K
  class space    used 7046K, capacity 7341K, committed 7424K, reserved 1048576K
Heap Regions: E=young(eden), S=young(survivor), O=old, HS=humongous(starts), HC=humongous(continues), CS=collection set, F=free, A=archive, TAMS=top-at-mark-start (previous, next)
|   0|0x00000000c0000000, 0x00000000c0100000, 0x00000000c0100000|100%|HS|  |TAMS 0x00000000c0100000, 0x00000000c0100000| Complete 
|   1|0x00000000c0100000, 0x00000000c0200000, 0x00000000c0200000|100%|HC|  |TAMS 0x00000000c0200000, 0x00000000c0200000| Complete 
|   2|0x00000000c0200000, 0x00000000c0300000, 0x00000000c0300000|100%|HC|  |TAMS 0x00000000c0300000, 0x00000000c0300000| Complete 
|   3|0x00000000c0300000, 0x00000000c0400000, 0x00000000c0400000|100%| O|  |TAMS 0x00000000c0400000, 0x00000000c0400000| Untracked 
|   4|0x00000000c0400000, 0x00000000c0500000, 0x00000000c0500000|100%| O|  |TAMS 0x00000000c0500000, 0x00000000c0500000| Untracked 
|   5|0x00000000c0500000, 0x00000000c0600000, 0x00000000c0600000|100%| O|  |TAMS 0x00000000c0600000, 0x00000000c0600000| Untracked 
|   6|0x00000000c0600000, 0x00000000c0700000, 0x00000000c0700000|100%| O|  |TAMS 0x00000000c0700000, 0x00000000c0700000| Untracked 
|   7|0x00000000c0700000, 0x00000000c0800000, 0x00000000c0800000|100%| O|  |TAMS 0x00000000c0800000, 0x00000000c0800000| Untracked 
|   8|0x00000000c0800000, 0x00000000c0900000, 0x00000000c0900000|100%| O|  |TAMS 0x00000000c0900000, 0x00000000c0900000| Untracked 
|   9|0x00000000c0900000, 0x00000000c0a00000, 0x00000000c0a00000|100%|HS|  |TAMS 0x00000000c0a00000, 0x00000000c0a00000| Complete 
|  10|0x00000000c0a00000, 0x00000000c0b00000, 0x00000000c0b00000|100%|HC|  |TAMS 0x00000000c0b00000, 0x00000000c0b00000| Complete 
|  11|0x00000000c0b00000, 0x00000000c0c00000, 0x00000000c0c00000|100%|HC|  |TAMS 0x00000000c0c00000, 0x00000000c0c00000| Complete 
|  12|0x00000000c0c00000, 0x00000000c0d00000, 0x00000000c0d00000|100%|HS|  |TAMS 0x00000000c0d00000, 0x00000000c0d00000| Complete 
|  13|0x00000000c0d00000, 0x00000000c0e00000, 0x00000000c0e00000|100%|HC|  |TAMS 0x00000000c0e00000, 0x00000000c0e00000| Complete 
|  14|0x00000000c0e00000, 0x00000000c0f00000, 0x00000000c0f00000|100%|HC|  |TAMS 0x00000000c0f00000, 0x00000000c0f00000| Complete 
|  15|0x00000000c0f00000, 0x00000000c1000000, 0x00000000c1000000|100%| O|  |TAMS 0x00000000c1000000, 0x00000000c1000000| Untracked 
|  16|0x00000000c1000000, 0x00000000c1100000, 0x00000000c1100000|100%| O|  |TAMS 0x00000000c1100000, 0x00000000c1100000| Untracked 
|  17|0x00000000c1100000, 0x00000000c1200000, 0x00000000c1200000|100%| O|  |TAMS 0x00000000c1200000, 0x00000000c1200000| Untracked 
|  18|0x00000000c1200000, 0x00000000c1300000, 0x00000000c1300000|100%| O|  |TAMS 0x00000000c1300000, 0x00000000c1300000| Untracked 
|  19|0x00000000c1300000, 0x00000000c1400000, 0x00000000c1400000|100%| O|  |TAMS 0x00000000c1400000, 0x00000000c1400000| Untracked 
|  20|0x00000000c1400000, 0x00000000c1500000, 0x00000000c1500000|100%| O|  |TAMS 0x00000000c1500000, 0x00000000c1500000| Untracked 
|  21|0x00000000c1500000, 0x00000000c1600000, 0x00000000c1600000|100%| O|  |TAMS 0x00000000c1600000, 0x00000000c1600000| Untracked 
|  22|0x00000000c1600000, 0x00000000c1700000, 0x00000000c1700000|100%| O|  |TAMS 0x00000000c1700000, 0x00000000c1700000| Untracked 
|  23|0x00000000c1700000, 0x00000000c1800000, 0x00000000c1800000|100%| O|  |TAMS 0x00000000c1800000, 0x00000000c1800000| Untracked 
|  24|0x00000000c1800000, 0x00000000c1900000, 0x00000000c1900000|100%| O|  |TAMS 0x00000000c1900000, 0x00000000c1900000| Untracked 
|  25|0x00000000c1900000, 0x00000000c1a00000, 0x00000000c1a00000|100%| O|  |TAMS 0x00000000c1a00000, 0x00000000c1a00000| Untracked 
|  26|0x00000000c1a00000, 0x00000000c1b00000, 0x00000000c1b00000|100%| O|  |TAMS 0x00000000c1b00000, 0x00000000c1b00000| Untracked 
|  27|0x00000000c1b00000, 0x00000000c1c00000, 0x00000000c1c00000|100%|HS|  |TAMS 0x00000000c1c00000, 0x00000000c1c00000| Complete 
|  28|0x00000000c1c00000, 0x00000000c1d00000, 0x00000000c1d00000|100%|HC|  |TAMS 0x00000000c1d00000, 0x00000000c1d00000| Complete 
|  29|0x00000000c1d00000, 0x00000000c1e00000, 0x00000000c1e00000|100%| O|  |TAMS 0x00000000c1e00000, 0x00000000c1e00000| Untracked 
|  30|0x00000000c1e00000, 0x00000000c1f00000, 0x00000000c1f00000|100%| O|  |TAMS 0x00000000c1f00000, 0x00000000c1f00000| Untracked 
|  31|0x00000000c1f00000, 0x00000000c2000000, 0x00000000c2000000|100%| O|  |TAMS 0x00000000c2000000, 0x00000000c2000000| Untracked 
|  32|0x00000000c2000000, 0x00000000c2100000, 0x00000000c2100000|100%| O|  |TAMS 0x00000000c2100000, 0x00000000c2100000| Untracked 
|  33|0x00000000c2100000, 0x00000000c2200000, 0x00000000c2200000|100%| O|  |TAMS 0x00000000c2200000, 0x00000000c2200000| Untracked 
|  34|0x00000000c2200000, 0x00000000c2300000, 0x00000000c2300000|100%| O|  |TAMS 0x00000000c2300000, 0x00000000c2300000| Untracked 
|  35|0x00000000c2300000, 0x00000000c2400000, 0x00000000c2400000|100%| O|  |TAMS 0x00000000c2400000, 0x00000000c2400000| Untracked 
|  36|0x00000000c2400000, 0x00000000c2500000, 0x00000000c2500000|100%| O|  |TAMS 0x00000000c2500000, 0x00000000c2500000| Untracked 
|  37|0x00000000c2500000, 0x00000000c2600000, 0x00000000c2600000|100%| O|  |TAMS 0x00000000c2600000, 0x00000000c2600000| Untracked 
|  38|0x00000000c2600000, 0x00000000c2700000, 0x00000000c2700000|100%| O|  |TAMS 0x00000000c2700000, 0x00000000c2700000| Untracked 
|  39|0x00000000c2700000, 0x00000000c2800000, 0x00000000c2800000|100%| O|  |TAMS 0x00000000c2800000, 0x00000000c2800000| Untracked 
|  40|0x00000000c2800000, 0x00000000c2900000, 0x00000000c2900000|100%| O|  |TAMS 0x00000000c2900000, 0x00000000c2900000| Untracked 
|  41|0x00000000c2900000, 0x00000000c2a00000, 0x00000000c2a00000|100%| O|  |TAMS 0x00000000c2a00000, 0x00000000c2a00000| Untracked 
|  42|0x00000000c2a00000, 0x00000000c2b00000, 0x00000000c2b00000|100%| O|  |TAMS 0x00000000c2b00000, 0x00000000c2b00000| Untracked 
|  43|0x00000000c2b00000, 0x00000000c2c00000, 0x00000000c2c00000|100%| O|  |TAMS 0x00000000c2c00000, 0x00000000c2c00000| Untracked 
|  44|0x00000000c2c00000, 0x00000000c2d00000, 0x00000000c2d00000|100%| O|  |TAMS 0x00000000c2d00000, 0x00000000c2d00000| Untracked 
|  45|0x00000000c2d00000, 0x00000000c2e00000, 0x00000000c2e00000|100%| O|  |TAMS 0x00000000c2e00000, 0x00000000c2e00000| Untracked 
|  46|0x00000000c2e00000, 0x00000000c2f00000, 0x00000000c2f00000|100%| O|  |TAMS 0x00000000c2f00000, 0x00000000c2f00000| Untracked 
|  47|0x00000000c2f00000, 0x00000000c3000000, 0x00000000c3000000|100%| O|  |TAMS 0x00000000c3000000, 0x00000000c3000000| Untracked 
|  48|0x00000000c3000000, 0x00000000c3100000, 0x00000000c3100000|100%| O|  |TAMS 0x00000000c3100000, 0x00000000c3100000| Untracked 
|  49|0x00000000c3100000, 0x00000000c3200000, 0x00000000c3200000|100%| O|  |TAMS 0x00000000c3200000, 0x00000000c3200000| Untracked 
|  50|0x00000000c3200000, 0x00000000c3300000, 0x00000000c3300000|100%| O|  |TAMS 0x00000000c3300000, 0x00000000c3300000| Untracked 
|  51|0x00000000c3300000, 0x00000000c3400000, 0x00000000c3400000|100%| O|  |TAMS 0x00000000c3400000, 0x00000000c3400000| Untracked 
|  52|0x00000000c3400000, 0x00000000c3500000, 0x00000000c3500000|100%| O|  |TAMS 0x00000000c3500000, 0x00000000c3500000| Untracked 
|  53|0x00000000c3500000, 0x00000000c3600000, 0x00000000c3600000|100%| O|  |TAMS 0x00000000c3600000, 0x00000000c3600000| Untracked 
|  54|0x00000000c3600000, 0x00000000c3700000, 0x00000000c3700000|100%| O|  |TAMS 0x00000000c3700000, 0x00000000c3700000| Untracked 
|  55|0x00000000c3700000, 0x00000000c3800000, 0x00000000c3800000|100%| O|  |TAMS 0x00000000c3800000, 0x00000000c3800000| Untracked 
|  56|0x00000000c3800000, 0x00000000c3900000, 0x00000000c3900000|100%| O|  |TAMS 0x00000000c3900000, 0x00000000c3900000| Untracked 
|  57|0x00000000c3900000, 0x00000000c3a00000, 0x00000000c3a00000|100%| O|  |TAMS 0x00000000c3a00000, 0x00000000c3a00000| Untracked 
|  58|0x00000000c3a00000, 0x00000000c3b00000, 0x00000000c3b00000|100%| O|  |TAMS 0x00000000c3b00000, 0x00000000c3b00000| Untracked 
|  59|0x00000000c3b00000, 0x00000000c3c00000, 0x00000000c3c00000|100%| O|  |TAMS 0x00000000c3c00000, 0x00000000c3c00000| Untracked 
|  60|0x00000000c3c00000, 0x00000000c3d00000, 0x00000000c3d00000|100%| O|  |TAMS 0x00000000c3d00000, 0x00000000c3d00000| Untracked 
|  61|0x00000000c3d00000, 0x00000000c3e00000, 0x00000000c3e00000|100%| O|  |TAMS 0x00000000c3d46400, 0x00000000c3e00000| Untracked 
|  62|0x00000000c3e00000, 0x00000000c3e95e00, 0x00000000c3f00000| 58%| O|  |TAMS 0x00000000c3e00000, 0x00000000c3e95e00| Untracked 
|  63|0x00000000c3f00000, 0x00000000c3f00000, 0x00000000c4000000|  0%| F|  |TAMS 0x00000000c3f00000, 0x00000000c3f00000| Untracked 
|  64|0x00000000c4000000, 0x00000000c4000000, 0x00000000c4100000|  0%| F|  |TAMS 0x00000000c4000000, 0x00000000c4000000| Untracked 
|  65|0x00000000c4100000, 0x00000000c4100000, 0x00000000c4200000|  0%| F|  |TAMS 0x00000000c4100000, 0x00000000c4100000| Untracked 
|  66|0x00000000c4200000, 0x00000000c4200000, 0x00000000c4300000|  0%| F|  |TAMS 0x00000000c4200000, 0x00000000c4200000| Untracked 
|  67|0x00000000c4300000, 0x00000000c4300000, 0x00000000c4400000|  0%| F|  |TAMS 0x00000000c4300000, 0x00000000c4300000| Untracked 
|  68|0x00000000c4400000, 0x00000000c4400000, 0x00000000c4500000|  0%| F|  |TAMS 0x00000000c4400000, 0x00000000c4400000| Untracked 
|  69|0x00000000c4500000, 0x00000000c4500000, 0x00000000c4600000|  0%| F|  |TAMS 0x00000000c4500000, 0x00000000c4500000| Untracked 
|  70|0x00000000c4600000, 0x00000000c4600000, 0x00000000c4700000|  0%| F|  |TAMS 0x00000000c4600000, 0x00000000c4600000| Untracked 
|  71|0x00000000c4700000, 0x00000000c4700000, 0x00000000c4800000|  0%| F|  |TAMS 0x00000000c4700000, 0x00000000c4700000| Untracked 
|  72|0x00000000c4800000, 0x00000000c4800000, 0x00000000c4900000|  0%| F|  |TAMS 0x00000000c4800000, 0x00000000c4800000| Untracked 
|  73|0x00000000c4900000, 0x00000000c4900000, 0x00000000c4a00000|  0%| F|  |TAMS 0x00000000c4900000, 0x00000000c4900000| Untracked 
|  74|0x00000000c4a00000, 0x00000000c4a00000, 0x00000000c4b00000|  0%| F|  |TAMS 0x00000000c4a00000, 0x00000000c4a00000| Untracked 
|  75|0x00000000c4b00000, 0x00000000c4b00000, 0x00000000c4c00000|  0%| F|  |TAMS 0x00000000c4b00000, 0x00000000c4b00000| Untracked 
|  76|0x00000000c4c00000, 0x00000000c4c00000, 0x00000000c4d00000|  0%| F|  |TAMS 0x00000000c4c00000, 0x00000000c4c00000| Untracked 
|  77|0x00000000c4d00000, 0x00000000c4d00000, 0x00000000c4e00000|  0%| F|  |TAMS 0x00000000c4d00000, 0x00000000c4d00000| Untracked 
|  78|0x00000000c4e00000, 0x00000000c4e00000, 0x00000000c4f00000|  0%| F|  |TAMS 0x00000000c4e00000, 0x00000000c4e00000| Untracked 
|  79|0x00000000c4f00000, 0x00000000c4f00000, 0x00000000c5000000|  0%| F|  |TAMS 0x00000000c4f00000, 0x00000000c4f00000| Untracked 
|  80|0x00000000c5000000, 0x00000000c5000000, 0x00000000c5100000|  0%| F|  |TAMS 0x00000000c5000000, 0x00000000c5000000| Untracked 
|  81|0x00000000c5100000, 0x00000000c5100000, 0x00000000c5200000|  0%| F|  |TAMS 0x00000000c5100000, 0x00000000c5100000| Untracked 
|  82|0x00000000c5200000, 0x00000000c5200000, 0x00000000c5300000|  0%| F|  |TAMS 0x00000000c5200000, 0x00000000c5200000| Untracked 
|  83|0x00000000c5300000, 0x00000000c5300000, 0x00000000c5400000|  0%| F|  |TAMS 0x00000000c5300000, 0x00000000c5300000| Untracked 
|  84|0x00000000c5400000, 0x00000000c5400000, 0x00000000c5500000|  0%| F|  |TAMS 0x00000000c5400000, 0x00000000c5400000| Untracked 
|  85|0x00000000c5500000, 0x00000000c5500000, 0x00000000c5600000|  0%| F|  |TAMS 0x00000000c5500000, 0x00000000c5500000| Untracked 
|  86|0x00000000c5600000, 0x00000000c5600000, 0x00000000c5700000|  0%| F|  |TAMS 0x00000000c5600000, 0x00000000c5600000| Untracked 
|  87|0x00000000c5700000, 0x00000000c5700000, 0x00000000c5800000|  0%| F|  |TAMS 0x00000000c5700000, 0x00000000c5700000| Untracked 
|  88|0x00000000c5800000, 0x00000000c5800000, 0x00000000c5900000|  0%| F|  |TAMS 0x00000000c5800000, 0x00000000c5800000| Untracked 
|  89|0x00000000c5900000, 0x00000000c5900000, 0x00000000c5a00000|  0%| F|  |TAMS 0x00000000c5900000, 0x00000000c5900000| Untracked 
|  90|0x00000000c5a00000, 0x00000000c5a00000, 0x00000000c5b00000|  0%| F|  |TAMS 0x00000000c5a00000, 0x00000000c5a00000| Untracked 
|  91|0x00000000c5b00000, 0x00000000c5b00000, 0x00000000c5c00000|  0%| F|  |TAMS 0x00000000c5b00000, 0x00000000c5b00000| Untracked 
|  92|0x00000000c5c00000, 0x00000000c5c00000, 0x00000000c5d00000|  0%| F|  |TAMS 0x00000000c5c00000, 0x00000000c5c00000| Untracked 
|  93|0x00000000c5d00000, 0x00000000c5d00000, 0x00000000c5e00000|  0%| F|  |TAMS 0x00000000c5d00000, 0x00000000c5d00000| Untracked 
|  94|0x00000000c5e00000, 0x00000000c5e00000, 0x00000000c5f00000|  0%| F|  |TAMS 0x00000000c5e00000, 0x00000000c5e00000| Untracked 
|  95|0x00000000c5f00000, 0x00000000c5f00000, 0x00000000c6000000|  0%| F|  |TAMS 0x00000000c5f00000, 0x00000000c5f00000| Untracked 
|  96|0x00000000c6000000, 0x00000000c606c030, 0x00000000c6100000| 42%| S|CS|TAMS 0x00000000c6000000, 0x00000000c6000000| Complete 
|  97|0x00000000c6100000, 0x00000000c6200000, 0x00000000c6200000|100%| S|CS|TAMS 0x00000000c6100000, 0x00000000c6100000| Complete 
|  98|0x00000000c6200000, 0x00000000c6200000, 0x00000000c6300000|  0%| F|  |TAMS 0x00000000c6200000, 0x00000000c6200000| Untracked 
|  99|0x00000000c6300000, 0x00000000c6300000, 0x00000000c6400000|  0%| F|  |TAMS 0x00000000c6300000, 0x00000000c6300000| Untracked 

Card table byte_map: [0x0000000015820000,0x0000000015a20000] _byte_map_base: 0x0000000015220000

Marking Bits (Prev, Next): (CMBitMap*) 0x00000000003b02c0, (CMBitMap*) 0x00000000003b0288
 Prev Bits: [0x0000000016c20000, 0x0000000017c20000)
 Next Bits: [0x0000000015c20000, 0x0000000016c20000)

Polling page: 0x0000000000230000

Metaspace:

Usage:
  Non-class:     56.98 MB capacity,    56.57 MB (>99%) used,   321.69 KB ( <1%) free+waste,    97.00 KB ( <1%) overhead. 
      Class:      7.17 MB capacity,     6.88 MB ( 96%) used,   255.78 KB (  3%) free+waste,    38.63 KB ( <1%) overhead. 
       Both:     64.15 MB capacity,    63.46 MB ( 99%) used,   577.47 KB ( <1%) free+waste,   135.63 KB ( <1%) overhead. 

Virtual space:
  Non-class space:       66.00 MB reserved,      57.00 MB ( 86%) committed 
      Class space:        1.00 GB reserved,       7.25 MB ( <1%) committed 
             Both:        1.06 GB reserved,      64.25 MB (  6%) committed 

Chunk freelists:
   Non-Class:  17.00 KB
       Class:  19.00 KB
        Both:  36.00 KB

MaxMetaspaceSize: 17179869184.00 GB
CompressedClassSpaceSize: 1.00 GB

CodeHeap 'non-profiled nmethods': size=120064Kb used=4374Kb max_used=4374Kb free=115689Kb
 bounds [0x000000000dc00000, 0x000000000e050000, 0x0000000015140000]
CodeHeap 'profiled nmethods': size=120000Kb used=27432Kb max_used=27432Kb free=92567Kb
 bounds [0x00000000066d0000, 0x00000000081a0000, 0x000000000dc00000]
CodeHeap 'non-nmethods': size=5696Kb used=1236Kb max_used=1250Kb free=4459Kb
 bounds [0x0000000006140000, 0x00000000063b0000, 0x00000000066d0000]
 total_blobs=10272 nmethods=9647 adapters=534
 compilation: enabled
              stopped_count=0, restarted_count=0
 full_count=0

Compilation events (20 events):
Event: 71.278 Thread 0x000000005adb9800 nmethod 9701 0x0000000008196010 code [0x00000000081961c0, 0x0000000008196338]
Event: 71.278 Thread 0x000000005adb9800 9702       3       org.jetbrains.kotlin.com.intellij.openapi.util.TextRange::assertProperRange (35 bytes)
Event: 71.279 Thread 0x000000005adb9800 nmethod 9702 0x0000000008196410 code [0x0000000008196600, 0x00000000081968a8]
Event: 71.279 Thread 0x000000005adb5000 nmethod 9703 0x000000000e045110 code [0x000000000e0452a0, 0x000000000e045318]
Event: 71.279 Thread 0x000000005adb9800 9704       3       org.jetbrains.kotlin.resolve.calls.components.ClassicTypeSystemContextForCS::isStarProjection (9 bytes)
Event: 71.280 Thread 0x000000005adb9800 nmethod 9704 0x0000000008196a10 code [0x0000000008196bc0, 0x0000000008196ce8]
Event: 71.282 Thread 0x000000005adb9800 9705       3       org.jetbrains.kotlin.backend.common.serialization.CityHashKt::hashLen16-PWzV0Is (6 bytes)
Event: 71.282 Thread 0x000000005adb9800 nmethod 9705 0x0000000008196d90 code [0x0000000008196f40, 0x0000000008197048]
Event: 71.282 Thread 0x000000005adb9800 9706       3       org.jetbrains.kotlin.backend.common.serialization.CityHashKt::hash128to64-PWzV0Is (140 bytes)
Event: 71.282 Thread 0x000000005adb9800 nmethod 9706 0x0000000008197110 code [0x0000000008197300, 0x0000000008197758]
Event: 71.283 Thread 0x000000005adb9800 9707       3       org.jetbrains.kotlin.ir.util.SymbolTable$ScopedSymbolTable::enterScope (24 bytes)
Event: 71.284 Thread 0x000000005adb9800 nmethod 9707 0x0000000008197990 code [0x0000000008197bc0, 0x0000000008198268]
Event: 71.284 Thread 0x000000005adb9800 9708       3       org.jetbrains.kotlin.ir.util.SymbolTable$ScopedSymbolTable$Scope::<init> (60 bytes)
Event: 71.285 Thread 0x000000005adb9800 nmethod 9708 0x0000000008198510 code [0x0000000008198820, 0x0000000008199838]
Event: 71.285 Thread 0x000000005adb9800 9709       3       org.jetbrains.kotlin.ir.symbols.impl.IrPublicSymbolBase::getDescriptor (24 bytes)
Event: 71.286 Thread 0x000000005adb9800 nmethod 9709 0x0000000008199d90 code [0x0000000008199f60, 0x000000000819a278]
Event: 71.286 Thread 0x000000005adb9800 9710       1       org.jetbrains.kotlin.ir.symbols.impl.IrBindableSymbolBase::getSignature (2 bytes)
Event: 71.286 Thread 0x000000005adb9800 nmethod 9710 0x000000000e045390 code [0x000000000e045540, 0x000000000e0455f8]
Event: 71.286 Thread 0x000000005adb5000 9711       4       org.jetbrains.kotlin.types.model.TypeSystemContext$DefaultImpls::typeConstructor (42 bytes)
Event: 71.288 Thread 0x000000005adb5000 nmethod 9711 0x000000000e045690 code [0x000000000e045840, 0x000000000e045918]

GC Heap History (20 events):
Event: 49.146 GC heap before
{Heap before GC invocations=29 (full 0):
 garbage-first heap   total 78848K, used 59893K [0x00000000c0000000, 0x0000000100000000)
  region size 1024K, 13 young (13312K), 2 survivors (2048K)
 Metaspace       used 52542K, capacity 53167K, committed 53248K, reserved 1095680K
  class space    used 5912K, capacity 6139K, committed 6144K, reserved 1048576K
}
Event: 49.172 GC heap after
{Heap after GC invocations=30 (full 0):
 garbage-first heap   total 78848K, used 50877K [0x00000000c0000000, 0x0000000100000000)
  region size 1024K, 2 young (2048K), 2 survivors (2048K)
 Metaspace       used 52542K, capacity 53167K, committed 53248K, reserved 1095680K
  class space    used 5912K, capacity 6139K, committed 6144K, reserved 1048576K
}
Event: 50.522 GC heap before
{Heap before GC invocations=31 (full 0):
 garbage-first heap   total 78848K, used 62141K [0x00000000c0000000, 0x0000000100000000)
  region size 1024K, 13 young (13312K), 2 survivors (2048K)
 Metaspace       used 52575K, capacity 53231K, committed 53248K, reserved 1095680K
  class space    used 5912K, capacity 6139K, committed 6144K, reserved 1048576K
}
Event: 50.576 GC heap after
{Heap after GC invocations=32 (full 0):
 garbage-first heap   total 78848K, used 52973K [0x00000000c0000000, 0x0000000100000000)
  region size 1024K, 2 young (2048K), 2 survivors (2048K)
 Metaspace       used 52575K, capacity 53231K, committed 53248K, reserved 1095680K
  class space    used 5912K, capacity 6139K, committed 6144K, reserved 1048576K
}
Event: 51.425 GC heap before
{Heap before GC invocations=32 (full 0):
 garbage-first heap   total 78848K, used 53997K [0x00000000c0000000, 0x0000000100000000)
  region size 1024K, 3 young (3072K), 2 survivors (2048K)
 Metaspace       used 52585K, capacity 53231K, committed 53248K, reserved 1095680K
  class space    used 5913K, capacity 6139K, committed 6144K, reserved 1048576K
}
Event: 51.442 GC heap after
{Heap after GC invocations=33 (full 0):
 garbage-first heap   total 102400K, used 52612K [0x00000000c0000000, 0x0000000100000000)
  region size 1024K, 1 young (1024K), 1 survivors (1024K)
 Metaspace       used 52585K, capacity 53231K, committed 53248K, reserved 1095680K
  class space    used 5913K, capacity 6139K, committed 6144K, reserved 1048576K
}
Event: 54.035 GC heap before
{Heap before GC invocations=33 (full 0):
 garbage-first heap   total 102400K, used 70020K [0x00000000c0000000, 0x0000000100000000)
  region size 1024K, 18 young (18432K), 1 survivors (1024K)
 Metaspace       used 53931K, capacity 54545K, committed 54784K, reserved 1097728K
  class space    used 6093K, capacity 6320K, committed 6400K, reserved 1048576K
}
Event: 54.050 GC heap after
{Heap after GC invocations=34 (full 0):
 garbage-first heap   total 102400K, used 53955K [0x00000000c0000000, 0x0000000100000000)
  region size 1024K, 2 young (2048K), 2 survivors (2048K)
 Metaspace       used 53931K, capacity 54545K, committed 54784K, reserved 1097728K
  class space    used 6093K, capacity 6320K, committed 6400K, reserved 1048576K
}
Event: 58.289 GC heap before
{Heap before GC invocations=35 (full 0):
 garbage-first heap   total 102400K, used 72387K [0x00000000c0000000, 0x0000000100000000)
  region size 1024K, 20 young (20480K), 2 survivors (2048K)
 Metaspace       used 56074K, capacity 56701K, committed 56960K, reserved 1099776K
  class space    used 6235K, capacity 6459K, committed 6528K, reserved 1048576K
}
Event: 58.318 GC heap after
{Heap after GC invocations=36 (full 0):
 garbage-first heap   total 102400K, used 57143K [0x00000000c0000000, 0x0000000100000000)
  region size 1024K, 3 young (3072K), 3 survivors (3072K)
 Metaspace       used 56074K, capacity 56701K, committed 56960K, reserved 1099776K
  class space    used 6235K, capacity 6459K, committed 6528K, reserved 1048576K
}
Event: 62.012 GC heap before
{Heap before GC invocations=36 (full 0):
 garbage-first heap   total 102400K, used 75575K [0x00000000c0000000, 0x0000000100000000)
  region size 1024K, 21 young (21504K), 3 survivors (3072K)
 Metaspace       used 57813K, capacity 58430K, committed 58624K, reserved 1101824K
  class space    used 6291K, capacity 6537K, committed 6656K, reserved 1048576K
}
Event: 62.047 GC heap after
{Heap after GC invocations=37 (full 0):
 garbage-first heap   total 102400K, used 60416K [0x00000000c0000000, 0x0000000100000000)
  region size 1024K, 3 young (3072K), 3 survivors (3072K)
 Metaspace       used 57813K, capacity 58430K, committed 58624K, reserved 1101824K
  class space    used 6291K, capacity 6537K, committed 6656K, reserved 1048576K
}
Event: 65.048 GC heap before
{Heap before GC invocations=38 (full 0):
 garbage-first heap   total 102400K, used 77824K [0x00000000c0000000, 0x0000000100000000)
  region size 1024K, 20 young (20480K), 3 survivors (3072K)
 Metaspace       used 59098K, capacity 59804K, committed 60032K, reserved 1101824K
  class space    used 6422K, capacity 6674K, committed 6784K, reserved 1048576K
}
Event: 65.080 GC heap after
{Heap after GC invocations=39 (full 0):
 garbage-first heap   total 102400K, used 63026K [0x00000000c0000000, 0x0000000100000000)
  region size 1024K, 3 young (3072K), 3 survivors (3072K)
 Metaspace       used 59098K, capacity 59804K, committed 60032K, reserved 1101824K
  class space    used 6422K, capacity 6674K, committed 6784K, reserved 1048576K
}
Event: 67.225 GC heap before
{Heap before GC invocations=39 (full 0):
 garbage-first heap   total 102400K, used 80434K [0x00000000c0000000, 0x0000000100000000)
  region size 1024K, 20 young (20480K), 3 survivors (3072K)
 Metaspace       used 60885K, capacity 61585K, committed 61696K, reserved 1103872K
  class space    used 6578K, capacity 6842K, committed 6912K, reserved 1048576K
}
Event: 67.247 GC heap after
{Heap after GC invocations=40 (full 0):
 garbage-first heap   total 102400K, used 64457K [0x00000000c0000000, 0x0000000100000000)
  region size 1024K, 2 young (2048K), 2 survivors (2048K)
 Metaspace       used 60885K, capacity 61585K, committed 61696K, reserved 1103872K
  class space    used 6578K, capacity 6842K, committed 6912K, reserved 1048576K
}
Event: 71.023 GC heap before
{Heap before GC invocations=41 (full 0):
 garbage-first heap   total 102400K, used 79817K [0x00000000c0000000, 0x0000000100000000)
  region size 1024K, 18 young (18432K), 2 survivors (2048K)
 Metaspace       used 64767K, capacity 65467K, committed 65792K, reserved 1107968K
  class space    used 7036K, capacity 7309K, committed 7424K, reserved 1048576K
}
Event: 71.038 GC heap after
{Heap after GC invocations=42 (full 0):
 garbage-first heap   total 102400K, used 65277K [0x00000000c0000000, 0x0000000100000000)
  region size 1024K, 3 young (3072K), 3 survivors (3072K)
 Metaspace       used 64767K, capacity 65467K, committed 65792K, reserved 1107968K
  class space    used 7036K, capacity 7309K, committed 7424K, reserved 1048576K
}
Event: 71.293 GC heap before
{Heap before GC invocations=42 (full 0):
 garbage-first heap   total 102400K, used 66301K [0x00000000c0000000, 0x0000000100000000)
  region size 1024K, 5 young (5120K), 3 survivors (3072K)
 Metaspace       used 64978K, capacity 65692K, committed 65792K, reserved 1114112K
  class space    used 7046K, capacity 7341K, committed 7424K, reserved 1048576K
}
Event: 71.310 GC heap after
{Heap after GC invocations=43 (full 0):
 garbage-first heap   total 102400K, used 65543K [0x00000000c0000000, 0x0000000100000000)
  region size 1024K, 2 young (2048K), 2 survivors (2048K)
 Metaspace       used 64978K, capacity 65692K, committed 65792K, reserved 1114112K
  class space    used 7046K, capacity 7341K, committed 7424K, reserved 1048576K
}

Deoptimization events (20 events):
Event: 69.891 Thread 0x0000000000381800 DEOPT PACKING pc=0x000000000de0bfc8 sp=0x000000000238d6b0
Event: 69.891 Thread 0x0000000000381800 DEOPT UNPACKING pc=0x00000000061665a9 sp=0x000000000238d668 mode 2
Event: 69.891 Thread 0x0000000000381800 Uncommon trap: trap_request=0xffffff4d fr.pc=0x000000000dc15000 relative=0x0000000000000160
Event: 69.891 Thread 0x0000000000381800 Uncommon trap: reason=unstable_if action=reinterpret pc=0x000000000dc15000 method=java.lang.StringCoding.hasNegatives([BII)Z @ 12 c2
Event: 69.891 Thread 0x0000000000381800 DEOPT PACKING pc=0x000000000dc15000 sp=0x000000000238dc40
Event: 69.891 Thread 0x0000000000381800 DEOPT UNPACKING pc=0x00000000061665a9 sp=0x000000000238dbd0 mode 2
Event: 70.768 Thread 0x0000000000381800 Uncommon trap: trap_request=0xffffffc6 fr.pc=0x000000000df2ad00 relative=0x00000000000005e0
Event: 70.768 Thread 0x0000000000381800 Uncommon trap: reason=bimorphic_or_optimized_type_check action=maybe_recompile pc=0x000000000df2ad00 method=org.jetbrains.kotlin.util.slicedMap.SlicedMapImpl.get(Lorg/jetbrains/kotlin/util/slicedMap/ReadOnlySlice;Ljava/lang/Object;)Ljava/lang/Object; @ 62
Event: 70.768 Thread 0x0000000000381800 DEOPT PACKING pc=0x000000000df2ad00 sp=0x000000000238dc90
Event: 70.768 Thread 0x0000000000381800 DEOPT UNPACKING pc=0x00000000061665a9 sp=0x000000000238dac0 mode 2
Event: 70.938 Thread 0x0000000000381800 Uncommon trap: trap_request=0xffffffc6 fr.pc=0x000000000df466f8 relative=0x00000000000005d8
Event: 70.938 Thread 0x0000000000381800 Uncommon trap: reason=bimorphic_or_optimized_type_check action=maybe_recompile pc=0x000000000df466f8 method=org.jetbrains.kotlin.util.slicedMap.SlicedMapImpl.get(Lorg/jetbrains/kotlin/util/slicedMap/ReadOnlySlice;Ljava/lang/Object;)Ljava/lang/Object; @ 62
Event: 70.938 Thread 0x0000000000381800 DEOPT PACKING pc=0x000000000df466f8 sp=0x000000000238d790
Event: 70.938 Thread 0x0000000000381800 DEOPT UNPACKING pc=0x00000000061665a9 sp=0x000000000238d630 mode 2
Event: 71.044 Thread 0x0000000000381800 Uncommon trap: trap_request=0xffffff4d fr.pc=0x000000000def8ab8 relative=0x00000000000003f8
Event: 71.044 Thread 0x0000000000381800 Uncommon trap: reason=unstable_if action=reinterpret pc=0x000000000def8ab8 method=java.lang.String.indexOf([BBILjava/lang/String;I)I @ 21 c2
Event: 71.044 Thread 0x0000000000381800 DEOPT PACKING pc=0x000000000def8ab8 sp=0x000000000238ca30
Event: 71.045 Thread 0x0000000000381800 DEOPT UNPACKING pc=0x00000000061665a9 sp=0x000000000238c9a8 mode 2
Event: 71.234 Thread 0x0000000000381800 DEOPT PACKING pc=0x000000000813f250 sp=0x000000000238d650
Event: 71.234 Thread 0x0000000000381800 DEOPT UNPACKING pc=0x00000000061663bf sp=0x000000000238cad8 mode 0

Classes redefined (0 events):
No events

Internal exceptions (20 events):
Event: 33.200 Thread 0x0000000000381800 Exception <a 'java/lang/NoSuchMethodError'{0x00000000c3ec8098}: 'java.lang.Object java.lang.invoke.DirectMethodHandle$Holder.invokeStatic(java.lang.Object, java.lang.Object, java.lang.Object, int)'> (0x00000000c3ec8098) thrown at [./src/hotspot/share/interpreter/linkResolver.cpp, line 773]
Event: 33.201 Thread 0x0000000000381800 Exception <a 'java/lang/NoSuchMethodError'{0x00000000c3ecbd08}: 'java.lang.Object java.lang.invoke.DirectMethodHandle$Holder.invokeSpecial(java.lang.Object, java.lang.Object, java.lang.Object, java.lang.Object, int)'> (0x00000000c3ecbd08) thrown at [./src/hotspot/share/interpreter/linkResolver.cpp, line 773]
Event: 33.201 Thread 0x0000000000381800 Exception <a 'java/lang/NoSuchMethodError'{0x00000000c3ecf018}: 'java.lang.Object java.lang.invoke.Invokers$Holder.linkToTargetMethod(java.lang.Object, java.lang.Object, int, java.lang.Object)'> (0x00000000c3ecf018) thrown at [./src/hotspot/share/interpreter/linkResolver.cpp, line 773]
Event: 40.490 Thread 0x0000000000381800 Exception <a 'java/lang/NoSuchMethodError'{0x00000000c3998b98}: 'java.lang.Object java.lang.invoke.DirectMethodHandle$Holder.invokeSpecial(java.lang.Object, java.lang.Object, java.lang.Object, java.lang.Object, java.lang.Object, java.lang.Object, java.lang.Object, java.lang.Object, java.lang.Object)'> (0x00000000c3998b98) thrown at [./src/hotspot/share/interpreter/linkResolver.cpp, line 773]
Event: 40.491 Thread 0x0000000000381800 Exception <a 'java/lang/NoSuchMethodError'{0x00000000c399cd90}: 'java.lang.Object java.lang.invoke.Invokers$Holder.linkToTargetMethod(java.lang.Object, java.lang.Object, java.lang.Object, java.lang.Object, java.lang.Object, java.lang.Object, java.lang.Object, java.lang.Object)'> (0x00000000c399cd90) thrown at [./src/hotspot/share/interpreter/linkResolver.cpp, line 773]
Event: 41.849 Thread 0x0000000000381800 Exception <a 'java/lang/NoSuchMethodError'{0x00000000c3e88748}: 'int java.lang.invoke.DirectMethodHandle$Holder.invokeInterface(java.lang.Object, java.lang.Object)'> (0x00000000c3e88748) thrown at [./src/hotspot/share/interpreter/linkResolver.cpp, line 773]
Event: 42.576 Thread 0x0000000000381800 Exception <a 'java/lang/NoSuchMethodError'{0x00000000c3b68670}: 'java.lang.Object java.lang.invoke.DirectMethodHandle$Holder.invokeStaticInit(java.lang.Object, java.lang.Object, java.lang.Object)'> (0x00000000c3b68670) thrown at [./src/hotspot/share/interpreter/linkResolver.cpp, line 773]
Event: 42.588 Thread 0x0000000000381800 Exception <a 'java/lang/NoSuchMethodError'{0x00000000c3b83278}: 'java.lang.Object java.lang.invoke.DirectMethodHandle$Holder.invokeStatic(java.lang.Object, int, java.lang.Object, java.lang.Object)'> (0x00000000c3b83278) thrown at [./src/hotspot/share/interpreter/linkResolver.cpp, line 773]
Event: 52.643 Thread 0x0000000000381800 Exception <a 'java/lang/NoSuchMethodError'{0x00000000c59c1e58}: 'java.lang.Object java.lang.invoke.Invokers$Holder.linkToTargetMethod(java.lang.Object, java.lang.Object, java.lang.Object, int, int, java.lang.Object)'> (0x00000000c59c1e58) thrown at [./src/hotspot/share/interpreter/linkResolver.cpp, line 773]
Event: 52.708 Thread 0x0000000000381800 Exception <a 'java/lang/NoSuchMethodError'{0x00000000c580d078}: 'java.lang.Object java.lang.invoke.Invokers$Holder.linkToTargetMethod(java.lang.Object, java.lang.Object, java.lang.Object, java.lang.Object, java.lang.Object, java.lang.Object)'> (0x00000000c580d078) thrown at [./src/hotspot/share/interpreter/linkResolver.cpp, line 773]
Event: 53.597 Thread 0x0000000000381800 Implicit null exception at 0x000000000dd475bc to 0x000000000dd47698
Event: 54.777 Thread 0x0000000000381800 Exception <a 'java/lang/NoSuchMethodError'{0x00000000c6110400}: 'int java.lang.invoke.DirectMethodHandle$Holder.invokeStaticInit(java.lang.Object, int)'> (0x00000000c6110400) thrown at [./src/hotspot/share/interpreter/linkResolver.cpp, line 773]
Event: 56.386 Thread 0x0000000000381800 Exception <a 'java/lang/NoSuchMethodError'{0x00000000c5940da8}: 'java.lang.Object java.lang.invoke.DirectMethodHandle$Holder.invokeInterface(java.lang.Object, java.lang.Object, java.lang.Object)'> (0x00000000c5940da8) thrown at [./src/hotspot/share/interpreter/linkResolver.cpp, line 773]
Event: 56.386 Thread 0x0000000000381800 Exception <a 'java/lang/IncompatibleClassChangeError'{0x00000000c5943fd8}: Found class java.lang.Object, but interface was expected> (0x00000000c5943fd8) thrown at [./src/hotspot/share/interpreter/linkResolver.cpp, line 839]
Event: 57.888 Thread 0x0000000000381800 Exception <a 'java/lang/NoSuchMethodError'{0x00000000c536ed50}: 'java.lang.Object java.lang.invoke.Invokers$Holder.linkToTargetMethod(java.lang.Object, java.lang.Object, java.lang.Object, java.lang.Object, java.lang.Object, java.lang.Object, java.lang.Object)'> (0x00000000c536ed50) thrown at [./src/hotspot/share/interpreter/linkResolver.cpp, line 773]
Event: 62.864 Thread 0x0000000000381800 Implicit null exception at 0x000000000df99104 to 0x000000000df99f60
Event: 62.956 Thread 0x0000000000381800 Implicit null exception at 0x000000000df4f167 to 0x000000000df4f68c
Event: 63.481 Thread 0x0000000000381800 Implicit null exception at 0x000000000dc58565 to 0x000000000dc58710
Event: 66.307 Thread 0x0000000000381800 Implicit null exception at 0x000000000ded9969 to 0x000000000ded9bc9
Event: 67.534 Thread 0x0000000000381800 Implicit null exception at 0x000000000dde0d43 to 0x000000000dde0fd9

Events (20 events):
Event: 71.115 loading class org/jetbrains/kotlin/psi/synthetics/SyntheticClassOrObjectDescriptor done
Event: 71.198 loading class org/jetbrains/kotlin/resolve/descriptorUtil/DescriptorUtilsKt$overriddenTreeAsSequence$1$1
Event: 71.198 loading class org/jetbrains/kotlin/resolve/descriptorUtil/DescriptorUtilsKt$overriddenTreeAsSequence$1$1 done
Event: 71.199 loading class org/jetbrains/kotlin/backend/jvm/serialization/JvmIdSignatureDescriptor$JvmDescriptorBasedSignatureBuilder$keepTrackOfOverridesForPossiblyClashingFakeOverride$capturingOverrides$1
Event: 71.199 loading class org/jetbrains/kotlin/backend/jvm/serialization/JvmIdSignatureDescriptor$JvmDescriptorBasedSignatureBuilder$keepTrackOfOverridesForPossiblyClashingFakeOverride$capturingOverrides$1 done
Event: 71.200 loading class org/jetbrains/kotlin/backend/jvm/serialization/JvmIdSignatureDescriptor$JvmDescriptorBasedSignatureBuilder$containsTypeParametersOf$1
Event: 71.200 loading class org/jetbrains/kotlin/backend/jvm/serialization/JvmIdSignatureDescriptor$JvmDescriptorBasedSignatureBuilder$containsTypeParametersOf$1 done
Event: 71.272 loading class org/jetbrains/kotlin/backend/jvm/serialization/JvmIdSignatureDescriptor$JvmDescriptorBasedSignatureBuilder$keepTrackOfOverridesForPossiblyClashingFakeOverride$$inlined$sortedBy$1
Event: 71.272 loading class org/jetbrains/kotlin/backend/jvm/serialization/JvmIdSignatureDescriptor$JvmDescriptorBasedSignatureBuilder$keepTrackOfOverridesForPossiblyClashingFakeOverride$$inlined$sortedBy$1 done
Event: 71.273 loading class org/jetbrains/kotlin/ir/util/IdSignature$SpecialFakeOverrideSignature
Event: 71.273 loading class org/jetbrains/kotlin/ir/util/IdSignature$SpecialFakeOverrideSignature done
Event: 71.286 loading class org/jetbrains/kotlin/ir/util/PatchDeclarationParentsKt
Event: 71.286 loading class org/jetbrains/kotlin/ir/util/PatchDeclarationParentsKt done
Event: 71.286 loading class org/jetbrains/kotlin/ir/util/PatchDeclarationParentsVisitor
Event: 71.286 loading class org/jetbrains/kotlin/ir/util/PatchDeclarationParentsVisitor done
Event: 71.291 loading class org/jetbrains/kotlin/ir/visitors/IrElementVisitorVoidKt
Event: 71.291 loading class org/jetbrains/kotlin/ir/visitors/IrElementVisitorVoidKt done
Event: 71.292 loading class org/jetbrains/kotlin/ir/visitors/IrElementVisitorVoid$DefaultImpls
Event: 71.292 loading class org/jetbrains/kotlin/ir/visitors/IrElementVisitorVoid$DefaultImpls done
Event: 71.293 Executing VM operation: CollectForMetadataAllocation


Dynamic libraries:
0x000000013fc00000 - 0x000000013fc0a000 	C:\Program Files\Android\Android Studio\jre\bin\java.exe
0x00000000774b0000 - 0x000000007764f000 	C:\Windows\SYSTEM32\ntdll.dll
0x0000000077290000 - 0x00000000773b0000 	C:\Windows\system32\kernel32.dll
0x000007fefd210000 - 0x000007fefd277000 	C:\Windows\system32\KERNELBASE.dll
0x000007fef48c0000 - 0x000007fef48d9000 	C:\Program Files\Android\Android Studio\jre\bin\jli.dll
0x000007fefb5b0000 - 0x000007fefb7a5000 	C:\Windows\WinSxS\amd64_microsoft.windows.common-controls_6595b64144ccf1df_6.0.7601.24483_none_e372d88f30fbb845\COMCTL32.dll
0x000007feff4a0000 - 0x000007feff53f000 	C:\Windows\system32\msvcrt.dll
0x000007feff550000 - 0x000007feff5b8000 	C:\Windows\system32\GDI32.dll
0x00000000773b0000 - 0x00000000774ab000 	C:\Windows\system32\USER32.dll
0x000007feff540000 - 0x000007feff54e000 	C:\Windows\system32\LPK.dll
0x000007fefd3c0000 - 0x000007fefd48b000 	C:\Windows\system32\USP10.dll
0x000007fefea70000 - 0x000007fefeae1000 	C:\Windows\system32\SHLWAPI.dll
0x000007fef48a0000 - 0x000007fef48b7000 	C:\Program Files\Android\Android Studio\jre\bin\VCRUNTIME140.dll
0x000007fef74d0000 - 0x000007fef74d4000 	C:\Windows\system32\api-ms-win-crt-runtime-l1-1-0.dll
0x000007fef73c0000 - 0x000007fef74b4000 	C:\Windows\system32\ucrtbase.DLL
0x000007fef73b0000 - 0x000007fef73b3000 	C:\Windows\system32\api-ms-win-core-timezone-l1-1-0.dll
0x000007fef73a0000 - 0x000007fef73a3000 	C:\Windows\system32\api-ms-win-core-file-l2-1-0.dll
0x000007fef7390000 - 0x000007fef7393000 	C:\Windows\system32\api-ms-win-core-localization-l1-2-0.dll
0x000007fef86c0000 - 0x000007fef86c3000 	C:\Windows\system32\api-ms-win-core-synch-l1-2-0.dll
0x000007fef7380000 - 0x000007fef7383000 	C:\Windows\system32\api-ms-win-core-processthreads-l1-1-1.dll
0x000007fef7370000 - 0x000007fef7373000 	C:\Windows\system32\api-ms-win-core-file-l1-2-0.dll
0x000007fef7350000 - 0x000007fef7354000 	C:\Windows\system32\api-ms-win-crt-string-l1-1-0.dll
0x000007fef7360000 - 0x000007fef7363000 	C:\Windows\system32\api-ms-win-crt-heap-l1-1-0.dll
0x000007fef7340000 - 0x000007fef7344000 	C:\Windows\system32\api-ms-win-crt-stdio-l1-1-0.dll
0x000007fef7330000 - 0x000007fef7334000 	C:\Windows\system32\api-ms-win-crt-convert-l1-1-0.dll
0x000007fef7250000 - 0x000007fef7253000 	C:\Windows\system32\api-ms-win-crt-environment-l1-1-0.dll
0x000007fef7270000 - 0x000007fef7273000 	C:\Windows\system32\api-ms-win-crt-filesystem-l1-1-0.dll
0x000007fef7240000 - 0x000007fef7245000 	C:\Windows\system32\api-ms-win-crt-math-l1-1-0.dll
0x000007fef7280000 - 0x000007fef7283000 	C:\Windows\system32\api-ms-win-crt-locale-l1-1-0.dll
0x000007fefd570000 - 0x000007fefd59e000 	C:\Windows\system32\IMM32.DLL
0x000007feff390000 - 0x000007feff49b000 	C:\Windows\system32\MSCTF.dll
0x000007fef4460000 - 0x000007fef44fd000 	C:\Program Files\Android\Android Studio\jre\bin\msvcp140.dll
0x000007fef5740000 - 0x000007fef5745000 	C:\Windows\system32\api-ms-win-crt-multibyte-l1-1-0.dll
0x000007fef7260000 - 0x000007fef7263000 	C:\Windows\system32\api-ms-win-crt-time-l1-1-0.dll
0x000007fef7230000 - 0x000007fef7233000 	C:\Windows\system32\api-ms-win-crt-utility-l1-1-0.dll
0x000007feef560000 - 0x000007fef001c000 	C:\Program Files\Android\Android Studio\jre\bin\server\jvm.dll
0x000007fefd490000 - 0x000007fefd56b000 	C:\Windows\system32\ADVAPI32.dll
0x000007fefef70000 - 0x000007fefef8f000 	C:\Windows\SYSTEM32\sechost.dll
0x000007feff260000 - 0x000007feff38a000 	C:\Windows\system32\RPCRT4.dll
0x000007feef550000 - 0x000007feef559000 	C:\Windows\system32\WSOCK32.dll
0x000007fefeaf0000 - 0x000007fefeb3d000 	C:\Windows\system32\WS2_32.dll
0x000007fefea60000 - 0x000007fefea68000 	C:\Windows\system32\NSI.dll
0x000007fef9660000 - 0x000007fef969b000 	C:\Windows\system32\WINMM.dll
0x000007fefc030000 - 0x000007fefc03c000 	C:\Windows\system32\VERSION.dll
0x0000000077650000 - 0x0000000077657000 	C:\Windows\system32\PSAPI.DLL
0x000007feef530000 - 0x000007feef541000 	C:\Program Files\Android\Android Studio\jre\bin\verify.dll
0x000007fef7100000 - 0x000007fef7225000 	C:\Windows\system32\DBGHELP.DLL
0x000007feef500000 - 0x000007feef529000 	C:\Program Files\Android\Android Studio\jre\bin\java.dll
0x000007feef4f0000 - 0x000007feef4fb000 	C:\Program Files\Android\Android Studio\jre\bin\jimage.dll
0x000007feef4d0000 - 0x000007feef4e8000 	C:\Program Files\Android\Android Studio\jre\bin\zip.dll
0x000007fefd820000 - 0x000007fefe5ab000 	C:\Windows\system32\SHELL32.dll
0x000007fefd5a0000 - 0x000007fefd7a0000 	C:\Windows\system32\ole32.dll
0x000007fefd010000 - 0x000007fefd01f000 	C:\Windows\system32\profapi.dll
0x000007feef4b0000 - 0x000007feef4ca000 	C:\Program Files\Android\Android Studio\jre\bin\net.dll
0x000007fef9080000 - 0x000007fef90f1000 	C:\Windows\system32\WINHTTP.dll
0x000007fef8ae0000 - 0x000007fef8b45000 	C:\Windows\system32\webio.dll
0x000007fefc740000 - 0x000007fefc795000 	C:\Windows\system32\mswsock.dll
0x000007fefc730000 - 0x000007fefc737000 	C:\Windows\System32\wship6.dll
0x000007feef490000 - 0x000007feef4a4000 	C:\Program Files\Android\Android Studio\jre\bin\nio.dll

dbghelp: loaded successfully - version: 4.0.5 - missing functions: none
symbol engine: initialized successfully - sym options: 0x614 - pdb path: .;C:\Program Files\Android\Android Studio\jre\bin;C:\Windows\SYSTEM32;C:\Windows\WinSxS\amd64_microsoft.windows.common-controls_6595b64144ccf1df_6.0.7601.24483_none_e372d88f30fbb845;C:\Program Files\Android\Android Studio\jre\bin\server

VM Arguments:
java_command: org.jetbrains.kotlin.cli.jvm.K2JVMCompiler @E:\PROJECT_JAVA\AS_FX\PizzaDelivery\app\build\20220501_15089451626856690765.compiler.options
java_class_path (initial): C:\Users\User\.gradle\caches\modules-2\files-2.1\org.jetbrains.kotlin\kotlin-compiler-embeddable\1.5.10\9c35134a025cab7a1e6eee0d87d241c2f30c1218\kotlin-compiler-embeddable-1.5.10.jar;C:\Users\User\.gradle\caches\modules-2\files-2.1\org.jetbrains.kotlin\kotlin-reflect\1.5.10\d6c70f3c0df2457ea0095c61c1fc1188017dc3bc\kotlin-reflect-1.5.10.jar;C:\Users\User\.gradle\caches\modules-2\files-2.1\org.jetbrains.kotlin\kotlin-stdlib\1.5.10\da6a904b132f0402fa4d79169a3c1770598d4702\kotlin-stdlib-1.5.10.jar;C:\Users\User\.gradle\caches\modules-2\files-2.1\org.jetbrains.kotlin\kotlin-script-runtime\1.5.10\69bad0ece91b0797055aeadbd44dc742c458398b\kotlin-script-runtime-1.5.10.jar;C:\Users\User\.gradle\caches\modules-2\files-2.1\org.jetbrains.kotlin\kotlin-daemon-embeddable\1.5.10\d06ad33b62b041dae0609f830c3b48135d53b8bc\kotlin-daemon-embeddable-1.5.10.jar;C:\Users\User\.gradle\caches\modules-2\files-2.1\org.jetbrains.intellij.deps\trove4j\1.0.20181211\216c2e14b070f334479d800987affe4054cd563f\trove4j-1.0.20181211.jar;C:\Users\User\.gradle\caches\modules-2\files-2.1\org.jetbrains\annotations\13.0\919f0dfe192fb4e063e7dacadee7f8bb9a2672a9\annotations-13.0.jar;C:\Users\User\.gradle\caches\modules-2\files-2.1\org.jetbrains.kotlin\kotlin-stdlib-common\1.5.10\6b84d926e28493be69daf673e40076f89492ef7\kotlin-stdlib-common-1.5.10.jar
Launcher Type: SUN_STANDARD

[Global flags]
     intx CICompilerCount                          = 2                                         {product} {ergonomic}
     uint ConcGCThreads                            = 1                                         {product} {ergonomic}
     uint G1ConcRefinementThreads                  = 2                                         {product} {ergonomic}
   size_t G1HeapRegionSize                         = 1048576                                   {product} {ergonomic}
    uintx GCDrainStackTargetSize                   = 64                                        {product} {ergonomic}
   size_t InitialHeapSize                          = 67108864                                  {product} {ergonomic}
   size_t MarkStackSize                            = 4194304                                   {product} {ergonomic}
   size_t MaxHeapSize                              = 1073741824                                {product} {ergonomic}
   size_t MaxNewSize                               = 643825664                                 {product} {ergonomic}
   size_t MinHeapDeltaBytes                        = 1048576                                   {product} {ergonomic}
    uintx NonNMethodCodeHeapSize                   = 5825164                                {pd product} {ergonomic}
    uintx NonProfiledCodeHeapSize                  = 122916538                              {pd product} {ergonomic}
    uintx ProfiledCodeHeapSize                     = 122916538                              {pd product} {ergonomic}
    uintx ReservedCodeCacheSize                    = 251658240                              {pd product} {ergonomic}
     bool SegmentedCodeCache                       = true                                      {product} {ergonomic}
     bool UseCompressedClassPointers               = true                                 {lp64_product} {ergonomic}
     bool UseCompressedOops                        = true                                 {lp64_product} {ergonomic}
     bool UseG1GC                                  = true                                      {product} {ergonomic}
     bool UseLargePagesIndividualAllocation        = false                                  {pd product} {ergonomic}

Logging:
Log output configuration:
 #0: stdout all=warning uptime,level,tags
 #1: stderr all=off uptime,level,tags

Environment Variables:
PATH=C:\Program Files (x86)\Common Files\Oracle\Java\javapath;C:\Program Files\Java\jdk1.8.0_281\bin;C:\Program Files\Git\cmd;C:\Program Files\JetBrains\IntelliJ IDEA Community Edition 2021.2.3\bin;;C:\Program Files\JetBrains\IntelliJ IDEA 2019.3.5\bin;
USERNAME=User
OS=Windows_NT
PROCESSOR_IDENTIFIER=AMD64 Family 15 Model 75 Stepping 2, AuthenticAMD



---------------  S Y S T E M  ---------------

OS: Windows 7 , 64 bit Build 7601 (6.1.7601.24596)
OS uptime: 0 days 2:19 hours

CPU:total 2 (initial active 2) (2 cores per cpu, 1 threads per core) family 15 model 75 stepping 2, cmov, cx8, fxsr, mmx, sse, sse2, sse3, mmxext, 3dnowpref, tsc

Memory: 4k page, system-wide physical 4095M (66M free)
TotalPageFile size 11093M (AvailPageFile size 4M)
current process WorkingSet (physical memory assigned to process): 266M, peak: 274M
current process commit charge ("private bytes"): 297M, peak: 301M

vm_info: OpenJDK 64-Bit Server VM (11.0.8+10-b944.6842174) for windows-amd64 JRE (11.0.8+10-b944.6842174), built on Sep 19 2020 01:11:42 by "builder" with MS VC++ 14.0 (VS2015)

END.
