#
# There is insufficient memory for the Java Runtime Environment to continue.
# Native memory allocation (mmap) failed to map 19922944 bytes for Failed to commit area from 0x00000000c5d00000 to 0x00000000c7000000 of length 19922944.
# Possible reasons:
#   The system is out of physical RAM or swap space
#   The process is running with CompressedOops enabled, and the Java Heap may be blocking the growth of the native heap
# Possible solutions:
#   Reduce memory load on the system
#   Increase physical memory or swap space
#   Check if swap backing store is full
#   Decrease Java heap size (-Xmx/-Xms)
#   Decrease number of Java threads
#   Decrease Java thread stack sizes (-Xss)
#   Set larger code cache with -XX:ReservedCodeCacheSize=
#   JVM is running with Unscaled Compressed Oops mode in which the Java heap is
#     placed in the first 4GB address space. The Java Heap base address is the
#     maximum limit for the native heap growth. Please use -XX:HeapBaseMinAddress
#     to set the Java Heap base and to place the Java Heap above 4GB virtual address.
# This output file may be truncated or incomplete.
#
#  Out of Memory Error (./src/hotspot/os/windows/os_windows.cpp:3303), pid=5180, tid=4760
#
# JRE version: OpenJDK Runtime Environment (11.0.8+10) (build 11.0.8+10-b944.6842174)
# Java VM: OpenJDK 64-Bit Server VM (11.0.8+10-b944.6842174, mixed mode, tiered, compressed oops, g1 gc, windows-amd64)
# No core dump will be written. Minidumps are not enabled by default on client versions of Windows
#

---------------  S U M M A R Y ------------

Command Line: org.jetbrains.kotlin.cli.jvm.K2JVMCompiler @E:\PROJECT_JAVA\AS_FX\PizzaDelivery\app\build\20220501_10274781701024831787.compiler.options

Host: AMD Athlon(tm) 64 X2 Dual Core Processor 4200+, 2 cores, 3G,  Windows 7 , 64 bit Build 7601 (6.1.7601.24596)
Time: Sun May  1 11:37:33 2022 RTZ 1 (ceia) elapsed time: 85 seconds (0d 0h 1m 25s)

---------------  T H R E A D  ---------------

Current thread (0x000000005a319000):  VMThread "VM Thread" [stack: 0x000000005af00000,0x000000005b000000] [id=4760]

Stack: [0x000000005af00000,0x000000005b000000]
[error occurred during error reporting (printing stack bounds), id 0xc0000005, EXCEPTION_ACCESS_VIOLATION (0xc0000005) at pc=0x0000000005fb0dbd]

Native frames: (J=compiled Java code, j=interpreted, Vv=VM code, C=native code)
V  [jvm.dll+0x5de50a]
V  [jvm.dll+0x7122f5]
V  [jvm.dll+0x71384d]
V  [jvm.dll+0x713e65]
V  [jvm.dll+0x713e1b]
V  [jvm.dll+0x5dd958]
V  [jvm.dll+0x5de0f8]
C  [ntdll.dll+0x6b3cd]
C  [ntdll.dll+0x3f71a]
C  [ntdll.dll+0x6aa6e]
C  0x0000000005fb0dbd

VM_Operation (0x000000000229d550): G1CollectForAllocation, mode: safepoint, requested by thread 0x00000000000f1800


---------------  P R O C E S S  ---------------

Threads class SMR info:
_java_thread_list=0x000000005bcefce0, length=10, elements={
0x00000000000f1800, 0x000000005a31c000, 0x000000005a31d800, 0x000000005abf7000,
0x000000005abfc000, 0x000000005abfd800, 0x000000005ac03000, 0x000000005ac15800,
0x000000005bc9c800, 0x000000005bcef000
}

Java Threads: ( => current thread )
  0x00000000000f1800 JavaThread "main" [_thread_blocked, id=5728, stack(0x00000000021a0000,0x00000000022a0000)]
  0x000000005a31c000 JavaThread "Reference Handler" daemon [_thread_blocked, id=5564, stack(0x000000005b0b0000,0x000000005b1b0000)]
  0x000000005a31d800 JavaThread "Finalizer" daemon [_thread_blocked, id=4260, stack(0x000000005b290000,0x000000005b390000)]
  0x000000005abf7000 JavaThread "Signal Dispatcher" daemon [_thread_blocked, id=5244, stack(0x000000005b530000,0x000000005b630000)]
  0x000000005abfc000 JavaThread "Attach Listener" daemon [_thread_blocked, id=5624, stack(0x000000005b6b0000,0x000000005b7b0000)]
  0x000000005abfd800 JavaThread "C2 CompilerThread0" daemon [_thread_blocked, id=3660, stack(0x000000005b430000,0x000000005b530000)]
  0x000000005ac03000 JavaThread "C1 CompilerThread0" daemon [_thread_blocked, id=5956, stack(0x000000005b8e0000,0x000000005b9e0000)]
  0x000000005ac15800 JavaThread "Sweeper thread" daemon [_thread_blocked, id=3732, stack(0x000000005bb30000,0x000000005bc30000)]
  0x000000005bc9c800 JavaThread "Service Thread" daemon [_thread_blocked, id=6672, stack(0x000000005ba20000,0x000000005bb20000)]
  0x000000005bcef000 JavaThread "Common-Cleaner" daemon [_thread_blocked, id=6452, stack(0x000000005c2b0000,0x000000005c3b0000)]

Other Threads:
=>0x000000005a319000 VMThread "VM Thread" [stack: 0x000000005af00000,0x000000005b000000] [id=4760]
  0x000000005bcea000 WatcherThread [stack: 0x000000005c0a0000,0x000000005c1a0000] [id=5428]
  0x000000000010a800 GCTaskThread "GC Thread#0" [stack: 0x0000000015150000,0x0000000015250000] [id=7048]
  0x000000005bdde800 GCTaskThread "GC Thread#1" [stack: 0x000000005c410000,0x000000005c510000] [id=6764]
  0x0000000000125000 ConcurrentGCThread "G1 Main Marker" [stack: 0x0000000017b20000,0x0000000017c20000] [id=6992]
  0x0000000000127000 ConcurrentGCThread "G1 Conc#0" [stack: 0x0000000017dc0000,0x0000000017ec0000] [id=2532]
  0x0000000000171800 ConcurrentGCThread "G1 Refine#0" [stack: 0x0000000019fd0000,0x000000001a0d0000] [id=7104]
  0x0000000000172800 ConcurrentGCThread "G1 Young RemSet Sampling" [stack: 0x000000001a120000,0x000000001a220000] [id=6540]

Threads with active compile tasks:

VM state:at safepoint (normal execution)

VM Mutex/Monitor currently owned by a thread:  ([mutex/lock_event])
[0x00000000000ee760] Threads_lock - owner thread: 0x000000005a319000
[0x00000000000eef40] Heap_lock - owner thread: 0x00000000000f1800

Heap address: 0x00000000c0000000, size: 1024 MB, Compressed Oops mode: 32-bit
Narrow klass base: 0x0000000000000000, Narrow klass shift: 0
Compressed class space size: 1073741824 Address: 0x000000001a220000

Heap:
 garbage-first heap   total 114688K, used 63032K [0x00000000c0000000, 0x0000000100000000)
  region size 1024K, 2 young (2048K), 2 survivors (2048K)
 Metaspace       used 61181K, capacity 61924K, committed 62080K, reserved 1103872K
  class space    used 6623K, capacity 6916K, committed 7040K, reserved 1048576K
Heap Regions: E=young(eden), S=young(survivor), O=old, HS=humongous(starts), HC=humongous(continues), CS=collection set, F=free, A=archive, TAMS=top-at-mark-start (previous, next)
|   0|0x00000000c0000000, 0x00000000c0100000, 0x00000000c0100000|100%|HS|  |TAMS 0x00000000c0100000, 0x00000000c0100000| Complete 
|   1|0x00000000c0100000, 0x00000000c0200000, 0x00000000c0200000|100%|HC|  |TAMS 0x00000000c0200000, 0x00000000c0200000| Complete 
|   2|0x00000000c0200000, 0x00000000c0300000, 0x00000000c0300000|100%|HC|  |TAMS 0x00000000c0300000, 0x00000000c0300000| Complete 
|   3|0x00000000c0300000, 0x00000000c0400000, 0x00000000c0400000|100%| O|  |TAMS 0x00000000c0400000, 0x00000000c0400000| Untracked 
|   4|0x00000000c0400000, 0x00000000c0500000, 0x00000000c0500000|100%| O|  |TAMS 0x00000000c0500000, 0x00000000c0500000| Untracked 
|   5|0x00000000c0500000, 0x00000000c0600000, 0x00000000c0600000|100%| O|  |TAMS 0x00000000c0600000, 0x00000000c0600000| Untracked 
|   6|0x00000000c0600000, 0x00000000c0700000, 0x00000000c0700000|100%| O|  |TAMS 0x00000000c0700000, 0x00000000c0700000| Untracked 
|   7|0x00000000c0700000, 0x00000000c0800000, 0x00000000c0800000|100%| O|  |TAMS 0x00000000c0800000, 0x00000000c0800000| Untracked 
|   8|0x00000000c0800000, 0x00000000c0900000, 0x00000000c0900000|100%| O|  |TAMS 0x00000000c0900000, 0x00000000c0900000| Untracked 
|   9|0x00000000c0900000, 0x00000000c0a00000, 0x00000000c0a00000|100%|HS|  |TAMS 0x00000000c0a00000, 0x00000000c0a00000| Complete 
|  10|0x00000000c0a00000, 0x00000000c0b00000, 0x00000000c0b00000|100%|HC|  |TAMS 0x00000000c0b00000, 0x00000000c0b00000| Complete 
|  11|0x00000000c0b00000, 0x00000000c0c00000, 0x00000000c0c00000|100%|HC|  |TAMS 0x00000000c0c00000, 0x00000000c0c00000| Complete 
|  12|0x00000000c0c00000, 0x00000000c0d00000, 0x00000000c0d00000|100%|HS|  |TAMS 0x00000000c0d00000, 0x00000000c0d00000| Complete 
|  13|0x00000000c0d00000, 0x00000000c0e00000, 0x00000000c0e00000|100%|HC|  |TAMS 0x00000000c0e00000, 0x00000000c0e00000| Complete 
|  14|0x00000000c0e00000, 0x00000000c0f00000, 0x00000000c0f00000|100%|HC|  |TAMS 0x00000000c0f00000, 0x00000000c0f00000| Complete 
|  15|0x00000000c0f00000, 0x00000000c1000000, 0x00000000c1000000|100%| O|  |TAMS 0x00000000c1000000, 0x00000000c1000000| Untracked 
|  16|0x00000000c1000000, 0x00000000c1100000, 0x00000000c1100000|100%| O|  |TAMS 0x00000000c1100000, 0x00000000c1100000| Untracked 
|  17|0x00000000c1100000, 0x00000000c1200000, 0x00000000c1200000|100%| O|  |TAMS 0x00000000c1200000, 0x00000000c1200000| Untracked 
|  18|0x00000000c1200000, 0x00000000c1300000, 0x00000000c1300000|100%| O|  |TAMS 0x00000000c1300000, 0x00000000c1300000| Untracked 
|  19|0x00000000c1300000, 0x00000000c1400000, 0x00000000c1400000|100%| O|  |TAMS 0x00000000c1400000, 0x00000000c1400000| Untracked 
|  20|0x00000000c1400000, 0x00000000c1500000, 0x00000000c1500000|100%| O|  |TAMS 0x00000000c1500000, 0x00000000c1500000| Untracked 
|  21|0x00000000c1500000, 0x00000000c1600000, 0x00000000c1600000|100%| O|  |TAMS 0x00000000c1600000, 0x00000000c1600000| Untracked 
|  22|0x00000000c1600000, 0x00000000c1700000, 0x00000000c1700000|100%| O|  |TAMS 0x00000000c1700000, 0x00000000c1700000| Untracked 
|  23|0x00000000c1700000, 0x00000000c1800000, 0x00000000c1800000|100%| O|  |TAMS 0x00000000c1800000, 0x00000000c1800000| Untracked 
|  24|0x00000000c1800000, 0x00000000c1900000, 0x00000000c1900000|100%| O|  |TAMS 0x00000000c1900000, 0x00000000c1900000| Untracked 
|  25|0x00000000c1900000, 0x00000000c1a00000, 0x00000000c1a00000|100%| O|  |TAMS 0x00000000c1a00000, 0x00000000c1a00000| Untracked 
|  26|0x00000000c1a00000, 0x00000000c1b00000, 0x00000000c1b00000|100%| O|  |TAMS 0x00000000c1b00000, 0x00000000c1b00000| Untracked 
|  27|0x00000000c1b00000, 0x00000000c1c00000, 0x00000000c1c00000|100%|HS|  |TAMS 0x00000000c1c00000, 0x00000000c1c00000| Complete 
|  28|0x00000000c1c00000, 0x00000000c1d00000, 0x00000000c1d00000|100%|HC|  |TAMS 0x00000000c1d00000, 0x00000000c1d00000| Complete 
|  29|0x00000000c1d00000, 0x00000000c1e00000, 0x00000000c1e00000|100%| O|  |TAMS 0x00000000c1e00000, 0x00000000c1e00000| Untracked 
|  30|0x00000000c1e00000, 0x00000000c1f00000, 0x00000000c1f00000|100%| O|  |TAMS 0x00000000c1f00000, 0x00000000c1f00000| Untracked 
|  31|0x00000000c1f00000, 0x00000000c2000000, 0x00000000c2000000|100%| O|  |TAMS 0x00000000c2000000, 0x00000000c2000000| Untracked 
|  32|0x00000000c2000000, 0x00000000c2100000, 0x00000000c2100000|100%| O|  |TAMS 0x00000000c2100000, 0x00000000c2100000| Untracked 
|  33|0x00000000c2100000, 0x00000000c2200000, 0x00000000c2200000|100%| O|  |TAMS 0x00000000c2200000, 0x00000000c2200000| Untracked 
|  34|0x00000000c2200000, 0x00000000c2300000, 0x00000000c2300000|100%| O|  |TAMS 0x00000000c2300000, 0x00000000c2300000| Untracked 
|  35|0x00000000c2300000, 0x00000000c2400000, 0x00000000c2400000|100%| O|  |TAMS 0x00000000c2400000, 0x00000000c2400000| Untracked 
|  36|0x00000000c2400000, 0x00000000c2500000, 0x00000000c2500000|100%| O|  |TAMS 0x00000000c2500000, 0x00000000c2500000| Untracked 
|  37|0x00000000c2500000, 0x00000000c2600000, 0x00000000c2600000|100%| O|  |TAMS 0x00000000c2600000, 0x00000000c2600000| Untracked 
|  38|0x00000000c2600000, 0x00000000c2700000, 0x00000000c2700000|100%| O|  |TAMS 0x00000000c2700000, 0x00000000c2700000| Untracked 
|  39|0x00000000c2700000, 0x00000000c2800000, 0x00000000c2800000|100%| O|  |TAMS 0x00000000c2800000, 0x00000000c2800000| Untracked 
|  40|0x00000000c2800000, 0x00000000c2900000, 0x00000000c2900000|100%| O|  |TAMS 0x00000000c2900000, 0x00000000c2900000| Untracked 
|  41|0x00000000c2900000, 0x00000000c2a00000, 0x00000000c2a00000|100%| O|  |TAMS 0x00000000c2a00000, 0x00000000c2a00000| Untracked 
|  42|0x00000000c2a00000, 0x00000000c2b00000, 0x00000000c2b00000|100%| O|  |TAMS 0x00000000c2b00000, 0x00000000c2b00000| Untracked 
|  43|0x00000000c2b00000, 0x00000000c2c00000, 0x00000000c2c00000|100%| O|  |TAMS 0x00000000c2c00000, 0x00000000c2c00000| Untracked 
|  44|0x00000000c2c00000, 0x00000000c2d00000, 0x00000000c2d00000|100%| O|  |TAMS 0x00000000c2d00000, 0x00000000c2d00000| Untracked 
|  45|0x00000000c2d00000, 0x00000000c2e00000, 0x00000000c2e00000|100%| O|  |TAMS 0x00000000c2e00000, 0x00000000c2e00000| Untracked 
|  46|0x00000000c2e00000, 0x00000000c2f00000, 0x00000000c2f00000|100%| O|  |TAMS 0x00000000c2f00000, 0x00000000c2f00000| Untracked 
|  47|0x00000000c2f00000, 0x00000000c3000000, 0x00000000c3000000|100%| O|  |TAMS 0x00000000c3000000, 0x00000000c3000000| Untracked 
|  48|0x00000000c3000000, 0x00000000c3100000, 0x00000000c3100000|100%| O|  |TAMS 0x00000000c3100000, 0x00000000c3100000| Untracked 
|  49|0x00000000c3100000, 0x00000000c3200000, 0x00000000c3200000|100%| O|  |TAMS 0x00000000c3200000, 0x00000000c3200000| Untracked 
|  50|0x00000000c3200000, 0x00000000c3300000, 0x00000000c3300000|100%| O|  |TAMS 0x00000000c3300000, 0x00000000c3300000| Untracked 
|  51|0x00000000c3300000, 0x00000000c3400000, 0x00000000c3400000|100%| O|  |TAMS 0x00000000c3400000, 0x00000000c3400000| Untracked 
|  52|0x00000000c3400000, 0x00000000c3500000, 0x00000000c3500000|100%| O|  |TAMS 0x00000000c3500000, 0x00000000c3500000| Untracked 
|  53|0x00000000c3500000, 0x00000000c3600000, 0x00000000c3600000|100%| O|  |TAMS 0x00000000c3600000, 0x00000000c3600000| Untracked 
|  54|0x00000000c3600000, 0x00000000c3700000, 0x00000000c3700000|100%| O|  |TAMS 0x00000000c3700000, 0x00000000c3700000| Untracked 
|  55|0x00000000c3700000, 0x00000000c3800000, 0x00000000c3800000|100%| O|  |TAMS 0x00000000c3800000, 0x00000000c3800000| Untracked 
|  56|0x00000000c3800000, 0x00000000c3900000, 0x00000000c3900000|100%| O|  |TAMS 0x00000000c38f3200, 0x00000000c3900000| Untracked 
|  57|0x00000000c3900000, 0x00000000c3a00000, 0x00000000c3a00000|100%| O|  |TAMS 0x00000000c3900000, 0x00000000c3a00000| Untracked 
|  58|0x00000000c3a00000, 0x00000000c3b00000, 0x00000000c3b00000|100%| O|  |TAMS 0x00000000c3a00000, 0x00000000c3b00000| Untracked 
|  59|0x00000000c3b00000, 0x00000000c3c00000, 0x00000000c3c00000|100%| O|  |TAMS 0x00000000c3b00000, 0x00000000c3c00000| Untracked 
|  60|0x00000000c3c00000, 0x00000000c3c32400, 0x00000000c3d00000| 19%| O|  |TAMS 0x00000000c3c00000, 0x00000000c3c32400| Untracked 
|  61|0x00000000c3d00000, 0x00000000c3d00000, 0x00000000c3e00000|  0%| F|  |TAMS 0x00000000c3d00000, 0x00000000c3d00000| Untracked 
|  62|0x00000000c3e00000, 0x00000000c3e00000, 0x00000000c3f00000|  0%| F|  |TAMS 0x00000000c3e00000, 0x00000000c3e00000| Untracked 
|  63|0x00000000c3f00000, 0x00000000c3f00000, 0x00000000c4000000|  0%| F|  |TAMS 0x00000000c3f00000, 0x00000000c3f00000| Untracked 
|  64|0x00000000c4000000, 0x00000000c4000000, 0x00000000c4100000|  0%| F|  |TAMS 0x00000000c4000000, 0x00000000c4000000| Untracked 
|  65|0x00000000c4100000, 0x00000000c4100000, 0x00000000c4200000|  0%| F|  |TAMS 0x00000000c4100000, 0x00000000c4100000| Untracked 
|  66|0x00000000c4200000, 0x00000000c4200000, 0x00000000c4300000|  0%| F|  |TAMS 0x00000000c4200000, 0x00000000c4200000| Untracked 
|  67|0x00000000c4300000, 0x00000000c4300000, 0x00000000c4400000|  0%| F|  |TAMS 0x00000000c4300000, 0x00000000c4300000| Untracked 
|  68|0x00000000c4400000, 0x00000000c4400000, 0x00000000c4500000|  0%| F|  |TAMS 0x00000000c4400000, 0x00000000c4400000| Untracked 
|  69|0x00000000c4500000, 0x00000000c4500000, 0x00000000c4600000|  0%| F|  |TAMS 0x00000000c4500000, 0x00000000c4500000| Untracked 
|  70|0x00000000c4600000, 0x00000000c4600000, 0x00000000c4700000|  0%| F|  |TAMS 0x00000000c4600000, 0x00000000c4600000| Untracked 
|  71|0x00000000c4700000, 0x00000000c4700000, 0x00000000c4800000|  0%| F|  |TAMS 0x00000000c4700000, 0x00000000c4700000| Untracked 
|  72|0x00000000c4800000, 0x00000000c4800000, 0x00000000c4900000|  0%| F|  |TAMS 0x00000000c4800000, 0x00000000c4800000| Untracked 
|  73|0x00000000c4900000, 0x00000000c4900000, 0x00000000c4a00000|  0%| F|  |TAMS 0x00000000c4900000, 0x00000000c4900000| Untracked 
|  74|0x00000000c4a00000, 0x00000000c4a00000, 0x00000000c4b00000|  0%| F|  |TAMS 0x00000000c4a00000, 0x00000000c4a00000| Untracked 
|  75|0x00000000c4b00000, 0x00000000c4b00000, 0x00000000c4c00000|  0%| F|  |TAMS 0x00000000c4b00000, 0x00000000c4b00000| Untracked 
|  76|0x00000000c4c00000, 0x00000000c4c5be48, 0x00000000c4d00000| 35%| S|CS|TAMS 0x00000000c4c00000, 0x00000000c4c00000| Complete 
|  77|0x00000000c4d00000, 0x00000000c4e00000, 0x00000000c4e00000|100%| S|CS|TAMS 0x00000000c4d00000, 0x00000000c4d00000| Complete 
|  78|0x00000000c4e00000, 0x00000000c4e00000, 0x00000000c4f00000|  0%| F|  |TAMS 0x00000000c4e00000, 0x00000000c4e00000| Untracked 
|  79|0x00000000c4f00000, 0x00000000c4f00000, 0x00000000c5000000|  0%| F|  |TAMS 0x00000000c4f00000, 0x00000000c4f00000| Untracked 
|  80|0x00000000c5000000, 0x00000000c5000000, 0x00000000c5100000|  0%| F|  |TAMS 0x00000000c5000000, 0x00000000c5000000| Untracked 
|  81|0x00000000c5100000, 0x00000000c5100000, 0x00000000c5200000|  0%| F|  |TAMS 0x00000000c5100000, 0x00000000c5100000| Untracked 
|  82|0x00000000c5200000, 0x00000000c5200000, 0x00000000c5300000|  0%| F|  |TAMS 0x00000000c5200000, 0x00000000c5200000| Untracked 
|  83|0x00000000c5300000, 0x00000000c5300000, 0x00000000c5400000|  0%| F|  |TAMS 0x00000000c5300000, 0x00000000c5300000| Untracked 
|  84|0x00000000c5400000, 0x00000000c5400000, 0x00000000c5500000|  0%| F|  |TAMS 0x00000000c5400000, 0x00000000c5400000| Untracked 
|  85|0x00000000c5500000, 0x00000000c5500000, 0x00000000c5600000|  0%| F|  |TAMS 0x00000000c5500000, 0x00000000c5500000| Untracked 
|  86|0x00000000c5600000, 0x00000000c5600000, 0x00000000c5700000|  0%| F|  |TAMS 0x00000000c5600000, 0x00000000c5600000| Untracked 
|  87|0x00000000c5700000, 0x00000000c5700000, 0x00000000c5800000|  0%| F|  |TAMS 0x00000000c5700000, 0x00000000c5700000| Untracked 
|  88|0x00000000c5800000, 0x00000000c5800000, 0x00000000c5900000|  0%| F|  |TAMS 0x00000000c5800000, 0x00000000c5800000| Untracked 
|  89|0x00000000c5900000, 0x00000000c5900000, 0x00000000c5a00000|  0%| F|  |TAMS 0x00000000c5900000, 0x00000000c5900000| Untracked 
|  90|0x00000000c5a00000, 0x00000000c5a00000, 0x00000000c5b00000|  0%| F|  |TAMS 0x00000000c5a00000, 0x00000000c5a00000| Untracked 
|  91|0x00000000c5b00000, 0x00000000c5b00000, 0x00000000c5c00000|  0%| F|  |TAMS 0x00000000c5b00000, 0x00000000c5b00000| Untracked 
|  92|0x00000000c5c00000, 0x00000000c5c00000, 0x00000000c5d00000|  0%| F|  |TAMS 0x00000000c5c00000, 0x00000000c5c00000| Untracked 

Card table byte_map: [0x0000000015670000,0x0000000015870000] _byte_map_base: 0x0000000015070000

Marking Bits (Prev, Next): (CMBitMap*) 0x0000000000120288, (CMBitMap*) 0x00000000001202c0
 Prev Bits: [0x0000000015a70000, 0x0000000016a70000)
 Next Bits: [0x0000000016a70000, 0x0000000017a70000)

Polling page: 0x0000000000430000

Metaspace:

Usage:
  Non-class:     53.72 MB capacity,    53.28 MB (>99%) used,   357.16 KB ( <1%) free+waste,    92.81 KB ( <1%) overhead. 
      Class:      6.75 MB capacity,     6.47 MB ( 96%) used,   255.19 KB (  4%) free+waste,    37.25 KB ( <1%) overhead. 
       Both:     60.47 MB capacity,    59.75 MB ( 99%) used,   612.34 KB ( <1%) free+waste,   130.06 KB ( <1%) overhead. 

Virtual space:
  Non-class space:       54.00 MB reserved,      53.75 MB (>99%) committed 
      Class space:        1.00 GB reserved,       6.88 MB ( <1%) committed 
             Both:        1.05 GB reserved,      60.63 MB (  6%) committed 

Chunk freelists:
   Non-Class:  32.00 KB
       Class:  28.00 KB
        Both:  60.00 KB

MaxMetaspaceSize: 17179869184.00 GB
CompressedClassSpaceSize: 1.00 GB

CodeHeap 'non-profiled nmethods': size=120064Kb used=4075Kb max_used=4075Kb free=115988Kb
 bounds [0x000000000da70000, 0x000000000de70000, 0x0000000014fb0000]
CodeHeap 'profiled nmethods': size=120000Kb used=26806Kb max_used=26806Kb free=93194Kb
 bounds [0x0000000006540000, 0x0000000007f70000, 0x000000000da70000]
CodeHeap 'non-nmethods': size=5696Kb used=1196Kb max_used=1234Kb free=4500Kb
 bounds [0x0000000005fb0000, 0x0000000006220000, 0x0000000006540000]
 total_blobs=9849 nmethods=9281 adapters=479
 compilation: enabled
              stopped_count=0, restarted_count=0
 full_count=0

Compilation events (20 events):
Event: 85.691 Thread 0x000000005ac03000 9345       3       java.lang.Integer::parseInt (7 bytes)
Event: 85.692 Thread 0x000000005ac03000 nmethod 9345 0x0000000007f63910 code [0x0000000007f63ac0, 0x0000000007f63bc8]
Event: 85.696 Thread 0x000000005ac03000 9346   !   3       java.text.MessageFormat::makeFormat (654 bytes)
Event: 85.705 Thread 0x000000005ac03000 nmethod 9346 0x0000000007f63c90 code [0x0000000007f644a0, 0x0000000007f68898]
Event: 85.705 Thread 0x000000005ac03000 9347       3       java.text.Format::<init> (5 bytes)
Event: 85.705 Thread 0x000000005ac03000 nmethod 9347 0x0000000007f6a390 code [0x0000000007f6a540, 0x0000000007f6a698]
Event: 85.705 Thread 0x000000005ac03000 9348       3       org.jetbrains.kotlin.diagnostics.rendering.AbstractDiagnosticWithParametersRenderer::<init> (23 bytes)
Event: 85.706 Thread 0x000000005ac03000 nmethod 9348 0x0000000007f6a790 code [0x0000000007f6a9e0, 0x0000000007f6b0e8]
Event: 85.706 Thread 0x000000005ac03000 9350       3       org.jetbrains.kotlin.diagnostics.rendering.DiagnosticFactoryToRendererMap::put (40 bytes)
Event: 85.707 Thread 0x000000005ac03000 nmethod 9350 0x0000000007f6b390 code [0x0000000007f6b5c0, 0x0000000007f6bbe8]
Event: 85.707 Thread 0x000000005ac03000 9349       1       java.lang.invoke.MethodHandle::internalForm (5 bytes)
Event: 85.707 Thread 0x000000005ac03000 nmethod 9349 0x000000000de6a990 code [0x000000000de6ab40, 0x000000000de6abf8]
Event: 85.709 Thread 0x000000005ac03000 9351       1       java.lang.invoke.MethodHandleImpl$IntrinsicMethodHandle::getTarget (5 bytes)
Event: 85.709 Thread 0x000000005ac03000 nmethod 9351 0x000000000de6ac90 code [0x000000000de6ae40, 0x000000000de6aef8]
Event: 85.712 Thread 0x000000005ac03000 9352       3       jdk.internal.org.objectweb.asm.ClassWriter::visitEnd (1 bytes)
Event: 85.712 Thread 0x000000005ac03000 nmethod 9352 0x0000000007f6be10 code [0x0000000007f6bfc0, 0x0000000007f6c0b8]
Event: 85.714 Thread 0x000000005ac03000 9353       3       java.lang.String::equals (65 bytes)
Event: 85.715 Thread 0x000000005ac03000 nmethod 9353 0x0000000007f6c190 code [0x0000000007f6c3a0, 0x0000000007f6c9d8]
Event: 85.715 Thread 0x000000005ac03000 9354   !   3       java.util.Locale::getDefault (132 bytes)
Event: 85.716 Thread 0x000000005ac03000 nmethod 9354 0x0000000007f6cb90 code [0x0000000007f6cdc0, 0x0000000007f6d5d8]

GC Heap History (20 events):
Event: 71.499 GC heap after
{Heap after GC invocations=24 (full 0):
 garbage-first heap   total 65536K, used 46428K [0x00000000c0000000, 0x0000000100000000)
  region size 1024K, 2 young (2048K), 2 survivors (2048K)
 Metaspace       used 52386K, capacity 53037K, committed 53248K, reserved 1095680K
  class space    used 5911K, capacity 6139K, committed 6144K, reserved 1048576K
}
Event: 71.955 GC heap before
{Heap before GC invocations=24 (full 0):
 garbage-first heap   total 65536K, used 53596K [0x00000000c0000000, 0x0000000100000000)
  region size 1024K, 9 young (9216K), 2 survivors (2048K)
 Metaspace       used 52482K, capacity 53101K, committed 53248K, reserved 1095680K
  class space    used 5915K, capacity 6139K, committed 6144K, reserved 1048576K
}
Event: 71.974 GC heap after
{Heap after GC invocations=25 (full 0):
 garbage-first heap   total 65536K, used 47608K [0x00000000c0000000, 0x0000000100000000)
  region size 1024K, 2 young (2048K), 2 survivors (2048K)
 Metaspace       used 52482K, capacity 53101K, committed 53248K, reserved 1095680K
  class space    used 5915K, capacity 6139K, committed 6144K, reserved 1048576K
}
Event: 72.226 GC heap before
{Heap before GC invocations=25 (full 0):
 garbage-first heap   total 65536K, used 53752K [0x00000000c0000000, 0x0000000100000000)
  region size 1024K, 8 young (8192K), 2 survivors (2048K)
 Metaspace       used 52515K, capacity 53103K, committed 53248K, reserved 1095680K
  class space    used 5915K, capacity 6139K, committed 6144K, reserved 1048576K
}
Event: 72.243 GC heap after
{Heap after GC invocations=26 (full 0):
 garbage-first heap   total 78848K, used 48900K [0x00000000c0000000, 0x0000000100000000)
  region size 1024K, 1 young (1024K), 1 survivors (1024K)
 Metaspace       used 52515K, capacity 53103K, committed 53248K, reserved 1095680K
  class space    used 5915K, capacity 6139K, committed 6144K, reserved 1048576K
}
Event: 73.108 GC heap before
{Heap before GC invocations=27 (full 0):
 garbage-first heap   total 78848K, used 60164K [0x00000000c0000000, 0x0000000100000000)
  region size 1024K, 12 young (12288K), 1 survivors (1024K)
 Metaspace       used 52625K, capacity 53240K, committed 53248K, reserved 1095680K
  class space    used 5927K, capacity 6142K, committed 6144K, reserved 1048576K
}
Event: 73.128 GC heap after
{Heap after GC invocations=28 (full 0):
 garbage-first heap   total 78848K, used 50896K [0x00000000c0000000, 0x0000000100000000)
  region size 1024K, 2 young (2048K), 2 survivors (2048K)
 Metaspace       used 52625K, capacity 53240K, committed 53248K, reserved 1095680K
  class space    used 5927K, capacity 6142K, committed 6144K, reserved 1048576K
}
Event: 73.777 GC heap before
{Heap before GC invocations=28 (full 0):
 garbage-first heap   total 78848K, used 62160K [0x00000000c0000000, 0x0000000100000000)
  region size 1024K, 13 young (13312K), 2 survivors (2048K)
 Metaspace       used 53379K, capacity 54032K, committed 54144K, reserved 1097728K
  class space    used 6021K, capacity 6256K, committed 6272K, reserved 1048576K
}
Event: 73.792 GC heap after
{Heap after GC invocations=29 (full 0):
 garbage-first heap   total 78848K, used 51351K [0x00000000c0000000, 0x0000000100000000)
  region size 1024K, 1 young (1024K), 1 survivors (1024K)
 Metaspace       used 53379K, capacity 54032K, committed 54144K, reserved 1097728K
  class space    used 6021K, capacity 6256K, committed 6272K, reserved 1048576K
}
Event: 75.736 GC heap before
{Heap before GC invocations=30 (full 0):
 garbage-first heap   total 78848K, used 62615K [0x00000000c0000000, 0x0000000100000000)
  region size 1024K, 12 young (12288K), 1 survivors (1024K)
 Metaspace       used 54921K, capacity 55589K, committed 55680K, reserved 1097728K
  class space    used 6189K, capacity 6453K, committed 6528K, reserved 1048576K
}
Event: 75.752 GC heap after
{Heap after GC invocations=31 (full 0):
 garbage-first heap   total 78848K, used 53606K [0x00000000c0000000, 0x0000000100000000)
  region size 1024K, 2 young (2048K), 2 survivors (2048K)
 Metaspace       used 54921K, capacity 55589K, committed 55680K, reserved 1097728K
  class space    used 6189K, capacity 6453K, committed 6528K, reserved 1048576K
}
Event: 77.681 GC heap before
{Heap before GC invocations=31 (full 0):
 garbage-first heap   total 78848K, used 63846K [0x00000000c0000000, 0x0000000100000000)
  region size 1024K, 12 young (12288K), 2 survivors (2048K)
 Metaspace       used 56230K, capacity 56855K, committed 56960K, reserved 1099776K
  class space    used 6235K, capacity 6490K, committed 6528K, reserved 1048576K
}
Event: 77.716 GC heap after
{Heap after GC invocations=32 (full 0):
 garbage-first heap   total 95232K, used 55735K [0x00000000c0000000, 0x0000000100000000)
  region size 1024K, 2 young (2048K), 2 survivors (2048K)
 Metaspace       used 56230K, capacity 56855K, committed 56960K, reserved 1099776K
  class space    used 6235K, capacity 6490K, committed 6528K, reserved 1048576K
}
Event: 80.784 GC heap before
{Heap before GC invocations=33 (full 0):
 garbage-first heap   total 95232K, used 70071K [0x00000000c0000000, 0x0000000100000000)
  region size 1024K, 16 young (16384K), 2 survivors (2048K)
 Metaspace       used 57536K, capacity 58270K, committed 58368K, reserved 1101824K
  class space    used 6280K, capacity 6569K, committed 6656K, reserved 1048576K
}
Event: 80.810 GC heap after
{Heap after GC invocations=34 (full 0):
 garbage-first heap   total 95232K, used 57830K [0x00000000c0000000, 0x0000000100000000)
  region size 1024K, 2 young (2048K), 2 survivors (2048K)
 Metaspace       used 57536K, capacity 58270K, committed 58368K, reserved 1101824K
  class space    used 6280K, capacity 6569K, committed 6656K, reserved 1048576K
}
Event: 82.071 GC heap before
{Heap before GC invocations=34 (full 0):
 garbage-first heap   total 95232K, used 71142K [0x00000000c0000000, 0x0000000100000000)
  region size 1024K, 16 young (16384K), 2 survivors (2048K)
 Metaspace       used 58227K, capacity 58962K, committed 59136K, reserved 1101824K
  class space    used 6329K, capacity 6608K, committed 6656K, reserved 1048576K
}
Event: 82.107 GC heap after
{Heap after GC invocations=35 (full 0):
 garbage-first heap   total 95232K, used 60364K [0x00000000c0000000, 0x0000000100000000)
  region size 1024K, 2 young (2048K), 2 survivors (2048K)
 Metaspace       used 58227K, capacity 58962K, committed 59136K, reserved 1101824K
  class space    used 6329K, capacity 6608K, committed 6656K, reserved 1048576K
}
Event: 84.116 GC heap before
{Heap before GC invocations=36 (full 0):
 garbage-first heap   total 95232K, used 73676K [0x00000000c0000000, 0x0000000100000000)
  region size 1024K, 15 young (15360K), 2 survivors (2048K)
 Metaspace       used 59619K, capacity 60261K, committed 60544K, reserved 1103872K
  class space    used 6476K, capacity 6742K, committed 6784K, reserved 1048576K
}
Event: 84.136 GC heap after
{Heap after GC invocations=37 (full 0):
 garbage-first heap   total 95232K, used 61629K [0x00000000c0000000, 0x0000000100000000)
  region size 1024K, 2 young (2048K), 2 survivors (2048K)
 Metaspace       used 59619K, capacity 60261K, committed 60544K, reserved 1103872K
  class space    used 6476K, capacity 6742K, committed 6784K, reserved 1048576K
}
Event: 85.716 GC heap before
{Heap before GC invocations=37 (full 0):
 garbage-first heap   total 95232K, used 74941K [0x00000000c0000000, 0x0000000100000000)
  region size 1024K, 15 young (15360K), 2 survivors (2048K)
 Metaspace       used 61181K, capacity 61924K, committed 62080K, reserved 1103872K
  class space    used 6623K, capacity 6916K, committed 7040K, reserved 1048576K
}

Deoptimization events (20 events):
Event: 84.575 Thread 0x00000000000f1800 Uncommon trap: trap_request=0xffffff5c fr.pc=0x000000000dda3870 relative=0x0000000000000570
Event: 84.575 Thread 0x00000000000f1800 Uncommon trap: reason=speculate_null_assert action=make_not_entrant pc=0x000000000dda3870 method=org.jetbrains.kotlin.load.java.components.JavaAnnotationMapper.findMappedJavaAnnotation(Lorg/jetbrains/kotlin/name/FqName;Lorg/jetbrains/kotlin/load/java/stru
Event: 84.575 Thread 0x00000000000f1800 DEOPT PACKING pc=0x000000000dda3870 sp=0x000000000229db30
Event: 84.575 Thread 0x00000000000f1800 DEOPT UNPACKING pc=0x0000000005fd65a9 sp=0x000000000229da90 mode 2
Event: 84.969 Thread 0x00000000000f1800 DEOPT PACKING pc=0x0000000006d1dc92 sp=0x000000000229d220
Event: 84.969 Thread 0x00000000000f1800 DEOPT UNPACKING pc=0x0000000005fd63bf sp=0x000000000229c790 mode 0
Event: 85.132 Thread 0x00000000000f1800 Uncommon trap: trap_request=0xffffffde fr.pc=0x000000000dc0457c relative=0x00000000000010fc
Event: 85.132 Thread 0x00000000000f1800 Uncommon trap: reason=class_check action=maybe_recompile pc=0x000000000dc0457c method=org.jetbrains.kotlin.protobuf.FieldSet.isInitialized(Ljava/util/Map$Entry;)Z @ 61 c2
Event: 85.132 Thread 0x00000000000f1800 DEOPT PACKING pc=0x000000000dc0457c sp=0x000000000229cfa0
Event: 85.132 Thread 0x00000000000f1800 DEOPT UNPACKING pc=0x0000000005fd65a9 sp=0x000000000229cef8 mode 2
Event: 85.181 Thread 0x00000000000f1800 Uncommon trap: trap_request=0xffffff4d fr.pc=0x000000000de152f8 relative=0x0000000000000298
Event: 85.181 Thread 0x00000000000f1800 Uncommon trap: reason=unstable_if action=reinterpret pc=0x000000000de152f8 method=org.jetbrains.kotlin.config.MavenComparableVersion$ListItem.compareTo(Lorg/jetbrains/kotlin/config/MavenComparableVersion$Item;)I @ 87 c2
Event: 85.181 Thread 0x00000000000f1800 DEOPT PACKING pc=0x000000000de152f8 sp=0x000000000229af60
Event: 85.181 Thread 0x00000000000f1800 DEOPT UNPACKING pc=0x0000000005fd65a9 sp=0x000000000229af08 mode 2
Event: 85.305 Thread 0x00000000000f1800 DEOPT PACKING pc=0x0000000007402408 sp=0x0000000002298a40
Event: 85.305 Thread 0x00000000000f1800 DEOPT UNPACKING pc=0x0000000005fd63bf sp=0x0000000002297f08 mode 0
Event: 85.676 Thread 0x00000000000f1800 Uncommon trap: trap_request=0xffffff4d fr.pc=0x000000000da90e2c relative=0x000000000000010c
Event: 85.676 Thread 0x00000000000f1800 Uncommon trap: reason=unstable_if action=reinterpret pc=0x000000000da90e2c method=java.lang.String.equals(Ljava/lang/Object;)Z @ 27 c2
Event: 85.676 Thread 0x00000000000f1800 DEOPT PACKING pc=0x000000000da90e2c sp=0x000000000229caa0
Event: 85.676 Thread 0x00000000000f1800 DEOPT UNPACKING pc=0x0000000005fd65a9 sp=0x000000000229ca40 mode 2

Classes redefined (0 events):
No events

Internal exceptions (20 events):
Event: 52.049 Thread 0x00000000000f1800 Exception <a 'java/lang/NoSuchMethodError'{0x00000000c39acb20}: 'java.lang.Object java.lang.invoke.DirectMethodHandle$Holder.invokeVirtual(java.lang.Object, java.lang.Object, java.lang.Object)'> (0x00000000c39acb20) thrown at [./src/hotspot/share/interpreter/linkResolver.cpp, line 773]
Event: 59.708 Thread 0x00000000000f1800 Exception <a 'java/lang/NoSuchMethodError'{0x00000000c3179030}: 'java.lang.Object java.lang.invoke.Invokers$Holder.linkToTargetMethod(java.lang.Object, int, java.lang.Object)'> (0x00000000c3179030) thrown at [./src/hotspot/share/interpreter/linkResolver.cpp, line 773]
Event: 60.400 Thread 0x00000000000f1800 Exception <a 'java/lang/NoSuchMethodError'{0x00000000c3f436c8}: 'java.lang.Object java.lang.invoke.DirectMethodHandle$Holder.invokeStatic(java.lang.Object, java.lang.Object, java.lang.Object, int)'> (0x00000000c3f436c8) thrown at [./src/hotspot/share/interpreter/linkResolver.cpp, line 773]
Event: 60.401 Thread 0x00000000000f1800 Exception <a 'java/lang/NoSuchMethodError'{0x00000000c3f47338}: 'java.lang.Object java.lang.invoke.DirectMethodHandle$Holder.invokeSpecial(java.lang.Object, java.lang.Object, java.lang.Object, java.lang.Object, int)'> (0x00000000c3f47338) thrown at [./src/hotspot/share/interpreter/linkResolver.cpp, line 773]
Event: 60.402 Thread 0x00000000000f1800 Exception <a 'java/lang/NoSuchMethodError'{0x00000000c3f4a648}: 'java.lang.Object java.lang.invoke.Invokers$Holder.linkToTargetMethod(java.lang.Object, java.lang.Object, int, java.lang.Object)'> (0x00000000c3f4a648) thrown at [./src/hotspot/share/interpreter/linkResolver.cpp, line 773]
Event: 67.964 Thread 0x00000000000f1800 Exception <a 'java/lang/NoSuchMethodError'{0x00000000c3459f78}: 'java.lang.Object java.lang.invoke.DirectMethodHandle$Holder.invokeSpecial(java.lang.Object, java.lang.Object, java.lang.Object, java.lang.Object, java.lang.Object, java.lang.Object, java.lang.Object, java.lang.Object, java.lang.Object)'> (0x00000000c3459f78) thrown at [./src/hotspot/share/interpreter/linkResolver.cpp, line 773]
Event: 67.965 Thread 0x00000000000f1800 Exception <a 'java/lang/NoSuchMethodError'{0x00000000c345e170}: 'java.lang.Object java.lang.invoke.Invokers$Holder.linkToTargetMethod(java.lang.Object, java.lang.Object, java.lang.Object, java.lang.Object, java.lang.Object, java.lang.Object, java.lang.Object, java.lang.Object)'> (0x00000000c345e170) thrown at [./src/hotspot/share/interpreter/linkResolver.cpp, line 773]
Event: 68.861 Thread 0x00000000000f1800 Exception <a 'java/lang/NoSuchMethodError'{0x00000000c3d5f238}: 'int java.lang.invoke.DirectMethodHandle$Holder.invokeInterface(java.lang.Object, java.lang.Object)'> (0x00000000c3d5f238) thrown at [./src/hotspot/share/interpreter/linkResolver.cpp, line 773]
Event: 69.284 Thread 0x00000000000f1800 Exception <a 'java/lang/NoSuchMethodError'{0x00000000c3a4e330}: 'java.lang.Object java.lang.invoke.DirectMethodHandle$Holder.invokeStaticInit(java.lang.Object, java.lang.Object, java.lang.Object)'> (0x00000000c3a4e330) thrown at [./src/hotspot/share/interpreter/linkResolver.cpp, line 773]
Event: 69.299 Thread 0x00000000000f1800 Exception <a 'java/lang/NoSuchMethodError'{0x00000000c3a68f38}: 'java.lang.Object java.lang.invoke.DirectMethodHandle$Holder.invokeStatic(java.lang.Object, int, java.lang.Object, java.lang.Object)'> (0x00000000c3a68f38) thrown at [./src/hotspot/share/interpreter/linkResolver.cpp, line 773]
Event: 73.455 Thread 0x00000000000f1800 Exception <a 'java/lang/NoSuchMethodError'{0x00000000c44fa1a0}: 'java.lang.Object java.lang.invoke.Invokers$Holder.linkToTargetMethod(java.lang.Object, java.lang.Object, java.lang.Object, int, int, java.lang.Object)'> (0x00000000c44fa1a0) thrown at [./src/hotspot/share/interpreter/linkResolver.cpp, line 773]
Event: 73.484 Thread 0x00000000000f1800 Exception <a 'java/lang/NoSuchMethodError'{0x00000000c4345308}: 'java.lang.Object java.lang.invoke.Invokers$Holder.linkToTargetMethod(java.lang.Object, java.lang.Object, java.lang.Object, java.lang.Object, java.lang.Object, java.lang.Object)'> (0x00000000c4345308) thrown at [./src/hotspot/share/interpreter/linkResolver.cpp, line 773]
Event: 74.280 Thread 0x00000000000f1800 Implicit null exception at 0x000000000dbb7dbc to 0x000000000dbb7e98
Event: 74.911 Thread 0x00000000000f1800 Exception <a 'java/lang/NoSuchMethodError'{0x00000000c460f1c8}: 'int java.lang.invoke.DirectMethodHandle$Holder.invokeStaticInit(java.lang.Object, int)'> (0x00000000c460f1c8) thrown at [./src/hotspot/share/interpreter/linkResolver.cpp, line 773]
Event: 75.964 Thread 0x00000000000f1800 Exception <a 'java/lang/NoSuchMethodError'{0x00000000c4949368}: 'java.lang.Object java.lang.invoke.DirectMethodHandle$Holder.invokeInterface(java.lang.Object, java.lang.Object, java.lang.Object)'> (0x00000000c4949368) thrown at [./src/hotspot/share/interpreter/linkResolver.cpp, line 773]
Event: 75.964 Thread 0x00000000000f1800 Exception <a 'java/lang/IncompatibleClassChangeError'{0x00000000c494c598}: Found class java.lang.Object, but interface was expected> (0x00000000c494c598) thrown at [./src/hotspot/share/interpreter/linkResolver.cpp, line 839]
Event: 77.619 Thread 0x00000000000f1800 Exception <a 'java/lang/NoSuchMethodError'{0x00000000c4384e60}: 'java.lang.Object java.lang.invoke.Invokers$Holder.linkToTargetMethod(java.lang.Object, java.lang.Object, java.lang.Object, java.lang.Object, java.lang.Object, java.lang.Object, java.lang.Object)'> (0x00000000c4384e60) thrown at [./src/hotspot/share/interpreter/linkResolver.cpp, line 773]
Event: 81.790 Thread 0x00000000000f1800 Implicit null exception at 0x000000000ddf3e04 to 0x000000000ddf4c6c
Event: 81.822 Thread 0x00000000000f1800 Implicit null exception at 0x000000000ddcbc67 to 0x000000000ddcc18c
Event: 82.220 Thread 0x00000000000f1800 Implicit null exception at 0x000000000daca8e5 to 0x000000000dacaa90

Events (20 events):
Event: 85.712 loading class org/jetbrains/kotlin/psi/KtTypeConstraint done
Event: 85.712 loading class org/jetbrains/kotlin/psi/KtTypeConstraint
Event: 85.712 loading class org/jetbrains/kotlin/psi/KtTypeConstraint done
Event: 85.712 loading class org/jetbrains/kotlin/diagnostics/rendering/DiagnosticParameterRenderer
Event: 85.712 loading class org/jetbrains/kotlin/diagnostics/rendering/DiagnosticParameterRenderer done
Event: 85.713 loading class org/jetbrains/kotlin/resolve/VarianceConflictDiagnosticData
Event: 85.713 loading class org/jetbrains/kotlin/resolve/VarianceConflictDiagnosticData done
Event: 85.713 loading class org/jetbrains/kotlin/resolve/VarianceConflictDiagnosticData
Event: 85.713 loading class org/jetbrains/kotlin/resolve/VarianceConflictDiagnosticData done
Event: 85.714 loading class org/jetbrains/kotlin/resolve/VarianceConflictDiagnosticData
Event: 85.714 loading class org/jetbrains/kotlin/resolve/VarianceConflictDiagnosticData done
Event: 85.714 loading class org/jetbrains/kotlin/diagnostics/rendering/MultiRenderer
Event: 85.714 loading class org/jetbrains/kotlin/diagnostics/rendering/MultiRenderer done
Event: 85.715 loading class org/jetbrains/kotlin/psi/KtSimpleNameExpression
Event: 85.715 loading class org/jetbrains/kotlin/psi/KtSimpleNameExpression done
Event: 85.715 loading class org/jetbrains/kotlin/psi/KtSimpleNameExpression
Event: 85.715 loading class org/jetbrains/kotlin/psi/KtSimpleNameExpression done
Event: 85.715 loading class org/jetbrains/kotlin/diagnostics/rendering/DiagnosticParameterRenderer
Event: 85.715 loading class org/jetbrains/kotlin/diagnostics/rendering/DiagnosticParameterRenderer done
Event: 85.716 Executing VM operation: G1CollectForAllocation


Dynamic libraries:
0x000000013fc00000 - 0x000000013fc0a000 	C:\Program Files\Android\Android Studio\jre\bin\java.exe
0x00000000774b0000 - 0x000000007764f000 	C:\Windows\SYSTEM32\ntdll.dll
0x0000000077290000 - 0x00000000773b0000 	C:\Windows\system32\kernel32.dll
0x000007fefd210000 - 0x000007fefd277000 	C:\Windows\system32\KERNELBASE.dll
0x000007fef48c0000 - 0x000007fef48d9000 	C:\Program Files\Android\Android Studio\jre\bin\jli.dll
0x000007fefb5b0000 - 0x000007fefb7a5000 	C:\Windows\WinSxS\amd64_microsoft.windows.common-controls_6595b64144ccf1df_6.0.7601.24483_none_e372d88f30fbb845\COMCTL32.dll
0x000007feff4a0000 - 0x000007feff53f000 	C:\Windows\system32\msvcrt.dll
0x000007feff550000 - 0x000007feff5b8000 	C:\Windows\system32\GDI32.dll
0x00000000773b0000 - 0x00000000774ab000 	C:\Windows\system32\USER32.dll
0x000007feff540000 - 0x000007feff54e000 	C:\Windows\system32\LPK.dll
0x000007fefd3c0000 - 0x000007fefd48b000 	C:\Windows\system32\USP10.dll
0x000007fefea70000 - 0x000007fefeae1000 	C:\Windows\system32\SHLWAPI.dll
0x000007fef48a0000 - 0x000007fef48b7000 	C:\Program Files\Android\Android Studio\jre\bin\VCRUNTIME140.dll
0x000007fef74d0000 - 0x000007fef74d4000 	C:\Windows\system32\api-ms-win-crt-runtime-l1-1-0.dll
0x000007fef73c0000 - 0x000007fef74b4000 	C:\Windows\system32\ucrtbase.DLL
0x000007fef73b0000 - 0x000007fef73b3000 	C:\Windows\system32\api-ms-win-core-timezone-l1-1-0.dll
0x000007fef73a0000 - 0x000007fef73a3000 	C:\Windows\system32\api-ms-win-core-file-l2-1-0.dll
0x000007fef7390000 - 0x000007fef7393000 	C:\Windows\system32\api-ms-win-core-localization-l1-2-0.dll
0x000007fef86c0000 - 0x000007fef86c3000 	C:\Windows\system32\api-ms-win-core-synch-l1-2-0.dll
0x000007fef7380000 - 0x000007fef7383000 	C:\Windows\system32\api-ms-win-core-processthreads-l1-1-1.dll
0x000007fef7370000 - 0x000007fef7373000 	C:\Windows\system32\api-ms-win-core-file-l1-2-0.dll
0x000007fef7350000 - 0x000007fef7354000 	C:\Windows\system32\api-ms-win-crt-string-l1-1-0.dll
0x000007fef7360000 - 0x000007fef7363000 	C:\Windows\system32\api-ms-win-crt-heap-l1-1-0.dll
0x000007fef7340000 - 0x000007fef7344000 	C:\Windows\system32\api-ms-win-crt-stdio-l1-1-0.dll
0x000007fef7330000 - 0x000007fef7334000 	C:\Windows\system32\api-ms-win-crt-convert-l1-1-0.dll
0x000007fef7250000 - 0x000007fef7253000 	C:\Windows\system32\api-ms-win-crt-environment-l1-1-0.dll
0x000007fef7270000 - 0x000007fef7273000 	C:\Windows\system32\api-ms-win-crt-filesystem-l1-1-0.dll
0x000007fef7240000 - 0x000007fef7245000 	C:\Windows\system32\api-ms-win-crt-math-l1-1-0.dll
0x000007fef7280000 - 0x000007fef7283000 	C:\Windows\system32\api-ms-win-crt-locale-l1-1-0.dll
0x000007fefd570000 - 0x000007fefd59e000 	C:\Windows\system32\IMM32.DLL
0x000007feff390000 - 0x000007feff49b000 	C:\Windows\system32\MSCTF.dll
0x000007fef4460000 - 0x000007fef44fd000 	C:\Program Files\Android\Android Studio\jre\bin\msvcp140.dll
0x000007fef5740000 - 0x000007fef5745000 	C:\Windows\system32\api-ms-win-crt-multibyte-l1-1-0.dll
0x000007fef7260000 - 0x000007fef7263000 	C:\Windows\system32\api-ms-win-crt-time-l1-1-0.dll
0x000007fef7230000 - 0x000007fef7233000 	C:\Windows\system32\api-ms-win-crt-utility-l1-1-0.dll
0x000007feef560000 - 0x000007fef001c000 	C:\Program Files\Android\Android Studio\jre\bin\server\jvm.dll
0x000007fefd490000 - 0x000007fefd56b000 	C:\Windows\system32\ADVAPI32.dll
0x000007fefef70000 - 0x000007fefef8f000 	C:\Windows\SYSTEM32\sechost.dll
0x000007feff260000 - 0x000007feff38a000 	C:\Windows\system32\RPCRT4.dll
0x000007feef550000 - 0x000007feef559000 	C:\Windows\system32\WSOCK32.dll
0x000007fefeaf0000 - 0x000007fefeb3d000 	C:\Windows\system32\WS2_32.dll
0x000007fefea60000 - 0x000007fefea68000 	C:\Windows\system32\NSI.dll
0x000007fef9660000 - 0x000007fef969b000 	C:\Windows\system32\WINMM.dll
0x000007fefc030000 - 0x000007fefc03c000 	C:\Windows\system32\VERSION.dll
0x0000000077650000 - 0x0000000077657000 	C:\Windows\system32\PSAPI.DLL
0x000007feef530000 - 0x000007feef541000 	C:\Program Files\Android\Android Studio\jre\bin\verify.dll
0x000007fef7100000 - 0x000007fef7225000 	C:\Windows\system32\DBGHELP.DLL
0x000007feef500000 - 0x000007feef529000 	C:\Program Files\Android\Android Studio\jre\bin\java.dll
0x000007feef4f0000 - 0x000007feef4fb000 	C:\Program Files\Android\Android Studio\jre\bin\jimage.dll
0x000007feef4d0000 - 0x000007feef4e8000 	C:\Program Files\Android\Android Studio\jre\bin\zip.dll
0x000007fefd820000 - 0x000007fefe5ab000 	C:\Windows\system32\SHELL32.dll
0x000007fefd5a0000 - 0x000007fefd7a0000 	C:\Windows\system32\ole32.dll
0x000007fefd010000 - 0x000007fefd01f000 	C:\Windows\system32\profapi.dll
0x000007feef4b0000 - 0x000007feef4ca000 	C:\Program Files\Android\Android Studio\jre\bin\net.dll
0x000007fef9080000 - 0x000007fef90f1000 	C:\Windows\system32\WINHTTP.dll
0x000007fef8ae0000 - 0x000007fef8b45000 	C:\Windows\system32\webio.dll
0x000007fefc740000 - 0x000007fefc795000 	C:\Windows\system32\mswsock.dll
0x000007fefc730000 - 0x000007fefc737000 	C:\Windows\System32\wship6.dll
0x000007feef490000 - 0x000007feef4a4000 	C:\Program Files\Android\Android Studio\jre\bin\nio.dll

dbghelp: loaded successfully - version: 4.0.5 - missing functions: none
symbol engine: initialized successfully - sym options: 0x614 - pdb path: .;C:\Program Files\Android\Android Studio\jre\bin;C:\Windows\SYSTEM32;C:\Windows\WinSxS\amd64_microsoft.windows.common-controls_6595b64144ccf1df_6.0.7601.24483_none_e372d88f30fbb845;C:\Program Files\Android\Android Studio\jre\bin\server

VM Arguments:
java_command: org.jetbrains.kotlin.cli.jvm.K2JVMCompiler @E:\PROJECT_JAVA\AS_FX\PizzaDelivery\app\build\20220501_10274781701024831787.compiler.options
java_class_path (initial): C:\Users\User\.gradle\caches\modules-2\files-2.1\org.jetbrains.kotlin\kotlin-compiler-embeddable\1.5.10\9c35134a025cab7a1e6eee0d87d241c2f30c1218\kotlin-compiler-embeddable-1.5.10.jar;C:\Users\User\.gradle\caches\modules-2\files-2.1\org.jetbrains.kotlin\kotlin-reflect\1.5.10\d6c70f3c0df2457ea0095c61c1fc1188017dc3bc\kotlin-reflect-1.5.10.jar;C:\Users\User\.gradle\caches\modules-2\files-2.1\org.jetbrains.kotlin\kotlin-stdlib\1.5.10\da6a904b132f0402fa4d79169a3c1770598d4702\kotlin-stdlib-1.5.10.jar;C:\Users\User\.gradle\caches\modules-2\files-2.1\org.jetbrains.kotlin\kotlin-script-runtime\1.5.10\69bad0ece91b0797055aeadbd44dc742c458398b\kotlin-script-runtime-1.5.10.jar;C:\Users\User\.gradle\caches\modules-2\files-2.1\org.jetbrains.kotlin\kotlin-daemon-embeddable\1.5.10\d06ad33b62b041dae0609f830c3b48135d53b8bc\kotlin-daemon-embeddable-1.5.10.jar;C:\Users\User\.gradle\caches\modules-2\files-2.1\org.jetbrains.intellij.deps\trove4j\1.0.20181211\216c2e14b070f334479d800987affe4054cd563f\trove4j-1.0.20181211.jar;C:\Users\User\.gradle\caches\modules-2\files-2.1\org.jetbrains\annotations\13.0\919f0dfe192fb4e063e7dacadee7f8bb9a2672a9\annotations-13.0.jar;C:\Users\User\.gradle\caches\modules-2\files-2.1\org.jetbrains.kotlin\kotlin-stdlib-common\1.5.10\6b84d926e28493be69daf673e40076f89492ef7\kotlin-stdlib-common-1.5.10.jar
Launcher Type: SUN_STANDARD

[Global flags]
     intx CICompilerCount                          = 2                                         {product} {ergonomic}
     uint ConcGCThreads                            = 1                                         {product} {ergonomic}
     uint G1ConcRefinementThreads                  = 2                                         {product} {ergonomic}
   size_t G1HeapRegionSize                         = 1048576                                   {product} {ergonomic}
    uintx GCDrainStackTargetSize                   = 64                                        {product} {ergonomic}
   size_t InitialHeapSize                          = 67108864                                  {product} {ergonomic}
   size_t MarkStackSize                            = 4194304                                   {product} {ergonomic}
   size_t MaxHeapSize                              = 1073741824                                {product} {ergonomic}
   size_t MaxNewSize                               = 643825664                                 {product} {ergonomic}
   size_t MinHeapDeltaBytes                        = 1048576                                   {product} {ergonomic}
    uintx NonNMethodCodeHeapSize                   = 5825164                                {pd product} {ergonomic}
    uintx NonProfiledCodeHeapSize                  = 122916538                              {pd product} {ergonomic}
    uintx ProfiledCodeHeapSize                     = 122916538                              {pd product} {ergonomic}
    uintx ReservedCodeCacheSize                    = 251658240                              {pd product} {ergonomic}
     bool SegmentedCodeCache                       = true                                      {product} {ergonomic}
     bool UseCompressedClassPointers               = true                                 {lp64_product} {ergonomic}
     bool UseCompressedOops                        = true                                 {lp64_product} {ergonomic}
     bool UseG1GC                                  = true                                      {product} {ergonomic}
     bool UseLargePagesIndividualAllocation        = false                                  {pd product} {ergonomic}

Logging:
Log output configuration:
 #0: stdout all=warning uptime,level,tags
 #1: stderr all=off uptime,level,tags

Environment Variables:
PATH=C:\Program Files (x86)\Common Files\Oracle\Java\javapath;C:\Program Files\Java\jdk1.8.0_281\bin;C:\Program Files\Git\cmd;C:\Program Files\JetBrains\IntelliJ IDEA Community Edition 2021.2.3\bin;;C:\Program Files\JetBrains\IntelliJ IDEA 2019.3.5\bin;
USERNAME=User
OS=Windows_NT
PROCESSOR_IDENTIFIER=AMD64 Family 15 Model 75 Stepping 2, AuthenticAMD



---------------  S Y S T E M  ---------------

OS: Windows 7 , 64 bit Build 7601 (6.1.7601.24596)
OS uptime: 0 days 2:24 hours

CPU:total 2 (initial active 2) (2 cores per cpu, 1 threads per core) family 15 model 75 stepping 2, cmov, cx8, fxsr, mmx, sse, sse2, sse3, mmxext, 3dnowpref, tsc

Memory: 4k page, system-wide physical 4095M (244M free)
TotalPageFile size 11093M (AvailPageFile size 20M)
current process WorkingSet (physical memory assigned to process): 265M, peak: 265M
current process commit charge ("private bytes"): 294M, peak: 312M

vm_info: OpenJDK 64-Bit Server VM (11.0.8+10-b944.6842174) for windows-amd64 JRE (11.0.8+10-b944.6842174), built on Sep 19 2020 01:11:42 by "builder" with MS VC++ 14.0 (VS2015)

END.
