#
# There is insufficient memory for the Java Runtime Environment to continue.
# Native memory allocation (mmap) failed to map 67108864 bytes for Failed to commit area from 0x00000000c0000000 to 0x00000000c4000000 of length 67108864.
# Possible reasons:
#   The system is out of physical RAM or swap space
#   The process is running with CompressedOops enabled, and the Java Heap may be blocking the growth of the native heap
# Possible solutions:
#   Reduce memory load on the system
#   Increase physical memory or swap space
#   Check if swap backing store is full
#   Decrease Java heap size (-Xmx/-Xms)
#   Decrease number of Java threads
#   Decrease Java thread stack sizes (-Xss)
#   Set larger code cache with -XX:ReservedCodeCacheSize=
# This output file may be truncated or incomplete.
#
#  Out of Memory Error (./src/hotspot/os/windows/os_windows.cpp:3303), pid=4772, tid=1452
#
# JRE version:  (11.0.8+10) (build )
# Java VM: OpenJDK 64-Bit Server VM (11.0.8+10-b944.6842174, mixed mode, sharing, tiered, compressed oops, g1 gc, windows-amd64)
# No core dump will be written. Minidumps are not enabled by default on client versions of Windows
#

---------------  S U M M A R Y ------------

Command Line: org.jetbrains.kotlin.cli.jvm.K2JVMCompiler @E:\PROJECT_JAVA\AS_FX\PizzaDelivery\app\build\20220424_1773567344714062039.compiler.options

Host: AMD Athlon(tm) 64 X2 Dual Core Processor 4200+, 2 cores, 3G,  Windows 7 , 64 bit Build 7601 (6.1.7601.24596)
Time: Sun Apr 24 08:16:50 2022 RTZ 1 (ceia) elapsed time: 0 seconds (0d 0h 0m 0s)

---------------  T H R E A D  ---------------

Current thread (0x00000000002c1800):  JavaThread "Unknown thread" [_thread_in_vm, id=1452, stack(0x0000000002180000,0x0000000002280000)]

Stack: [0x0000000002180000,0x0000000002280000]
Native frames: (J=compiled Java code, j=interpreted, Vv=VM code, C=native code)
V  [jvm.dll+0x5de50a]
V  [jvm.dll+0x7122f5]
V  [jvm.dll+0x71384d]
V  [jvm.dll+0x713f03]
V  [jvm.dll+0x23e728]
V  [jvm.dll+0x5db9a4]
V  [jvm.dll+0x5d0ae5]
V  [jvm.dll+0x2fb20b]
V  [jvm.dll+0x2fb17a]
V  [jvm.dll+0x2fb052]
V  [jvm.dll+0x2fff16]
V  [jvm.dll+0x348743]
V  [jvm.dll+0x348e46]
V  [jvm.dll+0x348843]
V  [jvm.dll+0x2d5d68]
V  [jvm.dll+0x2d6f07]
V  [jvm.dll+0x6f11f7]
V  [jvm.dll+0x6f29ec]
V  [jvm.dll+0x355cb9]
V  [jvm.dll+0x6d4ade]
V  [jvm.dll+0x3bdfe3]
V  [jvm.dll+0x3c0201]
C  [jli.dll+0x5373]
C  [ucrtbase.DLL+0x1f4a0]
C  [kernel32.dll+0x155dd]
C  [ntdll.dll+0x5295d]


---------------  P R O C E S S  ---------------

Threads class SMR info:
_java_thread_list=0x000000000029cf90, length=0, elements={
}

Java Threads: ( => current thread )

Other Threads:
  0x00000000002da800 GCTaskThread "GC Thread#0" [stack: 0x00000000152d0000,0x00000000153d0000] [id=2808]
  0x00000000002f4000 ConcurrentGCThread "G1 Main Marker" [stack: 0x0000000017b00000,0x0000000017c00000] [id=6008]
  0x00000000002f5800 ConcurrentGCThread "G1 Conc#0" [stack: 0x0000000017cc0000,0x0000000017dc0000] [id=516]

[error occurred during error reporting (printing all threads), id 0xc0000005, EXCEPTION_ACCESS_VIOLATION (0xc0000005) at pc=0x000007fedf8f6357]

VM state:not at safepoint (not fully initialized)

VM Mutex/Monitor currently owned by a thread:  ([mutex/lock_event])
[0x00000000002bef30] Heap_lock - owner thread: 0x00000000002c1800

Heap address: 0x00000000c0000000, size: 1024 MB, Compressed Oops mode: Non-zero based: 0x00000000c0000000
Narrow klass base: 0x0000000000000000, Narrow klass shift: 0

GC Heap History (0 events):
No events

Deoptimization events (0 events):
No events

Classes redefined (0 events):
No events

Internal exceptions (0 events):
No events

Events (1 events):
Event: 0.010 Loaded shared library C:\Program Files\Android\Android Studio\jre\bin\zip.dll


Dynamic libraries:
0x000000013f070000 - 0x000000013f07a000 	C:\Program Files\Android\Android Studio\jre\bin\java.exe
0x0000000077930000 - 0x0000000077acf000 	C:\Windows\SYSTEM32\ntdll.dll
0x0000000077710000 - 0x0000000077830000 	C:\Windows\system32\kernel32.dll
0x000007fefd4a0000 - 0x000007fefd507000 	C:\Windows\system32\KERNELBASE.dll
0x000007feee840000 - 0x000007feee859000 	C:\Program Files\Android\Android Studio\jre\bin\jli.dll
0x000007fefbe20000 - 0x000007fefc015000 	C:\Windows\WinSxS\amd64_microsoft.windows.common-controls_6595b64144ccf1df_6.0.7601.24483_none_e372d88f30fbb845\COMCTL32.dll
0x000007feff400000 - 0x000007feff49f000 	C:\Windows\system32\msvcrt.dll
0x000007feff770000 - 0x000007feff7d8000 	C:\Windows\system32\GDI32.dll
0x0000000077830000 - 0x000000007792b000 	C:\Windows\system32\USER32.dll
0x000007fefdef0000 - 0x000007fefdefe000 	C:\Windows\system32\LPK.dll
0x000007fefdc30000 - 0x000007fefdcfb000 	C:\Windows\system32\USP10.dll
0x000007fefd870000 - 0x000007fefd8e1000 	C:\Windows\system32\SHLWAPI.dll
0x000007fee2fd0000 - 0x000007fee2fe7000 	C:\Program Files\Android\Android Studio\jre\bin\VCRUNTIME140.dll
0x000007fef70d0000 - 0x000007fef70d4000 	C:\Windows\system32\api-ms-win-crt-runtime-l1-1-0.dll
0x000007fef6fd0000 - 0x000007fef70c4000 	C:\Windows\system32\ucrtbase.DLL
0x000007fef7ba0000 - 0x000007fef7ba3000 	C:\Windows\system32\api-ms-win-core-timezone-l1-1-0.dll
0x000007fef7b90000 - 0x000007fef7b93000 	C:\Windows\system32\api-ms-win-core-file-l2-1-0.dll
0x000007fef7b80000 - 0x000007fef7b83000 	C:\Windows\system32\api-ms-win-core-localization-l1-2-0.dll
0x000007fef8830000 - 0x000007fef8833000 	C:\Windows\system32\api-ms-win-core-synch-l1-2-0.dll
0x000007fef7b70000 - 0x000007fef7b73000 	C:\Windows\system32\api-ms-win-core-processthreads-l1-1-1.dll
0x000007fef7b60000 - 0x000007fef7b63000 	C:\Windows\system32\api-ms-win-core-file-l1-2-0.dll
0x000007fef7b30000 - 0x000007fef7b34000 	C:\Windows\system32\api-ms-win-crt-string-l1-1-0.dll
0x000007fef7b50000 - 0x000007fef7b53000 	C:\Windows\system32\api-ms-win-crt-heap-l1-1-0.dll
0x000007fef7b20000 - 0x000007fef7b24000 	C:\Windows\system32\api-ms-win-crt-stdio-l1-1-0.dll
0x000007fef7b10000 - 0x000007fef7b14000 	C:\Windows\system32\api-ms-win-crt-convert-l1-1-0.dll
0x000007fef7a30000 - 0x000007fef7a33000 	C:\Windows\system32\api-ms-win-crt-environment-l1-1-0.dll
0x000007fef7a50000 - 0x000007fef7a53000 	C:\Windows\system32\api-ms-win-crt-filesystem-l1-1-0.dll
0x000007fef7a20000 - 0x000007fef7a25000 	C:\Windows\system32\api-ms-win-crt-math-l1-1-0.dll
0x000007fef7a60000 - 0x000007fef7a63000 	C:\Windows\system32\api-ms-win-crt-locale-l1-1-0.dll
0x000007fefd840000 - 0x000007fefd86e000 	C:\Windows\system32\IMM32.DLL
0x000007fefd8f0000 - 0x000007fefd9fb000 	C:\Windows\system32\MSCTF.dll
0x000007fee2d10000 - 0x000007fee2dad000 	C:\Program Files\Android\Android Studio\jre\bin\msvcp140.dll
0x000007fefb4b0000 - 0x000007fefb4b5000 	C:\Windows\system32\api-ms-win-crt-multibyte-l1-1-0.dll
0x000007fef7a40000 - 0x000007fef7a43000 	C:\Windows\system32\api-ms-win-crt-time-l1-1-0.dll
0x000007fef7a10000 - 0x000007fef7a13000 	C:\Windows\system32\api-ms-win-crt-utility-l1-1-0.dll
0x000007fedf610000 - 0x000007fee00cc000 	C:\Program Files\Android\Android Studio\jre\bin\server\jvm.dll
0x000007fefecf0000 - 0x000007fefedcb000 	C:\Windows\system32\ADVAPI32.dll
0x000007fefdda0000 - 0x000007fefddbf000 	C:\Windows\SYSTEM32\sechost.dll
0x000007fefddc0000 - 0x000007fefdeea000 	C:\Windows\system32\RPCRT4.dll
0x000007feee820000 - 0x000007feee829000 	C:\Windows\system32\WSOCK32.dll
0x000007fefda00000 - 0x000007fefda4d000 	C:\Windows\system32\WS2_32.dll
0x000007feffb70000 - 0x000007feffb78000 	C:\Windows\system32\NSI.dll
0x000007fefa2e0000 - 0x000007fefa31b000 	C:\Windows\system32\WINMM.dll
0x000007fefc4b0000 - 0x000007fefc4bc000 	C:\Windows\system32\VERSION.dll
0x0000000077ad0000 - 0x0000000077ad7000 	C:\Windows\system32\PSAPI.DLL
0x000007fee2b20000 - 0x000007fee2b31000 	C:\Program Files\Android\Android Studio\jre\bin\verify.dll
0x000007fef5b30000 - 0x000007fef5c55000 	C:\Windows\system32\DBGHELP.DLL
0x000007fee2af0000 - 0x000007fee2b19000 	C:\Program Files\Android\Android Studio\jre\bin\java.dll
0x000007fee2ae0000 - 0x000007fee2aeb000 	C:\Program Files\Android\Android Studio\jre\bin\jimage.dll
0x000007fee2990000 - 0x000007fee29a8000 	C:\Program Files\Android\Android Studio\jre\bin\zip.dll

dbghelp: loaded successfully - version: 4.0.5 - missing functions: none
symbol engine: initialized successfully - sym options: 0x614 - pdb path: .;C:\Program Files\Android\Android Studio\jre\bin;C:\Windows\SYSTEM32;C:\Windows\WinSxS\amd64_microsoft.windows.common-controls_6595b64144ccf1df_6.0.7601.24483_none_e372d88f30fbb845;C:\Program Files\Android\Android Studio\jre\bin\server

VM Arguments:
java_command: org.jetbrains.kotlin.cli.jvm.K2JVMCompiler @E:\PROJECT_JAVA\AS_FX\PizzaDelivery\app\build\20220424_1773567344714062039.compiler.options
java_class_path (initial): C:\Users\User\.gradle\caches\modules-2\files-2.1\org.jetbrains.kotlin\kotlin-compiler-embeddable\1.5.10\9c35134a025cab7a1e6eee0d87d241c2f30c1218\kotlin-compiler-embeddable-1.5.10.jar;C:\Users\User\.gradle\caches\modules-2\files-2.1\org.jetbrains.kotlin\kotlin-reflect\1.5.10\d6c70f3c0df2457ea0095c61c1fc1188017dc3bc\kotlin-reflect-1.5.10.jar;C:\Users\User\.gradle\caches\modules-2\files-2.1\org.jetbrains.kotlin\kotlin-stdlib\1.5.10\da6a904b132f0402fa4d79169a3c1770598d4702\kotlin-stdlib-1.5.10.jar;C:\Users\User\.gradle\caches\modules-2\files-2.1\org.jetbrains.kotlin\kotlin-script-runtime\1.5.10\69bad0ece91b0797055aeadbd44dc742c458398b\kotlin-script-runtime-1.5.10.jar;C:\Users\User\.gradle\caches\modules-2\files-2.1\org.jetbrains.kotlin\kotlin-daemon-embeddable\1.5.10\d06ad33b62b041dae0609f830c3b48135d53b8bc\kotlin-daemon-embeddable-1.5.10.jar;C:\Users\User\.gradle\caches\modules-2\files-2.1\org.jetbrains.intellij.deps\trove4j\1.0.20181211\216c2e14b070f334479d800987affe4054cd563f\trove4j-1.0.20181211.jar;C:\Users\User\.gradle\caches\modules-2\files-2.1\org.jetbrains\annotations\13.0\919f0dfe192fb4e063e7dacadee7f8bb9a2672a9\annotations-13.0.jar;C:\Users\User\.gradle\caches\modules-2\files-2.1\org.jetbrains.kotlin\kotlin-stdlib-common\1.5.10\6b84d926e28493be69daf673e40076f89492ef7\kotlin-stdlib-common-1.5.10.jar
Launcher Type: SUN_STANDARD

[Global flags]
     intx CICompilerCount                          = 2                                         {product} {ergonomic}
     uint ConcGCThreads                            = 1                                         {product} {ergonomic}
     uint G1ConcRefinementThreads                  = 2                                         {product} {ergonomic}
   size_t G1HeapRegionSize                         = 1048576                                   {product} {ergonomic}
    uintx GCDrainStackTargetSize                   = 64                                        {product} {ergonomic}
   size_t InitialHeapSize                          = 67108864                                  {product} {ergonomic}
   size_t MarkStackSize                            = 4194304                                   {product} {ergonomic}
   size_t MaxHeapSize                              = 1073741824                                {product} {ergonomic}
   size_t MinHeapDeltaBytes                        = 1048576                                   {product} {ergonomic}
    uintx NonNMethodCodeHeapSize                   = 5825164                                {pd product} {ergonomic}
    uintx NonProfiledCodeHeapSize                  = 122916538                              {pd product} {ergonomic}
    uintx ProfiledCodeHeapSize                     = 122916538                              {pd product} {ergonomic}
    uintx ReservedCodeCacheSize                    = 251658240                              {pd product} {ergonomic}
     bool SegmentedCodeCache                       = true                                      {product} {ergonomic}
     bool UseCompressedClassPointers               = true                                 {lp64_product} {ergonomic}
     bool UseCompressedOops                        = true                                 {lp64_product} {ergonomic}
     bool UseG1GC                                  = true                                      {product} {ergonomic}
     bool UseLargePagesIndividualAllocation        = false                                  {pd product} {ergonomic}

Logging:
Log output configuration:
 #0: stdout all=warning uptime,level,tags
 #1: stderr all=off uptime,level,tags

Environment Variables:
PATH=C:\Program Files (x86)\Common Files\Oracle\Java\javapath;C:\Program Files\Java\jdk1.8.0_281\bin;C:\Program Files\Git\cmd;C:\Program Files\JetBrains\IntelliJ IDEA Community Edition 2021.2.3\bin;;C:\Program Files\JetBrains\IntelliJ IDEA 2019.3.5\bin;
USERNAME=User
OS=Windows_NT
PROCESSOR_IDENTIFIER=AMD64 Family 15 Model 75 Stepping 2, AuthenticAMD



---------------  S Y S T E M  ---------------

OS: Windows 7 , 64 bit Build 7601 (6.1.7601.24596)
OS uptime: 0 days 0:34 hours

CPU:total 2 (initial active 2) (2 cores per cpu, 1 threads per core) family 15 model 75 stepping 2, cmov, cx8, fxsr, mmx, sse, sse2, sse3, mmxext, 3dnowpref, tsc

Memory: 4k page, system-wide physical 4095M (142M free)
TotalPageFile size 11093M (AvailPageFile size 30M)
current process WorkingSet (physical memory assigned to process): 9M, peak: 9M
current process commit charge ("private bytes"): 51M, peak: 114M

vm_info: OpenJDK 64-Bit Server VM (11.0.8+10-b944.6842174) for windows-amd64 JRE (11.0.8+10-b944.6842174), built on Sep 19 2020 01:11:42 by "builder" with MS VC++ 14.0 (VS2015)

END.
